#
# There is insufficient memory for the Java Runtime Environment to continue.
# Native memory allocation (malloc) failed to allocate 1831536 bytes for Chunk::new
# Possible reasons:
#   The system is out of physical RAM or swap space
#   The process is running with CompressedOops enabled, and the Java Heap may be blocking the growth of the native heap
# Possible solutions:
#   Reduce memory load on the system
#   Increase physical memory or swap space
#   Check if swap backing store is full
#   Decrease Java heap size (-Xmx/-Xms)
#   Decrease number of Java threads
#   Decrease Java thread stack sizes (-Xss)
#   Set larger code cache with -XX:ReservedCodeCacheSize=
#   JVM is running with Unscaled Compressed Oops mode in which the Java heap is
#     placed in the first 4GB address space. The Java Heap base address is the
#     maximum limit for the native heap growth. Please use -XX:HeapBaseMinAddress
#     to set the Java Heap base and to place the Java Heap above 4GB virtual address.
# This output file may be truncated or incomplete.
#
#  Out of Memory Error (arena.cpp:189), pid=27760, tid=22056
#
# JRE version: OpenJDK Runtime Environment Zulu17.32+13-CA (17.0.2+8) (build 17.0.2+8-LTS)
# Java VM: OpenJDK 64-Bit Server VM Zulu17.32+13-CA (17.0.2+8-LTS, mixed mode, sharing, tiered, compressed oops, compressed class ptrs, g1 gc, windows-amd64)
# No core dump will be written. Minidumps are not enabled by default on client versions of Windows
#

---------------  S U M M A R Y ------------

Command Line: -javaagent:C:\Program Files\JetBrains\IntelliJ IDEA Community Edition 2023.3\lib\idea_rt.jar=56635:C:\Program Files\JetBrains\IntelliJ IDEA Community Edition 2023.3\bin -Dfile.encoding=UTF-8 com.cognizant.EmiManagementSystemApplication

Host: AMD Ryzen 5 PRO 3500U w/ Radeon Vega Mobile Gfx, 8 cores, 5G,  Windows 11 , 64 bit Build 22621 (10.0.22621.3235)
Time: Sat Apr 13 12:36:20 2024 India Standard Time elapsed time: 6.853717 seconds (0d 0h 0m 6s)

---------------  T H R E A D  ---------------

Current thread (0x00000272ca2d04c0):  JavaThread "C2 CompilerThread0" daemon [_thread_in_native, id=22056, stack(0x000000f1aca00000,0x000000f1acb00000)]


Current CompileTask:
C2:   6854 1916       4       org.springframework.boot.context.config.ConfigDataEnvironmentContributor$ContributorIterator::fetchIfNecessary (153 bytes)

Stack: [0x000000f1aca00000,0x000000f1acb00000]
Native frames: (J=compiled Java code, j=interpreted, Vv=VM code, C=native code)
V  [jvm.dll+0x6769fa]
V  [jvm.dll+0x831784]
V  [jvm.dll+0x832f2e]
V  [jvm.dll+0x833593]
V  [jvm.dll+0x2455e5]
V  [jvm.dll+0xabf1b]
V  [jvm.dll+0xac4ac]
V  [jvm.dll+0x3635a2]
V  [jvm.dll+0x32dae1]
V  [jvm.dll+0x32cf8a]
V  [jvm.dll+0x218531]
V  [jvm.dll+0x217951]
V  [jvm.dll+0x1a3e2d]
V  [jvm.dll+0x2272d8]
V  [jvm.dll+0x22542c]
V  [jvm.dll+0x7e701c]
V  [jvm.dll+0x7e15ca]
V  [jvm.dll+0x675885]
C  [ucrtbase.dll+0x29363]
C  [KERNEL32.DLL+0x1257d]
C  [ntdll.dll+0x5aa58]


---------------  P R O C E S S  ---------------

Threads class SMR info:
_java_thread_list=0x00000272cbe41340, length=16, elements={
0x00000272ab2ce550, 0x00000272ca2b29b0, 0x00000272ca2b3fc0, 0x00000272ca2c3a90,
0x00000272ca2c5650, 0x00000272ca2c7d80, 0x00000272ca2cb2b0, 0x00000272ca2d04c0,
0x00000272ca2d2ae0, 0x00000272ca2d6050, 0x00000272caebdcc0, 0x00000272caf51500,
0x00000272cb00aee0, 0x00000272cbcd3eb0, 0x00000272cbc46340, 0x00000272cbf222f0
}

Java Threads: ( => current thread )
  0x00000272ab2ce550 JavaThread "main" [_thread_blocked, id=28652, stack(0x000000f1abd00000,0x000000f1abe00000)]
  0x00000272ca2b29b0 JavaThread "Reference Handler" daemon [_thread_blocked, id=14440, stack(0x000000f1ac400000,0x000000f1ac500000)]
  0x00000272ca2b3fc0 JavaThread "Finalizer" daemon [_thread_blocked, id=9696, stack(0x000000f1ac500000,0x000000f1ac600000)]
  0x00000272ca2c3a90 JavaThread "Signal Dispatcher" daemon [_thread_blocked, id=28520, stack(0x000000f1ac600000,0x000000f1ac700000)]
  0x00000272ca2c5650 JavaThread "Attach Listener" daemon [_thread_blocked, id=26776, stack(0x000000f1ac700000,0x000000f1ac800000)]
  0x00000272ca2c7d80 JavaThread "Service Thread" daemon [_thread_blocked, id=16468, stack(0x000000f1ac800000,0x000000f1ac900000)]
  0x00000272ca2cb2b0 JavaThread "Monitor Deflation Thread" daemon [_thread_blocked, id=23352, stack(0x000000f1ac900000,0x000000f1aca00000)]
=>0x00000272ca2d04c0 JavaThread "C2 CompilerThread0" daemon [_thread_in_native, id=22056, stack(0x000000f1aca00000,0x000000f1acb00000)]
  0x00000272ca2d2ae0 JavaThread "C1 CompilerThread0" daemon [_thread_in_native, id=21788, stack(0x000000f1acb00000,0x000000f1acc00000)]
  0x00000272ca2d6050 JavaThread "Sweeper thread" daemon [_thread_blocked, id=17624, stack(0x000000f1acc00000,0x000000f1acd00000)]
  0x00000272caebdcc0 JavaThread "Common-Cleaner" daemon [_thread_blocked, id=16872, stack(0x000000f1acd00000,0x000000f1ace00000)]
  0x00000272caf51500 JavaThread "Monitor Ctrl-Break" daemon [_thread_in_native, id=28888, stack(0x000000f1ace00000,0x000000f1acf00000)]
  0x00000272cb00aee0 JavaThread "Notification Thread" daemon [_thread_blocked, id=28060, stack(0x000000f1acf00000,0x000000f1ad000000)]
  0x00000272cbcd3eb0 JavaThread "Thread-0" [_thread_blocked, id=1128, stack(0x000000f1ad700000,0x000000f1ad800000)]
  0x00000272cbc46340 JavaThread "restartedMain" [_thread_in_native, id=26220, stack(0x000000f1ad800000,0x000000f1ad900000)]
  0x00000272cbf222f0 JavaThread "background-preinit" [_thread_in_vm, id=10656, stack(0x000000f1ada00000,0x000000f1adb00000)]

Other Threads:
  0x00000272ca2aef40 VMThread "VM Thread" [stack: 0x000000f1ac300000,0x000000f1ac400000] [id=25180]
  0x00000272cb31a2c0 WatcherThread [stack: 0x000000f1ad000000,0x000000f1ad100000] [id=29380]
  0x00000272ab303c00 GCTaskThread "GC Thread#0" [stack: 0x000000f1abe00000,0x000000f1abf00000] [id=8048]
  0x00000272cb7cc790 GCTaskThread "GC Thread#1" [stack: 0x000000f1ad100000,0x000000f1ad200000] [id=24836]
  0x00000272cb7509e0 GCTaskThread "GC Thread#2" [stack: 0x000000f1ad200000,0x000000f1ad300000] [id=21748]
  0x00000272cb8fe3a0 GCTaskThread "GC Thread#3" [stack: 0x000000f1ad300000,0x000000f1ad400000] [id=23916]
  0x00000272cbbe6120 GCTaskThread "GC Thread#4" [stack: 0x000000f1ad400000,0x000000f1ad500000] [id=22512]
  0x00000272cbbea3e0 GCTaskThread "GC Thread#5" [stack: 0x000000f1ad500000,0x000000f1ad600000] [id=5028]
  0x00000272cbbeab10 GCTaskThread "GC Thread#6" [stack: 0x000000f1ad600000,0x000000f1ad700000] [id=13564]
  0x00000272ccd6d8f0 GCTaskThread "GC Thread#7" [stack: 0x000000f1ad900000,0x000000f1ada00000] [id=8140]
  0x00000272ab311950 ConcurrentGCThread "G1 Main Marker" [stack: 0x000000f1abf00000,0x000000f1ac000000] [id=8396]
  0x00000272ab312ed0 ConcurrentGCThread "G1 Conc#0" [stack: 0x000000f1ac000000,0x000000f1ac100000] [id=29440]
  0x00000272ab365dc0 ConcurrentGCThread "G1 Refine#0" [stack: 0x000000f1ac100000,0x000000f1ac200000] [id=7980]
  0x00000272ab3667e0 ConcurrentGCThread "G1 Service" [stack: 0x000000f1ac200000,0x000000f1ac300000] [id=29304]

Threads with active compile tasks:
C2 CompilerThread0     7021 1916       4       org.springframework.boot.context.config.ConfigDataEnvironmentContributor$ContributorIterator::fetchIfNecessary (153 bytes)

VM state: not at safepoint (normal execution)

VM Mutex/Monitor currently owned by a thread: None

Heap address: 0x00000000a1000000, size: 1520 MB, Compressed Oops mode: 32-bit

CDS archive(s) mapped at: [0x0000000800000000-0x0000000800bc0000-0x0000000800bc0000), size 12320768, SharedBaseAddress: 0x0000000800000000, ArchiveRelocationMode: 0.
Compressed class space mapped at: 0x0000000800c00000-0x0000000840c00000, reserved size: 1073741824
Narrow klass base: 0x0000000800000000, Narrow klass shift: 0, Narrow klass range: 0x100000000

GC Precious Log:
 CPUs: 8 total, 8 available
 Memory: 6077M
 Large Page Support: Disabled
 NUMA Support: Disabled
 Compressed Oops: Enabled (32-bit)
 Heap Region Size: 1M
 Heap Min Capacity: 8M
 Heap Initial Capacity: 96M
 Heap Max Capacity: 1520M
 Pre-touch: Disabled
 Parallel Workers: 8
 Concurrent Workers: 2
 Concurrent Refinement Workers: 8
 Periodic GC: Disabled

Heap:
 garbage-first heap   total 98304K, used 36210K [0x00000000a1000000, 0x0000000100000000)
  region size 1024K, 27 young (27648K), 2 survivors (2048K)
 Metaspace       used 14256K, committed 14464K, reserved 1064960K
  class space    used 1906K, committed 1984K, reserved 1048576K

Heap Regions: E=young(eden), S=young(survivor), O=old, HS=humongous(starts), HC=humongous(continues), CS=collection set, F=free, OA=open archive, CA=closed archive, TAMS=top-at-mark-start (previous, next)
|   0|0x00000000a1000000, 0x00000000a1100000, 0x00000000a1100000|100%|HS|  |TAMS 0x00000000a1000000, 0x00000000a1000000| Complete 
|   1|0x00000000a1100000, 0x00000000a1200000, 0x00000000a1200000|100%|HS|  |TAMS 0x00000000a1100000, 0x00000000a1100000| Complete 
|   2|0x00000000a1200000, 0x00000000a1200000, 0x00000000a1300000|  0%| F|  |TAMS 0x00000000a1200000, 0x00000000a1200000| Untracked 
|   3|0x00000000a1300000, 0x00000000a1400000, 0x00000000a1400000|100%| O|  |TAMS 0x00000000a1300000, 0x00000000a1300000| Untracked 
|   4|0x00000000a1400000, 0x00000000a1500000, 0x00000000a1500000|100%| O|  |TAMS 0x00000000a1400000, 0x00000000a1400000| Untracked 
|   5|0x00000000a1500000, 0x00000000a1600000, 0x00000000a1600000|100%| O|  |TAMS 0x00000000a1500000, 0x00000000a1500000| Untracked 
|   6|0x00000000a1600000, 0x00000000a1700000, 0x00000000a1700000|100%| O|  |TAMS 0x00000000a1600000, 0x00000000a1600000| Untracked 
|   7|0x00000000a1700000, 0x00000000a1800000, 0x00000000a1800000|100%| O|  |TAMS 0x00000000a1700000, 0x00000000a1700000| Untracked 
|   8|0x00000000a1800000, 0x00000000a1900000, 0x00000000a1900000|100%| O|  |TAMS 0x00000000a1800000, 0x00000000a1800000| Untracked 
|   9|0x00000000a1900000, 0x00000000a1a00000, 0x00000000a1a00000|100%| O|  |TAMS 0x00000000a1900000, 0x00000000a1900000| Untracked 
|  10|0x00000000a1a00000, 0x00000000a1b00000, 0x00000000a1b00000|100%| O|  |TAMS 0x00000000a1a00000, 0x00000000a1a00000| Untracked 
|  11|0x00000000a1b00000, 0x00000000a1ba8400, 0x00000000a1c00000| 65%| O|  |TAMS 0x00000000a1b00000, 0x00000000a1b00000| Untracked 
|  12|0x00000000a1c00000, 0x00000000a1c00000, 0x00000000a1d00000|  0%| F|  |TAMS 0x00000000a1c00000, 0x00000000a1c00000| Untracked 
|  13|0x00000000a1d00000, 0x00000000a1d00000, 0x00000000a1e00000|  0%| F|  |TAMS 0x00000000a1d00000, 0x00000000a1d00000| Untracked 
|  14|0x00000000a1e00000, 0x00000000a1e00000, 0x00000000a1f00000|  0%| F|  |TAMS 0x00000000a1e00000, 0x00000000a1e00000| Untracked 
|  15|0x00000000a1f00000, 0x00000000a1f00000, 0x00000000a2000000|  0%| F|  |TAMS 0x00000000a1f00000, 0x00000000a1f00000| Untracked 
|  16|0x00000000a2000000, 0x00000000a2000000, 0x00000000a2100000|  0%| F|  |TAMS 0x00000000a2000000, 0x00000000a2000000| Untracked 
|  17|0x00000000a2100000, 0x00000000a2100000, 0x00000000a2200000|  0%| F|  |TAMS 0x00000000a2100000, 0x00000000a2100000| Untracked 
|  18|0x00000000a2200000, 0x00000000a2200000, 0x00000000a2300000|  0%| F|  |TAMS 0x00000000a2200000, 0x00000000a2200000| Untracked 
|  19|0x00000000a2300000, 0x00000000a2300000, 0x00000000a2400000|  0%| F|  |TAMS 0x00000000a2300000, 0x00000000a2300000| Untracked 
|  20|0x00000000a2400000, 0x00000000a2400000, 0x00000000a2500000|  0%| F|  |TAMS 0x00000000a2400000, 0x00000000a2400000| Untracked 
|  21|0x00000000a2500000, 0x00000000a2500000, 0x00000000a2600000|  0%| F|  |TAMS 0x00000000a2500000, 0x00000000a2500000| Untracked 
|  22|0x00000000a2600000, 0x00000000a2600000, 0x00000000a2700000|  0%| F|  |TAMS 0x00000000a2600000, 0x00000000a2600000| Untracked 
|  23|0x00000000a2700000, 0x00000000a2700000, 0x00000000a2800000|  0%| F|  |TAMS 0x00000000a2700000, 0x00000000a2700000| Untracked 
|  24|0x00000000a2800000, 0x00000000a2800000, 0x00000000a2900000|  0%| F|  |TAMS 0x00000000a2800000, 0x00000000a2800000| Untracked 
|  25|0x00000000a2900000, 0x00000000a2900000, 0x00000000a2a00000|  0%| F|  |TAMS 0x00000000a2900000, 0x00000000a2900000| Untracked 
|  26|0x00000000a2a00000, 0x00000000a2a00000, 0x00000000a2b00000|  0%| F|  |TAMS 0x00000000a2a00000, 0x00000000a2a00000| Untracked 
|  27|0x00000000a2b00000, 0x00000000a2b00000, 0x00000000a2c00000|  0%| F|  |TAMS 0x00000000a2b00000, 0x00000000a2b00000| Untracked 
|  28|0x00000000a2c00000, 0x00000000a2c00000, 0x00000000a2d00000|  0%| F|  |TAMS 0x00000000a2c00000, 0x00000000a2c00000| Untracked 
|  29|0x00000000a2d00000, 0x00000000a2d00000, 0x00000000a2e00000|  0%| F|  |TAMS 0x00000000a2d00000, 0x00000000a2d00000| Untracked 
|  30|0x00000000a2e00000, 0x00000000a2e00000, 0x00000000a2f00000|  0%| F|  |TAMS 0x00000000a2e00000, 0x00000000a2e00000| Untracked 
|  31|0x00000000a2f00000, 0x00000000a2f00000, 0x00000000a3000000|  0%| F|  |TAMS 0x00000000a2f00000, 0x00000000a2f00000| Untracked 
|  32|0x00000000a3000000, 0x00000000a3000000, 0x00000000a3100000|  0%| F|  |TAMS 0x00000000a3000000, 0x00000000a3000000| Untracked 
|  33|0x00000000a3100000, 0x00000000a3100000, 0x00000000a3200000|  0%| F|  |TAMS 0x00000000a3100000, 0x00000000a3100000| Untracked 
|  34|0x00000000a3200000, 0x00000000a3200000, 0x00000000a3300000|  0%| F|  |TAMS 0x00000000a3200000, 0x00000000a3200000| Untracked 
|  35|0x00000000a3300000, 0x00000000a3300000, 0x00000000a3400000|  0%| F|  |TAMS 0x00000000a3300000, 0x00000000a3300000| Untracked 
|  36|0x00000000a3400000, 0x00000000a3400000, 0x00000000a3500000|  0%| F|  |TAMS 0x00000000a3400000, 0x00000000a3400000| Untracked 
|  37|0x00000000a3500000, 0x00000000a3500000, 0x00000000a3600000|  0%| F|  |TAMS 0x00000000a3500000, 0x00000000a3500000| Untracked 
|  38|0x00000000a3600000, 0x00000000a3600000, 0x00000000a3700000|  0%| F|  |TAMS 0x00000000a3600000, 0x00000000a3600000| Untracked 
|  39|0x00000000a3700000, 0x00000000a3700000, 0x00000000a3800000|  0%| F|  |TAMS 0x00000000a3700000, 0x00000000a3700000| Untracked 
|  40|0x00000000a3800000, 0x00000000a3800000, 0x00000000a3900000|  0%| F|  |TAMS 0x00000000a3800000, 0x00000000a3800000| Untracked 
|  41|0x00000000a3900000, 0x00000000a3900000, 0x00000000a3a00000|  0%| F|  |TAMS 0x00000000a3900000, 0x00000000a3900000| Untracked 
|  42|0x00000000a3a00000, 0x00000000a3a00000, 0x00000000a3b00000|  0%| F|  |TAMS 0x00000000a3a00000, 0x00000000a3a00000| Untracked 
|  43|0x00000000a3b00000, 0x00000000a3b00000, 0x00000000a3c00000|  0%| F|  |TAMS 0x00000000a3b00000, 0x00000000a3b00000| Untracked 
|  44|0x00000000a3c00000, 0x00000000a3c00000, 0x00000000a3d00000|  0%| F|  |TAMS 0x00000000a3c00000, 0x00000000a3c00000| Untracked 
|  45|0x00000000a3d00000, 0x00000000a3d00000, 0x00000000a3e00000|  0%| F|  |TAMS 0x00000000a3d00000, 0x00000000a3d00000| Untracked 
|  46|0x00000000a3e00000, 0x00000000a3e00000, 0x00000000a3f00000|  0%| F|  |TAMS 0x00000000a3e00000, 0x00000000a3e00000| Untracked 
|  47|0x00000000a3f00000, 0x00000000a3f00000, 0x00000000a4000000|  0%| F|  |TAMS 0x00000000a3f00000, 0x00000000a3f00000| Untracked 
|  48|0x00000000a4000000, 0x00000000a4000000, 0x00000000a4100000|  0%| F|  |TAMS 0x00000000a4000000, 0x00000000a4000000| Untracked 
|  49|0x00000000a4100000, 0x00000000a4100000, 0x00000000a4200000|  0%| F|  |TAMS 0x00000000a4100000, 0x00000000a4100000| Untracked 
|  50|0x00000000a4200000, 0x00000000a4200000, 0x00000000a4300000|  0%| F|  |TAMS 0x00000000a4200000, 0x00000000a4200000| Untracked 
|  51|0x00000000a4300000, 0x00000000a4300000, 0x00000000a4400000|  0%| F|  |TAMS 0x00000000a4300000, 0x00000000a4300000| Untracked 
|  52|0x00000000a4400000, 0x00000000a4400000, 0x00000000a4500000|  0%| F|  |TAMS 0x00000000a4400000, 0x00000000a4400000| Untracked 
|  53|0x00000000a4500000, 0x00000000a4500000, 0x00000000a4600000|  0%| F|  |TAMS 0x00000000a4500000, 0x00000000a4500000| Untracked 
|  54|0x00000000a4600000, 0x00000000a4600000, 0x00000000a4700000|  0%| F|  |TAMS 0x00000000a4600000, 0x00000000a4600000| Untracked 
|  55|0x00000000a4700000, 0x00000000a4700000, 0x00000000a4800000|  0%| F|  |TAMS 0x00000000a4700000, 0x00000000a4700000| Untracked 
|  56|0x00000000a4800000, 0x00000000a4800000, 0x00000000a4900000|  0%| F|  |TAMS 0x00000000a4800000, 0x00000000a4800000| Untracked 
|  57|0x00000000a4900000, 0x00000000a4900000, 0x00000000a4a00000|  0%| F|  |TAMS 0x00000000a4900000, 0x00000000a4900000| Untracked 
|  58|0x00000000a4a00000, 0x00000000a4a00000, 0x00000000a4b00000|  0%| F|  |TAMS 0x00000000a4a00000, 0x00000000a4a00000| Untracked 
|  59|0x00000000a4b00000, 0x00000000a4b00000, 0x00000000a4c00000|  0%| F|  |TAMS 0x00000000a4b00000, 0x00000000a4b00000| Untracked 
|  60|0x00000000a4c00000, 0x00000000a4c00000, 0x00000000a4d00000|  0%| F|  |TAMS 0x00000000a4c00000, 0x00000000a4c00000| Untracked 
|  61|0x00000000a4d00000, 0x00000000a4d00000, 0x00000000a4e00000|  0%| F|  |TAMS 0x00000000a4d00000, 0x00000000a4d00000| Untracked 
|  62|0x00000000a4e00000, 0x00000000a4e00000, 0x00000000a4f00000|  0%| F|  |TAMS 0x00000000a4e00000, 0x00000000a4e00000| Untracked 
|  63|0x00000000a4f00000, 0x00000000a4f00000, 0x00000000a5000000|  0%| F|  |TAMS 0x00000000a4f00000, 0x00000000a4f00000| Untracked 
|  64|0x00000000a5000000, 0x00000000a5000000, 0x00000000a5100000|  0%| F|  |TAMS 0x00000000a5000000, 0x00000000a5000000| Untracked 
|  65|0x00000000a5100000, 0x00000000a5100000, 0x00000000a5200000|  0%| F|  |TAMS 0x00000000a5100000, 0x00000000a5100000| Untracked 
|  66|0x00000000a5200000, 0x00000000a5200000, 0x00000000a5300000|  0%| F|  |TAMS 0x00000000a5200000, 0x00000000a5200000| Untracked 
|  67|0x00000000a5300000, 0x00000000a5300000, 0x00000000a5400000|  0%| F|  |TAMS 0x00000000a5300000, 0x00000000a5300000| Untracked 
|  68|0x00000000a5400000, 0x00000000a54b4410, 0x00000000a5500000| 70%| S|CS|TAMS 0x00000000a5400000, 0x00000000a5400000| Complete 
|  69|0x00000000a5500000, 0x00000000a5600000, 0x00000000a5600000|100%| S|CS|TAMS 0x00000000a5500000, 0x00000000a5500000| Complete 
|  70|0x00000000a5600000, 0x00000000a5600000, 0x00000000a5700000|  0%| F|  |TAMS 0x00000000a5600000, 0x00000000a5600000| Untracked 
|  71|0x00000000a5700000, 0x00000000a5738d80, 0x00000000a5800000| 22%| E|  |TAMS 0x00000000a5700000, 0x00000000a5700000| Complete 
|  72|0x00000000a5800000, 0x00000000a5900000, 0x00000000a5900000|100%| E|CS|TAMS 0x00000000a5800000, 0x00000000a5800000| Complete 
|  73|0x00000000a5900000, 0x00000000a5a00000, 0x00000000a5a00000|100%| E|CS|TAMS 0x00000000a5900000, 0x00000000a5900000| Complete 
|  74|0x00000000a5a00000, 0x00000000a5b00000, 0x00000000a5b00000|100%| E|CS|TAMS 0x00000000a5a00000, 0x00000000a5a00000| Complete 
|  75|0x00000000a5b00000, 0x00000000a5c00000, 0x00000000a5c00000|100%| E|CS|TAMS 0x00000000a5b00000, 0x00000000a5b00000| Complete 
|  76|0x00000000a5c00000, 0x00000000a5d00000, 0x00000000a5d00000|100%| E|CS|TAMS 0x00000000a5c00000, 0x00000000a5c00000| Complete 
|  77|0x00000000a5d00000, 0x00000000a5e00000, 0x00000000a5e00000|100%| E|CS|TAMS 0x00000000a5d00000, 0x00000000a5d00000| Complete 
|  78|0x00000000a5e00000, 0x00000000a5f00000, 0x00000000a5f00000|100%| E|CS|TAMS 0x00000000a5e00000, 0x00000000a5e00000| Complete 
|  79|0x00000000a5f00000, 0x00000000a6000000, 0x00000000a6000000|100%| E|CS|TAMS 0x00000000a5f00000, 0x00000000a5f00000| Complete 
|  80|0x00000000a6000000, 0x00000000a6100000, 0x00000000a6100000|100%| E|CS|TAMS 0x00000000a6000000, 0x00000000a6000000| Complete 
|  81|0x00000000a6100000, 0x00000000a6200000, 0x00000000a6200000|100%| E|CS|TAMS 0x00000000a6100000, 0x00000000a6100000| Complete 
|  82|0x00000000a6200000, 0x00000000a6300000, 0x00000000a6300000|100%| E|CS|TAMS 0x00000000a6200000, 0x00000000a6200000| Complete 
|  83|0x00000000a6300000, 0x00000000a6400000, 0x00000000a6400000|100%| E|CS|TAMS 0x00000000a6300000, 0x00000000a6300000| Complete 
|  84|0x00000000a6400000, 0x00000000a6500000, 0x00000000a6500000|100%| E|CS|TAMS 0x00000000a6400000, 0x00000000a6400000| Complete 
|  85|0x00000000a6500000, 0x00000000a6600000, 0x00000000a6600000|100%| E|CS|TAMS 0x00000000a6500000, 0x00000000a6500000| Complete 
|  86|0x00000000a6600000, 0x00000000a6700000, 0x00000000a6700000|100%| E|CS|TAMS 0x00000000a6600000, 0x00000000a6600000| Complete 
|  87|0x00000000a6700000, 0x00000000a6800000, 0x00000000a6800000|100%| E|CS|TAMS 0x00000000a6700000, 0x00000000a6700000| Complete 
|  88|0x00000000a6800000, 0x00000000a6900000, 0x00000000a6900000|100%| E|CS|TAMS 0x00000000a6800000, 0x00000000a6800000| Complete 
|  89|0x00000000a6900000, 0x00000000a6a00000, 0x00000000a6a00000|100%| E|CS|TAMS 0x00000000a6900000, 0x00000000a6900000| Complete 
|  90|0x00000000a6a00000, 0x00000000a6b00000, 0x00000000a6b00000|100%| E|  |TAMS 0x00000000a6a00000, 0x00000000a6a00000| Complete 
|  91|0x00000000a6b00000, 0x00000000a6c00000, 0x00000000a6c00000|100%| E|CS|TAMS 0x00000000a6b00000, 0x00000000a6b00000| Complete 
|  92|0x00000000a6c00000, 0x00000000a6d00000, 0x00000000a6d00000|100%| E|CS|TAMS 0x00000000a6c00000, 0x00000000a6c00000| Complete 
|  93|0x00000000a6d00000, 0x00000000a6e00000, 0x00000000a6e00000|100%| E|CS|TAMS 0x00000000a6d00000, 0x00000000a6d00000| Complete 
|  94|0x00000000a6e00000, 0x00000000a6f00000, 0x00000000a6f00000|100%| E|CS|TAMS 0x00000000a6e00000, 0x00000000a6e00000| Complete 
|  95|0x00000000a6f00000, 0x00000000a7000000, 0x00000000a7000000|100%| E|CS|TAMS 0x00000000a6f00000, 0x00000000a6f00000| Complete 

Card table byte_map: [0x00000272c42e0000,0x00000272c45e0000] _byte_map_base: 0x00000272c3dd8000

Marking Bits (Prev, Next): (CMBitMap*) 0x00000272ab304210, (CMBitMap*) 0x00000272ab304250
 Prev Bits: [0x00000272c48e0000, 0x00000272c60a0000)
 Next Bits: [0x00000272c60a0000, 0x00000272c7860000)

Polling page: 0x00000272ab370000

Metaspace:

Usage:
  Non-class:     12.09 MB used.
      Class:      1.87 MB used.
       Both:     13.96 MB used.

Virtual space:
  Non-class space:       16.00 MB reserved,      12.25 MB ( 77%) committed,  2 nodes.
      Class space:        1.00 GB reserved,       1.94 MB ( <1%) committed,  1 nodes.
             Both:        1.02 GB reserved,      14.19 MB (  1%) committed. 

Chunk freelists:
   Non-Class:  3.11 MB
       Class:  2.00 MB
        Both:  5.11 MB

MaxMetaspaceSize: unlimited
CompressedClassSpaceSize: 1.00 GB
Initial GC threshold: 21.00 MB
Current GC threshold: 21.00 MB
CDS: on
MetaspaceReclaimPolicy: balanced
 - commit_granule_bytes: 65536.
 - commit_granule_words: 8192.
 - virtual_space_node_default_size: 1048576.
 - enlarge_chunks_in_place: 1.
 - new_chunks_are_fully_committed: 0.
 - uncommit_free_chunks: 1.
 - use_allocation_guard: 0.
 - handle_deallocations: 1.


Internal statistics:

num_allocs_failed_limit: 0.
num_arena_births: 214.
num_arena_deaths: 0.
num_vsnodes_births: 3.
num_vsnodes_deaths: 0.
num_space_committed: 227.
num_space_uncommitted: 0.
num_chunks_returned_to_freelist: 0.
num_chunks_taken_from_freelist: 667.
num_chunk_merges: 0.
num_chunk_splits: 442.
num_chunks_enlarged: 339.
num_purges: 0.
num_inconsistent_stats: 0.

CodeHeap 'non-profiled nmethods': size=120000Kb used=743Kb max_used=743Kb free=119256Kb
 bounds [0x00000272bc040000, 0x00000272bc2b0000, 0x00000272c3570000]
CodeHeap 'profiled nmethods': size=120000Kb used=4021Kb max_used=4021Kb free=115978Kb
 bounds [0x00000272b4b10000, 0x00000272b4f00000, 0x00000272bc040000]
CodeHeap 'non-nmethods': size=5760Kb used=1190Kb max_used=1194Kb free=4569Kb
 bounds [0x00000272b4570000, 0x00000272b47e0000, 0x00000272b4b10000]
 total_blobs=2563 nmethods=2082 adapters=393
 compilation: enabled
              stopped_count=0, restarted_count=0
 full_count=0

Compilation events (20 events):
Event: 6.759 Thread 0x00000272ca2d2ae0 2048       3       java.util.Collections$SingletonList::<init> (10 bytes)
Event: 6.759 Thread 0x00000272ca2d2ae0 nmethod 2048 0x00000272b4ee6e90 code [0x00000272b4ee7040, 0x00000272b4ee72d8]
Event: 6.766 Thread 0x00000272ca2d2ae0 2049       3       org.springframework.util.ConcurrentReferenceHashMap::put (8 bytes)
Event: 6.766 Thread 0x00000272ca2d2ae0 nmethod 2049 0x00000272b4ee7410 code [0x00000272b4ee75a0, 0x00000272b4ee76e8]
Event: 6.775 Thread 0x00000272ca2d2ae0 2050       1       ch.qos.logback.classic.spi.LogbackServiceProvider::getLoggerFactory (5 bytes)
Event: 6.776 Thread 0x00000272ca2d2ae0 nmethod 2050 0x00000272bc0f7110 code [0x00000272bc0f72a0, 0x00000272bc0f7378]
Event: 6.776 Thread 0x00000272ca2d2ae0 2051       1       sun.reflect.generics.tree.ClassSignature::getSuperInterfaces (5 bytes)
Event: 6.777 Thread 0x00000272ca2d2ae0 nmethod 2051 0x00000272bc0f7410 code [0x00000272bc0f75a0, 0x00000272bc0f7678]
Event: 6.777 Thread 0x00000272ca2d2ae0 2052       1       java.util.Collections$EmptyMap::get (2 bytes)
Event: 6.778 Thread 0x00000272ca2d2ae0 nmethod 2052 0x00000272bc0f7710 code [0x00000272bc0f78a0, 0x00000272bc0f7978]
Event: 6.783 Thread 0x00000272ca2d2ae0 2053       3       org.hibernate.validator.internal.util.TypeHelper::resolveTypeForClassAndHierarchy (61 bytes)
Event: 6.786 Thread 0x00000272ca2d2ae0 nmethod 2053 0x00000272b4ee7790 code [0x00000272b4ee7a80, 0x00000272b4ee8ac8]
Event: 6.787 Thread 0x00000272ca2d2ae0 2054       3       java.lang.Module::allows (60 bytes)
Event: 6.789 Thread 0x00000272ca2d2ae0 nmethod 2054 0x00000272b4ee9090 code [0x00000272b4ee9280, 0x00000272b4ee98c8]
Event: 6.790 Thread 0x00000272ca2d2ae0 2055       1       ch.qos.logback.core.pattern.Converter::getNext (5 bytes)
Event: 6.790 Thread 0x00000272ca2d2ae0 nmethod 2055 0x00000272bc0f7a10 code [0x00000272bc0f7ba0, 0x00000272bc0f7c78]
Event: 6.820 Thread 0x00000272ca2d2ae0 2057   !   3       sun.reflect.annotation.AnnotationParser::parseAnnotations (37 bytes)
Event: 6.821 Thread 0x00000272ca2d2ae0 nmethod 2057 0x00000272b4ee9a10 code [0x00000272b4ee9c00, 0x00000272b4ee9f28]
Event: 6.821 Thread 0x00000272ca2d2ae0 2058       3       sun.reflect.generics.tree.ClassSignature::<init> (20 bytes)
Event: 6.822 Thread 0x00000272ca2d2ae0 nmethod 2058 0x00000272b4eea090 code [0x00000272b4eea240, 0x00000272b4eea4b8]

GC Heap History (4 events):
Event: 2.805 GC heap before
{Heap before GC invocations=0 (full 0):
 garbage-first heap   total 98304K, used 25600K [0x00000000a1000000, 0x0000000100000000)
  region size 1024K, 23 young (23552K), 0 survivors (0K)
 Metaspace       used 4979K, committed 5248K, reserved 1056768K
  class space    used 550K, committed 704K, reserved 1048576K
}
Event: 2.828 GC heap after
{Heap after GC invocations=1 (full 0):
 garbage-first heap   total 98304K, used 10763K [0x00000000a1000000, 0x0000000100000000)
  region size 1024K, 3 young (3072K), 3 survivors (3072K)
 Metaspace       used 4979K, committed 5248K, reserved 1056768K
  class space    used 550K, committed 704K, reserved 1048576K
}
Event: 5.146 GC heap before
{Heap before GC invocations=1 (full 0):
 garbage-first heap   total 98304K, used 35339K [0x00000000a1000000, 0x0000000100000000)
  region size 1024K, 26 young (26624K), 3 survivors (3072K)
 Metaspace       used 9005K, committed 9280K, reserved 1064960K
  class space    used 1106K, committed 1216K, reserved 1048576K
}
Event: 5.155 GC heap after
{Heap after GC invocations=2 (full 0):
 garbage-first heap   total 98304K, used 12658K [0x00000000a1000000, 0x0000000100000000)
  region size 1024K, 2 young (2048K), 2 survivors (2048K)
 Metaspace       used 9005K, committed 9280K, reserved 1064960K
  class space    used 1106K, committed 1216K, reserved 1048576K
}

Deoptimization events (20 events):
Event: 6.510 Thread 0x00000272cbc46340 Uncommon trap: trap_request=0xffffffde fr.pc=0x00000272bc0ec3e8 relative=0x0000000000000068
Event: 6.510 Thread 0x00000272cbc46340 Uncommon trap: reason=class_check action=maybe_recompile pc=0x00000272bc0ec3e8 method=java.util.LinkedHashMap.afterNodeInsertion(Z)V @ 15 c2
Event: 6.510 Thread 0x00000272cbc46340 DEOPT PACKING pc=0x00000272bc0ec3e8 sp=0x000000f1ad8fdf20
Event: 6.510 Thread 0x00000272cbc46340 DEOPT UNPACKING pc=0x00000272b45c23a3 sp=0x000000f1ad8fde98 mode 2
Event: 6.656 Thread 0x00000272cbc46340 Uncommon trap: trap_request=0xffffff45 fr.pc=0x00000272bc0babe0 relative=0x00000000000002c0
Event: 6.656 Thread 0x00000272cbc46340 Uncommon trap: reason=unstable_if action=reinterpret pc=0x00000272bc0babe0 method=jdk.internal.org.objectweb.asm.SymbolTable.put(Ljdk/internal/org/objectweb/asm/SymbolTable$Entry;)Ljdk/internal/org/objectweb/asm/SymbolTable$Entry; @ 13 c2
Event: 6.656 Thread 0x00000272cbc46340 DEOPT PACKING pc=0x00000272bc0babe0 sp=0x000000f1ad8fcdf0
Event: 6.656 Thread 0x00000272cbc46340 DEOPT UNPACKING pc=0x00000272b45c23a3 sp=0x000000f1ad8fcd70 mode 2
Event: 6.735 Thread 0x00000272cbc46340 Uncommon trap: trap_request=0xffffffde fr.pc=0x00000272bc0ec3e8 relative=0x0000000000000068
Event: 6.735 Thread 0x00000272cbc46340 Uncommon trap: reason=class_check action=maybe_recompile pc=0x00000272bc0ec3e8 method=java.util.LinkedHashMap.afterNodeInsertion(Z)V @ 15 c2
Event: 6.736 Thread 0x00000272cbc46340 DEOPT PACKING pc=0x00000272bc0ec3e8 sp=0x000000f1ad8fe430
Event: 6.736 Thread 0x00000272cbc46340 DEOPT UNPACKING pc=0x00000272b45c23a3 sp=0x000000f1ad8fe3a8 mode 2
Event: 6.736 Thread 0x00000272cbc46340 Uncommon trap: trap_request=0xffffffde fr.pc=0x00000272bc0ec3e8 relative=0x0000000000000068
Event: 6.736 Thread 0x00000272cbc46340 Uncommon trap: reason=class_check action=maybe_recompile pc=0x00000272bc0ec3e8 method=java.util.LinkedHashMap.afterNodeInsertion(Z)V @ 15 c2
Event: 6.736 Thread 0x00000272cbc46340 DEOPT PACKING pc=0x00000272bc0ec3e8 sp=0x000000f1ad8fe430
Event: 6.736 Thread 0x00000272cbc46340 DEOPT UNPACKING pc=0x00000272b45c23a3 sp=0x000000f1ad8fe3a8 mode 2
Event: 6.737 Thread 0x00000272cbc46340 Uncommon trap: trap_request=0xffffffde fr.pc=0x00000272bc0ec3e8 relative=0x0000000000000068
Event: 6.737 Thread 0x00000272cbc46340 Uncommon trap: reason=class_check action=maybe_recompile pc=0x00000272bc0ec3e8 method=java.util.LinkedHashMap.afterNodeInsertion(Z)V @ 15 c2
Event: 6.737 Thread 0x00000272cbc46340 DEOPT PACKING pc=0x00000272bc0ec3e8 sp=0x000000f1ad8fe430
Event: 6.737 Thread 0x00000272cbc46340 DEOPT UNPACKING pc=0x00000272b45c23a3 sp=0x000000f1ad8fe3a8 mode 2

Classes unloaded (0 events):
No events

Classes redefined (0 events):
No events

Internal exceptions (20 events):
Event: 4.570 Thread 0x00000272cbc46340 Exception <a 'java/lang/NoSuchMethodError'{0x00000000a5d57e50}: 'java.lang.Object java.lang.invoke.DirectMethodHandle$Holder.invokeSpecial(java.lang.Object, java.lang.Object, java.lang.Object, java.lang.Object, java.lang.Object, java.lang.Object, java.lang.Object, int)'> (0x00000000a5d57e50) 
thrown [c:\jenkins\workspace\zulu17-build-win64\zulu-src.git\src\hotspot\share\interpreter\linkResolver.cpp, line 766]
Event: 4.699 Thread 0x00000272cbc46340 Exception <a 'java/lang/NoSuchMethodError'{0x00000000a5c812c8}: 'int java.lang.invoke.DirectMethodHandle$Holder.invokeInterface(java.lang.Object, java.lang.Object)'> (0x00000000a5c812c8) 
thrown [c:\jenkins\workspace\zulu17-build-win64\zulu-src.git\src\hotspot\share\interpreter\linkResolver.cpp, line 766]
Event: 4.768 Thread 0x00000272cbc46340 Exception <a 'java/lang/NoSuchMethodError'{0x00000000a5b14510}: 'void java.lang.invoke.DirectMethodHandle$Holder.invokeSpecial(java.lang.Object, java.lang.Object, java.lang.Object, java.lang.Object, java.lang.Object)'> (0x00000000a5b14510) 
thrown [c:\jenkins\workspace\zulu17-build-win64\zulu-src.git\src\hotspot\share\interpreter\linkResolver.cpp, line 766]
Event: 5.080 Thread 0x00000272cbc46340 Exception <a 'java/lang/NoSuchMethodError'{0x00000000a593cd88}: 'void java.lang.invoke.DirectMethodHandle$Holder.invokeSpecial(java.lang.Object, java.lang.Object, java.lang.Object, java.lang.Object, java.lang.Object, java.lang.Object)'> (0x00000000a593cd88) 
thrown [c:\jenkins\workspace\zulu17-build-win64\zulu-src.git\src\hotspot\share\interpreter\linkResolver.cpp, line 766]
Event: 5.123 Thread 0x00000272cbc46340 Exception <a 'java/lang/NoSuchMethodError'{0x00000000a59a0300}: 'java.lang.Object java.lang.invoke.DirectMethodHandle$Holder.invokeSpecial(java.lang.Object, java.lang.Object, java.lang.Object, int, java.lang.Object)'> (0x00000000a59a0300) 
thrown [c:\jenkins\workspace\zulu17-build-win64\zulu-src.git\src\hotspot\share\interpreter\linkResolver.cpp, line 766]
Event: 5.125 Thread 0x00000272cbc46340 Exception <a 'java/lang/NoSuchMethodError'{0x00000000a59a8b88}: 'java.lang.Object java.lang.invoke.DirectMethodHandle$Holder.newInvokeSpecial(java.lang.Object, java.lang.Object, java.lang.Object, int, java.lang.Object)'> (0x00000000a59a8b88) 
thrown [c:\jenkins\workspace\zulu17-build-win64\zulu-src.git\src\hotspot\share\interpreter\linkResolver.cpp, line 766]
Event: 5.127 Thread 0x00000272cbc46340 Exception <a 'java/lang/NoSuchMethodError'{0x00000000a59b0558}: 'java.lang.Object java.lang.invoke.Invokers$Holder.linkToTargetMethod(java.lang.Object, java.lang.Object, int, java.lang.Object, java.lang.Object)'> (0x00000000a59b0558) 
thrown [c:\jenkins\workspace\zulu17-build-win64\zulu-src.git\src\hotspot\share\interpreter\linkResolver.cpp, line 766]
Event: 5.133 Thread 0x00000272cbc46340 Exception <a 'java/lang/NoSuchMethodError'{0x00000000a59bf110}: 'java.lang.Object java.lang.invoke.DirectMethodHandle$Holder.newInvokeSpecial(java.lang.Object, int, java.lang.Object)'> (0x00000000a59bf110) 
thrown [c:\jenkins\workspace\zulu17-build-win64\zulu-src.git\src\hotspot\share\interpreter\linkResolver.cpp, line 766]
Event: 5.134 Thread 0x00000272cbc46340 Exception <a 'java/lang/NoSuchMethodError'{0x00000000a59c3be0}: 'int java.lang.invoke.DirectMethodHandle$Holder.invokeSpecialIFC(java.lang.Object, java.lang.Object, java.lang.Object, java.lang.Object)'> (0x00000000a59c3be0) 
thrown [c:\jenkins\workspace\zulu17-build-win64\zulu-src.git\src\hotspot\share\interpreter\linkResolver.cpp, line 766]
Event: 5.215 Thread 0x00000272cbc46340 Exception <a 'java/lang/NoSuchMethodError'{0x00000000a6fdf818}: 'void java.lang.invoke.DirectMethodHandle$Holder.invokeInterface(java.lang.Object, java.lang.Object, java.lang.Object)'> (0x00000000a6fdf818) 
thrown [c:\jenkins\workspace\zulu17-build-win64\zulu-src.git\src\hotspot\share\interpreter\linkResolver.cpp, line 766]
Event: 5.354 Thread 0x00000272cbc46340 Exception <a 'java/lang/NoSuchMethodError'{0x00000000a6ef8f18}: 'void java.lang.invoke.DirectMethodHandle$Holder.invokeStaticInit(java.lang.Object, java.lang.Object, java.lang.Object)'> (0x00000000a6ef8f18) 
thrown [c:\jenkins\workspace\zulu17-build-win64\zulu-src.git\src\hotspot\share\interpreter\linkResolver.cpp, line 766]
Event: 5.388 Thread 0x00000272cbc46340 Exception <a 'java/lang/NoSuchMethodError'{0x00000000a6d40cc0}: 'java.lang.Object java.lang.invoke.DirectMethodHandle$Holder.invokeVirtual(java.lang.Object, java.lang.Object, java.lang.Object)'> (0x00000000a6d40cc0) 
thrown [c:\jenkins\workspace\zulu17-build-win64\zulu-src.git\src\hotspot\share\interpreter\linkResolver.cpp, line 766]
Event: 5.409 Thread 0x00000272cbc46340 Exception <a 'java/lang/NoSuchMethodError'{0x00000000a6d61210}: 'java.lang.Object java.lang.invoke.DirectMethodHandle$Holder.invokeStatic(java.lang.Object, java.lang.Object, long, java.lang.Object)'> (0x00000000a6d61210) 
thrown [c:\jenkins\workspace\zulu17-build-win64\zulu-src.git\src\hotspot\share\interpreter\linkResolver.cpp, line 766]
Event: 5.410 Thread 0x00000272cbc46340 Exception <a 'java/lang/NoSuchMethodError'{0x00000000a6d64ca8}: 'java.lang.Object java.lang.invoke.DirectMethodHandle$Holder.invokeStaticInit(java.lang.Object, java.lang.Object, long, java.lang.Object)'> (0x00000000a6d64ca8) 
thrown [c:\jenkins\workspace\zulu17-build-win64\zulu-src.git\src\hotspot\share\interpreter\linkResolver.cpp, line 766]
Event: 5.412 Thread 0x00000272cbc46340 Exception <a 'java/lang/NoSuchMethodError'{0x00000000a6d6afd8}: 'java.lang.Object java.lang.invoke.DirectMethodHandle$Holder.newInvokeSpecial(java.lang.Object, java.lang.Object, long)'> (0x00000000a6d6afd8) 
thrown [c:\jenkins\workspace\zulu17-build-win64\zulu-src.git\src\hotspot\share\interpreter\linkResolver.cpp, line 766]
Event: 5.414 Thread 0x00000272cbc46340 Exception <a 'java/lang/NoSuchMethodError'{0x00000000a6d6eb48}: 'java.lang.Object java.lang.invoke.Invokers$Holder.linkToTargetMethod(java.lang.Object, long, java.lang.Object)'> (0x00000000a6d6eb48) 
thrown [c:\jenkins\workspace\zulu17-build-win64\zulu-src.git\src\hotspot\share\interpreter\linkResolver.cpp, line 766]
Event: 5.494 Thread 0x00000272cbc46340 Exception <a 'java/lang/NoSuchMethodError'{0x00000000a6dc6110}: 'void java.lang.invoke.DirectMethodHandle$Holder.invokeVirtual(java.lang.Object, java.lang.Object, java.lang.Object, java.lang.Object)'> (0x00000000a6dc6110) 
thrown [c:\jenkins\workspace\zulu17-build-win64\zulu-src.git\src\hotspot\share\interpreter\linkResolver.cpp, line 766]
Event: 5.704 Thread 0x00000272cbc46340 Exception <a 'java/lang/NoSuchMethodError'{0x00000000a6b20040}: 'void java.lang.invoke.DirectMethodHandle$Holder.invokeSpecial(java.lang.Object, java.lang.Object, java.lang.Object)'> (0x00000000a6b20040) 
thrown [c:\jenkins\workspace\zulu17-build-win64\zulu-src.git\src\hotspot\share\interpreter\linkResolver.cpp, line 766]
Event: 5.725 Thread 0x00000272cbc46340 Exception <a 'java/lang/IncompatibleClassChangeError'{0x00000000a6b492d8}: Found class java.lang.Object, but interface was expected> (0x00000000a6b492d8) 
thrown [c:\jenkins\workspace\zulu17-build-win64\zulu-src.git\src\hotspot\share\interpreter\linkResolver.cpp, line 833]
Event: 5.788 Thread 0x00000272cbc46340 Exception <a 'java/lang/NoSuchMethodError'{0x00000000a6bc21c0}: 'java.lang.Object java.lang.invoke.DirectMethodHandle$Holder.invokeStaticInit(java.lang.Object, int)'> (0x00000000a6bc21c0) 
thrown [c:\jenkins\workspace\zulu17-build-win64\zulu-src.git\src\hotspot\share\interpreter\linkResolver.cpp, line 766]

VM Operations (20 events):
Event: 2.805 Executing VM operation: G1CollectForAllocation
Event: 2.828 Executing VM operation: G1CollectForAllocation done
Event: 3.299 Executing VM operation: HandshakeAllThreads
Event: 3.299 Executing VM operation: HandshakeAllThreads done
Event: 3.793 Executing VM operation: HandshakeAllThreads
Event: 3.793 Executing VM operation: HandshakeAllThreads done
Event: 3.862 Executing VM operation: HandshakeAllThreads
Event: 3.863 Executing VM operation: HandshakeAllThreads done
Event: 3.863 Executing VM operation: Cleanup
Event: 3.863 Executing VM operation: Cleanup done
Event: 4.873 Executing VM operation: Cleanup
Event: 4.874 Executing VM operation: Cleanup done
Event: 5.146 Executing VM operation: G1CollectForAllocation
Event: 5.155 Executing VM operation: G1CollectForAllocation done
Event: 5.695 Executing VM operation: HandshakeAllThreads
Event: 5.695 Executing VM operation: HandshakeAllThreads done
Event: 5.696 Executing VM operation: HandshakeAllThreads
Event: 5.696 Executing VM operation: HandshakeAllThreads done
Event: 6.707 Executing VM operation: Cleanup
Event: 6.708 Executing VM operation: Cleanup done

Events (20 events):
Event: 6.643 loading class java/time/chrono/MinguoDate
Event: 6.644 loading class java/lang/annotation/Repeatable
Event: 6.644 loading class java/time/chrono/MinguoDate done
Event: 6.645 loading class java/lang/annotation/Repeatable done
Event: 6.645 loading class java/time/chrono/ThaiBuddhistDate
Event: 6.646 loading class java/time/chrono/ThaiBuddhistDate done
Event: 6.768 loading class jdk/internal/reflect/UnsafeObjectFieldAccessorImpl
Event: 6.769 loading class jdk/internal/reflect/UnsafeObjectFieldAccessorImpl done
Event: 6.776 loading class sun/reflect/generics/tree/BooleanSignature
Event: 6.777 loading class sun/reflect/generics/tree/BooleanSignature done
Event: 6.777 loading class sun/reflect/generics/tree/DoubleSignature
Event: 6.777 loading class sun/reflect/generics/tree/DoubleSignature done
Event: 6.778 loading class sun/reflect/generics/tree/FloatSignature
Event: 6.778 loading class sun/reflect/generics/tree/FloatSignature done
Event: 6.779 loading class sun/reflect/generics/tree/IntSignature
Event: 6.779 loading class sun/reflect/generics/tree/IntSignature done
Event: 6.779 loading class sun/reflect/generics/tree/LongSignature
Event: 6.779 loading class sun/reflect/generics/tree/LongSignature done
Event: 6.780 loading class sun/reflect/generics/tree/ShortSignature
Event: 6.780 loading class sun/reflect/generics/tree/ShortSignature done


Dynamic libraries:
0x00007ff6d4f20000 - 0x00007ff6d4f2e000 	C:\Program Files\Zulu\zulu-17\bin\java.exe
0x00007ffa3a030000 - 0x00007ffa3a246000 	C:\Windows\SYSTEM32\ntdll.dll
0x00007ffa38110000 - 0x00007ffa381d4000 	C:\Windows\System32\KERNEL32.DLL
0x00007ffa377c0000 - 0x00007ffa37b66000 	C:\Windows\System32\KERNELBASE.dll
0x00007ffa376a0000 - 0x00007ffa377b1000 	C:\Windows\System32\ucrtbase.dll
0x00007ffa31aa0000 - 0x00007ffa31abb000 	C:\Program Files\Zulu\zulu-17\bin\VCRUNTIME140.dll
0x00007ffa319c0000 - 0x00007ffa319d8000 	C:\Program Files\Zulu\zulu-17\bin\jli.dll
0x00007ffa39900000 - 0x00007ffa39aad000 	C:\Windows\System32\USER32.dll
0x00007ffa1fbb0000 - 0x00007ffa1fe43000 	C:\Windows\WinSxS\amd64_microsoft.windows.common-controls_6595b64144ccf1df_6.0.22621.3235_none_270f74e173860f98\COMCTL32.dll
0x00007ffa37b70000 - 0x00007ffa37b96000 	C:\Windows\System32\win32u.dll
0x00007ffa38fa0000 - 0x00007ffa39047000 	C:\Windows\System32\msvcrt.dll
0x00007ffa38f10000 - 0x00007ffa38f39000 	C:\Windows\System32\GDI32.dll
0x00007ffa37490000 - 0x00007ffa375a8000 	C:\Windows\System32\gdi32full.dll
0x00007ffa373f0000 - 0x00007ffa3748a000 	C:\Windows\System32\msvcp_win.dll
0x00007ffa37fc0000 - 0x00007ffa37ff1000 	C:\Windows\System32\IMM32.DLL
0x00007ffa37080000 - 0x00007ffa37220000 	C:\Program Files\Avecto\Privilege Guard Client\PGHook.dll
0x00007ffa39580000 - 0x00007ffa39632000 	C:\Windows\System32\ADVAPI32.dll
0x00007ffa39850000 - 0x00007ffa398f8000 	C:\Windows\System32\sechost.dll
0x00007ffa37670000 - 0x00007ffa37698000 	C:\Windows\System32\bcrypt.dll
0x00007ffa392a0000 - 0x00007ffa393b5000 	C:\Windows\System32\RPCRT4.dll
0x00007ffa31f80000 - 0x00007ffa31f8c000 	C:\Program Files\Zulu\zulu-17\bin\vcruntime140_1.dll
0x00007ffa19df0000 - 0x00007ffa19e7d000 	C:\Program Files\Zulu\zulu-17\bin\msvcp140.dll
0x00007ff9aa180000 - 0x00007ff9aade0000 	C:\Program Files\Zulu\zulu-17\bin\server\jvm.dll
0x00007ffa37f20000 - 0x00007ffa37f28000 	C:\Windows\System32\PSAPI.DLL
0x00007ffa17900000 - 0x00007ffa17909000 	C:\Windows\SYSTEM32\WSOCK32.dll
0x00007ffa39050000 - 0x00007ffa390c1000 	C:\Windows\System32\WS2_32.dll
0x00007ffa2ea50000 - 0x00007ffa2ea84000 	C:\Windows\SYSTEM32\WINMM.dll
0x00007ffa2d0b0000 - 0x00007ffa2d0ba000 	C:\Windows\SYSTEM32\VERSION.dll
0x00007ffa360e0000 - 0x00007ffa360f8000 	C:\Windows\SYSTEM32\kernel.appcore.dll
0x00007ffa31a70000 - 0x00007ffa31a7a000 	C:\Program Files\Zulu\zulu-17\bin\jimage.dll
0x00007ffa346a0000 - 0x00007ffa348d3000 	C:\Windows\SYSTEM32\DBGHELP.DLL
0x00007ffa39c50000 - 0x00007ffa39fd8000 	C:\Windows\System32\combase.dll
0x00007ffa38020000 - 0x00007ffa380f7000 	C:\Windows\System32\OLEAUT32.dll
0x00007ffa17850000 - 0x00007ffa17882000 	C:\Windows\SYSTEM32\dbgcore.DLL
0x00007ffa37370000 - 0x00007ffa373ea000 	C:\Windows\System32\bcryptPrimitives.dll
0x00007ffa31990000 - 0x00007ffa3199e000 	C:\Program Files\Zulu\zulu-17\bin\instrument.dll
0x00007ffa1c4c0000 - 0x00007ffa1c4e5000 	C:\Program Files\Zulu\zulu-17\bin\java.dll
0x00007ff9ee8f0000 - 0x00007ff9ee9c7000 	C:\Program Files\Zulu\zulu-17\bin\jsvml.dll
0x00007ffa386b0000 - 0x00007ffa38f0d000 	C:\Windows\System32\SHELL32.dll
0x00007ffa34e10000 - 0x00007ffa35708000 	C:\Windows\SYSTEM32\windows.storage.dll
0x00007ffa34cd0000 - 0x00007ffa34e0e000 	C:\Windows\SYSTEM32\wintypes.dll
0x00007ffa39750000 - 0x00007ffa39843000 	C:\Windows\System32\SHCORE.dll
0x00007ffa393c0000 - 0x00007ffa3941e000 	C:\Windows\System32\shlwapi.dll
0x00007ffa372a0000 - 0x00007ffa372c6000 	C:\Windows\SYSTEM32\profapi.dll
0x00007ffa1f980000 - 0x00007ffa1f998000 	C:\Program Files\Zulu\zulu-17\bin\zip.dll
0x00007ffa318d0000 - 0x00007ffa318e9000 	C:\Program Files\Zulu\zulu-17\bin\net.dll
0x00007ffa36100000 - 0x00007ffa36237000 	C:\Windows\SYSTEM32\WINHTTP.dll
0x00007ffa36690000 - 0x00007ffa366f9000 	C:\Windows\system32\mswsock.dll
0x00007ffa25d40000 - 0x00007ffa25d56000 	C:\Program Files\Zulu\zulu-17\bin\nio.dll
0x00007ffa1c350000 - 0x00007ffa1c36a000 	C:\Program Files\JetBrains\IntelliJ IDEA Community Edition 2023.3\bin\breakgen64.dll
0x00007ffa30de0000 - 0x00007ffa30de9000 	C:\Program Files\Zulu\zulu-17\bin\management.dll
0x00007ffa1c9b0000 - 0x00007ffa1c9bb000 	C:\Program Files\Zulu\zulu-17\bin\management_ext.dll
0x00007ffa35960000 - 0x00007ffa3598d000 	C:\Windows\SYSTEM32\IPHLPAPI.DLL
0x00007ffa39290000 - 0x00007ffa39299000 	C:\Windows\System32\NSI.dll
0x00007ffa2eb50000 - 0x00007ffa2eb69000 	C:\Windows\SYSTEM32\dhcpcsvc6.DLL
0x00007ffa2eae0000 - 0x00007ffa2eaff000 	C:\Windows\SYSTEM32\dhcpcsvc.DLL
0x00007ffa35990000 - 0x00007ffa35a89000 	C:\Windows\SYSTEM32\DNSAPI.dll
0x00007ffa20db0000 - 0x00007ffa20dba000 	C:\Windows\System32\rasadhlp.dll
0x00007ffa2afd0000 - 0x00007ffa2b053000 	C:\Windows\System32\fwpuclnt.dll

dbghelp: loaded successfully - version: 4.0.5 - missing functions: none
symbol engine: initialized successfully - sym options: 0x614 - pdb path: .;C:\Program Files\Zulu\zulu-17\bin;C:\Windows\SYSTEM32;C:\Windows\WinSxS\amd64_microsoft.windows.common-controls_6595b64144ccf1df_6.0.22621.3235_none_270f74e173860f98;C:\Program Files\Avecto\Privilege Guard Client;C:\Program Files\Zulu\zulu-17\bin\server;C:\Program Files\JetBrains\IntelliJ IDEA Community Edition 2023.3\bin

VM Arguments:
jvm_args: -javaagent:C:\Program Files\JetBrains\IntelliJ IDEA Community Edition 2023.3\lib\idea_rt.jar=56635:C:\Program Files\JetBrains\IntelliJ IDEA Community Edition 2023.3\bin -Dfile.encoding=UTF-8 
java_command: com.cognizant.EmiManagementSystemApplication
java_class_path (initial): C:\Users\2317874\Downloads\EmiManagmentSystem\EmiManagmentSystem\target\classes;C:\Users\2317874\.m2\repository\org\springframework\boot\spring-boot-starter\3.2.3\spring-boot-starter-3.2.3.jar;C:\Users\2317874\.m2\repository\org\springframework\boot\spring-boot\3.2.3\spring-boot-3.2.3.jar;C:\Users\2317874\.m2\repository\org\springframework\spring-context\6.1.4\spring-context-6.1.4.jar;C:\Users\2317874\.m2\repository\org\springframework\boot\spring-boot-autoconfigure\3.2.3\spring-boot-autoconfigure-3.2.3.jar;C:\Users\2317874\.m2\repository\org\springframework\boot\spring-boot-starter-logging\3.2.3\spring-boot-starter-logging-3.2.3.jar;C:\Users\2317874\.m2\repository\ch\qos\logback\logback-classic\1.4.14\logback-classic-1.4.14.jar;C:\Users\2317874\.m2\repository\ch\qos\logback\logback-core\1.4.14\logback-core-1.4.14.jar;C:\Users\2317874\.m2\repository\org\apache\logging\log4j\log4j-to-slf4j\2.21.1\log4j-to-slf4j-2.21.1.jar;C:\Users\2317874\.m2\repository\org\apache\logging\log4j\log4j-api\2.21.1\log4j-api-2.21.1.jar;C:\Users\2317874\.m2\repository\org\slf4j\jul-to-slf4j\2.0.12\jul-to-slf4j-2.0.12.jar;C:\Users\2317874\.m2\repository\jakarta\annotation\jakarta.annotation-api\2.1.1\jakarta.annotation-api-2.1.1.jar;C:\Users\2317874\.m2\repository\org\springframework\spring-core\6.1.4\spring-core-6.1.4.jar;C:\Users\2317874\.m2\repository\org\springframework\spring-jcl\6.1.4\spring-jcl-6.1.4.jar;C:\Users\2317874\.m2\repository\org\yaml\snakeyaml\2.2\snakeyaml-2.2.jar;C:\Users\2317874\.m2\repository\org\slf4j\slf4j-api\2.0.12\slf4j-api-2.0.12.jar;C:\Users\2317874\.m2\repository\jakarta\xml\bind\jakarta.xml.bind-api\4.0.1\jakarta.xml.bind-api-4.0.1.jar;C:\Users\2317874\.m2\repository\jakarta\activation\jakarta.activation-api\2.1.2\jakarta.activation-api-2.1.2.jar;C:\Users\2317874\.m2\repository\net\bytebuddy\byte-buddy\1.14.12\byte-buddy-1.14.12.jar;C:\Users\2317874\.m2\repository\org\springframework\boot\spring-boot-starter-data-jpa\3.2.3\spring-
Launcher Type: SUN_STANDARD

[Global flags]
     intx CICompilerCount                          = 4                                         {product} {ergonomic}
     uint ConcGCThreads                            = 2                                         {product} {ergonomic}
     uint G1ConcRefinementThreads                  = 8                                         {product} {ergonomic}
   size_t G1HeapRegionSize                         = 1048576                                   {product} {ergonomic}
    uintx GCDrainStackTargetSize                   = 64                                        {product} {ergonomic}
   size_t InitialHeapSize                          = 100663296                                 {product} {ergonomic}
   size_t MarkStackSize                            = 4194304                                   {product} {ergonomic}
   size_t MaxHeapSize                              = 1593835520                                {product} {ergonomic}
   size_t MaxNewSize                               = 956301312                                 {product} {ergonomic}
   size_t MinHeapDeltaBytes                        = 1048576                                   {product} {ergonomic}
   size_t MinHeapSize                              = 8388608                                   {product} {ergonomic}
    uintx NonNMethodCodeHeapSize                   = 5839372                                {pd product} {ergonomic}
    uintx NonProfiledCodeHeapSize                  = 122909434                              {pd product} {ergonomic}
    uintx ProfiledCodeHeapSize                     = 122909434                              {pd product} {ergonomic}
    uintx ReservedCodeCacheSize                    = 251658240                              {pd product} {ergonomic}
     bool SegmentedCodeCache                       = true                                      {product} {ergonomic}
   size_t SoftMaxHeapSize                          = 1593835520                             {manageable} {ergonomic}
     bool UseCompressedClassPointers               = true                           {product lp64_product} {ergonomic}
     bool UseCompressedOops                        = true                           {product lp64_product} {ergonomic}
     bool UseG1GC                                  = true                                      {product} {ergonomic}
     bool UseLargePagesIndividualAllocation        = false                                  {pd product} {ergonomic}

Logging:
Log output configuration:
 #0: stdout all=warning uptime,level,tags
 #1: stderr all=off uptime,level,tags

Environment Variables:
JAVA_HOME=C:\Program Files\Zulu\zulu-17
PATH=C:\oraclexe\app\oracle\product\11.2.0\server\bin;C:\Program Files (x86)\Common Files\Oracle\Java\javapath;C:\Program Files\Zulu\zulu-17\bin\;C:\Windows\system32;C:\Windows;C:\Windows\System32\Wbem;C:\Windows\System32\WindowsPowerShell\v1.0\;C:\Windows\System32\OpenSSH\;C:\Program Files\Git\cmd;C:\Program Files\nodejs\;C:\Maven\apache-maven-3.9.6\bin;C:\Program Files\MySQL\MySQL Shell 8.0\bin\;C:\Users\2317874\AppData\Local\Microsoft\WindowsApps;;C:\Users\2317874\AppData\Local\Programs\Microsoft VS Code\bin;C:\Users\2317874\AppData\Roaming\npm
USERNAME=2317874
OS=Windows_NT
PROCESSOR_IDENTIFIER=AMD64 Family 23 Model 24 Stepping 1, AuthenticAMD



---------------  S Y S T E M  ---------------

OS:
 Windows 11 , 64 bit Build 22621 (10.0.22621.3235)
OS uptime: 3 days 19:05 hours
Hyper-V role detected

CPU: total 8 (initial active 8) (8 cores per cpu, 2 threads per core) family 23 model 24 stepping 1 microcode 0x0, cx8, cmov, fxsr, ht, mmx, 3dnowpref, sse, sse2, sse3, ssse3, sse4a, sse4.1, sse4.2, popcnt, lzcnt, tsc, tscinvbit, avx, avx2, aes, clmul, bmi1, bmi2, adx, sha, fma, vzeroupper, clflush, clflushopt, hv

Memory: 4k page, system-wide physical 6077M (345M free)
TotalPageFile size 22461M (AvailPageFile size 2M)
current process WorkingSet (physical memory assigned to process): 113M, peak: 113M
current process commit charge ("private bytes"): 215M, peak: 215M

vm_info: OpenJDK 64-Bit Server VM (17.0.2+8-LTS) for windows-amd64 JRE (17.0.2+8-LTS) (Zulu17.32+13-CA), built on Jan  8 2022 13:06:16 by "zulu_re" with MS VC++ 16.10 / 16.11 (VS2019)

END.
