#
# There is insufficient memory for the Java Runtime Environment to continue.
# Native memory allocation (malloc) failed to allocate 365216 bytes for Chunk::new
# Possible reasons:
#   The system is out of physical RAM or swap space
#   The process is running with CompressedOops enabled, and the Java Heap may be blocking the growth of the native heap
# Possible solutions:
#   Reduce memory load on the system
#   Increase physical memory or swap space
#   Check if swap backing store is full
#   Decrease Java heap size (-Xmx/-Xms)
#   Decrease number of Java threads
#   Decrease Java thread stack sizes (-Xss)
#   Set larger code cache with -XX:ReservedCodeCacheSize=
#   JVM is running with Unscaled Compressed Oops mode in which the Java heap is
#     placed in the first 4GB address space. The Java Heap base address is the
#     maximum limit for the native heap growth. Please use -XX:HeapBaseMinAddress
#     to set the Java Heap base and to place the Java Heap above 4GB virtual address.
# This output file may be truncated or incomplete.
#
#  Out of Memory Error (arena.cpp:189), pid=18908, tid=8984
#
# JRE version: OpenJDK Runtime Environment Zulu17.32+13-CA (17.0.2+8) (build 17.0.2+8-LTS)
# Java VM: OpenJDK 64-Bit Server VM Zulu17.32+13-CA (17.0.2+8-LTS, mixed mode, sharing, tiered, compressed oops, compressed class ptrs, g1 gc, windows-amd64)
# No core dump will be written. Minidumps are not enabled by default on client versions of Windows
#

---------------  S U M M A R Y ------------

Command Line: -javaagent:C:\Program Files\JetBrains\IntelliJ IDEA Community Edition 2023.3\lib\idea_rt.jar=61688:C:\Program Files\JetBrains\IntelliJ IDEA Community Edition 2023.3\bin -Dfile.encoding=UTF-8 com.cognizant.EmiManagementSystemApplication

Host: AMD Ryzen 5 PRO 3500U w/ Radeon Vega Mobile Gfx, 8 cores, 5G,  Windows 11 , 64 bit Build 22621 (10.0.22621.3235)
Time: Mon Apr 22 14:03:57 2024 India Standard Time elapsed time: 17.546195 seconds (0d 0h 0m 17s)

---------------  T H R E A D  ---------------

Current thread (0x00000194fecea1b0):  JavaThread "C2 CompilerThread0" daemon [_thread_in_native, id=8984, stack(0x0000001261000000,0x0000001261100000)]


Current CompileTask:
C2:  17546  676       4       java.util.HashMap::put (13 bytes)

Stack: [0x0000001261000000,0x0000001261100000]
Native frames: (J=compiled Java code, j=interpreted, Vv=VM code, C=native code)
V  [jvm.dll+0x6769fa]
V  [jvm.dll+0x831784]
V  [jvm.dll+0x832f2e]
V  [jvm.dll+0x833593]
V  [jvm.dll+0x2455e5]
V  [jvm.dll+0xabf1b]
V  [jvm.dll+0xac4ac]
V  [jvm.dll+0x3635f7]
V  [jvm.dll+0x32dae1]
V  [jvm.dll+0x32cf8a]
V  [jvm.dll+0x218531]
V  [jvm.dll+0x217951]
V  [jvm.dll+0x1a3e2d]
V  [jvm.dll+0x2272d8]
V  [jvm.dll+0x22542c]
V  [jvm.dll+0x7e701c]
V  [jvm.dll+0x7e15ca]
V  [jvm.dll+0x675885]
C  [ucrtbase.dll+0x29363]
C  [KERNEL32.DLL+0x1257d]
C  [ntdll.dll+0x5aa58]


---------------  P R O C E S S  ---------------

Threads class SMR info:
_java_thread_list=0x00000194ffa39270, length=13, elements={
0x00000194f867dde0, 0x00000194fecc5a50, 0x00000194fecc6c90, 0x00000194fecd7a60,
0x00000194fecd8610, 0x00000194fecda5a0, 0x00000194fece5740, 0x00000194fecea1b0,
0x00000194feceb020, 0x00000194fecee1e0, 0x00000194fecade00, 0x0000019496bab1b0,
0x0000019496babe90
}

Java Threads: ( => current thread )
  0x00000194f867dde0 JavaThread "main" [_thread_in_vm, id=27048, stack(0x0000001260300000,0x0000001260400000)]
  0x00000194fecc5a50 JavaThread "Reference Handler" daemon [_thread_blocked, id=1516, stack(0x0000001260a00000,0x0000001260b00000)]
  0x00000194fecc6c90 JavaThread "Finalizer" daemon [_thread_blocked, id=27716, stack(0x0000001260b00000,0x0000001260c00000)]
  0x00000194fecd7a60 JavaThread "Signal Dispatcher" daemon [_thread_blocked, id=14064, stack(0x0000001260c00000,0x0000001260d00000)]
  0x00000194fecd8610 JavaThread "Attach Listener" daemon [_thread_blocked, id=17188, stack(0x0000001260d00000,0x0000001260e00000)]
  0x00000194fecda5a0 JavaThread "Service Thread" daemon [_thread_blocked, id=1052, stack(0x0000001260e00000,0x0000001260f00000)]
  0x00000194fece5740 JavaThread "Monitor Deflation Thread" daemon [_thread_blocked, id=9152, stack(0x0000001260f00000,0x0000001261000000)]
=>0x00000194fecea1b0 JavaThread "C2 CompilerThread0" daemon [_thread_in_native, id=8984, stack(0x0000001261000000,0x0000001261100000)]
  0x00000194feceb020 JavaThread "C1 CompilerThread0" daemon [_thread_blocked, id=9772, stack(0x0000001261100000,0x0000001261200000)]
  0x00000194fecee1e0 JavaThread "Sweeper thread" daemon [_thread_blocked, id=25328, stack(0x0000001261200000,0x0000001261300000)]
  0x00000194fecade00 JavaThread "Common-Cleaner" daemon [_thread_blocked, id=26572, stack(0x0000001261300000,0x0000001261400000)]
  0x0000019496bab1b0 JavaThread "Monitor Ctrl-Break" daemon [_thread_in_native, id=26024, stack(0x0000001261400000,0x0000001261500000)]
  0x0000019496babe90 JavaThread "Notification Thread" daemon [_thread_blocked, id=28792, stack(0x0000001261500000,0x0000001261600000)]

Other Threads:
  0x00000194fecc2a90 VMThread "VM Thread" [stack: 0x0000001260900000,0x0000001260a00000] [id=19432]
  0x00000194f86cba40 WatcherThread [stack: 0x0000001261600000,0x0000001261700000] [id=28520]
  0x00000194f86b3490 GCTaskThread "GC Thread#0" [stack: 0x0000001260400000,0x0000001260500000] [id=27400]
  0x00000194f86c0970 ConcurrentGCThread "G1 Main Marker" [stack: 0x0000001260500000,0x0000001260600000] [id=24352]
  0x00000194f86c1750 ConcurrentGCThread "G1 Conc#0" [stack: 0x0000001260600000,0x0000001260700000] [id=26256]
  0x00000194f8718530 ConcurrentGCThread "G1 Refine#0" [stack: 0x0000001260700000,0x0000001260800000] [id=17088]
  0x00000194feb800a0 ConcurrentGCThread "G1 Service" [stack: 0x0000001260800000,0x0000001260900000] [id=6488]

Threads with active compile tasks:
C2 CompilerThread0    17725  676       4       java.util.HashMap::put (13 bytes)

VM state: not at safepoint (normal execution)

VM Mutex/Monitor currently owned by a thread:  ([mutex/lock_event])
[0x00000194f8678030] Metaspace_lock - owner thread: 0x00000194f867dde0

Heap address: 0x00000000a1000000, size: 1520 MB, Compressed Oops mode: 32-bit

CDS archive(s) mapped at: [0x0000000800000000-0x0000000800bc0000-0x0000000800bc0000), size 12320768, SharedBaseAddress: 0x0000000800000000, ArchiveRelocationMode: 0.
Compressed class space mapped at: 0x0000000800c00000-0x0000000840c00000, reserved size: 1073741824
Narrow klass base: 0x0000000800000000, Narrow klass shift: 0, Narrow klass range: 0x100000000

GC Precious Log:
 CPUs: 8 total, 8 available
 Memory: 6077M
 Large Page Support: Disabled
 NUMA Support: Disabled
 Compressed Oops: Enabled (32-bit)
 Heap Region Size: 1M
 Heap Min Capacity: 8M
 Heap Initial Capacity: 96M
 Heap Max Capacity: 1520M
 Pre-touch: Disabled
 Parallel Workers: 8
 Concurrent Workers: 2
 Concurrent Refinement Workers: 8
 Periodic GC: Disabled

Heap:
 garbage-first heap   total 98304K, used 18432K [0x00000000a1000000, 0x0000000100000000)
  region size 1024K, 17 young (17408K), 0 survivors (0K)
 Metaspace       used 2906K, committed 3072K, reserved 1056768K
  class space    used 277K, committed 384K, reserved 1048576K

Heap Regions: E=young(eden), S=young(survivor), O=old, HS=humongous(starts), HC=humongous(continues), CS=collection set, F=free, OA=open archive, CA=closed archive, TAMS=top-at-mark-start (previous, next)
|   0|0x00000000a1000000, 0x00000000a1100000, 0x00000000a1100000|100%|HS|  |TAMS 0x00000000a1000000, 0x00000000a1000000| Complete 
|   1|0x00000000a1100000, 0x00000000a1200000, 0x00000000a1200000|100%|HS|  |TAMS 0x00000000a1100000, 0x00000000a1100000| Complete 
|   2|0x00000000a1200000, 0x00000000a1300000, 0x00000000a1300000|100%|HS|  |TAMS 0x00000000a1200000, 0x00000000a1200000| Complete 
|   3|0x00000000a1300000, 0x00000000a1300000, 0x00000000a1400000|  0%| F|  |TAMS 0x00000000a1300000, 0x00000000a1300000| Untracked 
|   4|0x00000000a1400000, 0x00000000a1400000, 0x00000000a1500000|  0%| F|  |TAMS 0x00000000a1400000, 0x00000000a1400000| Untracked 
|   5|0x00000000a1500000, 0x00000000a1500000, 0x00000000a1600000|  0%| F|  |TAMS 0x00000000a1500000, 0x00000000a1500000| Untracked 
|   6|0x00000000a1600000, 0x00000000a1600000, 0x00000000a1700000|  0%| F|  |TAMS 0x00000000a1600000, 0x00000000a1600000| Untracked 
|   7|0x00000000a1700000, 0x00000000a1700000, 0x00000000a1800000|  0%| F|  |TAMS 0x00000000a1700000, 0x00000000a1700000| Untracked 
|   8|0x00000000a1800000, 0x00000000a1800000, 0x00000000a1900000|  0%| F|  |TAMS 0x00000000a1800000, 0x00000000a1800000| Untracked 
|   9|0x00000000a1900000, 0x00000000a1900000, 0x00000000a1a00000|  0%| F|  |TAMS 0x00000000a1900000, 0x00000000a1900000| Untracked 
|  10|0x00000000a1a00000, 0x00000000a1a00000, 0x00000000a1b00000|  0%| F|  |TAMS 0x00000000a1a00000, 0x00000000a1a00000| Untracked 
|  11|0x00000000a1b00000, 0x00000000a1b00000, 0x00000000a1c00000|  0%| F|  |TAMS 0x00000000a1b00000, 0x00000000a1b00000| Untracked 
|  12|0x00000000a1c00000, 0x00000000a1c00000, 0x00000000a1d00000|  0%| F|  |TAMS 0x00000000a1c00000, 0x00000000a1c00000| Untracked 
|  13|0x00000000a1d00000, 0x00000000a1d00000, 0x00000000a1e00000|  0%| F|  |TAMS 0x00000000a1d00000, 0x00000000a1d00000| Untracked 
|  14|0x00000000a1e00000, 0x00000000a1e00000, 0x00000000a1f00000|  0%| F|  |TAMS 0x00000000a1e00000, 0x00000000a1e00000| Untracked 
|  15|0x00000000a1f00000, 0x00000000a1f00000, 0x00000000a2000000|  0%| F|  |TAMS 0x00000000a1f00000, 0x00000000a1f00000| Untracked 
|  16|0x00000000a2000000, 0x00000000a2000000, 0x00000000a2100000|  0%| F|  |TAMS 0x00000000a2000000, 0x00000000a2000000| Untracked 
|  17|0x00000000a2100000, 0x00000000a2100000, 0x00000000a2200000|  0%| F|  |TAMS 0x00000000a2100000, 0x00000000a2100000| Untracked 
|  18|0x00000000a2200000, 0x00000000a2200000, 0x00000000a2300000|  0%| F|  |TAMS 0x00000000a2200000, 0x00000000a2200000| Untracked 
|  19|0x00000000a2300000, 0x00000000a2300000, 0x00000000a2400000|  0%| F|  |TAMS 0x00000000a2300000, 0x00000000a2300000| Untracked 
|  20|0x00000000a2400000, 0x00000000a2400000, 0x00000000a2500000|  0%| F|  |TAMS 0x00000000a2400000, 0x00000000a2400000| Untracked 
|  21|0x00000000a2500000, 0x00000000a2500000, 0x00000000a2600000|  0%| F|  |TAMS 0x00000000a2500000, 0x00000000a2500000| Untracked 
|  22|0x00000000a2600000, 0x00000000a2600000, 0x00000000a2700000|  0%| F|  |TAMS 0x00000000a2600000, 0x00000000a2600000| Untracked 
|  23|0x00000000a2700000, 0x00000000a2700000, 0x00000000a2800000|  0%| F|  |TAMS 0x00000000a2700000, 0x00000000a2700000| Untracked 
|  24|0x00000000a2800000, 0x00000000a2800000, 0x00000000a2900000|  0%| F|  |TAMS 0x00000000a2800000, 0x00000000a2800000| Untracked 
|  25|0x00000000a2900000, 0x00000000a2900000, 0x00000000a2a00000|  0%| F|  |TAMS 0x00000000a2900000, 0x00000000a2900000| Untracked 
|  26|0x00000000a2a00000, 0x00000000a2a00000, 0x00000000a2b00000|  0%| F|  |TAMS 0x00000000a2a00000, 0x00000000a2a00000| Untracked 
|  27|0x00000000a2b00000, 0x00000000a2b00000, 0x00000000a2c00000|  0%| F|  |TAMS 0x00000000a2b00000, 0x00000000a2b00000| Untracked 
|  28|0x00000000a2c00000, 0x00000000a2c00000, 0x00000000a2d00000|  0%| F|  |TAMS 0x00000000a2c00000, 0x00000000a2c00000| Untracked 
|  29|0x00000000a2d00000, 0x00000000a2d00000, 0x00000000a2e00000|  0%| F|  |TAMS 0x00000000a2d00000, 0x00000000a2d00000| Untracked 
|  30|0x00000000a2e00000, 0x00000000a2e00000, 0x00000000a2f00000|  0%| F|  |TAMS 0x00000000a2e00000, 0x00000000a2e00000| Untracked 
|  31|0x00000000a2f00000, 0x00000000a2f00000, 0x00000000a3000000|  0%| F|  |TAMS 0x00000000a2f00000, 0x00000000a2f00000| Untracked 
|  32|0x00000000a3000000, 0x00000000a3000000, 0x00000000a3100000|  0%| F|  |TAMS 0x00000000a3000000, 0x00000000a3000000| Untracked 
|  33|0x00000000a3100000, 0x00000000a3100000, 0x00000000a3200000|  0%| F|  |TAMS 0x00000000a3100000, 0x00000000a3100000| Untracked 
|  34|0x00000000a3200000, 0x00000000a3200000, 0x00000000a3300000|  0%| F|  |TAMS 0x00000000a3200000, 0x00000000a3200000| Untracked 
|  35|0x00000000a3300000, 0x00000000a3300000, 0x00000000a3400000|  0%| F|  |TAMS 0x00000000a3300000, 0x00000000a3300000| Untracked 
|  36|0x00000000a3400000, 0x00000000a3400000, 0x00000000a3500000|  0%| F|  |TAMS 0x00000000a3400000, 0x00000000a3400000| Untracked 
|  37|0x00000000a3500000, 0x00000000a3500000, 0x00000000a3600000|  0%| F|  |TAMS 0x00000000a3500000, 0x00000000a3500000| Untracked 
|  38|0x00000000a3600000, 0x00000000a3600000, 0x00000000a3700000|  0%| F|  |TAMS 0x00000000a3600000, 0x00000000a3600000| Untracked 
|  39|0x00000000a3700000, 0x00000000a3700000, 0x00000000a3800000|  0%| F|  |TAMS 0x00000000a3700000, 0x00000000a3700000| Untracked 
|  40|0x00000000a3800000, 0x00000000a3800000, 0x00000000a3900000|  0%| F|  |TAMS 0x00000000a3800000, 0x00000000a3800000| Untracked 
|  41|0x00000000a3900000, 0x00000000a3900000, 0x00000000a3a00000|  0%| F|  |TAMS 0x00000000a3900000, 0x00000000a3900000| Untracked 
|  42|0x00000000a3a00000, 0x00000000a3a00000, 0x00000000a3b00000|  0%| F|  |TAMS 0x00000000a3a00000, 0x00000000a3a00000| Untracked 
|  43|0x00000000a3b00000, 0x00000000a3b00000, 0x00000000a3c00000|  0%| F|  |TAMS 0x00000000a3b00000, 0x00000000a3b00000| Untracked 
|  44|0x00000000a3c00000, 0x00000000a3c00000, 0x00000000a3d00000|  0%| F|  |TAMS 0x00000000a3c00000, 0x00000000a3c00000| Untracked 
|  45|0x00000000a3d00000, 0x00000000a3d00000, 0x00000000a3e00000|  0%| F|  |TAMS 0x00000000a3d00000, 0x00000000a3d00000| Untracked 
|  46|0x00000000a3e00000, 0x00000000a3e00000, 0x00000000a3f00000|  0%| F|  |TAMS 0x00000000a3e00000, 0x00000000a3e00000| Untracked 
|  47|0x00000000a3f00000, 0x00000000a3f00000, 0x00000000a4000000|  0%| F|  |TAMS 0x00000000a3f00000, 0x00000000a3f00000| Untracked 
|  48|0x00000000a4000000, 0x00000000a4000000, 0x00000000a4100000|  0%| F|  |TAMS 0x00000000a4000000, 0x00000000a4000000| Untracked 
|  49|0x00000000a4100000, 0x00000000a4100000, 0x00000000a4200000|  0%| F|  |TAMS 0x00000000a4100000, 0x00000000a4100000| Untracked 
|  50|0x00000000a4200000, 0x00000000a4200000, 0x00000000a4300000|  0%| F|  |TAMS 0x00000000a4200000, 0x00000000a4200000| Untracked 
|  51|0x00000000a4300000, 0x00000000a4300000, 0x00000000a4400000|  0%| F|  |TAMS 0x00000000a4300000, 0x00000000a4300000| Untracked 
|  52|0x00000000a4400000, 0x00000000a4400000, 0x00000000a4500000|  0%| F|  |TAMS 0x00000000a4400000, 0x00000000a4400000| Untracked 
|  53|0x00000000a4500000, 0x00000000a4500000, 0x00000000a4600000|  0%| F|  |TAMS 0x00000000a4500000, 0x00000000a4500000| Untracked 
|  54|0x00000000a4600000, 0x00000000a4600000, 0x00000000a4700000|  0%| F|  |TAMS 0x00000000a4600000, 0x00000000a4600000| Untracked 
|  55|0x00000000a4700000, 0x00000000a4700000, 0x00000000a4800000|  0%| F|  |TAMS 0x00000000a4700000, 0x00000000a4700000| Untracked 
|  56|0x00000000a4800000, 0x00000000a4800000, 0x00000000a4900000|  0%| F|  |TAMS 0x00000000a4800000, 0x00000000a4800000| Untracked 
|  57|0x00000000a4900000, 0x00000000a4900000, 0x00000000a4a00000|  0%| F|  |TAMS 0x00000000a4900000, 0x00000000a4900000| Untracked 
|  58|0x00000000a4a00000, 0x00000000a4a00000, 0x00000000a4b00000|  0%| F|  |TAMS 0x00000000a4a00000, 0x00000000a4a00000| Untracked 
|  59|0x00000000a4b00000, 0x00000000a4b00000, 0x00000000a4c00000|  0%| F|  |TAMS 0x00000000a4b00000, 0x00000000a4b00000| Untracked 
|  60|0x00000000a4c00000, 0x00000000a4c00000, 0x00000000a4d00000|  0%| F|  |TAMS 0x00000000a4c00000, 0x00000000a4c00000| Untracked 
|  61|0x00000000a4d00000, 0x00000000a4d00000, 0x00000000a4e00000|  0%| F|  |TAMS 0x00000000a4d00000, 0x00000000a4d00000| Untracked 
|  62|0x00000000a4e00000, 0x00000000a4e00000, 0x00000000a4f00000|  0%| F|  |TAMS 0x00000000a4e00000, 0x00000000a4e00000| Untracked 
|  63|0x00000000a4f00000, 0x00000000a4f00000, 0x00000000a5000000|  0%| F|  |TAMS 0x00000000a4f00000, 0x00000000a4f00000| Untracked 
|  64|0x00000000a5000000, 0x00000000a5000000, 0x00000000a5100000|  0%| F|  |TAMS 0x00000000a5000000, 0x00000000a5000000| Untracked 
|  65|0x00000000a5100000, 0x00000000a5100000, 0x00000000a5200000|  0%| F|  |TAMS 0x00000000a5100000, 0x00000000a5100000| Untracked 
|  66|0x00000000a5200000, 0x00000000a5200000, 0x00000000a5300000|  0%| F|  |TAMS 0x00000000a5200000, 0x00000000a5200000| Untracked 
|  67|0x00000000a5300000, 0x00000000a5300000, 0x00000000a5400000|  0%| F|  |TAMS 0x00000000a5300000, 0x00000000a5300000| Untracked 
|  68|0x00000000a5400000, 0x00000000a5400000, 0x00000000a5500000|  0%| F|  |TAMS 0x00000000a5400000, 0x00000000a5400000| Untracked 
|  69|0x00000000a5500000, 0x00000000a5500000, 0x00000000a5600000|  0%| F|  |TAMS 0x00000000a5500000, 0x00000000a5500000| Untracked 
|  70|0x00000000a5600000, 0x00000000a5600000, 0x00000000a5700000|  0%| F|  |TAMS 0x00000000a5600000, 0x00000000a5600000| Untracked 
|  71|0x00000000a5700000, 0x00000000a5700000, 0x00000000a5800000|  0%| F|  |TAMS 0x00000000a5700000, 0x00000000a5700000| Untracked 
|  72|0x00000000a5800000, 0x00000000a5800000, 0x00000000a5900000|  0%| F|  |TAMS 0x00000000a5800000, 0x00000000a5800000| Untracked 
|  73|0x00000000a5900000, 0x00000000a5900000, 0x00000000a5a00000|  0%| F|  |TAMS 0x00000000a5900000, 0x00000000a5900000| Untracked 
|  74|0x00000000a5a00000, 0x00000000a5a00000, 0x00000000a5b00000|  0%| F|  |TAMS 0x00000000a5a00000, 0x00000000a5a00000| Untracked 
|  75|0x00000000a5b00000, 0x00000000a5b00000, 0x00000000a5c00000|  0%| F|  |TAMS 0x00000000a5b00000, 0x00000000a5b00000| Untracked 
|  76|0x00000000a5c00000, 0x00000000a5c00000, 0x00000000a5d00000|  0%| F|  |TAMS 0x00000000a5c00000, 0x00000000a5c00000| Untracked 
|  77|0x00000000a5d00000, 0x00000000a5d00000, 0x00000000a5e00000|  0%| F|  |TAMS 0x00000000a5d00000, 0x00000000a5d00000| Untracked 
|  78|0x00000000a5e00000, 0x00000000a5e00000, 0x00000000a5f00000|  0%| F|  |TAMS 0x00000000a5e00000, 0x00000000a5e00000| Untracked 
|  79|0x00000000a5f00000, 0x00000000a5f79098, 0x00000000a6000000| 47%| E|  |TAMS 0x00000000a5f00000, 0x00000000a5f00000| Complete 
|  80|0x00000000a6000000, 0x00000000a6100000, 0x00000000a6100000|100%| E|CS|TAMS 0x00000000a6000000, 0x00000000a6000000| Complete 
|  81|0x00000000a6100000, 0x00000000a6200000, 0x00000000a6200000|100%| E|CS|TAMS 0x00000000a6100000, 0x00000000a6100000| Complete 
|  82|0x00000000a6200000, 0x00000000a6300000, 0x00000000a6300000|100%| E|CS|TAMS 0x00000000a6200000, 0x00000000a6200000| Complete 
|  83|0x00000000a6300000, 0x00000000a6400000, 0x00000000a6400000|100%| E|CS|TAMS 0x00000000a6300000, 0x00000000a6300000| Complete 
|  84|0x00000000a6400000, 0x00000000a6500000, 0x00000000a6500000|100%| E|CS|TAMS 0x00000000a6400000, 0x00000000a6400000| Complete 
|  85|0x00000000a6500000, 0x00000000a6600000, 0x00000000a6600000|100%| E|CS|TAMS 0x00000000a6500000, 0x00000000a6500000| Complete 
|  86|0x00000000a6600000, 0x00000000a6700000, 0x00000000a6700000|100%| E|CS|TAMS 0x00000000a6600000, 0x00000000a6600000| Complete 
|  87|0x00000000a6700000, 0x00000000a6800000, 0x00000000a6800000|100%| E|CS|TAMS 0x00000000a6700000, 0x00000000a6700000| Complete 
|  88|0x00000000a6800000, 0x00000000a6900000, 0x00000000a6900000|100%| E|CS|TAMS 0x00000000a6800000, 0x00000000a6800000| Complete 
|  89|0x00000000a6900000, 0x00000000a6a00000, 0x00000000a6a00000|100%| E|CS|TAMS 0x00000000a6900000, 0x00000000a6900000| Complete 
|  90|0x00000000a6a00000, 0x00000000a6b00000, 0x00000000a6b00000|100%| E|  |TAMS 0x00000000a6a00000, 0x00000000a6a00000| Complete 
|  91|0x00000000a6b00000, 0x00000000a6c00000, 0x00000000a6c00000|100%| E|CS|TAMS 0x00000000a6b00000, 0x00000000a6b00000| Complete 
|  92|0x00000000a6c00000, 0x00000000a6d00000, 0x00000000a6d00000|100%| E|CS|TAMS 0x00000000a6c00000, 0x00000000a6c00000| Complete 
|  93|0x00000000a6d00000, 0x00000000a6e00000, 0x00000000a6e00000|100%| E|CS|TAMS 0x00000000a6d00000, 0x00000000a6d00000| Complete 
|  94|0x00000000a6e00000, 0x00000000a6f00000, 0x00000000a6f00000|100%| E|CS|TAMS 0x00000000a6e00000, 0x00000000a6e00000| Complete 
|  95|0x00000000a6f00000, 0x00000000a7000000, 0x00000000a7000000|100%| E|CS|TAMS 0x00000000a6f00000, 0x00000000a6f00000| Complete 

Card table byte_map: [0x00000194f8d60000,0x00000194f9060000] _byte_map_base: 0x00000194f8858000

Marking Bits (Prev, Next): (CMBitMap*) 0x00000194f86b3aa0, (CMBitMap*) 0x00000194f86b3ae0
 Prev Bits: [0x00000194f9360000, 0x00000194fab20000)
 Next Bits: [0x00000194fab20000, 0x00000194fc2e0000)

Polling page: 0x00000194f7e20000

Metaspace:

Usage:
  Non-class:      2.57 MB used.
      Class:    277.18 KB used.
       Both:      2.84 MB used.

Virtual space:
  Non-class space:        8.00 MB reserved,       2.62 MB ( 33%) committed,  1 nodes.
      Class space:        1.00 GB reserved,     384.00 KB ( <1%) committed,  1 nodes.
             Both:        1.01 GB reserved,       3.00 MB ( <1%) committed. 

Chunk freelists:
   Non-Class:  3.11 MB
       Class:  3.61 MB
        Both:  6.72 MB

MaxMetaspaceSize: unlimited
CompressedClassSpaceSize: 1.00 GB
Initial GC threshold: 21.00 MB
Current GC threshold: 21.00 MB
CDS: on
MetaspaceReclaimPolicy: balanced
 - commit_granule_bytes: 65536.
 - commit_granule_words: 8192.
 - virtual_space_node_default_size: 1048576.
 - enlarge_chunks_in_place: 1.
 - new_chunks_are_fully_committed: 0.
 - uncommit_free_chunks: 1.
 - use_allocation_guard: 0.
 - handle_deallocations: 1.


Internal statistics:

num_allocs_failed_limit: 0.
num_arena_births: 54.
num_arena_deaths: 0.
num_vsnodes_births: 2.
num_vsnodes_deaths: 0.
num_space_committed: 48.
num_space_uncommitted: 0.
num_chunks_returned_to_freelist: 0.
num_chunks_taken_from_freelist: 108.
num_chunk_merges: 0.
num_chunk_splits: 71.
num_chunks_enlarged: 49.
num_purges: 0.
num_inconsistent_stats: 0.

CodeHeap 'non-profiled nmethods': size=120000Kb used=236Kb max_used=236Kb free=119764Kb
 bounds [0x000001948f4d0000, 0x000001948f740000, 0x0000019496a00000]
CodeHeap 'profiled nmethods': size=120000Kb used=1299Kb max_used=1299Kb free=118700Kb
 bounds [0x0000019487fa0000, 0x0000019488210000, 0x000001948f4d0000]
CodeHeap 'non-nmethods': size=5760Kb used=1142Kb max_used=1154Kb free=4617Kb
 bounds [0x0000019487a00000, 0x0000019487c70000, 0x0000019487fa0000]
 total_blobs=1144 nmethods=715 adapters=342
 compilation: enabled
              stopped_count=0, restarted_count=0
 full_count=0

Compilation events (20 events):
Event: 17.492 Thread 0x00000194feceb020 nmethod 687 0x00000194880cbe10 code [0x00000194880cbfa0, 0x00000194880cc158]
Event: 17.494 Thread 0x00000194fecea1b0 nmethod 683 0x000001948f50a190 code [0x000001948f50a320, 0x000001948f50a4e8]
Event: 17.494 Thread 0x00000194fecea1b0  676       4       java.util.HashMap::put (13 bytes)
Event: 17.494 Thread 0x00000194feceb020  688       3       java.util.ArrayList$Itr::hasNext (20 bytes)
Event: 17.494 Thread 0x00000194feceb020 nmethod 688 0x00000194880cc210 code [0x00000194880cc3a0, 0x00000194880cc518]
Event: 17.495 Thread 0x00000194feceb020  689       3       java.lang.ref.SoftReference::get (29 bytes)
Event: 17.495 Thread 0x00000194feceb020 nmethod 689 0x00000194880cc610 code [0x00000194880cc7a0, 0x00000194880cc978]
Event: 17.497 Thread 0x00000194feceb020  691       3       java.lang.Number::<init> (5 bytes)
Event: 17.497 Thread 0x00000194feceb020 nmethod 691 0x00000194880cca10 code [0x00000194880ccba0, 0x00000194880cccf8]
Event: 17.497 Thread 0x00000194feceb020  692       3       java.lang.reflect.Modifier::isPublic (12 bytes)
Event: 17.498 Thread 0x00000194feceb020 nmethod 692 0x00000194880ccd90 code [0x00000194880ccf20, 0x00000194880cd078]
Event: 17.533 Thread 0x00000194feceb020  693       3       java.nio.Buffer::hasRemaining (17 bytes)
Event: 17.534 Thread 0x00000194feceb020 nmethod 693 0x00000194880cd110 code [0x00000194880cd2a0, 0x00000194880cd418]
Event: 17.534 Thread 0x00000194feceb020  694       3       java.lang.StringBuilder::<init> (6 bytes)
Event: 17.535 Thread 0x00000194feceb020 nmethod 694 0x00000194880cd490 code [0x00000194880cd620, 0x00000194880cd768]
Event: 17.535 Thread 0x00000194feceb020  695       3       java.lang.String::getChars (54 bytes)
Event: 17.536 Thread 0x00000194feceb020 nmethod 695 0x00000194880cd810 code [0x00000194880cda00, 0x00000194880cde78]
Event: 17.537 Thread 0x00000194feceb020  696       3       java.lang.StringLatin1::getChars (12 bytes)
Event: 17.537 Thread 0x00000194feceb020 nmethod 696 0x00000194880ce090 code [0x00000194880ce220, 0x00000194880ce348]
Event: 17.539 Thread 0x00000194feceb020  697       3       java.lang.StringConcatHelper::newString (67 bytes)

GC Heap History (0 events):
No events

Deoptimization events (20 events):
Event: 1.282 Thread 0x00000194f867dde0 DEOPT PACKING pc=0x0000019487ff38b4 sp=0x00000012603fdd50
Event: 1.282 Thread 0x00000194f867dde0 DEOPT UNPACKING pc=0x0000019487a52b43 sp=0x00000012603fd200 mode 0
Event: 1.337 Thread 0x00000194f867dde0 DEOPT PACKING pc=0x0000019487ffb734 sp=0x00000012603fdf40
Event: 1.337 Thread 0x00000194f867dde0 DEOPT UNPACKING pc=0x0000019487a52b43 sp=0x00000012603fd3b0 mode 0
Event: 1.615 Thread 0x00000194f867dde0 Uncommon trap: trap_request=0xffffff45 fr.pc=0x000001948f4e3218 relative=0x0000000000000178
Event: 1.615 Thread 0x00000194f867dde0 Uncommon trap: reason=unstable_if action=reinterpret pc=0x000001948f4e3218 method=java.util.zip.ZipFile$Source.isMetaName([BII)Z @ 57 c2
Event: 1.615 Thread 0x00000194f867dde0 DEOPT PACKING pc=0x000001948f4e3218 sp=0x00000012603fdca0
Event: 1.615 Thread 0x00000194f867dde0 DEOPT UNPACKING pc=0x0000019487a523a3 sp=0x00000012603fdc30 mode 2
Event: 1.641 Thread 0x00000194f867dde0 Uncommon trap: trap_request=0xffffff45 fr.pc=0x000001948f4d12f4 relative=0x0000000000000074
Event: 1.641 Thread 0x00000194f867dde0 Uncommon trap: reason=unstable_if action=reinterpret pc=0x000001948f4d12f4 method=java.lang.String.isLatin1()Z @ 10 c2
Event: 1.641 Thread 0x00000194f867dde0 DEOPT PACKING pc=0x000001948f4d12f4 sp=0x00000012603feba0
Event: 1.641 Thread 0x00000194f867dde0 DEOPT UNPACKING pc=0x0000019487a523a3 sp=0x00000012603feae0 mode 2
Event: 1.872 Thread 0x00000194f867dde0 DEOPT PACKING pc=0x0000019487fae665 sp=0x00000012603fc110
Event: 1.872 Thread 0x00000194f867dde0 DEOPT UNPACKING pc=0x0000019487a52b43 sp=0x00000012603fb560 mode 0
Event: 1.921 Thread 0x00000194f867dde0 Uncommon trap: trap_request=0xffffff45 fr.pc=0x000001948f4f7238 relative=0x0000000000000218
Event: 1.921 Thread 0x00000194f867dde0 Uncommon trap: reason=unstable_if action=reinterpret pc=0x000001948f4f7238 method=java.lang.String.startsWith(Ljava/lang/String;I)Z @ 14 c2
Event: 1.921 Thread 0x00000194f867dde0 DEOPT PACKING pc=0x000001948f4f7238 sp=0x00000012603fbfb0
Event: 1.921 Thread 0x00000194f867dde0 DEOPT UNPACKING pc=0x0000019487a523a3 sp=0x00000012603fbf10 mode 2
Event: 1.932 Thread 0x00000194f867dde0 DEOPT PACKING pc=0x0000019487fac2be sp=0x00000012603fc400
Event: 1.932 Thread 0x00000194f867dde0 DEOPT UNPACKING pc=0x0000019487a52b43 sp=0x00000012603fb8a0 mode 0

Classes unloaded (0 events):
No events

Classes redefined (0 events):
No events

Internal exceptions (6 events):
Event: 1.650 Thread 0x0000019496bab1b0 Exception <a 'java/lang/NoSuchMethodError'{0x00000000a64046b8}: 'java.lang.Object java.lang.invoke.DirectMethodHandle$Holder.invokeStaticInit(java.lang.Object)'> (0x00000000a64046b8) 
thrown [c:\jenkins\workspace\zulu17-build-win64\zulu-src.git\src\hotspot\share\interpreter\linkResolver.cpp, line 766]
Event: 1.675 Thread 0x0000019496bab1b0 Exception <a 'java/lang/NoSuchMethodError'{0x00000000a64123f0}: 'void java.lang.invoke.DirectMethodHandle$Holder.invokeStatic(java.lang.Object, java.lang.Object)'> (0x00000000a64123f0) 
thrown [c:\jenkins\workspace\zulu17-build-win64\zulu-src.git\src\hotspot\share\interpreter\linkResolver.cpp, line 766]
Event: 1.925 Thread 0x00000194f867dde0 Exception <a 'java/lang/ClassNotFoundException'{0x00000000a62357f8}: javax/smartcardio/CardPermission> (0x00000000a62357f8) 
thrown [c:\jenkins\workspace\zulu17-build-win64\zulu-src.git\src\hotspot\share\classfile\systemDictionary.cpp, line 256]
Event: 1.996 Thread 0x00000194f867dde0 Exception <a 'java/io/FileNotFoundException'{0x00000000a6243cf8}> (0x00000000a6243cf8) 
thrown [c:\jenkins\workspace\zulu17-build-win64\zulu-src.git\src\hotspot\share\prims\jni.cpp, line 516]
Event: 2.073 Thread 0x00000194f867dde0 Exception <a 'java/lang/NoSuchMethodError'{0x00000000a62c0ba0}: 'java.lang.Object java.lang.invoke.DirectMethodHandle$Holder.invokeSpecial(java.lang.Object, java.lang.Object, java.lang.Object, long, java.lang.Object)'> (0x00000000a62c0ba0) 
thrown [c:\jenkins\workspace\zulu17-build-win64\zulu-src.git\src\hotspot\share\interpreter\linkResolver.cpp, line 766]
Event: 2.074 Thread 0x00000194f867dde0 Exception <a 'java/lang/NoSuchMethodError'{0x00000000a62c4770}: 'java.lang.Object java.lang.invoke.Invokers$Holder.linkToTargetMethod(java.lang.Object, long, java.lang.Object, java.lang.Object)'> (0x00000000a62c4770) 
thrown [c:\jenkins\workspace\zulu17-build-win64\zulu-src.git\src\hotspot\share\interpreter\linkResolver.cpp, line 766]

VM Operations (14 events):
Event: 0.587 Executing VM operation: HandshakeAllThreads
Event: 0.587 Executing VM operation: HandshakeAllThreads done
Event: 1.588 Executing VM operation: Cleanup
Event: 1.589 Executing VM operation: Cleanup done
Event: 1.646 Executing VM operation: HandshakeAllThreads
Event: 1.646 Executing VM operation: HandshakeAllThreads done
Event: 1.693 Executing VM operation: HandshakeAllThreads
Event: 1.693 Executing VM operation: HandshakeAllThreads done
Event: 1.772 Executing VM operation: HandshakeAllThreads
Event: 1.772 Executing VM operation: HandshakeAllThreads done
Event: 1.804 Executing VM operation: HandshakeAllThreads
Event: 1.804 Executing VM operation: HandshakeAllThreads done
Event: 2.816 Executing VM operation: Cleanup
Event: 2.816 Executing VM operation: Cleanup done

Events (20 events):
Event: 17.482 loading class java/time/zone/ZoneOffsetTransition
Event: 17.482 loading class java/time/zone/ZoneOffsetTransition done
Event: 17.482 loading class sun/util/resources/cldr/TimeZoneNames
Event: 17.483 loading class sun/util/resources/TimeZoneNamesBundle
Event: 17.483 loading class sun/util/resources/OpenListResourceBundle
Event: 17.483 loading class sun/util/resources/OpenListResourceBundle done
Event: 17.483 loading class sun/util/resources/TimeZoneNamesBundle done
Event: 17.483 loading class sun/util/resources/cldr/TimeZoneNames done
Event: 17.484 loading class sun/util/resources/cldr/TimeZoneNames_en
Event: 17.485 loading class sun/util/resources/cldr/TimeZoneNames_en done
Event: 17.486 loading class sun/util/resources/cldr/TimeZoneNames_en_US
Event: 17.486 loading class sun/util/resources/cldr/TimeZoneNames_en_US done
Event: 17.489 loading class sun/util/resources/TimeZoneNames
Event: 17.490 loading class sun/util/resources/TimeZoneNames done
Event: 17.491 loading class sun/util/resources/TimeZoneNames_en
Event: 17.491 loading class sun/util/resources/TimeZoneNames_en done
Event: 17.500 loading class java/util/concurrent/atomic/AtomicReference
Event: 17.501 loading class java/util/concurrent/atomic/AtomicReference done
Event: 17.518 loading class java/lang/NumberFormatException
Event: 17.518 loading class java/lang/NumberFormatException done


Dynamic libraries:
0x00007ff755170000 - 0x00007ff75517e000 	C:\Program Files\Zulu\zulu-17\bin\java.exe
0x00007ff8b7ed0000 - 0x00007ff8b80e6000 	C:\Windows\SYSTEM32\ntdll.dll
0x00007ff8b7220000 - 0x00007ff8b72e4000 	C:\Windows\System32\KERNEL32.DLL
0x00007ff8b5210000 - 0x00007ff8b55b6000 	C:\Windows\System32\KERNELBASE.dll
0x00007ff8b5960000 - 0x00007ff8b5a71000 	C:\Windows\System32\ucrtbase.dll
0x00007ff8afeb0000 - 0x00007ff8afecb000 	C:\Program Files\Zulu\zulu-17\bin\VCRUNTIME140.dll
0x00007ff8afe90000 - 0x00007ff8afea8000 	C:\Program Files\Zulu\zulu-17\bin\jli.dll
0x00007ff8b6960000 - 0x00007ff8b6b0d000 	C:\Windows\System32\USER32.dll
0x00007ff89e620000 - 0x00007ff89e8b3000 	C:\Windows\WinSxS\amd64_microsoft.windows.common-controls_6595b64144ccf1df_6.0.22621.3235_none_270f74e173860f98\COMCTL32.dll
0x00007ff8b55c0000 - 0x00007ff8b55e6000 	C:\Windows\System32\win32u.dll
0x00007ff8b5cb0000 - 0x00007ff8b5d57000 	C:\Windows\System32\msvcrt.dll
0x00007ff8b7410000 - 0x00007ff8b7439000 	C:\Windows\System32\GDI32.dll
0x00007ff8b5a80000 - 0x00007ff8b5b98000 	C:\Windows\System32\gdi32full.dll
0x00007ff8b5890000 - 0x00007ff8b592a000 	C:\Windows\System32\msvcp_win.dll
0x00007ff8b5f20000 - 0x00007ff8b5f51000 	C:\Windows\System32\IMM32.DLL
0x00007ff8b4f20000 - 0x00007ff8b50c0000 	C:\Program Files\Avecto\Privilege Guard Client\PGHook.dll
0x00007ff8b7a90000 - 0x00007ff8b7b42000 	C:\Windows\System32\ADVAPI32.dll
0x00007ff8b7de0000 - 0x00007ff8b7e88000 	C:\Windows\System32\sechost.dll
0x00007ff8b5930000 - 0x00007ff8b5958000 	C:\Windows\System32\bcrypt.dll
0x00007ff8b7c60000 - 0x00007ff8b7d75000 	C:\Windows\System32\RPCRT4.dll
0x00007ff8afe40000 - 0x00007ff8afe4c000 	C:\Program Files\Zulu\zulu-17\bin\vcruntime140_1.dll
0x00007ff87f940000 - 0x00007ff87f9cd000 	C:\Program Files\Zulu\zulu-17\bin\msvcp140.dll
0x00007ff809150000 - 0x00007ff809db0000 	C:\Program Files\Zulu\zulu-17\bin\server\jvm.dll
0x00007ff8b7c50000 - 0x00007ff8b7c58000 	C:\Windows\System32\PSAPI.DLL
0x00007ff895510000 - 0x00007ff895519000 	C:\Windows\SYSTEM32\WSOCK32.dll
0x00007ff8b5ea0000 - 0x00007ff8b5f11000 	C:\Windows\System32\WS2_32.dll
0x00007ff8ab890000 - 0x00007ff8ab8c4000 	C:\Windows\SYSTEM32\WINMM.dll
0x00007ff8aafc0000 - 0x00007ff8aafca000 	C:\Windows\SYSTEM32\VERSION.dll
0x00007ff8b3f80000 - 0x00007ff8b3f98000 	C:\Windows\SYSTEM32\kernel.appcore.dll
0x00007ff8afe30000 - 0x00007ff8afe3a000 	C:\Program Files\Zulu\zulu-17\bin\jimage.dll
0x00007ff8b26a0000 - 0x00007ff8b28d3000 	C:\Windows\SYSTEM32\DBGHELP.DLL
0x00007ff8b7700000 - 0x00007ff8b7a88000 	C:\Windows\System32\combase.dll
0x00007ff8b5dc0000 - 0x00007ff8b5e97000 	C:\Windows\System32\OLEAUT32.dll
0x00007ff8955d0000 - 0x00007ff895602000 	C:\Windows\SYSTEM32\dbgcore.DLL
0x00007ff8b5ba0000 - 0x00007ff8b5c1a000 	C:\Windows\System32\bcryptPrimitives.dll
0x00007ff8af8f0000 - 0x00007ff8af8fe000 	C:\Program Files\Zulu\zulu-17\bin\instrument.dll
0x00007ff8ace50000 - 0x00007ff8ace75000 	C:\Program Files\Zulu\zulu-17\bin\java.dll
0x00007ff865760000 - 0x00007ff865837000 	C:\Program Files\Zulu\zulu-17\bin\jsvml.dll
0x00007ff8b5f60000 - 0x00007ff8b67bd000 	C:\Windows\System32\SHELL32.dll
0x00007ff8b2cb0000 - 0x00007ff8b35a8000 	C:\Windows\SYSTEM32\windows.storage.dll
0x00007ff8b2b70000 - 0x00007ff8b2cae000 	C:\Windows\SYSTEM32\wintypes.dll
0x00007ff8b7b50000 - 0x00007ff8b7c43000 	C:\Windows\System32\SHCORE.dll
0x00007ff8b5d60000 - 0x00007ff8b5dbe000 	C:\Windows\System32\shlwapi.dll
0x00007ff8b5140000 - 0x00007ff8b5166000 	C:\Windows\SYSTEM32\profapi.dll
0x00007ff8993a0000 - 0x00007ff8993b8000 	C:\Program Files\Zulu\zulu-17\bin\zip.dll
0x00007ff8af7d0000 - 0x00007ff8af7e9000 	C:\Program Files\Zulu\zulu-17\bin\net.dll
0x00007ff8b3fa0000 - 0x00007ff8b40d7000 	C:\Windows\SYSTEM32\WINHTTP.dll
0x00007ff8b4530000 - 0x00007ff8b4599000 	C:\Windows\system32\mswsock.dll
0x00007ff8af600000 - 0x00007ff8af616000 	C:\Program Files\Zulu\zulu-17\bin\nio.dll
0x00007ff8af5e0000 - 0x00007ff8af5fa000 	C:\Program Files\JetBrains\IntelliJ IDEA Community Edition 2023.3\bin\breakgen64.dll

dbghelp: loaded successfully - version: 4.0.5 - missing functions: none
symbol engine: initialized successfully - sym options: 0x614 - pdb path: .;C:\Program Files\Zulu\zulu-17\bin;C:\Windows\SYSTEM32;C:\Windows\WinSxS\amd64_microsoft.windows.common-controls_6595b64144ccf1df_6.0.22621.3235_none_270f74e173860f98;C:\Program Files\Avecto\Privilege Guard Client;C:\Program Files\Zulu\zulu-17\bin\server;C:\Program Files\JetBrains\IntelliJ IDEA Community Edition 2023.3\bin

VM Arguments:
jvm_args: -javaagent:C:\Program Files\JetBrains\IntelliJ IDEA Community Edition 2023.3\lib\idea_rt.jar=61688:C:\Program Files\JetBrains\IntelliJ IDEA Community Edition 2023.3\bin -Dfile.encoding=UTF-8 
java_command: com.cognizant.EmiManagementSystemApplication
java_class_path (initial): C:\Users\2317874\Downloads\EmiManagmentSystem\EmiManagmentSystem\target\classes;C:\Users\2317874\.m2\repository\org\springframework\boot\spring-boot-starter\3.2.3\spring-boot-starter-3.2.3.jar;C:\Users\2317874\.m2\repository\org\springframework\boot\spring-boot\3.2.3\spring-boot-3.2.3.jar;C:\Users\2317874\.m2\repository\org\springframework\spring-context\6.1.4\spring-context-6.1.4.jar;C:\Users\2317874\.m2\repository\org\springframework\boot\spring-boot-autoconfigure\3.2.3\spring-boot-autoconfigure-3.2.3.jar;C:\Users\2317874\.m2\repository\org\springframework\boot\spring-boot-starter-logging\3.2.3\spring-boot-starter-logging-3.2.3.jar;C:\Users\2317874\.m2\repository\ch\qos\logback\logback-classic\1.4.14\logback-classic-1.4.14.jar;C:\Users\2317874\.m2\repository\ch\qos\logback\logback-core\1.4.14\logback-core-1.4.14.jar;C:\Users\2317874\.m2\repository\org\apache\logging\log4j\log4j-to-slf4j\2.21.1\log4j-to-slf4j-2.21.1.jar;C:\Users\2317874\.m2\repository\org\apache\logging\log4j\log4j-api\2.21.1\log4j-api-2.21.1.jar;C:\Users\2317874\.m2\repository\org\slf4j\jul-to-slf4j\2.0.12\jul-to-slf4j-2.0.12.jar;C:\Users\2317874\.m2\repository\jakarta\annotation\jakarta.annotation-api\2.1.1\jakarta.annotation-api-2.1.1.jar;C:\Users\2317874\.m2\repository\org\springframework\spring-core\6.1.4\spring-core-6.1.4.jar;C:\Users\2317874\.m2\repository\org\springframework\spring-jcl\6.1.4\spring-jcl-6.1.4.jar;C:\Users\2317874\.m2\repository\org\yaml\snakeyaml\2.2\snakeyaml-2.2.jar;C:\Users\2317874\.m2\repository\org\slf4j\slf4j-api\2.0.12\slf4j-api-2.0.12.jar;C:\Users\2317874\.m2\repository\jakarta\xml\bind\jakarta.xml.bind-api\4.0.1\jakarta.xml.bind-api-4.0.1.jar;C:\Users\2317874\.m2\repository\jakarta\activation\jakarta.activation-api\2.1.2\jakarta.activation-api-2.1.2.jar;C:\Users\2317874\.m2\repository\net\bytebuddy\byte-buddy\1.14.12\byte-buddy-1.14.12.jar;C:\Users\2317874\.m2\repository\org\springframework\boot\spring-boot-starter-data-jpa\3.2.3\spring-
Launcher Type: SUN_STANDARD

[Global flags]
     intx CICompilerCount                          = 4                                         {product} {ergonomic}
     uint ConcGCThreads                            = 2                                         {product} {ergonomic}
     uint G1ConcRefinementThreads                  = 8                                         {product} {ergonomic}
   size_t G1HeapRegionSize                         = 1048576                                   {product} {ergonomic}
    uintx GCDrainStackTargetSize                   = 64                                        {product} {ergonomic}
   size_t InitialHeapSize                          = 100663296                                 {product} {ergonomic}
   size_t MarkStackSize                            = 4194304                                   {product} {ergonomic}
   size_t MaxHeapSize                              = 1593835520                                {product} {ergonomic}
   size_t MaxNewSize                               = 956301312                                 {product} {ergonomic}
   size_t MinHeapDeltaBytes                        = 1048576                                   {product} {ergonomic}
   size_t MinHeapSize                              = 8388608                                   {product} {ergonomic}
    uintx NonNMethodCodeHeapSize                   = 5839372                                {pd product} {ergonomic}
    uintx NonProfiledCodeHeapSize                  = 122909434                              {pd product} {ergonomic}
    uintx ProfiledCodeHeapSize                     = 122909434                              {pd product} {ergonomic}
    uintx ReservedCodeCacheSize                    = 251658240                              {pd product} {ergonomic}
     bool SegmentedCodeCache                       = true                                      {product} {ergonomic}
   size_t SoftMaxHeapSize                          = 1593835520                             {manageable} {ergonomic}
     bool UseCompressedClassPointers               = true                           {product lp64_product} {ergonomic}
     bool UseCompressedOops                        = true                           {product lp64_product} {ergonomic}
     bool UseG1GC                                  = true                                      {product} {ergonomic}
     bool UseLargePagesIndividualAllocation        = false                                  {pd product} {ergonomic}

Logging:
Log output configuration:
 #0: stdout all=warning uptime,level,tags
 #1: stderr all=off uptime,level,tags

Environment Variables:
JAVA_HOME=C:\Program Files\Zulu\zulu-17
PATH=C:\oraclexe\app\oracle\product\11.2.0\server\bin;C:\Program Files (x86)\Common Files\Oracle\Java\javapath;C:\Program Files\Zulu\zulu-17\bin\;C:\Windows\system32;C:\Windows;C:\Windows\System32\Wbem;C:\Windows\System32\WindowsPowerShell\v1.0\;C:\Windows\System32\OpenSSH\;C:\Program Files\Git\cmd;C:\Program Files\nodejs\;C:\Maven\apache-maven-3.9.6\bin;C:\Program Files\MySQL\MySQL Shell 8.0\bin\;C:\Users\2317874\AppData\Local\Microsoft\WindowsApps;;C:\Users\2317874\AppData\Local\Programs\Microsoft VS Code\bin;C:\Users\2317874\AppData\Roaming\npm
USERNAME=2317874
OS=Windows_NT
PROCESSOR_IDENTIFIER=AMD64 Family 23 Model 24 Stepping 1, AuthenticAMD



---------------  S Y S T E M  ---------------

OS:
 Windows 11 , 64 bit Build 22621 (10.0.22621.3235)
OS uptime: 1 days 18:26 hours
Hyper-V role detected

CPU: total 8 (initial active 8) (8 cores per cpu, 2 threads per core) family 23 model 24 stepping 1 microcode 0x0, cx8, cmov, fxsr, ht, mmx, 3dnowpref, sse, sse2, sse3, ssse3, sse4a, sse4.1, sse4.2, popcnt, lzcnt, tsc, tscinvbit, avx, avx2, aes, clmul, bmi1, bmi2, adx, sha, fma, vzeroupper, clflush, clflushopt, hv

Memory: 4k page, system-wide physical 6077M (224M free)
TotalPageFile size 22461M (AvailPageFile size 0M)
current process WorkingSet (physical memory assigned to process): 324M, peak: 324M
current process commit charge ("private bytes"): 190M, peak: 190M

vm_info: OpenJDK 64-Bit Server VM (17.0.2+8-LTS) for windows-amd64 JRE (17.0.2+8-LTS) (Zulu17.32+13-CA), built on Jan  8 2022 13:06:16 by "zulu_re" with MS VC++ 16.10 / 16.11 (VS2019)

END.
