#
# There is insufficient memory for the Java Runtime Environment to continue.
# Native memory allocation (malloc) failed to allocate 995376 bytes for Chunk::new
# Possible reasons:
#   The system is out of physical RAM or swap space
#   The process is running with CompressedOops enabled, and the Java Heap may be blocking the growth of the native heap
# Possible solutions:
#   Reduce memory load on the system
#   Increase physical memory or swap space
#   Check if swap backing store is full
#   Decrease Java heap size (-Xmx/-Xms)
#   Decrease number of Java threads
#   Decrease Java thread stack sizes (-Xss)
#   Set larger code cache with -XX:ReservedCodeCacheSize=
#   JVM is running with Unscaled Compressed Oops mode in which the Java heap is
#     placed in the first 4GB address space. The Java Heap base address is the
#     maximum limit for the native heap growth. Please use -XX:HeapBaseMinAddress
#     to set the Java Heap base and to place the Java Heap above 4GB virtual address.
# This output file may be truncated or incomplete.
#
#  Out of Memory Error (arena.cpp:189), pid=22360, tid=19428
#
# JRE version: OpenJDK Runtime Environment Zulu17.32+13-CA (17.0.2+8) (build 17.0.2+8-LTS)
# Java VM: OpenJDK 64-Bit Server VM Zulu17.32+13-CA (17.0.2+8-LTS, mixed mode, sharing, tiered, compressed oops, compressed class ptrs, g1 gc, windows-amd64)
# No core dump will be written. Minidumps are not enabled by default on client versions of Windows
#

---------------  S U M M A R Y ------------

Command Line: -javaagent:C:\\Users\\2317874\\.m2\\repository\\org\\jacoco\\org.jacoco.agent\\0.8.7\\org.jacoco.agent-0.8.7-runtime.jar=destfile=C:\\Users\\2317874\\Downloads\\EmiManagmentSystem\\EmiManagmentSystem\\target\\jacoco.exec C:\Users\2317874\AppData\Local\Temp\surefire11697977055467083884\surefirebooter-20240319121547172_3.jar C:\Users\2317874\AppData\Local\Temp\surefire11697977055467083884 2024-03-19T12-15-45_446-jvmRun1 surefire-20240319121547172_1tmp surefire_0-20240319121547172_2tmp

Host: AMD Ryzen 5 PRO 3500U w/ Radeon Vega Mobile Gfx, 8 cores, 5G,  Windows 11 , 64 bit Build 22621 (10.0.22621.2506)
Time: Tue Mar 19 12:16:25 2024 India Standard Time elapsed time: 3.778016 seconds (0d 0h 0m 3s)

---------------  T H R E A D  ---------------

Current thread (0x0000024a755d9b00):  JavaThread "C2 CompilerThread0" daemon [_thread_in_native, id=19428, stack(0x0000005c59b00000,0x0000005c59c00000)]


Current CompileTask:
C2:   3778  958       4       org.jacoco.agent.rt.internal_3570298.asm.commons.AnalyzerAdapter::execute (2009 bytes)

Stack: [0x0000005c59b00000,0x0000005c59c00000]
Native frames: (J=compiled Java code, j=interpreted, Vv=VM code, C=native code)
V  [jvm.dll+0x6769fa]
V  [jvm.dll+0x831784]
V  [jvm.dll+0x832f2e]
V  [jvm.dll+0x833593]
V  [jvm.dll+0x2455e5]
V  [jvm.dll+0xabf1b]
V  [jvm.dll+0xac4ac]
V  [jvm.dll+0x2ac7ef]
V  [jvm.dll+0x57d909]
V  [jvm.dll+0x2206dd]
V  [jvm.dll+0x220abf]
V  [jvm.dll+0x21a385]
V  [jvm.dll+0x21784b]
V  [jvm.dll+0x1a3e2d]
V  [jvm.dll+0x2272d8]
V  [jvm.dll+0x22542c]
V  [jvm.dll+0x7e701c]
V  [jvm.dll+0x7e15ca]
V  [jvm.dll+0x675885]
C  [ucrtbase.dll+0x29363]
C  [KERNEL32.DLL+0x1257d]
C  [ntdll.dll+0x5aa58]


---------------  P R O C E S S  ---------------

Threads class SMR info:
_java_thread_list=0x0000024a76aa18e0, length=14, elements={
0x0000024a58576fe0, 0x0000024a755ba0d0, 0x0000024a755bab50, 0x0000024a755cf050,
0x0000024a755d0630, 0x0000024a755d0d00, 0x0000024a755d9300, 0x0000024a755d9b00,
0x0000024a755da4d0, 0x0000024a755dc9f0, 0x0000024a755a4ce0, 0x0000024a765c73f0,
0x0000024a769e2e60, 0x0000024a769f98d0
}

Java Threads: ( => current thread )
  0x0000024a58576fe0 JavaThread "main" [_thread_in_vm, id=16344, stack(0x0000005c58e00000,0x0000005c58f00000)]
  0x0000024a755ba0d0 JavaThread "Reference Handler" daemon [_thread_blocked, id=2440, stack(0x0000005c59500000,0x0000005c59600000)]
  0x0000024a755bab50 JavaThread "Finalizer" daemon [_thread_blocked, id=17820, stack(0x0000005c59600000,0x0000005c59700000)]
  0x0000024a755cf050 JavaThread "Signal Dispatcher" daemon [_thread_blocked, id=25184, stack(0x0000005c59700000,0x0000005c59800000)]
  0x0000024a755d0630 JavaThread "Attach Listener" daemon [_thread_blocked, id=24664, stack(0x0000005c59800000,0x0000005c59900000)]
  0x0000024a755d0d00 JavaThread "Service Thread" daemon [_thread_blocked, id=1896, stack(0x0000005c59900000,0x0000005c59a00000)]
  0x0000024a755d9300 JavaThread "Monitor Deflation Thread" daemon [_thread_blocked, id=25532, stack(0x0000005c59a00000,0x0000005c59b00000)]
=>0x0000024a755d9b00 JavaThread "C2 CompilerThread0" daemon [_thread_in_native, id=19428, stack(0x0000005c59b00000,0x0000005c59c00000)]
  0x0000024a755da4d0 JavaThread "C1 CompilerThread0" daemon [_thread_blocked, id=23348, stack(0x0000005c59c00000,0x0000005c59d00000)]
  0x0000024a755dc9f0 JavaThread "Sweeper thread" daemon [_thread_blocked, id=24960, stack(0x0000005c59d00000,0x0000005c59e00000)]
  0x0000024a755a4ce0 JavaThread "Common-Cleaner" daemon [_thread_blocked, id=14304, stack(0x0000005c59e00000,0x0000005c59f00000)]
  0x0000024a765c73f0 JavaThread "Notification Thread" daemon [_thread_blocked, id=14016, stack(0x0000005c59f00000,0x0000005c5a000000)]
  0x0000024a769e2e60 JavaThread "surefire-forkedjvm-stream-flusher" daemon [_thread_blocked, id=28656, stack(0x0000005c5a100000,0x0000005c5a200000)]
  0x0000024a769f98d0 JavaThread "surefire-forkedjvm-command-thread" daemon [_thread_in_native, id=26572, stack(0x0000005c5a200000,0x0000005c5a300000)]

Other Threads:
  0x0000024a755b84f0 VMThread "VM Thread" [stack: 0x0000005c59400000,0x0000005c59500000] [id=21940]
  0x0000024a765c78c0 WatcherThread [stack: 0x0000005c5a000000,0x0000005c5a100000] [id=13628]
  0x0000024a564fe710 GCTaskThread "GC Thread#0" [stack: 0x0000005c58f00000,0x0000005c59000000] [id=6616]
  0x0000024a769fa300 GCTaskThread "GC Thread#1" [stack: 0x0000005c5a300000,0x0000005c5a400000] [id=16432]
  0x0000024a77032c60 GCTaskThread "GC Thread#2" [stack: 0x0000005c5a400000,0x0000005c5a500000] [id=26540]
  0x0000024a76a8ab20 GCTaskThread "GC Thread#3" [stack: 0x0000005c5a500000,0x0000005c5a600000] [id=18496]
  0x0000024a585b4bd0 ConcurrentGCThread "G1 Main Marker" [stack: 0x0000005c59000000,0x0000005c59100000] [id=19932]
  0x0000024a585b59b0 ConcurrentGCThread "G1 Conc#0" [stack: 0x0000005c59100000,0x0000005c59200000] [id=26168]
  0x0000024a5862c330 ConcurrentGCThread "G1 Refine#0" [stack: 0x0000005c59200000,0x0000005c59300000] [id=22568]
  0x0000024a5862c960 ConcurrentGCThread "G1 Service" [stack: 0x0000005c59300000,0x0000005c59400000] [id=12388]

Threads with active compile tasks:
C2 CompilerThread0     4015  958       4       org.jacoco.agent.rt.internal_3570298.asm.commons.AnalyzerAdapter::execute (2009 bytes)

VM state: not at safepoint (normal execution)

VM Mutex/Monitor currently owned by a thread: None

Heap address: 0x00000000a1000000, size: 1520 MB, Compressed Oops mode: 32-bit

CDS archive(s) mapped at: [0x0000000800000000-0x0000000800bc0000-0x0000000800bc0000), size 12320768, SharedBaseAddress: 0x0000000800000000, ArchiveRelocationMode: 0.
Compressed class space mapped at: 0x0000000800c00000-0x0000000840c00000, reserved size: 1073741824
Narrow klass base: 0x0000000800000000, Narrow klass shift: 0, Narrow klass range: 0x100000000

GC Precious Log:
 CPUs: 8 total, 8 available
 Memory: 6077M
 Large Page Support: Disabled
 NUMA Support: Disabled
 Compressed Oops: Enabled (32-bit)
 Heap Region Size: 1M
 Heap Min Capacity: 8M
 Heap Initial Capacity: 96M
 Heap Max Capacity: 1520M
 Pre-touch: Disabled
 Parallel Workers: 8
 Concurrent Workers: 2
 Concurrent Refinement Workers: 8
 Periodic GC: Disabled

Heap:
 garbage-first heap   total 98304K, used 12208K [0x00000000a1000000, 0x0000000100000000)
  region size 1024K, 9 young (9216K), 3 survivors (3072K)
 Metaspace       used 3598K, committed 3840K, reserved 1056768K
  class space    used 334K, committed 448K, reserved 1048576K

Heap Regions: E=young(eden), S=young(survivor), O=old, HS=humongous(starts), HC=humongous(continues), CS=collection set, F=free, OA=open archive, CA=closed archive, TAMS=top-at-mark-start (previous, next)
|   0|0x00000000a1000000, 0x00000000a1100000, 0x00000000a1100000|100%|HS|  |TAMS 0x00000000a1000000, 0x00000000a1000000| Complete 
|   1|0x00000000a1100000, 0x00000000a1200000, 0x00000000a1200000|100%| O|  |TAMS 0x00000000a1100000, 0x00000000a1100000| Untracked 
|   2|0x00000000a1200000, 0x00000000a1300000, 0x00000000a1300000|100%| O|  |TAMS 0x00000000a1200000, 0x00000000a1200000| Untracked 
|   3|0x00000000a1300000, 0x00000000a13ec200, 0x00000000a1400000| 92%| O|  |TAMS 0x00000000a1300000, 0x00000000a1300000| Untracked 
|   4|0x00000000a1400000, 0x00000000a1400000, 0x00000000a1500000|  0%| F|  |TAMS 0x00000000a1400000, 0x00000000a1400000| Untracked 
|   5|0x00000000a1500000, 0x00000000a1500000, 0x00000000a1600000|  0%| F|  |TAMS 0x00000000a1500000, 0x00000000a1500000| Untracked 
|   6|0x00000000a1600000, 0x00000000a1600000, 0x00000000a1700000|  0%| F|  |TAMS 0x00000000a1600000, 0x00000000a1600000| Untracked 
|   7|0x00000000a1700000, 0x00000000a1700000, 0x00000000a1800000|  0%| F|  |TAMS 0x00000000a1700000, 0x00000000a1700000| Untracked 
|   8|0x00000000a1800000, 0x00000000a1800000, 0x00000000a1900000|  0%| F|  |TAMS 0x00000000a1800000, 0x00000000a1800000| Untracked 
|   9|0x00000000a1900000, 0x00000000a1900000, 0x00000000a1a00000|  0%| F|  |TAMS 0x00000000a1900000, 0x00000000a1900000| Untracked 
|  10|0x00000000a1a00000, 0x00000000a1a00000, 0x00000000a1b00000|  0%| F|  |TAMS 0x00000000a1a00000, 0x00000000a1a00000| Untracked 
|  11|0x00000000a1b00000, 0x00000000a1b00000, 0x00000000a1c00000|  0%| F|  |TAMS 0x00000000a1b00000, 0x00000000a1b00000| Untracked 
|  12|0x00000000a1c00000, 0x00000000a1c00000, 0x00000000a1d00000|  0%| F|  |TAMS 0x00000000a1c00000, 0x00000000a1c00000| Untracked 
|  13|0x00000000a1d00000, 0x00000000a1d00000, 0x00000000a1e00000|  0%| F|  |TAMS 0x00000000a1d00000, 0x00000000a1d00000| Untracked 
|  14|0x00000000a1e00000, 0x00000000a1e00000, 0x00000000a1f00000|  0%| F|  |TAMS 0x00000000a1e00000, 0x00000000a1e00000| Untracked 
|  15|0x00000000a1f00000, 0x00000000a1f00000, 0x00000000a2000000|  0%| F|  |TAMS 0x00000000a1f00000, 0x00000000a1f00000| Untracked 
|  16|0x00000000a2000000, 0x00000000a2000000, 0x00000000a2100000|  0%| F|  |TAMS 0x00000000a2000000, 0x00000000a2000000| Untracked 
|  17|0x00000000a2100000, 0x00000000a2100000, 0x00000000a2200000|  0%| F|  |TAMS 0x00000000a2100000, 0x00000000a2100000| Untracked 
|  18|0x00000000a2200000, 0x00000000a2200000, 0x00000000a2300000|  0%| F|  |TAMS 0x00000000a2200000, 0x00000000a2200000| Untracked 
|  19|0x00000000a2300000, 0x00000000a2300000, 0x00000000a2400000|  0%| F|  |TAMS 0x00000000a2300000, 0x00000000a2300000| Untracked 
|  20|0x00000000a2400000, 0x00000000a2400000, 0x00000000a2500000|  0%| F|  |TAMS 0x00000000a2400000, 0x00000000a2400000| Untracked 
|  21|0x00000000a2500000, 0x00000000a2500000, 0x00000000a2600000|  0%| F|  |TAMS 0x00000000a2500000, 0x00000000a2500000| Untracked 
|  22|0x00000000a2600000, 0x00000000a2600000, 0x00000000a2700000|  0%| F|  |TAMS 0x00000000a2600000, 0x00000000a2600000| Untracked 
|  23|0x00000000a2700000, 0x00000000a2700000, 0x00000000a2800000|  0%| F|  |TAMS 0x00000000a2700000, 0x00000000a2700000| Untracked 
|  24|0x00000000a2800000, 0x00000000a2800000, 0x00000000a2900000|  0%| F|  |TAMS 0x00000000a2800000, 0x00000000a2800000| Untracked 
|  25|0x00000000a2900000, 0x00000000a2900000, 0x00000000a2a00000|  0%| F|  |TAMS 0x00000000a2900000, 0x00000000a2900000| Untracked 
|  26|0x00000000a2a00000, 0x00000000a2a00000, 0x00000000a2b00000|  0%| F|  |TAMS 0x00000000a2a00000, 0x00000000a2a00000| Untracked 
|  27|0x00000000a2b00000, 0x00000000a2b00000, 0x00000000a2c00000|  0%| F|  |TAMS 0x00000000a2b00000, 0x00000000a2b00000| Untracked 
|  28|0x00000000a2c00000, 0x00000000a2c00000, 0x00000000a2d00000|  0%| F|  |TAMS 0x00000000a2c00000, 0x00000000a2c00000| Untracked 
|  29|0x00000000a2d00000, 0x00000000a2d00000, 0x00000000a2e00000|  0%| F|  |TAMS 0x00000000a2d00000, 0x00000000a2d00000| Untracked 
|  30|0x00000000a2e00000, 0x00000000a2e00000, 0x00000000a2f00000|  0%| F|  |TAMS 0x00000000a2e00000, 0x00000000a2e00000| Untracked 
|  31|0x00000000a2f00000, 0x00000000a2f00000, 0x00000000a3000000|  0%| F|  |TAMS 0x00000000a2f00000, 0x00000000a2f00000| Untracked 
|  32|0x00000000a3000000, 0x00000000a3000000, 0x00000000a3100000|  0%| F|  |TAMS 0x00000000a3000000, 0x00000000a3000000| Untracked 
|  33|0x00000000a3100000, 0x00000000a3100000, 0x00000000a3200000|  0%| F|  |TAMS 0x00000000a3100000, 0x00000000a3100000| Untracked 
|  34|0x00000000a3200000, 0x00000000a3200000, 0x00000000a3300000|  0%| F|  |TAMS 0x00000000a3200000, 0x00000000a3200000| Untracked 
|  35|0x00000000a3300000, 0x00000000a3300000, 0x00000000a3400000|  0%| F|  |TAMS 0x00000000a3300000, 0x00000000a3300000| Untracked 
|  36|0x00000000a3400000, 0x00000000a3400000, 0x00000000a3500000|  0%| F|  |TAMS 0x00000000a3400000, 0x00000000a3400000| Untracked 
|  37|0x00000000a3500000, 0x00000000a3500000, 0x00000000a3600000|  0%| F|  |TAMS 0x00000000a3500000, 0x00000000a3500000| Untracked 
|  38|0x00000000a3600000, 0x00000000a3600000, 0x00000000a3700000|  0%| F|  |TAMS 0x00000000a3600000, 0x00000000a3600000| Untracked 
|  39|0x00000000a3700000, 0x00000000a3700000, 0x00000000a3800000|  0%| F|  |TAMS 0x00000000a3700000, 0x00000000a3700000| Untracked 
|  40|0x00000000a3800000, 0x00000000a3800000, 0x00000000a3900000|  0%| F|  |TAMS 0x00000000a3800000, 0x00000000a3800000| Untracked 
|  41|0x00000000a3900000, 0x00000000a3900000, 0x00000000a3a00000|  0%| F|  |TAMS 0x00000000a3900000, 0x00000000a3900000| Untracked 
|  42|0x00000000a3a00000, 0x00000000a3a00000, 0x00000000a3b00000|  0%| F|  |TAMS 0x00000000a3a00000, 0x00000000a3a00000| Untracked 
|  43|0x00000000a3b00000, 0x00000000a3b00000, 0x00000000a3c00000|  0%| F|  |TAMS 0x00000000a3b00000, 0x00000000a3b00000| Untracked 
|  44|0x00000000a3c00000, 0x00000000a3c00000, 0x00000000a3d00000|  0%| F|  |TAMS 0x00000000a3c00000, 0x00000000a3c00000| Untracked 
|  45|0x00000000a3d00000, 0x00000000a3d00000, 0x00000000a3e00000|  0%| F|  |TAMS 0x00000000a3d00000, 0x00000000a3d00000| Untracked 
|  46|0x00000000a3e00000, 0x00000000a3e00000, 0x00000000a3f00000|  0%| F|  |TAMS 0x00000000a3e00000, 0x00000000a3e00000| Untracked 
|  47|0x00000000a3f00000, 0x00000000a3f00000, 0x00000000a4000000|  0%| F|  |TAMS 0x00000000a3f00000, 0x00000000a3f00000| Untracked 
|  48|0x00000000a4000000, 0x00000000a4000000, 0x00000000a4100000|  0%| F|  |TAMS 0x00000000a4000000, 0x00000000a4000000| Untracked 
|  49|0x00000000a4100000, 0x00000000a4100000, 0x00000000a4200000|  0%| F|  |TAMS 0x00000000a4100000, 0x00000000a4100000| Untracked 
|  50|0x00000000a4200000, 0x00000000a4200000, 0x00000000a4300000|  0%| F|  |TAMS 0x00000000a4200000, 0x00000000a4200000| Untracked 
|  51|0x00000000a4300000, 0x00000000a4300000, 0x00000000a4400000|  0%| F|  |TAMS 0x00000000a4300000, 0x00000000a4300000| Untracked 
|  52|0x00000000a4400000, 0x00000000a4400000, 0x00000000a4500000|  0%| F|  |TAMS 0x00000000a4400000, 0x00000000a4400000| Untracked 
|  53|0x00000000a4500000, 0x00000000a4500000, 0x00000000a4600000|  0%| F|  |TAMS 0x00000000a4500000, 0x00000000a4500000| Untracked 
|  54|0x00000000a4600000, 0x00000000a4600000, 0x00000000a4700000|  0%| F|  |TAMS 0x00000000a4600000, 0x00000000a4600000| Untracked 
|  55|0x00000000a4700000, 0x00000000a4700000, 0x00000000a4800000|  0%| F|  |TAMS 0x00000000a4700000, 0x00000000a4700000| Untracked 
|  56|0x00000000a4800000, 0x00000000a4800000, 0x00000000a4900000|  0%| F|  |TAMS 0x00000000a4800000, 0x00000000a4800000| Untracked 
|  57|0x00000000a4900000, 0x00000000a4900000, 0x00000000a4a00000|  0%| F|  |TAMS 0x00000000a4900000, 0x00000000a4900000| Untracked 
|  58|0x00000000a4a00000, 0x00000000a4a00000, 0x00000000a4b00000|  0%| F|  |TAMS 0x00000000a4a00000, 0x00000000a4a00000| Untracked 
|  59|0x00000000a4b00000, 0x00000000a4b00000, 0x00000000a4c00000|  0%| F|  |TAMS 0x00000000a4b00000, 0x00000000a4b00000| Untracked 
|  60|0x00000000a4c00000, 0x00000000a4c00000, 0x00000000a4d00000|  0%| F|  |TAMS 0x00000000a4c00000, 0x00000000a4c00000| Untracked 
|  61|0x00000000a4d00000, 0x00000000a4d00000, 0x00000000a4e00000|  0%| F|  |TAMS 0x00000000a4d00000, 0x00000000a4d00000| Untracked 
|  62|0x00000000a4e00000, 0x00000000a4e00000, 0x00000000a4f00000|  0%| F|  |TAMS 0x00000000a4e00000, 0x00000000a4e00000| Untracked 
|  63|0x00000000a4f00000, 0x00000000a4f00000, 0x00000000a5000000|  0%| F|  |TAMS 0x00000000a4f00000, 0x00000000a4f00000| Untracked 
|  64|0x00000000a5000000, 0x00000000a5000000, 0x00000000a5100000|  0%| F|  |TAMS 0x00000000a5000000, 0x00000000a5000000| Untracked 
|  65|0x00000000a5100000, 0x00000000a5100000, 0x00000000a5200000|  0%| F|  |TAMS 0x00000000a5100000, 0x00000000a5100000| Untracked 
|  66|0x00000000a5200000, 0x00000000a5200000, 0x00000000a5300000|  0%| F|  |TAMS 0x00000000a5200000, 0x00000000a5200000| Untracked 
|  67|0x00000000a5300000, 0x00000000a5300000, 0x00000000a5400000|  0%| F|  |TAMS 0x00000000a5300000, 0x00000000a5300000| Untracked 
|  68|0x00000000a5400000, 0x00000000a5400000, 0x00000000a5500000|  0%| F|  |TAMS 0x00000000a5400000, 0x00000000a5400000| Untracked 
|  69|0x00000000a5500000, 0x00000000a5500000, 0x00000000a5600000|  0%| F|  |TAMS 0x00000000a5500000, 0x00000000a5500000| Untracked 
|  70|0x00000000a5600000, 0x00000000a5700000, 0x00000000a5700000|100%| S|CS|TAMS 0x00000000a5600000, 0x00000000a5600000| Complete 
|  71|0x00000000a5700000, 0x00000000a5800000, 0x00000000a5800000|100%| S|CS|TAMS 0x00000000a5700000, 0x00000000a5700000| Complete 
|  72|0x00000000a5800000, 0x00000000a5900000, 0x00000000a5900000|100%| S|CS|TAMS 0x00000000a5800000, 0x00000000a5800000| Complete 
|  73|0x00000000a5900000, 0x00000000a5900000, 0x00000000a5a00000|  0%| F|  |TAMS 0x00000000a5900000, 0x00000000a5900000| Untracked 
|  74|0x00000000a5a00000, 0x00000000a5a00000, 0x00000000a5b00000|  0%| F|  |TAMS 0x00000000a5a00000, 0x00000000a5a00000| Untracked 
|  75|0x00000000a5b00000, 0x00000000a5b00000, 0x00000000a5c00000|  0%| F|  |TAMS 0x00000000a5b00000, 0x00000000a5b00000| Untracked 
|  76|0x00000000a5c00000, 0x00000000a5c00000, 0x00000000a5d00000|  0%| F|  |TAMS 0x00000000a5c00000, 0x00000000a5c00000| Untracked 
|  77|0x00000000a5d00000, 0x00000000a5d00000, 0x00000000a5e00000|  0%| F|  |TAMS 0x00000000a5d00000, 0x00000000a5d00000| Untracked 
|  78|0x00000000a5e00000, 0x00000000a5e00000, 0x00000000a5f00000|  0%| F|  |TAMS 0x00000000a5e00000, 0x00000000a5e00000| Untracked 
|  79|0x00000000a5f00000, 0x00000000a5f00000, 0x00000000a6000000|  0%| F|  |TAMS 0x00000000a5f00000, 0x00000000a5f00000| Untracked 
|  80|0x00000000a6000000, 0x00000000a6000000, 0x00000000a6100000|  0%| F|  |TAMS 0x00000000a6000000, 0x00000000a6000000| Untracked 
|  81|0x00000000a6100000, 0x00000000a6100000, 0x00000000a6200000|  0%| F|  |TAMS 0x00000000a6100000, 0x00000000a6100000| Untracked 
|  82|0x00000000a6200000, 0x00000000a6200000, 0x00000000a6300000|  0%| F|  |TAMS 0x00000000a6200000, 0x00000000a6200000| Untracked 
|  83|0x00000000a6300000, 0x00000000a6300000, 0x00000000a6400000|  0%| F|  |TAMS 0x00000000a6300000, 0x00000000a6300000| Untracked 
|  84|0x00000000a6400000, 0x00000000a6400000, 0x00000000a6500000|  0%| F|  |TAMS 0x00000000a6400000, 0x00000000a6400000| Untracked 
|  85|0x00000000a6500000, 0x00000000a6500000, 0x00000000a6600000|  0%| F|  |TAMS 0x00000000a6500000, 0x00000000a6500000| Untracked 
|  86|0x00000000a6600000, 0x00000000a6600000, 0x00000000a6700000|  0%| F|  |TAMS 0x00000000a6600000, 0x00000000a6600000| Untracked 
|  87|0x00000000a6700000, 0x00000000a6700000, 0x00000000a6800000|  0%| F|  |TAMS 0x00000000a6700000, 0x00000000a6700000| Untracked 
|  88|0x00000000a6800000, 0x00000000a6800000, 0x00000000a6900000|  0%| F|  |TAMS 0x00000000a6800000, 0x00000000a6800000| Untracked 
|  89|0x00000000a6900000, 0x00000000a6900000, 0x00000000a6a00000|  0%| F|  |TAMS 0x00000000a6900000, 0x00000000a6900000| Untracked 
|  90|0x00000000a6a00000, 0x00000000a6b00000, 0x00000000a6b00000|100%| E|  |TAMS 0x00000000a6a00000, 0x00000000a6a00000| Complete 
|  91|0x00000000a6b00000, 0x00000000a6c00000, 0x00000000a6c00000|100%| E|CS|TAMS 0x00000000a6b00000, 0x00000000a6b00000| Complete 
|  92|0x00000000a6c00000, 0x00000000a6d00000, 0x00000000a6d00000|100%| E|CS|TAMS 0x00000000a6c00000, 0x00000000a6c00000| Complete 
|  93|0x00000000a6d00000, 0x00000000a6e00000, 0x00000000a6e00000|100%| E|CS|TAMS 0x00000000a6d00000, 0x00000000a6d00000| Complete 
|  94|0x00000000a6e00000, 0x00000000a6f00000, 0x00000000a6f00000|100%| E|CS|TAMS 0x00000000a6e00000, 0x00000000a6e00000| Complete 
|  95|0x00000000a6f00000, 0x00000000a7000000, 0x00000000a7000000|100%| E|CS|TAMS 0x00000000a6f00000, 0x00000000a6f00000| Complete 

Card table byte_map: [0x0000024a6f670000,0x0000024a6f970000] _byte_map_base: 0x0000024a6f168000

Marking Bits (Prev, Next): (CMBitMap*) 0x0000024a585a7f40, (CMBitMap*) 0x0000024a585a7f80
 Prev Bits: [0x0000024a6fc70000, 0x0000024a71430000)
 Next Bits: [0x0000024a71430000, 0x0000024a72bf0000)

Polling page: 0x0000024a57d30000

Metaspace:

Usage:
  Non-class:      3.19 MB used.
      Class:    335.30 KB used.
       Both:      3.52 MB used.

Virtual space:
  Non-class space:        8.00 MB reserved,       3.31 MB ( 41%) committed,  1 nodes.
      Class space:        1.00 GB reserved,     448.00 KB ( <1%) committed,  1 nodes.
             Both:        1.01 GB reserved,       3.75 MB ( <1%) committed. 

Chunk freelists:
   Non-Class:  2.62 MB
       Class:  3.60 MB
        Both:  6.22 MB

MaxMetaspaceSize: unlimited
CompressedClassSpaceSize: 1.00 GB
Initial GC threshold: 21.00 MB
Current GC threshold: 21.00 MB
CDS: on
MetaspaceReclaimPolicy: balanced
 - commit_granule_bytes: 65536.
 - commit_granule_words: 8192.
 - virtual_space_node_default_size: 1048576.
 - enlarge_chunks_in_place: 1.
 - new_chunks_are_fully_committed: 0.
 - uncommit_free_chunks: 1.
 - use_allocation_guard: 0.
 - handle_deallocations: 1.


Internal statistics:

num_allocs_failed_limit: 0.
num_arena_births: 20.
num_arena_deaths: 0.
num_vsnodes_births: 2.
num_vsnodes_deaths: 0.
num_space_committed: 60.
num_space_uncommitted: 0.
num_chunks_returned_to_freelist: 0.
num_chunks_taken_from_freelist: 86.
num_chunk_merges: 0.
num_chunk_splits: 65.
num_chunks_enlarged: 54.
num_purges: 0.
num_inconsistent_stats: 0.

CodeHeap 'non-profiled nmethods': size=120000Kb used=317Kb max_used=317Kb free=119682Kb
 bounds [0x0000024a67b00000, 0x0000024a67d70000, 0x0000024a6f030000]
CodeHeap 'profiled nmethods': size=120000Kb used=2447Kb max_used=2447Kb free=117553Kb
 bounds [0x0000024a605d0000, 0x0000024a60840000, 0x0000024a67b00000]
CodeHeap 'non-nmethods': size=5760Kb used=1148Kb max_used=1150Kb free=4611Kb
 bounds [0x0000024a60030000, 0x0000024a602a0000, 0x0000024a605d0000]
 total_blobs=1549 nmethods=1112 adapters=350
 compilation: enabled
              stopped_count=0, restarted_count=0
 full_count=0

Compilation events (20 events):
Event: 3.686 Thread 0x0000024a755da4d0 1021       3       jdk.internal.math.FDBigInteger::trimLeadingZeros (57 bytes)
Event: 3.687 Thread 0x0000024a755da4d0 nmethod 1021 0x0000024a607f3890 code [0x0000024a607f3a40, 0x0000024a607f3d18]
Event: 3.726 Thread 0x0000024a755da4d0 1022       3       java.io.BufferedInputStream::getBufIfOpen (21 bytes)
Event: 3.727 Thread 0x0000024a755da4d0 nmethod 1022 0x0000024a607f3e10 code [0x0000024a607f3fc0, 0x0000024a607f41e8]
Event: 3.727 Thread 0x0000024a755da4d0 1023  s    3       java.io.BufferedInputStream::read (49 bytes)
Event: 3.727 Thread 0x0000024a755da4d0 nmethod 1023 0x0000024a607f4310 code [0x0000024a607f44e0, 0x0000024a607f4978]
Event: 3.727 Thread 0x0000024a755da4d0 1024       3       java.io.DataInputStream::readUTF (501 bytes)
Event: 3.731 Thread 0x0000024a755da4d0 nmethod 1024 0x0000024a607f4b10 code [0x0000024a607f4f60, 0x0000024a607f6fe8]
Event: 3.731 Thread 0x0000024a755da4d0 1029       3       java.io.DataInputStream::readFully (59 bytes)
Event: 3.732 Thread 0x0000024a755da4d0 nmethod 1029 0x0000024a607f7b90 code [0x0000024a607f7d80, 0x0000024a607f8308]
Event: 3.733 Thread 0x0000024a755da4d0 1025  s    3       java.io.BufferedInputStream::read (113 bytes)
Event: 3.734 Thread 0x0000024a755da4d0 nmethod 1025 0x0000024a607f8590 code [0x0000024a607f87c0, 0x0000024a607f90b8]
Event: 3.734 Thread 0x0000024a755da4d0 1026       3       java.io.BufferedInputStream::read1 (108 bytes)
Event: 3.735 Thread 0x0000024a755da4d0 nmethod 1026 0x0000024a607f9310 code [0x0000024a607f9560, 0x0000024a607f9e98]
Event: 3.735 Thread 0x0000024a755da4d0 1027       3       java.io.DataInputStream::readUTF (5 bytes)
Event: 3.736 Thread 0x0000024a755da4d0 nmethod 1027 0x0000024a607fa190 code [0x0000024a607fa320, 0x0000024a607fa448]
Event: 3.736 Thread 0x0000024a755da4d0 1028       3       java.io.DataInputStream::readUnsignedShort (39 bytes)
Event: 3.737 Thread 0x0000024a755da4d0 nmethod 1028 0x0000024a607fa510 code [0x0000024a607fa6e0, 0x0000024a607faaa8]
Event: 3.740 Thread 0x0000024a755da4d0 1030       3       java.io.DataInputStream::readShort (40 bytes)
Event: 3.740 Thread 0x0000024a755da4d0 nmethod 1030 0x0000024a607fac10 code [0x0000024a607fade0, 0x0000024a607fb1a8]

GC Heap History (2 events):
Event: 3.566 GC heap before
{Heap before GC invocations=0 (full 0):
 garbage-first heap   total 98304K, used 23552K [0x00000000a1000000, 0x0000000100000000)
  region size 1024K, 23 young (23552K), 0 survivors (0K)
 Metaspace       used 3225K, committed 3328K, reserved 1056768K
  class space    used 303K, committed 320K, reserved 1048576K
}
Event: 3.612 GC heap after
{Heap after GC invocations=1 (full 0):
 garbage-first heap   total 98304K, used 7088K [0x00000000a1000000, 0x0000000100000000)
  region size 1024K, 3 young (3072K), 3 survivors (3072K)
 Metaspace       used 3225K, committed 3328K, reserved 1056768K
  class space    used 303K, committed 320K, reserved 1048576K
}

Deoptimization events (20 events):
Event: 3.087 Thread 0x0000024a58576fe0 DEOPT PACKING pc=0x0000024a60763e36 sp=0x0000005c58ef9860
Event: 3.087 Thread 0x0000024a58576fe0 DEOPT UNPACKING pc=0x0000024a60082b43 sp=0x0000005c58ef8d10 mode 0
Event: 3.134 Thread 0x0000024a58576fe0 DEOPT PACKING pc=0x0000024a60763e36 sp=0x0000005c58efcec0
Event: 3.134 Thread 0x0000024a58576fe0 DEOPT UNPACKING pc=0x0000024a60082b43 sp=0x0000005c58efc370 mode 0
Event: 3.189 Thread 0x0000024a58576fe0 Uncommon trap: trap_request=0xffffff45 fr.pc=0x0000024a67b2dd98 relative=0x0000000000000278
Event: 3.189 Thread 0x0000024a58576fe0 Uncommon trap: reason=unstable_if action=reinterpret pc=0x0000024a67b2dd98 method=jdk.internal.loader.URLClassPath.getLoader(I)Ljdk/internal/loader/URLClassPath$Loader; @ 19 c2
Event: 3.189 Thread 0x0000024a58576fe0 DEOPT PACKING pc=0x0000024a67b2dd98 sp=0x0000005c58eff050
Event: 3.189 Thread 0x0000024a58576fe0 DEOPT UNPACKING pc=0x0000024a600823a3 sp=0x0000005c58efefe8 mode 2
Event: 3.234 Thread 0x0000024a58576fe0 Uncommon trap: trap_request=0xffffff45 fr.pc=0x0000024a67b168e4 relative=0x0000000000000064
Event: 3.234 Thread 0x0000024a58576fe0 Uncommon trap: reason=unstable_if action=reinterpret pc=0x0000024a67b168e4 method=java.io.WinNTFileSystem.isSlash(C)Z @ 9 c2
Event: 3.235 Thread 0x0000024a58576fe0 DEOPT PACKING pc=0x0000024a67b168e4 sp=0x0000005c58efec30
Event: 3.235 Thread 0x0000024a58576fe0 DEOPT UNPACKING pc=0x0000024a600823a3 sp=0x0000005c58efebb8 mode 2
Event: 3.238 Thread 0x0000024a58576fe0 Uncommon trap: trap_request=0xffffff45 fr.pc=0x0000024a67b37fd8 relative=0x00000000000004b8
Event: 3.238 Thread 0x0000024a58576fe0 Uncommon trap: reason=unstable_if action=reinterpret pc=0x0000024a67b37fd8 method=java.lang.StringLatin1.newString([BII)Ljava/lang/String; @ 1 c2
Event: 3.238 Thread 0x0000024a58576fe0 DEOPT PACKING pc=0x0000024a67b37fd8 sp=0x0000005c58eff130
Event: 3.238 Thread 0x0000024a58576fe0 DEOPT UNPACKING pc=0x0000024a600823a3 sp=0x0000005c58eff090 mode 2
Event: 3.396 Thread 0x0000024a58576fe0 Uncommon trap: trap_request=0xffffff45 fr.pc=0x0000024a67b3ad18 relative=0x00000000000006d8
Event: 3.396 Thread 0x0000024a58576fe0 Uncommon trap: reason=unstable_if action=reinterpret pc=0x0000024a67b3ad18 method=org.jacoco.agent.rt.internal_3570298.asm.ClassReader.readUtf(II[C)Ljava/lang/String; @ 41 c2
Event: 3.396 Thread 0x0000024a58576fe0 DEOPT PACKING pc=0x0000024a67b3ad18 sp=0x0000005c58ef9c90
Event: 3.397 Thread 0x0000024a58576fe0 DEOPT UNPACKING pc=0x0000024a600823a3 sp=0x0000005c58ef9b48 mode 2

Classes unloaded (0 events):
No events

Classes redefined (0 events):
No events

Internal exceptions (4 events):
Event: 1.861 Thread 0x0000024a58576fe0 Exception <a 'java/lang/NoSuchMethodError'{0x00000000a6712a08}: 'void java.lang.invoke.DirectMethodHandle$Holder.invokeStatic(java.lang.Object, java.lang.Object, java.lang.Object)'> (0x00000000a6712a08) 
thrown [c:\jenkins\workspace\zulu17-build-win64\zulu-src.git\src\hotspot\share\interpreter\linkResolver.cpp, line 766]
Event: 1.867 Thread 0x0000024a58576fe0 Exception <a 'java/lang/NoSuchMethodError'{0x00000000a67198a0}: 'void java.lang.invoke.DirectMethodHandle$Holder.invokeStatic(java.lang.Object, java.lang.Object, java.lang.Object, java.lang.Object)'> (0x00000000a67198a0) 
thrown [c:\jenkins\workspace\zulu17-build-win64\zulu-src.git\src\hotspot\share\interpreter\linkResolver.cpp, line 766]
Event: 2.900 Thread 0x0000024a58576fe0 Exception <a 'java/lang/NoSuchMethodError'{0x00000000a5fa2928}: 'java.lang.Object java.lang.invoke.DirectMethodHandle$Holder.invokeStaticInit(java.lang.Object)'> (0x00000000a5fa2928) 
thrown [c:\jenkins\workspace\zulu17-build-win64\zulu-src.git\src\hotspot\share\interpreter\linkResolver.cpp, line 766]
Event: 3.027 Thread 0x0000024a58576fe0 Exception <a 'java/lang/NoSuchMethodError'{0x00000000a5ff4960}: 'int java.lang.invoke.DirectMethodHandle$Holder.invokeSpecial(java.lang.Object, java.lang.Object, java.lang.Object)'> (0x00000000a5ff4960) 
thrown [c:\jenkins\workspace\zulu17-build-win64\zulu-src.git\src\hotspot\share\interpreter\linkResolver.cpp, line 766]

VM Operations (18 events):
Event: 0.401 Executing VM operation: HandshakeAllThreads
Event: 0.401 Executing VM operation: HandshakeAllThreads done
Event: 1.402 Executing VM operation: Cleanup
Event: 1.403 Executing VM operation: Cleanup done
Event: 1.617 Executing VM operation: HandshakeAllThreads
Event: 1.617 Executing VM operation: HandshakeAllThreads done
Event: 2.618 Executing VM operation: Cleanup
Event: 2.634 Executing VM operation: Cleanup done
Event: 3.085 Executing VM operation: HandshakeAllThreads
Event: 3.085 Executing VM operation: HandshakeAllThreads done
Event: 3.234 Executing VM operation: HandshakeAllThreads
Event: 3.234 Executing VM operation: HandshakeAllThreads done
Event: 3.400 Executing VM operation: ICBufferFull
Event: 3.404 Executing VM operation: ICBufferFull done
Event: 3.545 Executing VM operation: G1CollectForAllocation
Event: 3.614 Executing VM operation: G1CollectForAllocation done
Event: 3.662 Executing VM operation: HandshakeAllThreads
Event: 3.662 Executing VM operation: HandshakeAllThreads done

Events (20 events):
Event: 3.535 loading class java/util/concurrent/atomic/AtomicReference done
Event: 3.536 loading class java/util/concurrent/CountDownLatch
Event: 3.537 loading class java/util/concurrent/CountDownLatch done
Event: 3.537 loading class java/util/concurrent/CountDownLatch$Sync
Event: 3.537 loading class java/util/concurrent/CountDownLatch$Sync done
Event: 3.538 Thread 0x0000024a769f98d0 Thread added: 0x0000024a769f98d0
Event: 3.633 loading class java/util/concurrent/ConcurrentLinkedQueue$Itr
Event: 3.633 loading class java/util/concurrent/ConcurrentLinkedQueue$Itr done
Event: 3.661 loading class java/lang/NumberFormatException
Event: 3.662 loading class java/lang/NumberFormatException done
Event: 3.666 loading class java/lang/Short$ShortCache
Event: 3.667 loading class java/lang/Short$ShortCache done
Event: 3.668 loading class java/lang/Byte$ByteCache
Event: 3.669 loading class java/lang/Byte$ByteCache done
Event: 3.679 loading class jdk/internal/math/FloatingDecimal$ASCIIToBinaryBuffer
Event: 3.682 loading class jdk/internal/math/FloatingDecimal$ASCIIToBinaryBuffer done
Event: 3.683 loading class jdk/internal/math/FDBigInteger
Event: 3.684 loading class jdk/internal/math/FDBigInteger done
Event: 3.766 loading class sun/util/calendar/ZoneInfoFile$Checksum
Event: 3.767 loading class sun/util/calendar/ZoneInfoFile$Checksum done


Dynamic libraries:
0x00007ff7f2550000 - 0x00007ff7f255e000 	C:\Program Files\Zulu\zulu-17\bin\java.exe
0x00007ffe48c50000 - 0x00007ffe48e67000 	C:\Windows\SYSTEM32\ntdll.dll
0x00007ffe47780000 - 0x00007ffe47844000 	C:\Windows\System32\KERNEL32.DLL
0x00007ffe46580000 - 0x00007ffe46926000 	C:\Windows\System32\KERNELBASE.dll
0x00007ffe45f90000 - 0x00007ffe460a1000 	C:\Windows\System32\ucrtbase.dll
0x00007ffe2e740000 - 0x00007ffe2e758000 	C:\Program Files\Zulu\zulu-17\bin\jli.dll
0x00007ffe1c280000 - 0x00007ffe1c29b000 	C:\Program Files\Zulu\zulu-17\bin\VCRUNTIME140.dll
0x00007ffe489b0000 - 0x00007ffe48b5e000 	C:\Windows\System32\USER32.dll
0x00007ffe300b0000 - 0x00007ffe30343000 	C:\Windows\WinSxS\amd64_microsoft.windows.common-controls_6595b64144ccf1df_6.0.22621.2506_none_270c5ae97388e100\COMCTL32.dll
0x00007ffe46550000 - 0x00007ffe46576000 	C:\Windows\System32\win32u.dll
0x00007ffe47580000 - 0x00007ffe475a9000 	C:\Windows\System32\GDI32.dll
0x00007ffe46ec0000 - 0x00007ffe46f67000 	C:\Windows\System32\msvcrt.dll
0x00007ffe46430000 - 0x00007ffe46548000 	C:\Windows\System32\gdi32full.dll
0x00007ffe46310000 - 0x00007ffe463aa000 	C:\Windows\System32\msvcp_win.dll
0x00007ffe47dc0000 - 0x00007ffe47df1000 	C:\Windows\System32\IMM32.DLL
0x00007ffe45ca0000 - 0x00007ffe45e40000 	C:\Program Files\Avecto\Privilege Guard Client\PGHook.dll
0x00007ffe46f70000 - 0x00007ffe47023000 	C:\Windows\System32\ADVAPI32.dll
0x00007ffe47030000 - 0x00007ffe470d8000 	C:\Windows\System32\sechost.dll
0x00007ffe46220000 - 0x00007ffe46248000 	C:\Windows\System32\bcrypt.dll
0x00007ffe48030000 - 0x00007ffe48147000 	C:\Windows\System32\RPCRT4.dll
0x00007ffe40650000 - 0x00007ffe4065c000 	C:\Program Files\Zulu\zulu-17\bin\vcruntime140_1.dll
0x00007ffe036c0000 - 0x00007ffe0374d000 	C:\Program Files\Zulu\zulu-17\bin\msvcp140.dll
0x00007ffdf0da0000 - 0x00007ffdf1a00000 	C:\Program Files\Zulu\zulu-17\bin\server\jvm.dll
0x00007ffe46a80000 - 0x00007ffe46a88000 	C:\Windows\System32\PSAPI.DLL
0x00007ffe27820000 - 0x00007ffe27829000 	C:\Windows\SYSTEM32\WSOCK32.dll
0x00007ffe469a0000 - 0x00007ffe46a11000 	C:\Windows\System32\WS2_32.dll
0x00007ffe3d440000 - 0x00007ffe3d474000 	C:\Windows\SYSTEM32\WINMM.dll
0x00007ffe3bdc0000 - 0x00007ffe3bdca000 	C:\Windows\SYSTEM32\VERSION.dll
0x00007ffe44cf0000 - 0x00007ffe44d08000 	C:\Windows\SYSTEM32\kernel.appcore.dll
0x00007ffe40630000 - 0x00007ffe4063a000 	C:\Program Files\Zulu\zulu-17\bin\jimage.dll
0x00007ffe43410000 - 0x00007ffe43643000 	C:\Windows\SYSTEM32\DBGHELP.DLL
0x00007ffe46b30000 - 0x00007ffe46eb9000 	C:\Windows\System32\combase.dll
0x00007ffe478d0000 - 0x00007ffe479a7000 	C:\Windows\System32\OLEAUT32.dll
0x00007ffe25db0000 - 0x00007ffe25de2000 	C:\Windows\SYSTEM32\dbgcore.DLL
0x00007ffe463b0000 - 0x00007ffe4642a000 	C:\Windows\System32\bcryptPrimitives.dll
0x00007ffe409c0000 - 0x00007ffe409ce000 	C:\Program Files\Zulu\zulu-17\bin\instrument.dll
0x00007ffe11980000 - 0x00007ffe119a5000 	C:\Program Files\Zulu\zulu-17\bin\java.dll
0x00007ffe035e0000 - 0x00007ffe036b7000 	C:\Program Files\Zulu\zulu-17\bin\jsvml.dll
0x00007ffe48150000 - 0x00007ffe489aa000 	C:\Windows\System32\SHELL32.dll
0x00007ffe43a20000 - 0x00007ffe44316000 	C:\Windows\SYSTEM32\windows.storage.dll
0x00007ffe438e0000 - 0x00007ffe43a1e000 	C:\Windows\SYSTEM32\wintypes.dll
0x00007ffe47cc0000 - 0x00007ffe47db3000 	C:\Windows\System32\SHCORE.dll
0x00007ffe46a20000 - 0x00007ffe46a7e000 	C:\Windows\System32\shlwapi.dll
0x00007ffe45ec0000 - 0x00007ffe45ee6000 	C:\Windows\SYSTEM32\profapi.dll
0x00007ffe0f4e0000 - 0x00007ffe0f4f8000 	C:\Program Files\Zulu\zulu-17\bin\zip.dll
0x00007ffe17a10000 - 0x00007ffe17a29000 	C:\Program Files\Zulu\zulu-17\bin\net.dll
0x00007ffe44d10000 - 0x00007ffe44e47000 	C:\Windows\SYSTEM32\WINHTTP.dll
0x00007ffe452a0000 - 0x00007ffe45309000 	C:\Windows\system32\mswsock.dll
0x00007ffe12110000 - 0x00007ffe12126000 	C:\Program Files\Zulu\zulu-17\bin\nio.dll
0x00007ffe40600000 - 0x00007ffe40610000 	C:\Program Files\Zulu\zulu-17\bin\verify.dll
0x00007ffe2e440000 - 0x00007ffe2e457000 	C:\Windows\system32\napinsp.dll
0x00007ffe2e420000 - 0x00007ffe2e43b000 	C:\Windows\system32\pnrpnsp.dll
0x00007ffe445a0000 - 0x00007ffe44699000 	C:\Windows\SYSTEM32\DNSAPI.dll
0x00007ffe44570000 - 0x00007ffe4459d000 	C:\Windows\SYSTEM32\IPHLPAPI.DLL
0x00007ffe46b20000 - 0x00007ffe46b29000 	C:\Windows\System32\NSI.dll
0x00007ffe2e350000 - 0x00007ffe2e361000 	C:\Windows\System32\winrnr.dll
0x00007ffe2e330000 - 0x00007ffe2e345000 	C:\Windows\system32\wshbth.dll
0x00007ffe2e300000 - 0x00007ffe2e321000 	C:\Windows\system32\nlansp_c.dll
0x00007ffe2e2f0000 - 0x00007ffe2e2fa000 	C:\Windows\System32\rasadhlp.dll
0x00007ffe39ad0000 - 0x00007ffe39b53000 	C:\Windows\System32\fwpuclnt.dll
0x00007ffe3d620000 - 0x00007ffe3d629000 	C:\Program Files\Zulu\zulu-17\bin\management.dll
0x00007ffe2e700000 - 0x00007ffe2e70b000 	C:\Program Files\Zulu\zulu-17\bin\management_ext.dll

dbghelp: loaded successfully - version: 4.0.5 - missing functions: none
symbol engine: initialized successfully - sym options: 0x614 - pdb path: .;C:\Program Files\Zulu\zulu-17\bin;C:\Windows\SYSTEM32;C:\Windows\WinSxS\amd64_microsoft.windows.common-controls_6595b64144ccf1df_6.0.22621.2506_none_270c5ae97388e100;C:\Program Files\Avecto\Privilege Guard Client;C:\Program Files\Zulu\zulu-17\bin\server

VM Arguments:
jvm_args: -javaagent:C:\\Users\\2317874\\.m2\\repository\\org\\jacoco\\org.jacoco.agent\\0.8.7\\org.jacoco.agent-0.8.7-runtime.jar=destfile=C:\\Users\\2317874\\Downloads\\EmiManagmentSystem\\EmiManagmentSystem\\target\\jacoco.exec 
java_command: C:\Users\2317874\AppData\Local\Temp\surefire11697977055467083884\surefirebooter-20240319121547172_3.jar C:\Users\2317874\AppData\Local\Temp\surefire11697977055467083884 2024-03-19T12-15-45_446-jvmRun1 surefire-20240319121547172_1tmp surefire_0-20240319121547172_2tmp
java_class_path (initial): C:\Users\2317874\AppData\Local\Temp\surefire11697977055467083884\surefirebooter-20240319121547172_3.jar
Launcher Type: SUN_STANDARD

[Global flags]
     intx CICompilerCount                          = 4                                         {product} {ergonomic}
     uint ConcGCThreads                            = 2                                         {product} {ergonomic}
     uint G1ConcRefinementThreads                  = 8                                         {product} {ergonomic}
   size_t G1HeapRegionSize                         = 1048576                                   {product} {ergonomic}
    uintx GCDrainStackTargetSize                   = 64                                        {product} {ergonomic}
   size_t InitialHeapSize                          = 100663296                                 {product} {ergonomic}
   size_t MarkStackSize                            = 4194304                                   {product} {ergonomic}
   size_t MaxHeapSize                              = 1593835520                                {product} {ergonomic}
   size_t MaxNewSize                               = 956301312                                 {product} {ergonomic}
   size_t MinHeapDeltaBytes                        = 1048576                                   {product} {ergonomic}
   size_t MinHeapSize                              = 8388608                                   {product} {ergonomic}
    uintx NonNMethodCodeHeapSize                   = 5839372                                {pd product} {ergonomic}
    uintx NonProfiledCodeHeapSize                  = 122909434                              {pd product} {ergonomic}
    uintx ProfiledCodeHeapSize                     = 122909434                              {pd product} {ergonomic}
    uintx ReservedCodeCacheSize                    = 251658240                              {pd product} {ergonomic}
     bool SegmentedCodeCache                       = true                                      {product} {ergonomic}
   size_t SoftMaxHeapSize                          = 1593835520                             {manageable} {ergonomic}
     bool UseCompressedClassPointers               = true                           {product lp64_product} {ergonomic}
     bool UseCompressedOops                        = true                           {product lp64_product} {ergonomic}
     bool UseG1GC                                  = true                                      {product} {ergonomic}
     bool UseLargePagesIndividualAllocation        = false                                  {pd product} {ergonomic}

Logging:
Log output configuration:
 #0: stdout all=warning uptime,level,tags
 #1: stderr all=off uptime,level,tags

Environment Variables:
JAVA_HOME=C:\Program Files\Zulu\zulu-17
PATH=C:\oraclexe\app\oracle\product\11.2.0\server\bin;C:\Program Files (x86)\Common Files\Oracle\Java\javapath;C:\Program Files\Zulu\zulu-17\bin\;C:\Windows\system32;C:\Windows;C:\Windows\System32\Wbem;C:\Windows\System32\WindowsPowerShell\v1.0\;C:\Windows\System32\OpenSSH\;C:\Program Files\Git\cmd;C:\Program Files\nodejs\;C:\Maven\apache-maven-3.9.6\bin;C:\Program Files\MySQL\MySQL Shell 8.0\bin\;C:\Users\2317874\AppData\Local\Microsoft\WindowsApps;;C:\Users\2317874\AppData\Local\Programs\Microsoft VS Code\bin;C:\Users\2317874\AppData\Roaming\npm
USERNAME=2317874
OS=Windows_NT
PROCESSOR_IDENTIFIER=AMD64 Family 23 Model 24 Stepping 1, AuthenticAMD



---------------  S Y S T E M  ---------------

OS:
 Windows 11 , 64 bit Build 22621 (10.0.22621.2506)
OS uptime: 5 days 23:54 hours
Hyper-V role detected

CPU: total 8 (initial active 8) (8 cores per cpu, 2 threads per core) family 23 model 24 stepping 1 microcode 0x0, cx8, cmov, fxsr, ht, mmx, 3dnowpref, sse, sse2, sse3, ssse3, sse4a, sse4.1, sse4.2, popcnt, lzcnt, tsc, tscinvbit, avx, avx2, aes, clmul, bmi1, bmi2, adx, sha, fma, vzeroupper, clflush, clflushopt, hv

Memory: 4k page, system-wide physical 6077M (98M free)
TotalPageFile size 22461M (AvailPageFile size 5M)
current process WorkingSet (physical memory assigned to process): 83M, peak: 83M
current process commit charge ("private bytes"): 195M, peak: 195M

vm_info: OpenJDK 64-Bit Server VM (17.0.2+8-LTS) for windows-amd64 JRE (17.0.2+8-LTS) (Zulu17.32+13-CA), built on Jan  8 2022 13:06:16 by "zulu_re" with MS VC++ 16.10 / 16.11 (VS2019)

END.
