#
# There is insufficient memory for the Java Runtime Environment to continue.
# Native memory allocation (malloc) failed to allocate 381456 bytes for Chunk::new
# Possible reasons:
#   The system is out of physical RAM or swap space
#   The process is running with CompressedOops enabled, and the Java Heap may be blocking the growth of the native heap
# Possible solutions:
#   Reduce memory load on the system
#   Increase physical memory or swap space
#   Check if swap backing store is full
#   Decrease Java heap size (-Xmx/-Xms)
#   Decrease number of Java threads
#   Decrease Java thread stack sizes (-Xss)
#   Set larger code cache with -XX:ReservedCodeCacheSize=
#   JVM is running with Unscaled Compressed Oops mode in which the Java heap is
#     placed in the first 4GB address space. The Java Heap base address is the
#     maximum limit for the native heap growth. Please use -XX:HeapBaseMinAddress
#     to set the Java Heap base and to place the Java Heap above 4GB virtual address.
# This output file may be truncated or incomplete.
#
#  Out of Memory Error (arena.cpp:189), pid=12872, tid=19444
#
# JRE version: OpenJDK Runtime Environment Zulu17.32+13-CA (17.0.2+8) (build 17.0.2+8-LTS)
# Java VM: OpenJDK 64-Bit Server VM Zulu17.32+13-CA (17.0.2+8-LTS, mixed mode, sharing, tiered, compressed oops, compressed class ptrs, g1 gc, windows-amd64)
# No core dump will be written. Minidumps are not enabled by default on client versions of Windows
#

---------------  S U M M A R Y ------------

Command Line: -javaagent:C:\Program Files\JetBrains\IntelliJ IDEA Community Edition 2023.3\lib\idea_rt.jar=61902:C:\Program Files\JetBrains\IntelliJ IDEA Community Edition 2023.3\bin -Dfile.encoding=UTF-8 com.cognizant.EmiManagementSystemApplication

Host: AMD Ryzen 5 PRO 3500U w/ Radeon Vega Mobile Gfx, 8 cores, 5G,  Windows 11 , 64 bit Build 22621 (10.0.22621.3235)
Time: Sun Apr 14 16:03:36 2024 India Standard Time elapsed time: 1315.446634 seconds (0d 0h 21m 55s)

---------------  T H R E A D  ---------------

Current thread (0x000001cdc1062930):  JavaThread "C2 CompilerThread0" daemon [_thread_in_native, id=19444, stack(0x0000000101300000,0x0000000101400000)]


Current CompileTask:
C2:1315448 11742   !   4       org.glassfish.jersey.internal.l10n.Localizer::localize (333 bytes)

Stack: [0x0000000101300000,0x0000000101400000]
Native frames: (J=compiled Java code, j=interpreted, Vv=VM code, C=native code)
V  [jvm.dll+0x6769fa]
V  [jvm.dll+0x831784]
V  [jvm.dll+0x832f2e]
V  [jvm.dll+0x833593]
V  [jvm.dll+0x2455e5]
V  [jvm.dll+0xabf1b]
V  [jvm.dll+0xac4ac]
V  [jvm.dll+0x3635a2]
V  [jvm.dll+0x32dae1]
V  [jvm.dll+0x32cf8a]
V  [jvm.dll+0x218531]
V  [jvm.dll+0x217951]
V  [jvm.dll+0x1a3e2d]
V  [jvm.dll+0x2272d8]
V  [jvm.dll+0x22542c]
V  [jvm.dll+0x7e701c]
V  [jvm.dll+0x7e15ca]
V  [jvm.dll+0x675885]
C  [ucrtbase.dll+0x29363]
C  [KERNEL32.DLL+0x1257d]
C  [ntdll.dll+0x5aa58]


---------------  P R O C E S S  ---------------

Threads class SMR info:
_java_thread_list=0x000001cdc8fca670, length=46, elements={
0x000001cdc1049840, 0x000001cdc104a4b0, 0x000001cdc1059d50, 0x000001cdc105b710,
0x000001cdc105d0d0, 0x000001cdc105e290, 0x000001cdc1062930, 0x000001cdc106f7f0,
0x000001cdc10721f0, 0x000001cdc1034470, 0x000001cdc1e7f6f0, 0x000001cdc1e7fbc0,
0x000001cdc2926d80, 0x000001cdc29233c0, 0x000001cdc2923d60, 0x000001cdc2924230,
0x000001cdc2924bd0, 0x000001cdc6f60ce0, 0x000001cdc6f5b170, 0x000001cdc6f5d7f0,
0x000001cdc6f5f4d0, 0x000001cdc6f5e660, 0x000001cdc6f5dcc0, 0x000001cdc6f5eb30,
0x000001cdc6f5d320, 0x000001cdc6f5bb10, 0x000001cdc6f60810, 0x000001cdc6f5e190,
0x000001cdc6f5fe70, 0x000001cdc6f5c980, 0x000001cdc6f5bfe0, 0x000001cdc6f624f0,
0x000001cdc6f5f000, 0x000001cdc6f5c4b0, 0x000001cdc6f611b0, 0x000001cdc6f60340,
0x000001cdc6f62020, 0x000001cdc6f5ce50, 0x000001cdc6f5f9a0, 0x000001cdc6f61b50,
0x000001cdc6f61680, 0x000001cdc6f5aca0, 0x000001cdc29250a0, 0x000001cdc29268b0,
0x000001cdc95212e0, 0x000001cdc9520e10
}

Java Threads: ( => current thread )
  0x000001cdc1049840 JavaThread "Reference Handler" daemon [_thread_blocked, id=7840, stack(0x0000000100d00000,0x0000000100e00000)]
  0x000001cdc104a4b0 JavaThread "Finalizer" daemon [_thread_blocked, id=13208, stack(0x0000000100e00000,0x0000000100f00000)]
  0x000001cdc1059d50 JavaThread "Signal Dispatcher" daemon [_thread_blocked, id=24728, stack(0x0000000100f00000,0x0000000101000000)]
  0x000001cdc105b710 JavaThread "Attach Listener" daemon [_thread_blocked, id=26124, stack(0x0000000101000000,0x0000000101100000)]
  0x000001cdc105d0d0 JavaThread "Service Thread" daemon [_thread_blocked, id=26064, stack(0x0000000101100000,0x0000000101200000)]
  0x000001cdc105e290 JavaThread "Monitor Deflation Thread" daemon [_thread_blocked, id=12216, stack(0x0000000101200000,0x0000000101300000)]
=>0x000001cdc1062930 JavaThread "C2 CompilerThread0" daemon [_thread_in_native, id=19444, stack(0x0000000101300000,0x0000000101400000)]
  0x000001cdc106f7f0 JavaThread "C1 CompilerThread0" daemon [_thread_blocked, id=24336, stack(0x0000000101400000,0x0000000101500000)]
  0x000001cdc10721f0 JavaThread "Sweeper thread" daemon [_thread_blocked, id=29452, stack(0x0000000101500000,0x0000000101600000)]
  0x000001cdc1034470 JavaThread "Common-Cleaner" daemon [_thread_blocked, id=26508, stack(0x0000000101600000,0x0000000101700000)]
  0x000001cdc1e7f6f0 JavaThread "Monitor Ctrl-Break" daemon [_thread_in_native, id=12204, stack(0x0000000101700000,0x0000000101800000)]
  0x000001cdc1e7fbc0 JavaThread "Notification Thread" daemon [_thread_blocked, id=27552, stack(0x0000000101800000,0x0000000101900000)]
  0x000001cdc2926d80 JavaThread "HikariPool-1 housekeeper" daemon [_thread_blocked, id=11420, stack(0x0000000102300000,0x0000000102400000)]
  0x000001cdc29233c0 JavaThread "Catalina-utility-1" [_thread_blocked, id=29676, stack(0x0000000102600000,0x0000000102700000)]
  0x000001cdc2923d60 JavaThread "Catalina-utility-2" [_thread_blocked, id=12260, stack(0x0000000102700000,0x0000000102800000)]
  0x000001cdc2924230 JavaThread "container-0" [_thread_blocked, id=28848, stack(0x0000000102800000,0x0000000102900000)]
  0x000001cdc2924bd0 JavaThread "spring.cloud.inetutils" daemon [_thread_blocked, id=21380, stack(0x0000000100500000,0x0000000100600000)]
  0x000001cdc6f60ce0 JavaThread "File Watcher" daemon [_thread_in_native, id=9668, stack(0x0000000102400000,0x0000000102500000)]
  0x000001cdc6f5b170 JavaThread "Live Reload Server" daemon [_thread_in_native, id=26872, stack(0x0000000102a00000,0x0000000102b00000)]
  0x000001cdc6f5d7f0 JavaThread "AsyncResolver-bootstrap-0" daemon [_thread_blocked, id=14508, stack(0x0000000102900000,0x0000000102a00000)]
  0x000001cdc6f5f4d0 JavaThread "DiscoveryClient-0" daemon [_thread_blocked, id=24680, stack(0x0000000102c00000,0x0000000102d00000)]
  0x000001cdc6f5e660 JavaThread "DiscoveryClient-1" daemon [_thread_blocked, id=20940, stack(0x0000000102d00000,0x0000000102e00000)]
  0x000001cdc6f5dcc0 JavaThread "DiscoveryClient-InstanceInfoReplicator-0" daemon [_thread_blocked, id=7972, stack(0x0000000102e00000,0x0000000102f00000)]
  0x000001cdc6f5eb30 JavaThread "Eureka-DeltaRetentionTimer" daemon [_thread_blocked, id=25884, stack(0x0000000102f00000,0x0000000103000000)]
  0x000001cdc6f5d320 JavaThread "Eureka-EvictionTimer" daemon [_thread_blocked, id=29588, stack(0x0000000103000000,0x0000000103100000)]
  0x000001cdc6f5bb10 JavaThread "Eureka-MeasureRateTimer" daemon [_thread_blocked, id=8668, stack(0x0000000103100000,0x0000000103200000)]
  0x000001cdc6f60810 JavaThread "ReplicaAwareInstanceRegistry - RenewalThresholdUpdater" daemon [_thread_blocked, id=25192, stack(0x0000000103200000,0x0000000103300000)]
  0x000001cdc6f5e190 JavaThread "Eureka-MeasureRateTimer" daemon [_thread_blocked, id=6436, stack(0x0000000103300000,0x0000000103400000)]
  0x000001cdc6f5fe70 JavaThread "Eureka-PeerNodesUpdater" daemon [_thread_blocked, id=29392, stack(0x0000000103400000,0x0000000103500000)]
  0x000001cdc6f5c980 JavaThread "Eureka-CacheFillTimer" daemon [_thread_blocked, id=16248, stack(0x0000000103500000,0x0000000103600000)]
  0x000001cdc6f5bfe0 JavaThread "http-nio-8084-exec-1" daemon [_thread_blocked, id=27432, stack(0x0000000103700000,0x0000000103800000)]
  0x000001cdc6f624f0 JavaThread "http-nio-8084-exec-2" daemon [_thread_blocked, id=3836, stack(0x0000000103800000,0x0000000103900000)]
  0x000001cdc6f5f000 JavaThread "http-nio-8084-exec-3" daemon [_thread_blocked, id=29400, stack(0x0000000103900000,0x0000000103a00000)]
  0x000001cdc6f5c4b0 JavaThread "http-nio-8084-exec-4" daemon [_thread_blocked, id=6304, stack(0x0000000103a00000,0x0000000103b00000)]
  0x000001cdc6f611b0 JavaThread "http-nio-8084-exec-5" daemon [_thread_blocked, id=20544, stack(0x0000000103b00000,0x0000000103c00000)]
  0x000001cdc6f60340 JavaThread "http-nio-8084-exec-6" daemon [_thread_blocked, id=20900, stack(0x0000000103c00000,0x0000000103d00000)]
  0x000001cdc6f62020 JavaThread "http-nio-8084-exec-7" daemon [_thread_blocked, id=25276, stack(0x0000000103d00000,0x0000000103e00000)]
  0x000001cdc6f5ce50 JavaThread "http-nio-8084-exec-8" daemon [_thread_blocked, id=9692, stack(0x0000000103e00000,0x0000000103f00000)]
  0x000001cdc6f5f9a0 JavaThread "http-nio-8084-exec-9" daemon [_thread_blocked, id=21840, stack(0x0000000103f00000,0x0000000104000000)]
  0x000001cdc6f61b50 JavaThread "http-nio-8084-exec-10" daemon [_thread_blocked, id=28156, stack(0x0000000104000000,0x0000000104100000)]
  0x000001cdc6f61680 JavaThread "http-nio-8084-Poller" daemon [_thread_in_native, id=24156, stack(0x0000000104100000,0x0000000104200000)]
  0x000001cdc6f5aca0 JavaThread "http-nio-8084-Acceptor" daemon [_thread_in_native, id=14696, stack(0x0000000104200000,0x0000000104300000)]
  0x000001cdc29250a0 JavaThread "DestroyJavaVM" [_thread_blocked, id=24804, stack(0x0000000100600000,0x0000000100700000)]
  0x000001cdc29268b0 JavaThread "DiscoveryClient-HeartbeatExecutor-0" daemon [_thread_blocked, id=24120, stack(0x0000000102000000,0x0000000102100000)]
  0x000001cdc95212e0 JavaThread "DiscoveryClient-CacheRefreshExecutor-0" daemon [_thread_blocked, id=26172, stack(0x0000000102100000,0x0000000102200000)]
  0x000001cdc9520e10 JavaThread "AsyncResolver-bootstrap-executor-0" daemon [_thread_blocked, id=28412, stack(0x0000000100400000,0x0000000100500000)]

Other Threads:
  0x000001cdc1045d20 VMThread "VM Thread" [stack: 0x0000000100c00000,0x0000000100d00000] [id=14116]
  0x000001cdc2371ed0 WatcherThread [stack: 0x0000000101900000,0x0000000101a00000] [id=6428]
  0x000001cda4013b80 GCTaskThread "GC Thread#0" [stack: 0x0000000100700000,0x0000000100800000] [id=27572]
  0x000001cdc28453e0 GCTaskThread "GC Thread#1" [stack: 0x0000000101a00000,0x0000000101b00000] [id=14568]
  0x000001cdc29e16c0 GCTaskThread "GC Thread#2" [stack: 0x0000000101b00000,0x0000000101c00000] [id=29444]
  0x000001cdc29bcb00 GCTaskThread "GC Thread#3" [stack: 0x0000000101c00000,0x0000000101d00000] [id=25612]
  0x000001cdc29bcdb0 GCTaskThread "GC Thread#4" [stack: 0x0000000101d00000,0x0000000101e00000] [id=25504]
  0x000001cdc2bd19c0 GCTaskThread "GC Thread#5" [stack: 0x0000000101e00000,0x0000000101f00000] [id=10876]
  0x000001cdc2bd2480 GCTaskThread "GC Thread#6" [stack: 0x0000000101f00000,0x0000000102000000] [id=16620]
  0x000001cdc2b3dd80 GCTaskThread "GC Thread#7" [stack: 0x0000000102200000,0x0000000102300000] [id=16844]
  0x000001cda40218d0 ConcurrentGCThread "G1 Main Marker" [stack: 0x0000000100800000,0x0000000100900000] [id=21436]
  0x000001cda4022e50 ConcurrentGCThread "G1 Conc#0" [stack: 0x0000000100900000,0x0000000100a00000] [id=28876]
  0x000001cdc2b3e2e0 ConcurrentGCThread "G1 Conc#1" [stack: 0x0000000102500000,0x0000000102600000] [id=7432]
  0x000001cda407ebe0 ConcurrentGCThread "G1 Refine#0" [stack: 0x0000000100a00000,0x0000000100b00000] [id=22896]
  0x000001cdc478c920 ConcurrentGCThread "G1 Refine#1" [stack: 0x0000000104300000,0x0000000104400000] [id=20296]
  0x000001cdc0efc330 ConcurrentGCThread "G1 Service" [stack: 0x0000000100b00000,0x0000000100c00000] [id=26956]

Threads with active compile tasks:
C2 CompilerThread0  1315718 11742   !   4       org.glassfish.jersey.internal.l10n.Localizer::localize (333 bytes)

VM state: not at safepoint (normal execution)

VM Mutex/Monitor currently owned by a thread: None

Heap address: 0x00000000a1000000, size: 1520 MB, Compressed Oops mode: 32-bit

CDS archive(s) mapped at: [0x0000000800000000-0x0000000800bc0000-0x0000000800bc0000), size 12320768, SharedBaseAddress: 0x0000000800000000, ArchiveRelocationMode: 0.
Compressed class space mapped at: 0x0000000800c00000-0x0000000840c00000, reserved size: 1073741824
Narrow klass base: 0x0000000800000000, Narrow klass shift: 0, Narrow klass range: 0x100000000

GC Precious Log:
 CPUs: 8 total, 8 available
 Memory: 6077M
 Large Page Support: Disabled
 NUMA Support: Disabled
 Compressed Oops: Enabled (32-bit)
 Heap Region Size: 1M
 Heap Min Capacity: 8M
 Heap Initial Capacity: 96M
 Heap Max Capacity: 1520M
 Pre-touch: Disabled
 Parallel Workers: 8
 Concurrent Workers: 2
 Concurrent Refinement Workers: 8
 Periodic GC: Disabled

Heap:
 garbage-first heap   total 397312K, used 170557K [0x00000000a1000000, 0x0000000100000000)
  region size 1024K, 45 young (46080K), 1 survivors (1024K)
 Metaspace       used 105464K, committed 106112K, reserved 1146880K
  class space    used 14478K, committed 14784K, reserved 1048576K

Heap Regions: E=young(eden), S=young(survivor), O=old, HS=humongous(starts), HC=humongous(continues), CS=collection set, F=free, OA=open archive, CA=closed archive, TAMS=top-at-mark-start (previous, next)
|   0|0x00000000a1000000, 0x00000000a1100000, 0x00000000a1100000|100%|HS|  |TAMS 0x00000000a1100000, 0x00000000a1000000| Complete 
|   1|0x00000000a1100000, 0x00000000a1200000, 0x00000000a1200000|100%|HS|  |TAMS 0x00000000a1200000, 0x00000000a1100000| Complete 
|   2|0x00000000a1200000, 0x00000000a1300000, 0x00000000a1300000|100%| O|  |TAMS 0x00000000a1300000, 0x00000000a1200000| Untracked 
|   3|0x00000000a1300000, 0x00000000a1400000, 0x00000000a1400000|100%| O|  |TAMS 0x00000000a1400000, 0x00000000a1300000| Untracked 
|   4|0x00000000a1400000, 0x00000000a1500000, 0x00000000a1500000|100%| O|  |TAMS 0x00000000a1500000, 0x00000000a1400000| Untracked 
|   5|0x00000000a1500000, 0x00000000a1600000, 0x00000000a1600000|100%| O|  |TAMS 0x00000000a1600000, 0x00000000a1500000| Untracked 
|   6|0x00000000a1600000, 0x00000000a1700000, 0x00000000a1700000|100%| O|  |TAMS 0x00000000a1700000, 0x00000000a1600000| Untracked 
|   7|0x00000000a1700000, 0x00000000a1800000, 0x00000000a1800000|100%| O|  |TAMS 0x00000000a1800000, 0x00000000a1700000| Untracked 
|   8|0x00000000a1800000, 0x00000000a1900000, 0x00000000a1900000|100%| O|  |TAMS 0x00000000a1900000, 0x00000000a1800000| Untracked 
|   9|0x00000000a1900000, 0x00000000a1a00000, 0x00000000a1a00000|100%| O|  |TAMS 0x00000000a1a00000, 0x00000000a1900000| Untracked 
|  10|0x00000000a1a00000, 0x00000000a1b00000, 0x00000000a1b00000|100%| O|  |TAMS 0x00000000a1b00000, 0x00000000a1a00000| Untracked 
|  11|0x00000000a1b00000, 0x00000000a1c00000, 0x00000000a1c00000|100%| O|  |TAMS 0x00000000a1c00000, 0x00000000a1b00000| Untracked 
|  12|0x00000000a1c00000, 0x00000000a1d00000, 0x00000000a1d00000|100%| O|  |TAMS 0x00000000a1d00000, 0x00000000a1c00000| Untracked 
|  13|0x00000000a1d00000, 0x00000000a1e00000, 0x00000000a1e00000|100%| O|  |TAMS 0x00000000a1e00000, 0x00000000a1d00000| Untracked 
|  14|0x00000000a1e00000, 0x00000000a1f00000, 0x00000000a1f00000|100%| O|  |TAMS 0x00000000a1f00000, 0x00000000a1e00000| Untracked 
|  15|0x00000000a1f00000, 0x00000000a2000000, 0x00000000a2000000|100%| O|  |TAMS 0x00000000a2000000, 0x00000000a1f00000| Untracked 
|  16|0x00000000a2000000, 0x00000000a2100000, 0x00000000a2100000|100%| O|  |TAMS 0x00000000a2100000, 0x00000000a2000000| Untracked 
|  17|0x00000000a2100000, 0x00000000a2200000, 0x00000000a2200000|100%| O|  |TAMS 0x00000000a2200000, 0x00000000a2100000| Untracked 
|  18|0x00000000a2200000, 0x00000000a2300000, 0x00000000a2300000|100%| O|  |TAMS 0x00000000a2200000, 0x00000000a2200000| Untracked 
|  19|0x00000000a2300000, 0x00000000a2400000, 0x00000000a2400000|100%| O|  |TAMS 0x00000000a2400000, 0x00000000a2300000| Untracked 
|  20|0x00000000a2400000, 0x00000000a2500000, 0x00000000a2500000|100%| O|  |TAMS 0x00000000a2500000, 0x00000000a2400000| Untracked 
|  21|0x00000000a2500000, 0x00000000a2600000, 0x00000000a2600000|100%| O|  |TAMS 0x00000000a2600000, 0x00000000a2500000| Untracked 
|  22|0x00000000a2600000, 0x00000000a2700000, 0x00000000a2700000|100%| O|  |TAMS 0x00000000a2700000, 0x00000000a2600000| Untracked 
|  23|0x00000000a2700000, 0x00000000a2800000, 0x00000000a2800000|100%| O|  |TAMS 0x00000000a2800000, 0x00000000a2700000| Untracked 
|  24|0x00000000a2800000, 0x00000000a2900000, 0x00000000a2900000|100%| O|  |TAMS 0x00000000a2900000, 0x00000000a2800000| Untracked 
|  25|0x00000000a2900000, 0x00000000a2a00000, 0x00000000a2a00000|100%| O|  |TAMS 0x00000000a2a00000, 0x00000000a2900000| Untracked 
|  26|0x00000000a2a00000, 0x00000000a2b00000, 0x00000000a2b00000|100%| O|  |TAMS 0x00000000a2b00000, 0x00000000a2a00000| Untracked 
|  27|0x00000000a2b00000, 0x00000000a2c00000, 0x00000000a2c00000|100%| O|  |TAMS 0x00000000a2c00000, 0x00000000a2b00000| Untracked 
|  28|0x00000000a2c00000, 0x00000000a2d00000, 0x00000000a2d00000|100%| O|  |TAMS 0x00000000a2d00000, 0x00000000a2c00000| Untracked 
|  29|0x00000000a2d00000, 0x00000000a2e00000, 0x00000000a2e00000|100%| O|  |TAMS 0x00000000a2e00000, 0x00000000a2d00000| Untracked 
|  30|0x00000000a2e00000, 0x00000000a2f00000, 0x00000000a2f00000|100%| O|  |TAMS 0x00000000a2e00000, 0x00000000a2e00000| Untracked 
|  31|0x00000000a2f00000, 0x00000000a3000000, 0x00000000a3000000|100%| O|  |TAMS 0x00000000a3000000, 0x00000000a2f00000| Untracked 
|  32|0x00000000a3000000, 0x00000000a3100000, 0x00000000a3100000|100%| O|  |TAMS 0x00000000a3100000, 0x00000000a3000000| Untracked 
|  33|0x00000000a3100000, 0x00000000a3200000, 0x00000000a3200000|100%| O|  |TAMS 0x00000000a3200000, 0x00000000a3100000| Untracked 
|  34|0x00000000a3200000, 0x00000000a3300000, 0x00000000a3300000|100%| O|  |TAMS 0x00000000a3300000, 0x00000000a3200000| Untracked 
|  35|0x00000000a3300000, 0x00000000a3400000, 0x00000000a3400000|100%| O|  |TAMS 0x00000000a3400000, 0x00000000a3300000| Untracked 
|  36|0x00000000a3400000, 0x00000000a3500000, 0x00000000a3500000|100%| O|  |TAMS 0x00000000a3500000, 0x00000000a3400000| Untracked 
|  37|0x00000000a3500000, 0x00000000a3600000, 0x00000000a3600000|100%| O|  |TAMS 0x00000000a3600000, 0x00000000a3500000| Untracked 
|  38|0x00000000a3600000, 0x00000000a3700000, 0x00000000a3700000|100%| O|  |TAMS 0x00000000a3700000, 0x00000000a3600000| Untracked 
|  39|0x00000000a3700000, 0x00000000a3800000, 0x00000000a3800000|100%| O|  |TAMS 0x00000000a3800000, 0x00000000a3700000| Untracked 
|  40|0x00000000a3800000, 0x00000000a3900000, 0x00000000a3900000|100%| O|  |TAMS 0x00000000a3900000, 0x00000000a3800000| Untracked 
|  41|0x00000000a3900000, 0x00000000a3a00000, 0x00000000a3a00000|100%| O|  |TAMS 0x00000000a3a00000, 0x00000000a3900000| Untracked 
|  42|0x00000000a3a00000, 0x00000000a3b00000, 0x00000000a3b00000|100%| O|  |TAMS 0x00000000a3b00000, 0x00000000a3a00000| Untracked 
|  43|0x00000000a3b00000, 0x00000000a3c00000, 0x00000000a3c00000|100%| O|  |TAMS 0x00000000a3c00000, 0x00000000a3b00000| Untracked 
|  44|0x00000000a3c00000, 0x00000000a3d00000, 0x00000000a3d00000|100%| O|  |TAMS 0x00000000a3d00000, 0x00000000a3c00000| Untracked 
|  45|0x00000000a3d00000, 0x00000000a3e00000, 0x00000000a3e00000|100%| O|  |TAMS 0x00000000a3e00000, 0x00000000a3d00000| Untracked 
|  46|0x00000000a3e00000, 0x00000000a3f00000, 0x00000000a3f00000|100%| O|  |TAMS 0x00000000a3f00000, 0x00000000a3e00000| Untracked 
|  47|0x00000000a3f00000, 0x00000000a4000000, 0x00000000a4000000|100%| O|  |TAMS 0x00000000a4000000, 0x00000000a3f00000| Untracked 
|  48|0x00000000a4000000, 0x00000000a4100000, 0x00000000a4100000|100%| O|  |TAMS 0x00000000a4000000, 0x00000000a4000000| Untracked 
|  49|0x00000000a4100000, 0x00000000a4200000, 0x00000000a4200000|100%| O|  |TAMS 0x00000000a4200000, 0x00000000a4100000| Untracked 
|  50|0x00000000a4200000, 0x00000000a4300000, 0x00000000a4300000|100%| O|  |TAMS 0x00000000a4300000, 0x00000000a4200000| Untracked 
|  51|0x00000000a4300000, 0x00000000a4400000, 0x00000000a4400000|100%| O|  |TAMS 0x00000000a4400000, 0x00000000a4300000| Untracked 
|  52|0x00000000a4400000, 0x00000000a4500000, 0x00000000a4500000|100%| O|  |TAMS 0x00000000a449c600, 0x00000000a4400000| Untracked 
|  53|0x00000000a4500000, 0x00000000a4600000, 0x00000000a4600000|100%| O|  |TAMS 0x00000000a4500000, 0x00000000a4500000| Untracked 
|  54|0x00000000a4600000, 0x00000000a4700000, 0x00000000a4700000|100%| O|  |TAMS 0x00000000a4600000, 0x00000000a4600000| Untracked 
|  55|0x00000000a4700000, 0x00000000a4800000, 0x00000000a4800000|100%| O|  |TAMS 0x00000000a4700000, 0x00000000a4700000| Untracked 
|  56|0x00000000a4800000, 0x00000000a4900000, 0x00000000a4900000|100%| O|  |TAMS 0x00000000a4800000, 0x00000000a4800000| Untracked 
|  57|0x00000000a4900000, 0x00000000a4a00000, 0x00000000a4a00000|100%| O|  |TAMS 0x00000000a4900000, 0x00000000a4900000| Untracked 
|  58|0x00000000a4a00000, 0x00000000a4b00000, 0x00000000a4b00000|100%| O|  |TAMS 0x00000000a4a00000, 0x00000000a4a00000| Untracked 
|  59|0x00000000a4b00000, 0x00000000a4c00000, 0x00000000a4c00000|100%| O|  |TAMS 0x00000000a4b00000, 0x00000000a4b00000| Untracked 
|  60|0x00000000a4c00000, 0x00000000a4d00000, 0x00000000a4d00000|100%| O|  |TAMS 0x00000000a4c00000, 0x00000000a4c00000| Untracked 
|  61|0x00000000a4d00000, 0x00000000a4e00000, 0x00000000a4e00000|100%| O|  |TAMS 0x00000000a4d00000, 0x00000000a4d00000| Untracked 
|  62|0x00000000a4e00000, 0x00000000a4f00000, 0x00000000a4f00000|100%| O|  |TAMS 0x00000000a4e00000, 0x00000000a4e00000| Untracked 
|  63|0x00000000a4f00000, 0x00000000a5000000, 0x00000000a5000000|100%| O|  |TAMS 0x00000000a4f00000, 0x00000000a4f00000| Untracked 
|  64|0x00000000a5000000, 0x00000000a5100000, 0x00000000a5100000|100%| O|  |TAMS 0x00000000a5000000, 0x00000000a5000000| Untracked 
|  65|0x00000000a5100000, 0x00000000a5200000, 0x00000000a5200000|100%| O|  |TAMS 0x00000000a5100000, 0x00000000a5100000| Untracked 
|  66|0x00000000a5200000, 0x00000000a5300000, 0x00000000a5300000|100%| O|  |TAMS 0x00000000a5200000, 0x00000000a5200000| Untracked 
|  67|0x00000000a5300000, 0x00000000a5400000, 0x00000000a5400000|100%| O|  |TAMS 0x00000000a5300000, 0x00000000a5300000| Untracked 
|  68|0x00000000a5400000, 0x00000000a5500000, 0x00000000a5500000|100%| O|  |TAMS 0x00000000a5400000, 0x00000000a5400000| Untracked 
|  69|0x00000000a5500000, 0x00000000a5600000, 0x00000000a5600000|100%| O|  |TAMS 0x00000000a5500000, 0x00000000a5500000| Untracked 
|  70|0x00000000a5600000, 0x00000000a5700000, 0x00000000a5700000|100%| O|  |TAMS 0x00000000a5600000, 0x00000000a5600000| Untracked 
|  71|0x00000000a5700000, 0x00000000a5800000, 0x00000000a5800000|100%| O|  |TAMS 0x00000000a5700000, 0x00000000a5700000| Untracked 
|  72|0x00000000a5800000, 0x00000000a5900000, 0x00000000a5900000|100%| O|  |TAMS 0x00000000a5800000, 0x00000000a5800000| Untracked 
|  73|0x00000000a5900000, 0x00000000a5a00000, 0x00000000a5a00000|100%| O|  |TAMS 0x00000000a5900000, 0x00000000a5900000| Untracked 
|  74|0x00000000a5a00000, 0x00000000a5b00000, 0x00000000a5b00000|100%| O|  |TAMS 0x00000000a5a00000, 0x00000000a5a00000| Untracked 
|  75|0x00000000a5b00000, 0x00000000a5c00000, 0x00000000a5c00000|100%| O|  |TAMS 0x00000000a5b00000, 0x00000000a5b00000| Untracked 
|  76|0x00000000a5c00000, 0x00000000a5d00000, 0x00000000a5d00000|100%| O|  |TAMS 0x00000000a5c00000, 0x00000000a5c00000| Untracked 
|  77|0x00000000a5d00000, 0x00000000a5e00000, 0x00000000a5e00000|100%| O|  |TAMS 0x00000000a5d00000, 0x00000000a5d00000| Untracked 
|  78|0x00000000a5e00000, 0x00000000a5f00000, 0x00000000a5f00000|100%| O|  |TAMS 0x00000000a5e00000, 0x00000000a5e00000| Untracked 
|  79|0x00000000a5f00000, 0x00000000a6000000, 0x00000000a6000000|100%| O|  |TAMS 0x00000000a5f00000, 0x00000000a5f00000| Untracked 
|  80|0x00000000a6000000, 0x00000000a6100000, 0x00000000a6100000|100%| O|  |TAMS 0x00000000a6000000, 0x00000000a6000000| Untracked 
|  81|0x00000000a6100000, 0x00000000a6200000, 0x00000000a6200000|100%| O|  |TAMS 0x00000000a6100000, 0x00000000a6100000| Untracked 
|  82|0x00000000a6200000, 0x00000000a6300000, 0x00000000a6300000|100%| O|  |TAMS 0x00000000a6200000, 0x00000000a6200000| Untracked 
|  83|0x00000000a6300000, 0x00000000a6400000, 0x00000000a6400000|100%| O|  |TAMS 0x00000000a6300000, 0x00000000a6300000| Untracked 
|  84|0x00000000a6400000, 0x00000000a6500000, 0x00000000a6500000|100%| O|  |TAMS 0x00000000a6400000, 0x00000000a6400000| Untracked 
|  85|0x00000000a6500000, 0x00000000a6600000, 0x00000000a6600000|100%| O|  |TAMS 0x00000000a6500000, 0x00000000a6500000| Untracked 
|  86|0x00000000a6600000, 0x00000000a6700000, 0x00000000a6700000|100%| O|  |TAMS 0x00000000a6600000, 0x00000000a6600000| Untracked 
|  87|0x00000000a6700000, 0x00000000a6800000, 0x00000000a6800000|100%| O|  |TAMS 0x00000000a6700000, 0x00000000a6700000| Untracked 
|  88|0x00000000a6800000, 0x00000000a6900000, 0x00000000a6900000|100%| O|  |TAMS 0x00000000a6800000, 0x00000000a6800000| Untracked 
|  89|0x00000000a6900000, 0x00000000a6a00000, 0x00000000a6a00000|100%| O|  |TAMS 0x00000000a6900000, 0x00000000a6900000| Untracked 
|  90|0x00000000a6a00000, 0x00000000a6b00000, 0x00000000a6b00000|100%| O|  |TAMS 0x00000000a6a00000, 0x00000000a6a00000| Untracked 
|  91|0x00000000a6b00000, 0x00000000a6c00000, 0x00000000a6c00000|100%| O|  |TAMS 0x00000000a6b00000, 0x00000000a6b00000| Untracked 
|  92|0x00000000a6c00000, 0x00000000a6d00000, 0x00000000a6d00000|100%| O|  |TAMS 0x00000000a6c00000, 0x00000000a6c00000| Untracked 
|  93|0x00000000a6d00000, 0x00000000a6e00000, 0x00000000a6e00000|100%| O|  |TAMS 0x00000000a6d00000, 0x00000000a6d00000| Untracked 
|  94|0x00000000a6e00000, 0x00000000a6f00000, 0x00000000a6f00000|100%| O|  |TAMS 0x00000000a6e00000, 0x00000000a6e00000| Untracked 
|  95|0x00000000a6f00000, 0x00000000a7000000, 0x00000000a7000000|100%| O|  |TAMS 0x00000000a6f00000, 0x00000000a6f00000| Untracked 
|  96|0x00000000a7000000, 0x00000000a7100000, 0x00000000a7100000|100%| O|  |TAMS 0x00000000a7000000, 0x00000000a7000000| Untracked 
|  97|0x00000000a7100000, 0x00000000a7200000, 0x00000000a7200000|100%| O|  |TAMS 0x00000000a7100000, 0x00000000a7100000| Untracked 
|  98|0x00000000a7200000, 0x00000000a7300000, 0x00000000a7300000|100%| O|  |TAMS 0x00000000a7200000, 0x00000000a7200000| Untracked 
|  99|0x00000000a7300000, 0x00000000a7400000, 0x00000000a7400000|100%| O|  |TAMS 0x00000000a7300000, 0x00000000a7300000| Untracked 
| 100|0x00000000a7400000, 0x00000000a7500000, 0x00000000a7500000|100%| O|  |TAMS 0x00000000a7400000, 0x00000000a7400000| Untracked 
| 101|0x00000000a7500000, 0x00000000a7600000, 0x00000000a7600000|100%| O|  |TAMS 0x00000000a7500000, 0x00000000a7500000| Untracked 
| 102|0x00000000a7600000, 0x00000000a7700000, 0x00000000a7700000|100%| O|  |TAMS 0x00000000a7600000, 0x00000000a7600000| Untracked 
| 103|0x00000000a7700000, 0x00000000a7800000, 0x00000000a7800000|100%| O|  |TAMS 0x00000000a7700000, 0x00000000a7700000| Untracked 
| 104|0x00000000a7800000, 0x00000000a7900000, 0x00000000a7900000|100%| O|  |TAMS 0x00000000a7800000, 0x00000000a7800000| Untracked 
| 105|0x00000000a7900000, 0x00000000a7a00000, 0x00000000a7a00000|100%| O|  |TAMS 0x00000000a7900000, 0x00000000a7900000| Untracked 
| 106|0x00000000a7a00000, 0x00000000a7b00000, 0x00000000a7b00000|100%| O|  |TAMS 0x00000000a7a00000, 0x00000000a7a00000| Untracked 
| 107|0x00000000a7b00000, 0x00000000a7c00000, 0x00000000a7c00000|100%| O|  |TAMS 0x00000000a7b00000, 0x00000000a7b00000| Untracked 
| 108|0x00000000a7c00000, 0x00000000a7d00000, 0x00000000a7d00000|100%| O|  |TAMS 0x00000000a7c00000, 0x00000000a7c00000| Untracked 
| 109|0x00000000a7d00000, 0x00000000a7e00000, 0x00000000a7e00000|100%| O|  |TAMS 0x00000000a7d00000, 0x00000000a7d00000| Untracked 
| 110|0x00000000a7e00000, 0x00000000a7f00000, 0x00000000a7f00000|100%| O|  |TAMS 0x00000000a7e00000, 0x00000000a7e00000| Untracked 
| 111|0x00000000a7f00000, 0x00000000a8000000, 0x00000000a8000000|100%| O|  |TAMS 0x00000000a7f00000, 0x00000000a7f00000| Untracked 
| 112|0x00000000a8000000, 0x00000000a8100000, 0x00000000a8100000|100%| O|  |TAMS 0x00000000a8000000, 0x00000000a8000000| Untracked 
| 113|0x00000000a8100000, 0x00000000a8200000, 0x00000000a8200000|100%| O|  |TAMS 0x00000000a8100000, 0x00000000a8100000| Untracked 
| 114|0x00000000a8200000, 0x00000000a8300000, 0x00000000a8300000|100%| O|  |TAMS 0x00000000a8200000, 0x00000000a8200000| Untracked 
| 115|0x00000000a8300000, 0x00000000a8400000, 0x00000000a8400000|100%| O|  |TAMS 0x00000000a8300000, 0x00000000a8300000| Untracked 
| 116|0x00000000a8400000, 0x00000000a8500000, 0x00000000a8500000|100%| O|  |TAMS 0x00000000a8400000, 0x00000000a8400000| Untracked 
| 117|0x00000000a8500000, 0x00000000a8600000, 0x00000000a8600000|100%| O|  |TAMS 0x00000000a8500000, 0x00000000a8500000| Untracked 
| 118|0x00000000a8600000, 0x00000000a8700000, 0x00000000a8700000|100%| O|  |TAMS 0x00000000a8600000, 0x00000000a8600000| Untracked 
| 119|0x00000000a8700000, 0x00000000a8800000, 0x00000000a8800000|100%| O|  |TAMS 0x00000000a8700000, 0x00000000a8700000| Untracked 
| 120|0x00000000a8800000, 0x00000000a8900000, 0x00000000a8900000|100%| O|  |TAMS 0x00000000a8800000, 0x00000000a8800000| Untracked 
| 121|0x00000000a8900000, 0x00000000a8a00000, 0x00000000a8a00000|100%| O|  |TAMS 0x00000000a8900000, 0x00000000a8900000| Untracked 
| 122|0x00000000a8a00000, 0x00000000a8abe800, 0x00000000a8b00000| 74%| O|  |TAMS 0x00000000a8a00000, 0x00000000a8a00000| Untracked 
| 123|0x00000000a8b00000, 0x00000000a8b00000, 0x00000000a8c00000|  0%| F|  |TAMS 0x00000000a8b00000, 0x00000000a8b00000| Untracked 
| 124|0x00000000a8c00000, 0x00000000a8c00000, 0x00000000a8d00000|  0%| F|  |TAMS 0x00000000a8c00000, 0x00000000a8c00000| Untracked 
| 125|0x00000000a8d00000, 0x00000000a8d00000, 0x00000000a8e00000|  0%| F|  |TAMS 0x00000000a8d00000, 0x00000000a8d00000| Untracked 
| 126|0x00000000a8e00000, 0x00000000a8e00000, 0x00000000a8f00000|  0%| F|  |TAMS 0x00000000a8e00000, 0x00000000a8e00000| Untracked 
| 127|0x00000000a8f00000, 0x00000000a8f00000, 0x00000000a9000000|  0%| F|  |TAMS 0x00000000a8f00000, 0x00000000a8f00000| Untracked 
| 128|0x00000000a9000000, 0x00000000a9000000, 0x00000000a9100000|  0%| F|  |TAMS 0x00000000a9000000, 0x00000000a9000000| Untracked 
| 129|0x00000000a9100000, 0x00000000a9100000, 0x00000000a9200000|  0%| F|  |TAMS 0x00000000a9100000, 0x00000000a9100000| Untracked 
| 130|0x00000000a9200000, 0x00000000a9200000, 0x00000000a9300000|  0%| F|  |TAMS 0x00000000a9200000, 0x00000000a9200000| Untracked 
| 131|0x00000000a9300000, 0x00000000a9300000, 0x00000000a9400000|  0%| F|  |TAMS 0x00000000a9300000, 0x00000000a9300000| Untracked 
| 132|0x00000000a9400000, 0x00000000a9400000, 0x00000000a9500000|  0%| F|  |TAMS 0x00000000a9400000, 0x00000000a9400000| Untracked 
| 133|0x00000000a9500000, 0x00000000a9500000, 0x00000000a9600000|  0%| F|  |TAMS 0x00000000a9500000, 0x00000000a9500000| Untracked 
| 134|0x00000000a9600000, 0x00000000a9600000, 0x00000000a9700000|  0%| F|  |TAMS 0x00000000a9600000, 0x00000000a9600000| Untracked 
| 135|0x00000000a9700000, 0x00000000a9700000, 0x00000000a9800000|  0%| F|  |TAMS 0x00000000a9700000, 0x00000000a9700000| Untracked 
| 136|0x00000000a9800000, 0x00000000a9800000, 0x00000000a9900000|  0%| F|  |TAMS 0x00000000a9800000, 0x00000000a9800000| Untracked 
| 137|0x00000000a9900000, 0x00000000a9900000, 0x00000000a9a00000|  0%| F|  |TAMS 0x00000000a9900000, 0x00000000a9900000| Untracked 
| 138|0x00000000a9a00000, 0x00000000a9a00000, 0x00000000a9b00000|  0%| F|  |TAMS 0x00000000a9a00000, 0x00000000a9a00000| Untracked 
| 139|0x00000000a9b00000, 0x00000000a9b00000, 0x00000000a9c00000|  0%| F|  |TAMS 0x00000000a9b00000, 0x00000000a9b00000| Untracked 
| 140|0x00000000a9c00000, 0x00000000a9c00000, 0x00000000a9d00000|  0%| F|  |TAMS 0x00000000a9c00000, 0x00000000a9c00000| Untracked 
| 141|0x00000000a9d00000, 0x00000000a9d00000, 0x00000000a9e00000|  0%| F|  |TAMS 0x00000000a9d00000, 0x00000000a9d00000| Untracked 
| 142|0x00000000a9e00000, 0x00000000a9e00000, 0x00000000a9f00000|  0%| F|  |TAMS 0x00000000a9e00000, 0x00000000a9e00000| Untracked 
| 143|0x00000000a9f00000, 0x00000000a9f00000, 0x00000000aa000000|  0%| F|  |TAMS 0x00000000a9f00000, 0x00000000a9f00000| Untracked 
| 144|0x00000000aa000000, 0x00000000aa000000, 0x00000000aa100000|  0%| F|  |TAMS 0x00000000aa000000, 0x00000000aa000000| Untracked 
| 145|0x00000000aa100000, 0x00000000aa100000, 0x00000000aa200000|  0%| F|  |TAMS 0x00000000aa100000, 0x00000000aa100000| Untracked 
| 146|0x00000000aa200000, 0x00000000aa200000, 0x00000000aa300000|  0%| F|  |TAMS 0x00000000aa200000, 0x00000000aa200000| Untracked 
| 147|0x00000000aa300000, 0x00000000aa300000, 0x00000000aa400000|  0%| F|  |TAMS 0x00000000aa300000, 0x00000000aa300000| Untracked 
| 148|0x00000000aa400000, 0x00000000aa400000, 0x00000000aa500000|  0%| F|  |TAMS 0x00000000aa400000, 0x00000000aa400000| Untracked 
| 149|0x00000000aa500000, 0x00000000aa500000, 0x00000000aa600000|  0%| F|  |TAMS 0x00000000aa500000, 0x00000000aa500000| Untracked 
| 150|0x00000000aa600000, 0x00000000aa600000, 0x00000000aa700000|  0%| F|  |TAMS 0x00000000aa600000, 0x00000000aa600000| Untracked 
| 151|0x00000000aa700000, 0x00000000aa700000, 0x00000000aa800000|  0%| F|  |TAMS 0x00000000aa700000, 0x00000000aa700000| Untracked 
| 152|0x00000000aa800000, 0x00000000aa800000, 0x00000000aa900000|  0%| F|  |TAMS 0x00000000aa800000, 0x00000000aa800000| Untracked 
| 153|0x00000000aa900000, 0x00000000aa900000, 0x00000000aaa00000|  0%| F|  |TAMS 0x00000000aa900000, 0x00000000aa900000| Untracked 
| 154|0x00000000aaa00000, 0x00000000aaa00000, 0x00000000aab00000|  0%| F|  |TAMS 0x00000000aaa00000, 0x00000000aaa00000| Untracked 
| 155|0x00000000aab00000, 0x00000000aab00000, 0x00000000aac00000|  0%| F|  |TAMS 0x00000000aab00000, 0x00000000aab00000| Untracked 
| 156|0x00000000aac00000, 0x00000000aac00000, 0x00000000aad00000|  0%| F|  |TAMS 0x00000000aac00000, 0x00000000aac00000| Untracked 
| 157|0x00000000aad00000, 0x00000000aad00000, 0x00000000aae00000|  0%| F|  |TAMS 0x00000000aad00000, 0x00000000aad00000| Untracked 
| 158|0x00000000aae00000, 0x00000000aae00000, 0x00000000aaf00000|  0%| F|  |TAMS 0x00000000aae00000, 0x00000000aae00000| Untracked 
| 159|0x00000000aaf00000, 0x00000000aaf00000, 0x00000000ab000000|  0%| F|  |TAMS 0x00000000aaf00000, 0x00000000aaf00000| Untracked 
| 160|0x00000000ab000000, 0x00000000ab000000, 0x00000000ab100000|  0%| F|  |TAMS 0x00000000ab000000, 0x00000000ab000000| Untracked 
| 161|0x00000000ab100000, 0x00000000ab100000, 0x00000000ab200000|  0%| F|  |TAMS 0x00000000ab100000, 0x00000000ab100000| Untracked 
| 162|0x00000000ab200000, 0x00000000ab200000, 0x00000000ab300000|  0%| F|  |TAMS 0x00000000ab200000, 0x00000000ab200000| Untracked 
| 163|0x00000000ab300000, 0x00000000ab300000, 0x00000000ab400000|  0%| F|  |TAMS 0x00000000ab300000, 0x00000000ab300000| Untracked 
| 164|0x00000000ab400000, 0x00000000ab400000, 0x00000000ab500000|  0%| F|  |TAMS 0x00000000ab400000, 0x00000000ab400000| Untracked 
| 165|0x00000000ab500000, 0x00000000ab500000, 0x00000000ab600000|  0%| F|  |TAMS 0x00000000ab500000, 0x00000000ab500000| Untracked 
| 166|0x00000000ab600000, 0x00000000ab600000, 0x00000000ab700000|  0%| F|  |TAMS 0x00000000ab600000, 0x00000000ab600000| Untracked 
| 167|0x00000000ab700000, 0x00000000ab700000, 0x00000000ab800000|  0%| F|  |TAMS 0x00000000ab700000, 0x00000000ab700000| Untracked 
| 168|0x00000000ab800000, 0x00000000ab800000, 0x00000000ab900000|  0%| F|  |TAMS 0x00000000ab800000, 0x00000000ab800000| Untracked 
| 169|0x00000000ab900000, 0x00000000ab900000, 0x00000000aba00000|  0%| F|  |TAMS 0x00000000ab900000, 0x00000000ab900000| Untracked 
| 170|0x00000000aba00000, 0x00000000aba00000, 0x00000000abb00000|  0%| F|  |TAMS 0x00000000aba00000, 0x00000000aba00000| Untracked 
| 171|0x00000000abb00000, 0x00000000abb00000, 0x00000000abc00000|  0%| F|  |TAMS 0x00000000abb00000, 0x00000000abb00000| Untracked 
| 172|0x00000000abc00000, 0x00000000abc00000, 0x00000000abd00000|  0%| F|  |TAMS 0x00000000abc00000, 0x00000000abc00000| Untracked 
| 173|0x00000000abd00000, 0x00000000abd00000, 0x00000000abe00000|  0%| F|  |TAMS 0x00000000abd00000, 0x00000000abd00000| Untracked 
| 174|0x00000000abe00000, 0x00000000abe00000, 0x00000000abf00000|  0%| F|  |TAMS 0x00000000abe00000, 0x00000000abe00000| Untracked 
| 175|0x00000000abf00000, 0x00000000abf00000, 0x00000000ac000000|  0%| F|  |TAMS 0x00000000abf00000, 0x00000000abf00000| Untracked 
| 176|0x00000000ac000000, 0x00000000ac000000, 0x00000000ac100000|  0%| F|  |TAMS 0x00000000ac000000, 0x00000000ac000000| Untracked 
| 177|0x00000000ac100000, 0x00000000ac100000, 0x00000000ac200000|  0%| F|  |TAMS 0x00000000ac100000, 0x00000000ac100000| Untracked 
| 178|0x00000000ac200000, 0x00000000ac200000, 0x00000000ac300000|  0%| F|  |TAMS 0x00000000ac200000, 0x00000000ac200000| Untracked 
| 179|0x00000000ac300000, 0x00000000ac300000, 0x00000000ac400000|  0%| F|  |TAMS 0x00000000ac300000, 0x00000000ac300000| Untracked 
| 180|0x00000000ac400000, 0x00000000ac400000, 0x00000000ac500000|  0%| F|  |TAMS 0x00000000ac400000, 0x00000000ac400000| Untracked 
| 181|0x00000000ac500000, 0x00000000ac500000, 0x00000000ac600000|  0%| F|  |TAMS 0x00000000ac500000, 0x00000000ac500000| Untracked 
| 182|0x00000000ac600000, 0x00000000ac600000, 0x00000000ac700000|  0%| F|  |TAMS 0x00000000ac600000, 0x00000000ac600000| Untracked 
| 183|0x00000000ac700000, 0x00000000ac700000, 0x00000000ac800000|  0%| F|  |TAMS 0x00000000ac700000, 0x00000000ac700000| Untracked 
| 184|0x00000000ac800000, 0x00000000ac800000, 0x00000000ac900000|  0%| F|  |TAMS 0x00000000ac800000, 0x00000000ac800000| Untracked 
| 185|0x00000000ac900000, 0x00000000ac900000, 0x00000000aca00000|  0%| F|  |TAMS 0x00000000ac900000, 0x00000000ac900000| Untracked 
| 186|0x00000000aca00000, 0x00000000aca00000, 0x00000000acb00000|  0%| F|  |TAMS 0x00000000aca00000, 0x00000000aca00000| Untracked 
| 187|0x00000000acb00000, 0x00000000acb00000, 0x00000000acc00000|  0%| F|  |TAMS 0x00000000acb00000, 0x00000000acb00000| Untracked 
| 188|0x00000000acc00000, 0x00000000acc00000, 0x00000000acd00000|  0%| F|  |TAMS 0x00000000acc00000, 0x00000000acc00000| Untracked 
| 189|0x00000000acd00000, 0x00000000acd00000, 0x00000000ace00000|  0%| F|  |TAMS 0x00000000acd00000, 0x00000000acd00000| Untracked 
| 190|0x00000000ace00000, 0x00000000ace00000, 0x00000000acf00000|  0%| F|  |TAMS 0x00000000ace00000, 0x00000000ace00000| Untracked 
| 191|0x00000000acf00000, 0x00000000acf00000, 0x00000000ad000000|  0%| F|  |TAMS 0x00000000acf00000, 0x00000000acf00000| Untracked 
| 192|0x00000000ad000000, 0x00000000ad000000, 0x00000000ad100000|  0%| F|  |TAMS 0x00000000ad000000, 0x00000000ad000000| Untracked 
| 193|0x00000000ad100000, 0x00000000ad100000, 0x00000000ad200000|  0%| F|  |TAMS 0x00000000ad100000, 0x00000000ad100000| Untracked 
| 194|0x00000000ad200000, 0x00000000ad200000, 0x00000000ad300000|  0%| F|  |TAMS 0x00000000ad200000, 0x00000000ad200000| Untracked 
| 195|0x00000000ad300000, 0x00000000ad300000, 0x00000000ad400000|  0%| F|  |TAMS 0x00000000ad300000, 0x00000000ad300000| Untracked 
| 196|0x00000000ad400000, 0x00000000ad400000, 0x00000000ad500000|  0%| F|  |TAMS 0x00000000ad400000, 0x00000000ad400000| Untracked 
| 197|0x00000000ad500000, 0x00000000ad500000, 0x00000000ad600000|  0%| F|  |TAMS 0x00000000ad500000, 0x00000000ad500000| Untracked 
| 198|0x00000000ad600000, 0x00000000ad600000, 0x00000000ad700000|  0%| F|  |TAMS 0x00000000ad600000, 0x00000000ad600000| Untracked 
| 199|0x00000000ad700000, 0x00000000ad700000, 0x00000000ad800000|  0%| F|  |TAMS 0x00000000ad700000, 0x00000000ad700000| Untracked 
| 200|0x00000000ad800000, 0x00000000ad800000, 0x00000000ad900000|  0%| F|  |TAMS 0x00000000ad800000, 0x00000000ad800000| Untracked 
| 201|0x00000000ad900000, 0x00000000ad900000, 0x00000000ada00000|  0%| F|  |TAMS 0x00000000ad900000, 0x00000000ad900000| Untracked 
| 202|0x00000000ada00000, 0x00000000ada00000, 0x00000000adb00000|  0%| F|  |TAMS 0x00000000ada00000, 0x00000000ada00000| Untracked 
| 203|0x00000000adb00000, 0x00000000adb00000, 0x00000000adc00000|  0%| F|  |TAMS 0x00000000adb00000, 0x00000000adb00000| Untracked 
| 204|0x00000000adc00000, 0x00000000adc00000, 0x00000000add00000|  0%| F|  |TAMS 0x00000000adc00000, 0x00000000adc00000| Untracked 
| 205|0x00000000add00000, 0x00000000add00000, 0x00000000ade00000|  0%| F|  |TAMS 0x00000000add00000, 0x00000000add00000| Untracked 
| 206|0x00000000ade00000, 0x00000000ade00000, 0x00000000adf00000|  0%| F|  |TAMS 0x00000000ade00000, 0x00000000ade00000| Untracked 
| 207|0x00000000adf00000, 0x00000000adf00000, 0x00000000ae000000|  0%| F|  |TAMS 0x00000000adf00000, 0x00000000adf00000| Untracked 
| 208|0x00000000ae000000, 0x00000000ae000000, 0x00000000ae100000|  0%| F|  |TAMS 0x00000000ae000000, 0x00000000ae000000| Untracked 
| 209|0x00000000ae100000, 0x00000000ae100000, 0x00000000ae200000|  0%| F|  |TAMS 0x00000000ae100000, 0x00000000ae100000| Untracked 
| 210|0x00000000ae200000, 0x00000000ae200000, 0x00000000ae300000|  0%| F|  |TAMS 0x00000000ae200000, 0x00000000ae200000| Untracked 
| 211|0x00000000ae300000, 0x00000000ae300000, 0x00000000ae400000|  0%| F|  |TAMS 0x00000000ae300000, 0x00000000ae300000| Untracked 
| 212|0x00000000ae400000, 0x00000000ae400000, 0x00000000ae500000|  0%| F|  |TAMS 0x00000000ae400000, 0x00000000ae400000| Untracked 
| 213|0x00000000ae500000, 0x00000000ae500000, 0x00000000ae600000|  0%| F|  |TAMS 0x00000000ae500000, 0x00000000ae500000| Untracked 
| 214|0x00000000ae600000, 0x00000000ae600000, 0x00000000ae700000|  0%| F|  |TAMS 0x00000000ae600000, 0x00000000ae600000| Untracked 
| 215|0x00000000ae700000, 0x00000000ae700000, 0x00000000ae800000|  0%| F|  |TAMS 0x00000000ae700000, 0x00000000ae700000| Untracked 
| 216|0x00000000ae800000, 0x00000000ae800000, 0x00000000ae900000|  0%| F|  |TAMS 0x00000000ae800000, 0x00000000ae800000| Untracked 
| 217|0x00000000ae900000, 0x00000000ae900000, 0x00000000aea00000|  0%| F|  |TAMS 0x00000000ae900000, 0x00000000ae900000| Untracked 
| 218|0x00000000aea00000, 0x00000000aea00000, 0x00000000aeb00000|  0%| F|  |TAMS 0x00000000aea00000, 0x00000000aea00000| Untracked 
| 219|0x00000000aeb00000, 0x00000000aeb00000, 0x00000000aec00000|  0%| F|  |TAMS 0x00000000aeb00000, 0x00000000aeb00000| Untracked 
| 220|0x00000000aec00000, 0x00000000aec00000, 0x00000000aed00000|  0%| F|  |TAMS 0x00000000aec00000, 0x00000000aec00000| Untracked 
| 221|0x00000000aed00000, 0x00000000aed00000, 0x00000000aee00000|  0%| F|  |TAMS 0x00000000aed00000, 0x00000000aed00000| Untracked 
| 222|0x00000000aee00000, 0x00000000aee00000, 0x00000000aef00000|  0%| F|  |TAMS 0x00000000aee00000, 0x00000000aee00000| Untracked 
| 223|0x00000000aef00000, 0x00000000aef00000, 0x00000000af000000|  0%| F|  |TAMS 0x00000000aef00000, 0x00000000aef00000| Untracked 
| 224|0x00000000af000000, 0x00000000af000000, 0x00000000af100000|  0%| F|  |TAMS 0x00000000af000000, 0x00000000af000000| Untracked 
| 225|0x00000000af100000, 0x00000000af100000, 0x00000000af200000|  0%| F|  |TAMS 0x00000000af100000, 0x00000000af100000| Untracked 
| 226|0x00000000af200000, 0x00000000af200000, 0x00000000af300000|  0%| F|  |TAMS 0x00000000af200000, 0x00000000af200000| Untracked 
| 227|0x00000000af300000, 0x00000000af300000, 0x00000000af400000|  0%| F|  |TAMS 0x00000000af300000, 0x00000000af300000| Untracked 
| 228|0x00000000af400000, 0x00000000af400000, 0x00000000af500000|  0%| F|  |TAMS 0x00000000af400000, 0x00000000af400000| Untracked 
| 229|0x00000000af500000, 0x00000000af500000, 0x00000000af600000|  0%| F|  |TAMS 0x00000000af500000, 0x00000000af500000| Untracked 
| 230|0x00000000af600000, 0x00000000af600000, 0x00000000af700000|  0%| F|  |TAMS 0x00000000af600000, 0x00000000af600000| Untracked 
| 231|0x00000000af700000, 0x00000000af700000, 0x00000000af800000|  0%| F|  |TAMS 0x00000000af700000, 0x00000000af700000| Untracked 
| 232|0x00000000af800000, 0x00000000af800000, 0x00000000af900000|  0%| F|  |TAMS 0x00000000af800000, 0x00000000af800000| Untracked 
| 233|0x00000000af900000, 0x00000000af900000, 0x00000000afa00000|  0%| F|  |TAMS 0x00000000af900000, 0x00000000af900000| Untracked 
| 234|0x00000000afa00000, 0x00000000afa00000, 0x00000000afb00000|  0%| F|  |TAMS 0x00000000afa00000, 0x00000000afa00000| Untracked 
| 235|0x00000000afb00000, 0x00000000afb00000, 0x00000000afc00000|  0%| F|  |TAMS 0x00000000afb00000, 0x00000000afb00000| Untracked 
| 236|0x00000000afc00000, 0x00000000afc00000, 0x00000000afd00000|  0%| F|  |TAMS 0x00000000afc00000, 0x00000000afc00000| Untracked 
| 237|0x00000000afd00000, 0x00000000afd00000, 0x00000000afe00000|  0%| F|  |TAMS 0x00000000afd00000, 0x00000000afd00000| Untracked 
| 238|0x00000000afe00000, 0x00000000afe00000, 0x00000000aff00000|  0%| F|  |TAMS 0x00000000afe00000, 0x00000000afe00000| Untracked 
| 239|0x00000000aff00000, 0x00000000aff00000, 0x00000000b0000000|  0%| F|  |TAMS 0x00000000aff00000, 0x00000000aff00000| Untracked 
| 240|0x00000000b0000000, 0x00000000b0000000, 0x00000000b0100000|  0%| F|  |TAMS 0x00000000b0000000, 0x00000000b0000000| Untracked 
| 241|0x00000000b0100000, 0x00000000b0100000, 0x00000000b0200000|  0%| F|  |TAMS 0x00000000b0100000, 0x00000000b0100000| Untracked 
| 242|0x00000000b0200000, 0x00000000b0200000, 0x00000000b0300000|  0%| F|  |TAMS 0x00000000b0200000, 0x00000000b0200000| Untracked 
| 243|0x00000000b0300000, 0x00000000b0300000, 0x00000000b0400000|  0%| F|  |TAMS 0x00000000b0300000, 0x00000000b0300000| Untracked 
| 244|0x00000000b0400000, 0x00000000b0400000, 0x00000000b0500000|  0%| F|  |TAMS 0x00000000b0400000, 0x00000000b0400000| Untracked 
| 245|0x00000000b0500000, 0x00000000b0500000, 0x00000000b0600000|  0%| F|  |TAMS 0x00000000b0500000, 0x00000000b0500000| Untracked 
| 246|0x00000000b0600000, 0x00000000b0600000, 0x00000000b0700000|  0%| F|  |TAMS 0x00000000b0600000, 0x00000000b0600000| Untracked 
| 247|0x00000000b0700000, 0x00000000b0700000, 0x00000000b0800000|  0%| F|  |TAMS 0x00000000b0700000, 0x00000000b0700000| Untracked 
| 248|0x00000000b0800000, 0x00000000b0800000, 0x00000000b0900000|  0%| F|  |TAMS 0x00000000b0800000, 0x00000000b0800000| Untracked 
| 249|0x00000000b0900000, 0x00000000b0900000, 0x00000000b0a00000|  0%| F|  |TAMS 0x00000000b0900000, 0x00000000b0900000| Untracked 
| 250|0x00000000b0a00000, 0x00000000b0a00000, 0x00000000b0b00000|  0%| F|  |TAMS 0x00000000b0a00000, 0x00000000b0a00000| Untracked 
| 251|0x00000000b0b00000, 0x00000000b0b00000, 0x00000000b0c00000|  0%| F|  |TAMS 0x00000000b0b00000, 0x00000000b0b00000| Untracked 
| 252|0x00000000b0c00000, 0x00000000b0c00000, 0x00000000b0d00000|  0%| F|  |TAMS 0x00000000b0c00000, 0x00000000b0c00000| Untracked 
| 253|0x00000000b0d00000, 0x00000000b0d00000, 0x00000000b0e00000|  0%| F|  |TAMS 0x00000000b0d00000, 0x00000000b0d00000| Untracked 
| 254|0x00000000b0e00000, 0x00000000b0e00000, 0x00000000b0f00000|  0%| F|  |TAMS 0x00000000b0e00000, 0x00000000b0e00000| Untracked 
| 255|0x00000000b0f00000, 0x00000000b0f00000, 0x00000000b1000000|  0%| F|  |TAMS 0x00000000b0f00000, 0x00000000b0f00000| Untracked 
| 256|0x00000000b1000000, 0x00000000b1000000, 0x00000000b1100000|  0%| F|  |TAMS 0x00000000b1000000, 0x00000000b1000000| Untracked 
| 257|0x00000000b1100000, 0x00000000b1100000, 0x00000000b1200000|  0%| F|  |TAMS 0x00000000b1100000, 0x00000000b1100000| Untracked 
| 258|0x00000000b1200000, 0x00000000b1200000, 0x00000000b1300000|  0%| F|  |TAMS 0x00000000b1200000, 0x00000000b1200000| Untracked 
| 259|0x00000000b1300000, 0x00000000b1300000, 0x00000000b1400000|  0%| F|  |TAMS 0x00000000b1300000, 0x00000000b1300000| Untracked 
| 260|0x00000000b1400000, 0x00000000b1400000, 0x00000000b1500000|  0%| F|  |TAMS 0x00000000b1400000, 0x00000000b1400000| Untracked 
| 261|0x00000000b1500000, 0x00000000b1500000, 0x00000000b1600000|  0%| F|  |TAMS 0x00000000b1500000, 0x00000000b1500000| Untracked 
| 262|0x00000000b1600000, 0x00000000b1600000, 0x00000000b1700000|  0%| F|  |TAMS 0x00000000b1600000, 0x00000000b1600000| Untracked 
| 263|0x00000000b1700000, 0x00000000b1700000, 0x00000000b1800000|  0%| F|  |TAMS 0x00000000b1700000, 0x00000000b1700000| Untracked 
| 264|0x00000000b1800000, 0x00000000b1800000, 0x00000000b1900000|  0%| F|  |TAMS 0x00000000b1800000, 0x00000000b1800000| Untracked 
| 265|0x00000000b1900000, 0x00000000b1900000, 0x00000000b1a00000|  0%| F|  |TAMS 0x00000000b1900000, 0x00000000b1900000| Untracked 
| 266|0x00000000b1a00000, 0x00000000b1a00000, 0x00000000b1b00000|  0%| F|  |TAMS 0x00000000b1a00000, 0x00000000b1a00000| Untracked 
| 267|0x00000000b1b00000, 0x00000000b1b00000, 0x00000000b1c00000|  0%| F|  |TAMS 0x00000000b1b00000, 0x00000000b1b00000| Untracked 
| 268|0x00000000b1c00000, 0x00000000b1c00000, 0x00000000b1d00000|  0%| F|  |TAMS 0x00000000b1c00000, 0x00000000b1c00000| Untracked 
| 269|0x00000000b1d00000, 0x00000000b1d00000, 0x00000000b1e00000|  0%| F|  |TAMS 0x00000000b1d00000, 0x00000000b1d00000| Untracked 
| 270|0x00000000b1e00000, 0x00000000b1e00000, 0x00000000b1f00000|  0%| F|  |TAMS 0x00000000b1e00000, 0x00000000b1e00000| Untracked 
| 271|0x00000000b1f00000, 0x00000000b1f00000, 0x00000000b2000000|  0%| F|  |TAMS 0x00000000b1f00000, 0x00000000b1f00000| Untracked 
| 272|0x00000000b2000000, 0x00000000b2000000, 0x00000000b2100000|  0%| F|  |TAMS 0x00000000b2000000, 0x00000000b2000000| Untracked 
| 273|0x00000000b2100000, 0x00000000b2100000, 0x00000000b2200000|  0%| F|  |TAMS 0x00000000b2100000, 0x00000000b2100000| Untracked 
| 274|0x00000000b2200000, 0x00000000b2200000, 0x00000000b2300000|  0%| F|  |TAMS 0x00000000b2200000, 0x00000000b2200000| Untracked 
| 275|0x00000000b2300000, 0x00000000b2300000, 0x00000000b2400000|  0%| F|  |TAMS 0x00000000b2300000, 0x00000000b2300000| Untracked 
| 276|0x00000000b2400000, 0x00000000b2400000, 0x00000000b2500000|  0%| F|  |TAMS 0x00000000b2400000, 0x00000000b2400000| Untracked 
| 277|0x00000000b2500000, 0x00000000b2500000, 0x00000000b2600000|  0%| F|  |TAMS 0x00000000b2500000, 0x00000000b2500000| Untracked 
| 278|0x00000000b2600000, 0x00000000b2600000, 0x00000000b2700000|  0%| F|  |TAMS 0x00000000b2600000, 0x00000000b2600000| Untracked 
| 279|0x00000000b2700000, 0x00000000b2700000, 0x00000000b2800000|  0%| F|  |TAMS 0x00000000b2700000, 0x00000000b2700000| Untracked 
| 280|0x00000000b2800000, 0x00000000b2800000, 0x00000000b2900000|  0%| F|  |TAMS 0x00000000b2800000, 0x00000000b2800000| Untracked 
| 281|0x00000000b2900000, 0x00000000b2900000, 0x00000000b2a00000|  0%| F|  |TAMS 0x00000000b2900000, 0x00000000b2900000| Untracked 
| 282|0x00000000b2a00000, 0x00000000b2a00000, 0x00000000b2b00000|  0%| F|  |TAMS 0x00000000b2a00000, 0x00000000b2a00000| Untracked 
| 283|0x00000000b2b00000, 0x00000000b2b00000, 0x00000000b2c00000|  0%| F|  |TAMS 0x00000000b2b00000, 0x00000000b2b00000| Untracked 
| 284|0x00000000b2c00000, 0x00000000b2c00000, 0x00000000b2d00000|  0%| F|  |TAMS 0x00000000b2c00000, 0x00000000b2c00000| Untracked 
| 285|0x00000000b2d00000, 0x00000000b2d00000, 0x00000000b2e00000|  0%| F|  |TAMS 0x00000000b2d00000, 0x00000000b2d00000| Untracked 
| 286|0x00000000b2e00000, 0x00000000b2e00000, 0x00000000b2f00000|  0%| F|  |TAMS 0x00000000b2e00000, 0x00000000b2e00000| Untracked 
| 287|0x00000000b2f00000, 0x00000000b2f00000, 0x00000000b3000000|  0%| F|  |TAMS 0x00000000b2f00000, 0x00000000b2f00000| Untracked 
| 288|0x00000000b3000000, 0x00000000b3000000, 0x00000000b3100000|  0%| F|  |TAMS 0x00000000b3000000, 0x00000000b3000000| Untracked 
| 289|0x00000000b3100000, 0x00000000b3100000, 0x00000000b3200000|  0%| F|  |TAMS 0x00000000b3100000, 0x00000000b3100000| Untracked 
| 290|0x00000000b3200000, 0x00000000b3200000, 0x00000000b3300000|  0%| F|  |TAMS 0x00000000b3200000, 0x00000000b3200000| Untracked 
| 291|0x00000000b3300000, 0x00000000b3300000, 0x00000000b3400000|  0%| F|  |TAMS 0x00000000b3300000, 0x00000000b3300000| Untracked 
| 292|0x00000000b3400000, 0x00000000b3400000, 0x00000000b3500000|  0%| F|  |TAMS 0x00000000b3400000, 0x00000000b3400000| Untracked 
| 293|0x00000000b3500000, 0x00000000b3500000, 0x00000000b3600000|  0%| F|  |TAMS 0x00000000b3500000, 0x00000000b3500000| Untracked 
| 294|0x00000000b3600000, 0x00000000b3600000, 0x00000000b3700000|  0%| F|  |TAMS 0x00000000b3600000, 0x00000000b3600000| Untracked 
| 295|0x00000000b3700000, 0x00000000b3700000, 0x00000000b3800000|  0%| F|  |TAMS 0x00000000b3700000, 0x00000000b3700000| Untracked 
| 296|0x00000000b3800000, 0x00000000b3800000, 0x00000000b3900000|  0%| F|  |TAMS 0x00000000b3800000, 0x00000000b3800000| Untracked 
| 297|0x00000000b3900000, 0x00000000b3900000, 0x00000000b3a00000|  0%| F|  |TAMS 0x00000000b3900000, 0x00000000b3900000| Untracked 
| 298|0x00000000b3a00000, 0x00000000b3a00000, 0x00000000b3b00000|  0%| F|  |TAMS 0x00000000b3a00000, 0x00000000b3a00000| Untracked 
| 299|0x00000000b3b00000, 0x00000000b3b00000, 0x00000000b3c00000|  0%| F|  |TAMS 0x00000000b3b00000, 0x00000000b3b00000| Untracked 
| 300|0x00000000b3c00000, 0x00000000b3c00000, 0x00000000b3d00000|  0%| F|  |TAMS 0x00000000b3c00000, 0x00000000b3c00000| Untracked 
| 301|0x00000000b3d00000, 0x00000000b3d00000, 0x00000000b3e00000|  0%| F|  |TAMS 0x00000000b3d00000, 0x00000000b3d00000| Untracked 
| 302|0x00000000b3e00000, 0x00000000b3e00000, 0x00000000b3f00000|  0%| F|  |TAMS 0x00000000b3e00000, 0x00000000b3e00000| Untracked 
| 303|0x00000000b3f00000, 0x00000000b3f00000, 0x00000000b4000000|  0%| F|  |TAMS 0x00000000b3f00000, 0x00000000b3f00000| Untracked 
| 304|0x00000000b4000000, 0x00000000b4000000, 0x00000000b4100000|  0%| F|  |TAMS 0x00000000b4000000, 0x00000000b4000000| Untracked 
| 305|0x00000000b4100000, 0x00000000b4100000, 0x00000000b4200000|  0%| F|  |TAMS 0x00000000b4100000, 0x00000000b4100000| Untracked 
| 306|0x00000000b4200000, 0x00000000b4200000, 0x00000000b4300000|  0%| F|  |TAMS 0x00000000b4200000, 0x00000000b4200000| Untracked 
| 307|0x00000000b4300000, 0x00000000b4300000, 0x00000000b4400000|  0%| F|  |TAMS 0x00000000b4300000, 0x00000000b4300000| Untracked 
| 308|0x00000000b4400000, 0x00000000b4400000, 0x00000000b4500000|  0%| F|  |TAMS 0x00000000b4400000, 0x00000000b4400000| Untracked 
| 309|0x00000000b4500000, 0x00000000b4500000, 0x00000000b4600000|  0%| F|  |TAMS 0x00000000b4500000, 0x00000000b4500000| Untracked 
| 310|0x00000000b4600000, 0x00000000b4600000, 0x00000000b4700000|  0%| F|  |TAMS 0x00000000b4600000, 0x00000000b4600000| Untracked 
| 311|0x00000000b4700000, 0x00000000b4700000, 0x00000000b4800000|  0%| F|  |TAMS 0x00000000b4700000, 0x00000000b4700000| Untracked 
| 312|0x00000000b4800000, 0x00000000b4800000, 0x00000000b4900000|  0%| F|  |TAMS 0x00000000b4800000, 0x00000000b4800000| Untracked 
| 313|0x00000000b4900000, 0x00000000b4900000, 0x00000000b4a00000|  0%| F|  |TAMS 0x00000000b4900000, 0x00000000b4900000| Untracked 
| 314|0x00000000b4a00000, 0x00000000b4a00000, 0x00000000b4b00000|  0%| F|  |TAMS 0x00000000b4a00000, 0x00000000b4a00000| Untracked 
| 315|0x00000000b4b00000, 0x00000000b4b00000, 0x00000000b4c00000|  0%| F|  |TAMS 0x00000000b4b00000, 0x00000000b4b00000| Untracked 
| 316|0x00000000b4c00000, 0x00000000b4c00000, 0x00000000b4d00000|  0%| F|  |TAMS 0x00000000b4c00000, 0x00000000b4c00000| Untracked 
| 317|0x00000000b4d00000, 0x00000000b4d00000, 0x00000000b4e00000|  0%| F|  |TAMS 0x00000000b4d00000, 0x00000000b4d00000| Untracked 
| 318|0x00000000b4e00000, 0x00000000b4e00000, 0x00000000b4f00000|  0%| F|  |TAMS 0x00000000b4e00000, 0x00000000b4e00000| Untracked 
| 319|0x00000000b4f00000, 0x00000000b4f00000, 0x00000000b5000000|  0%| F|  |TAMS 0x00000000b4f00000, 0x00000000b4f00000| Untracked 
| 320|0x00000000b5000000, 0x00000000b5000000, 0x00000000b5100000|  0%| F|  |TAMS 0x00000000b5000000, 0x00000000b5000000| Untracked 
| 321|0x00000000b5100000, 0x00000000b5100000, 0x00000000b5200000|  0%| F|  |TAMS 0x00000000b5100000, 0x00000000b5100000| Untracked 
| 322|0x00000000b5200000, 0x00000000b5200000, 0x00000000b5300000|  0%| F|  |TAMS 0x00000000b5200000, 0x00000000b5200000| Untracked 
| 323|0x00000000b5300000, 0x00000000b5300000, 0x00000000b5400000|  0%| F|  |TAMS 0x00000000b5300000, 0x00000000b5300000| Untracked 
| 324|0x00000000b5400000, 0x00000000b5400000, 0x00000000b5500000|  0%| F|  |TAMS 0x00000000b5400000, 0x00000000b5400000| Untracked 
| 325|0x00000000b5500000, 0x00000000b5500000, 0x00000000b5600000|  0%| F|  |TAMS 0x00000000b5500000, 0x00000000b5500000| Untracked 
| 326|0x00000000b5600000, 0x00000000b5600000, 0x00000000b5700000|  0%| F|  |TAMS 0x00000000b5600000, 0x00000000b5600000| Untracked 
| 327|0x00000000b5700000, 0x00000000b5700000, 0x00000000b5800000|  0%| F|  |TAMS 0x00000000b5700000, 0x00000000b5700000| Untracked 
| 328|0x00000000b5800000, 0x00000000b5800000, 0x00000000b5900000|  0%| F|  |TAMS 0x00000000b5800000, 0x00000000b5800000| Untracked 
| 329|0x00000000b5900000, 0x00000000b5900000, 0x00000000b5a00000|  0%| F|  |TAMS 0x00000000b5900000, 0x00000000b5900000| Untracked 
| 330|0x00000000b5a00000, 0x00000000b5a00000, 0x00000000b5b00000|  0%| F|  |TAMS 0x00000000b5a00000, 0x00000000b5a00000| Untracked 
| 331|0x00000000b5b00000, 0x00000000b5b00000, 0x00000000b5c00000|  0%| F|  |TAMS 0x00000000b5b00000, 0x00000000b5b00000| Untracked 
| 332|0x00000000b5c00000, 0x00000000b5c00000, 0x00000000b5d00000|  0%| F|  |TAMS 0x00000000b5c00000, 0x00000000b5c00000| Untracked 
| 333|0x00000000b5d00000, 0x00000000b5d00000, 0x00000000b5e00000|  0%| F|  |TAMS 0x00000000b5d00000, 0x00000000b5d00000| Untracked 
| 334|0x00000000b5e00000, 0x00000000b5e00000, 0x00000000b5f00000|  0%| F|  |TAMS 0x00000000b5e00000, 0x00000000b5e00000| Untracked 
| 335|0x00000000b5f00000, 0x00000000b5f00000, 0x00000000b6000000|  0%| F|  |TAMS 0x00000000b5f00000, 0x00000000b5f00000| Untracked 
| 336|0x00000000b6000000, 0x00000000b6000000, 0x00000000b6100000|  0%| F|  |TAMS 0x00000000b6000000, 0x00000000b6000000| Untracked 
| 337|0x00000000b6100000, 0x00000000b6100000, 0x00000000b6200000|  0%| F|  |TAMS 0x00000000b6100000, 0x00000000b6100000| Untracked 
| 338|0x00000000b6200000, 0x00000000b6200000, 0x00000000b6300000|  0%| F|  |TAMS 0x00000000b6200000, 0x00000000b6200000| Untracked 
| 339|0x00000000b6300000, 0x00000000b63d0e80, 0x00000000b6400000| 81%| S|CS|TAMS 0x00000000b6300000, 0x00000000b6300000| Complete 
| 340|0x00000000b6400000, 0x00000000b6400000, 0x00000000b6500000|  0%| F|  |TAMS 0x00000000b6400000, 0x00000000b6400000| Untracked 
| 341|0x00000000b6500000, 0x00000000b6500000, 0x00000000b6600000|  0%| F|  |TAMS 0x00000000b6500000, 0x00000000b6500000| Untracked 
| 342|0x00000000b6600000, 0x00000000b6600000, 0x00000000b6700000|  0%| F|  |TAMS 0x00000000b6600000, 0x00000000b6600000| Untracked 
| 343|0x00000000b6700000, 0x00000000b6700000, 0x00000000b6800000|  0%| F|  |TAMS 0x00000000b6700000, 0x00000000b6700000| Untracked 
| 344|0x00000000b6800000, 0x00000000b68aeff8, 0x00000000b6900000| 68%| E|  |TAMS 0x00000000b6800000, 0x00000000b6800000| Complete 
| 345|0x00000000b6900000, 0x00000000b6a00000, 0x00000000b6a00000|100%| E|CS|TAMS 0x00000000b6900000, 0x00000000b6900000| Complete 
| 346|0x00000000b6a00000, 0x00000000b6b00000, 0x00000000b6b00000|100%| E|CS|TAMS 0x00000000b6a00000, 0x00000000b6a00000| Complete 
| 347|0x00000000b6b00000, 0x00000000b6c00000, 0x00000000b6c00000|100%| E|CS|TAMS 0x00000000b6b00000, 0x00000000b6b00000| Complete 
| 348|0x00000000b6c00000, 0x00000000b6d00000, 0x00000000b6d00000|100%| E|CS|TAMS 0x00000000b6c00000, 0x00000000b6c00000| Complete 
| 349|0x00000000b6d00000, 0x00000000b6e00000, 0x00000000b6e00000|100%| E|CS|TAMS 0x00000000b6d00000, 0x00000000b6d00000| Complete 
| 350|0x00000000b6e00000, 0x00000000b6f00000, 0x00000000b6f00000|100%| E|CS|TAMS 0x00000000b6e00000, 0x00000000b6e00000| Complete 
| 351|0x00000000b6f00000, 0x00000000b7000000, 0x00000000b7000000|100%| E|CS|TAMS 0x00000000b6f00000, 0x00000000b6f00000| Complete 
| 352|0x00000000b7000000, 0x00000000b7100000, 0x00000000b7100000|100%| E|CS|TAMS 0x00000000b7000000, 0x00000000b7000000| Complete 
| 353|0x00000000b7100000, 0x00000000b7200000, 0x00000000b7200000|100%| E|CS|TAMS 0x00000000b7100000, 0x00000000b7100000| Complete 
| 354|0x00000000b7200000, 0x00000000b7300000, 0x00000000b7300000|100%| E|CS|TAMS 0x00000000b7200000, 0x00000000b7200000| Complete 
| 355|0x00000000b7300000, 0x00000000b7400000, 0x00000000b7400000|100%| E|CS|TAMS 0x00000000b7300000, 0x00000000b7300000| Complete 
| 356|0x00000000b7400000, 0x00000000b7500000, 0x00000000b7500000|100%| E|CS|TAMS 0x00000000b7400000, 0x00000000b7400000| Complete 
| 357|0x00000000b7500000, 0x00000000b7600000, 0x00000000b7600000|100%| E|CS|TAMS 0x00000000b7500000, 0x00000000b7500000| Complete 
| 358|0x00000000b7600000, 0x00000000b7700000, 0x00000000b7700000|100%| E|CS|TAMS 0x00000000b7600000, 0x00000000b7600000| Complete 
| 359|0x00000000b7700000, 0x00000000b7800000, 0x00000000b7800000|100%| E|CS|TAMS 0x00000000b7700000, 0x00000000b7700000| Complete 
| 360|0x00000000b7800000, 0x00000000b7900000, 0x00000000b7900000|100%| E|CS|TAMS 0x00000000b7800000, 0x00000000b7800000| Complete 
| 361|0x00000000b7900000, 0x00000000b7a00000, 0x00000000b7a00000|100%| E|CS|TAMS 0x00000000b7900000, 0x00000000b7900000| Complete 
| 362|0x00000000b7a00000, 0x00000000b7b00000, 0x00000000b7b00000|100%| E|CS|TAMS 0x00000000b7a00000, 0x00000000b7a00000| Complete 
| 363|0x00000000b7b00000, 0x00000000b7c00000, 0x00000000b7c00000|100%| E|CS|TAMS 0x00000000b7b00000, 0x00000000b7b00000| Complete 
| 364|0x00000000b7c00000, 0x00000000b7d00000, 0x00000000b7d00000|100%| E|CS|TAMS 0x00000000b7c00000, 0x00000000b7c00000| Complete 
| 365|0x00000000b7d00000, 0x00000000b7e00000, 0x00000000b7e00000|100%| E|CS|TAMS 0x00000000b7d00000, 0x00000000b7d00000| Complete 
| 366|0x00000000b7e00000, 0x00000000b7f00000, 0x00000000b7f00000|100%| E|CS|TAMS 0x00000000b7e00000, 0x00000000b7e00000| Complete 
| 367|0x00000000b7f00000, 0x00000000b8000000, 0x00000000b8000000|100%| E|CS|TAMS 0x00000000b7f00000, 0x00000000b7f00000| Complete 
| 368|0x00000000b8000000, 0x00000000b8100000, 0x00000000b8100000|100%| E|CS|TAMS 0x00000000b8000000, 0x00000000b8000000| Complete 
| 369|0x00000000b8100000, 0x00000000b8200000, 0x00000000b8200000|100%| E|CS|TAMS 0x00000000b8100000, 0x00000000b8100000| Complete 
| 370|0x00000000b8200000, 0x00000000b8300000, 0x00000000b8300000|100%| E|CS|TAMS 0x00000000b8200000, 0x00000000b8200000| Complete 
| 371|0x00000000b8300000, 0x00000000b8400000, 0x00000000b8400000|100%| E|CS|TAMS 0x00000000b8300000, 0x00000000b8300000| Complete 
| 372|0x00000000b8400000, 0x00000000b8500000, 0x00000000b8500000|100%| E|CS|TAMS 0x00000000b8400000, 0x00000000b8400000| Complete 
| 373|0x00000000b8500000, 0x00000000b8600000, 0x00000000b8600000|100%| E|CS|TAMS 0x00000000b8500000, 0x00000000b8500000| Complete 
| 374|0x00000000b8600000, 0x00000000b8700000, 0x00000000b8700000|100%| E|CS|TAMS 0x00000000b8600000, 0x00000000b8600000| Complete 
| 375|0x00000000b8700000, 0x00000000b8800000, 0x00000000b8800000|100%| E|CS|TAMS 0x00000000b8700000, 0x00000000b8700000| Complete 
| 376|0x00000000b8800000, 0x00000000b8900000, 0x00000000b8900000|100%| E|CS|TAMS 0x00000000b8800000, 0x00000000b8800000| Complete 
| 377|0x00000000b8900000, 0x00000000b8a00000, 0x00000000b8a00000|100%| E|CS|TAMS 0x00000000b8900000, 0x00000000b8900000| Complete 
| 378|0x00000000b8a00000, 0x00000000b8b00000, 0x00000000b8b00000|100%| E|CS|TAMS 0x00000000b8a00000, 0x00000000b8a00000| Complete 
| 379|0x00000000b8b00000, 0x00000000b8c00000, 0x00000000b8c00000|100%| E|CS|TAMS 0x00000000b8b00000, 0x00000000b8b00000| Complete 
| 380|0x00000000b8c00000, 0x00000000b8d00000, 0x00000000b8d00000|100%| E|CS|TAMS 0x00000000b8c00000, 0x00000000b8c00000| Complete 
| 381|0x00000000b8d00000, 0x00000000b8e00000, 0x00000000b8e00000|100%| E|CS|TAMS 0x00000000b8d00000, 0x00000000b8d00000| Complete 
| 382|0x00000000b8e00000, 0x00000000b8f00000, 0x00000000b8f00000|100%| E|CS|TAMS 0x00000000b8e00000, 0x00000000b8e00000| Complete 
| 383|0x00000000b8f00000, 0x00000000b9000000, 0x00000000b9000000|100%| E|CS|TAMS 0x00000000b8f00000, 0x00000000b8f00000| Complete 
| 384|0x00000000b9000000, 0x00000000b9100000, 0x00000000b9100000|100%| E|CS|TAMS 0x00000000b9000000, 0x00000000b9000000| Complete 
| 385|0x00000000b9100000, 0x00000000b9200000, 0x00000000b9200000|100%| E|CS|TAMS 0x00000000b9100000, 0x00000000b9100000| Complete 
| 386|0x00000000b9200000, 0x00000000b9300000, 0x00000000b9300000|100%| E|CS|TAMS 0x00000000b9200000, 0x00000000b9200000| Complete 
| 387|0x00000000b9300000, 0x00000000b9400000, 0x00000000b9400000|100%| E|CS|TAMS 0x00000000b9300000, 0x00000000b9300000| Complete 

Card table byte_map: [0x000001cdbb0b0000,0x000001cdbb3b0000] _byte_map_base: 0x000001cdbaba8000

Marking Bits (Prev, Next): (CMBitMap*) 0x000001cda4014190, (CMBitMap*) 0x000001cda40141d0
 Prev Bits: [0x000001cdbb6b0000, 0x000001cdbce70000)
 Next Bits: [0x000001cdbce70000, 0x000001cdbe630000)

Polling page: 0x000001cda1f70000

Metaspace:

Usage:
  Non-class:     88.85 MB used.
      Class:     14.14 MB used.
       Both:    102.99 MB used.

Virtual space:
  Non-class space:       96.00 MB reserved,      89.19 MB ( 93%) committed,  12 nodes.
      Class space:        1.00 GB reserved,      14.44 MB (  1%) committed,  1 nodes.
             Both:        1.09 GB reserved,     103.62 MB (  9%) committed. 

Chunk freelists:
   Non-Class:  2.58 MB
       Class:  1.48 MB
        Both:  4.06 MB

MaxMetaspaceSize: unlimited
CompressedClassSpaceSize: 1.00 GB
Initial GC threshold: 21.00 MB
Current GC threshold: 146.69 MB
CDS: on
MetaspaceReclaimPolicy: balanced
 - commit_granule_bytes: 65536.
 - commit_granule_words: 8192.
 - virtual_space_node_default_size: 1048576.
 - enlarge_chunks_in_place: 1.
 - new_chunks_are_fully_committed: 0.
 - uncommit_free_chunks: 1.
 - use_allocation_guard: 0.
 - handle_deallocations: 1.


Internal statistics:

num_allocs_failed_limit: 8.
num_arena_births: 962.
num_arena_deaths: 0.
num_vsnodes_births: 13.
num_vsnodes_deaths: 0.
num_space_committed: 1658.
num_space_uncommitted: 0.
num_chunks_returned_to_freelist: 8.
num_chunks_taken_from_freelist: 4810.
num_chunk_merges: 8.
num_chunk_splits: 3538.
num_chunks_enlarged: 2833.
num_purges: 0.
num_inconsistent_stats: 0.

CodeHeap 'non-profiled nmethods': size=120000Kb used=5714Kb max_used=5714Kb free=114285Kb
 bounds [0x000001cdb3550000, 0x000001cdb3af0000, 0x000001cdbaa80000]
CodeHeap 'profiled nmethods': size=120000Kb used=19652Kb max_used=19652Kb free=100347Kb
 bounds [0x000001cdac020000, 0x000001cdad360000, 0x000001cdb3550000]
CodeHeap 'non-nmethods': size=5760Kb used=1410Kb max_used=1457Kb free=4349Kb
 bounds [0x000001cdaba80000, 0x000001cdabcf0000, 0x000001cdac020000]
 total_blobs=10685 nmethods=9926 adapters=670
 compilation: enabled
              stopped_count=0, restarted_count=0
 full_count=0

Compilation events (20 events):
Event: 1300.525 Thread 0x000001cdc106f7f0 11735       3       java.nio.charset.CharsetEncoder::<init> (16 bytes)
Event: 1300.526 Thread 0x000001cdc1062930 nmethod 11733 0x000001cdb3ae3290 code [0x000001cdb3ae3420, 0x000001cdb3ae35b8]
Event: 1300.526 Thread 0x000001cdc106f7f0 nmethod 11735 0x000001cdad34e090 code [0x000001cdad34e240, 0x000001cdad34e428]
Event: 1300.526 Thread 0x000001cdc1062930 11734       4       org.glassfish.jersey.internal.l10n.LocalizableMessage::<init> (37 bytes)
Event: 1300.537 Thread 0x000001cdc1062930 nmethod 11734 0x000001cdb3ae3690 code [0x000001cdb3ae3800, 0x000001cdb3ae3bf8]
Event: 1302.231 Thread 0x000001cdc106f7f0 11736       1       org.apache.catalina.loader.WebappLoader::getContext (5 bytes)
Event: 1302.237 Thread 0x000001cdc106f7f0 nmethod 11736 0x000001cdb3ae3c90 code [0x000001cdb3ae3e20, 0x000001cdb3ae3ef8]
Event: 1302.237 Thread 0x000001cdc106f7f0 11738       3       java.util.Comparator$$Lambda$929/0x00000008010f5d68::compare (10 bytes)
Event: 1302.244 Thread 0x000001cdc106f7f0 nmethod 11738 0x000001cdad34e510 code [0x000001cdad34e6e0, 0x000001cdad34eb78]
Event: 1302.244 Thread 0x000001cdc106f7f0 11737       1       org.apache.catalina.core.StandardContext::getReloadable (5 bytes)
Event: 1302.246 Thread 0x000001cdc106f7f0 nmethod 11737 0x000001cdb3ae3f90 code [0x000001cdb3ae4120, 0x000001cdb3ae41f8]
Event: 1305.321 Thread 0x000001cdc1062930 11739       4       java.util.concurrent.atomic.AtomicInteger::decrementAndGet (14 bytes)
Event: 1305.324 Thread 0x000001cdc1062930 nmethod 11739 0x000001cdb3ae4290 code [0x000001cdb3ae4400, 0x000001cdb3ae4498]
Event: 1305.556 Thread 0x000001cdc106f7f0 11740       3       sun.nio.cs.UTF_8::newEncoder (9 bytes)
Event: 1305.556 Thread 0x000001cdc106f7f0 nmethod 11740 0x000001cdad34ed10 code [0x000001cdad34eee0, 0x000001cdad34f108]
Event: 1305.556 Thread 0x000001cdc106f7f0 11741       3       sun.nio.cs.UTF_8$Encoder::<init> (10 bytes)
Event: 1305.557 Thread 0x000001cdc106f7f0 nmethod 11741 0x000001cdad34f210 code [0x000001cdad34f3e0, 0x000001cdad34f528]
Event: 1315.291 Thread 0x000001cdc1062930 11742   !   4       org.glassfish.jersey.internal.l10n.Localizer::localize (333 bytes)
Event: 1315.292 Thread 0x000001cdc106f7f0 11743       1       com.netflix.appinfo.InstanceInfo::getInstanceId (5 bytes)
Event: 1315.293 Thread 0x000001cdc106f7f0 nmethod 11743 0x000001cdb3ae4590 code [0x000001cdb3ae4720, 0x000001cdb3ae47f8]

GC Heap History (20 events):
Event: 32.343 GC heap before
{Heap before GC invocations=42 (full 0):
 garbage-first heap   total 194560K, used 145806K [0x00000000a1000000, 0x0000000100000000)
  region size 1024K, 85 young (87040K), 3 survivors (3072K)
 Metaspace       used 89790K, committed 90368K, reserved 1130496K
  class space    used 12510K, committed 12800K, reserved 1048576K
}
Event: 32.371 GC heap after
{Heap after GC invocations=43 (full 0):
 garbage-first heap   total 194560K, used 77339K [0x00000000a1000000, 0x0000000100000000)
  region size 1024K, 11 young (11264K), 11 survivors (11264K)
 Metaspace       used 89790K, committed 90368K, reserved 1130496K
  class space    used 12510K, committed 12800K, reserved 1048576K
}
Event: 32.381 GC heap before
{Heap before GC invocations=43 (full 0):
 garbage-first heap   total 194560K, used 78363K [0x00000000a1000000, 0x0000000100000000)
  region size 1024K, 12 young (12288K), 11 survivors (11264K)
 Metaspace       used 89790K, committed 90368K, reserved 1130496K
  class space    used 12510K, committed 12800K, reserved 1048576K
}
Event: 32.388 GC heap after
{Heap after GC invocations=44 (full 0):
 garbage-first heap   total 194560K, used 78953K [0x00000000a1000000, 0x0000000100000000)
  region size 1024K, 2 young (2048K), 2 survivors (2048K)
 Metaspace       used 89790K, committed 90368K, reserved 1130496K
  class space    used 12510K, committed 12800K, reserved 1048576K
}
Event: 32.696 GC heap before
{Heap before GC invocations=44 (full 0):
 garbage-first heap   total 194560K, used 137321K [0x00000000a1000000, 0x0000000100000000)
  region size 1024K, 57 young (58368K), 2 survivors (2048K)
 Metaspace       used 89873K, committed 90496K, reserved 1130496K
  class space    used 12510K, committed 12800K, reserved 1048576K
}
Event: 32.708 GC heap after
{Heap after GC invocations=45 (full 0):
 garbage-first heap   total 194560K, used 94208K [0x00000000a1000000, 0x0000000100000000)
  region size 1024K, 8 young (8192K), 8 survivors (8192K)
 Metaspace       used 89873K, committed 90496K, reserved 1130496K
  class space    used 12510K, committed 12800K, reserved 1048576K
}
Event: 32.955 GC heap before
{Heap before GC invocations=45 (full 0):
 garbage-first heap   total 194560K, used 144384K [0x00000000a1000000, 0x0000000100000000)
  region size 1024K, 57 young (58368K), 8 survivors (8192K)
 Metaspace       used 89944K, committed 90560K, reserved 1130496K
  class space    used 12517K, committed 12800K, reserved 1048576K
}
Event: 32.972 GC heap after
{Heap after GC invocations=46 (full 0):
 garbage-first heap   total 194560K, used 106873K [0x00000000a1000000, 0x0000000100000000)
  region size 1024K, 8 young (8192K), 8 survivors (8192K)
 Metaspace       used 89944K, committed 90560K, reserved 1130496K
  class space    used 12517K, committed 12800K, reserved 1048576K
}
Event: 33.249 GC heap before
{Heap before GC invocations=46 (full 0):
 garbage-first heap   total 194560K, used 149881K [0x00000000a1000000, 0x0000000100000000)
  region size 1024K, 49 young (50176K), 8 survivors (8192K)
 Metaspace       used 89970K, committed 90560K, reserved 1130496K
  class space    used 12520K, committed 12800K, reserved 1048576K
}
Event: 33.266 GC heap after
{Heap after GC invocations=47 (full 0):
 garbage-first heap   total 397312K, used 115264K [0x00000000a1000000, 0x0000000100000000)
  region size 1024K, 7 young (7168K), 7 survivors (7168K)
 Metaspace       used 89970K, committed 90560K, reserved 1130496K
  class space    used 12520K, committed 12800K, reserved 1048576K
}
Event: 113.312 GC heap before
{Heap before GC invocations=47 (full 0):
 garbage-first heap   total 397312K, used 267840K [0x00000000a1000000, 0x0000000100000000)
  region size 1024K, 157 young (160768K), 7 survivors (7168K)
 Metaspace       used 102258K, committed 102912K, reserved 1138688K
  class space    used 14152K, committed 14464K, reserved 1048576K
}
Event: 113.850 GC heap after
{Heap after GC invocations=48 (full 0):
 garbage-first heap   total 397312K, used 125869K [0x00000000a1000000, 0x0000000100000000)
  region size 1024K, 18 young (18432K), 18 survivors (18432K)
 Metaspace       used 102258K, committed 102912K, reserved 1138688K
  class space    used 14152K, committed 14464K, reserved 1048576K
}
Event: 193.912 GC heap before
{Heap before GC invocations=48 (full 0):
 garbage-first heap   total 397312K, used 141229K [0x00000000a1000000, 0x0000000100000000)
  region size 1024K, 33 young (33792K), 18 survivors (18432K)
 Metaspace       used 102829K, committed 103488K, reserved 1138688K
  class space    used 14207K, committed 14528K, reserved 1048576K
}
Event: 194.259 GC heap after
{Heap after GC invocations=49 (full 0):
 garbage-first heap   total 397312K, used 128466K [0x00000000a1000000, 0x0000000100000000)
  region size 1024K, 3 young (3072K), 3 survivors (3072K)
 Metaspace       used 102829K, committed 103488K, reserved 1138688K
  class space    used 14207K, committed 14528K, reserved 1048576K
}
Event: 456.988 GC heap before
{Heap before GC invocations=49 (full 0):
 garbage-first heap   total 397312K, used 175570K [0x00000000a1000000, 0x0000000100000000)
  region size 1024K, 50 young (51200K), 3 survivors (3072K)
 Metaspace       used 104929K, committed 105536K, reserved 1146880K
  class space    used 14469K, committed 14784K, reserved 1048576K
}
Event: 457.128 GC heap after
{Heap after GC invocations=50 (full 0):
 garbage-first heap   total 397312K, used 126999K [0x00000000a1000000, 0x0000000100000000)
  region size 1024K, 2 young (2048K), 2 survivors (2048K)
 Metaspace       used 104929K, committed 105536K, reserved 1146880K
  class space    used 14469K, committed 14784K, reserved 1048576K
}
Event: 647.607 GC heap before
{Heap before GC invocations=50 (full 0):
 garbage-first heap   total 397312K, used 153623K [0x00000000a1000000, 0x0000000100000000)
  region size 1024K, 28 young (28672K), 2 survivors (2048K)
 Metaspace       used 105076K, committed 105728K, reserved 1146880K
  class space    used 14469K, committed 14784K, reserved 1048576K
}
Event: 647.689 GC heap after
{Heap after GC invocations=51 (full 0):
 garbage-first heap   total 397312K, used 126565K [0x00000000a1000000, 0x0000000100000000)
  region size 1024K, 1 young (1024K), 1 survivors (1024K)
 Metaspace       used 105076K, committed 105728K, reserved 1146880K
  class space    used 14469K, committed 14784K, reserved 1048576K
}
Event: 992.341 GC heap before
{Heap before GC invocations=51 (full 0):
 garbage-first heap   total 397312K, used 173669K [0x00000000a1000000, 0x0000000100000000)
  region size 1024K, 48 young (49152K), 1 survivors (1024K)
 Metaspace       used 105391K, committed 106048K, reserved 1146880K
  class space    used 14478K, committed 14784K, reserved 1048576K
}
Event: 992.412 GC heap after
{Heap after GC invocations=52 (full 0):
 garbage-first heap   total 397312K, used 126525K [0x00000000a1000000, 0x0000000100000000)
  region size 1024K, 1 young (1024K), 1 survivors (1024K)
 Metaspace       used 105391K, committed 106048K, reserved 1146880K
  class space    used 14478K, committed 14784K, reserved 1048576K
}

Deoptimization events (20 events):
Event: 910.231 Thread 0x000001cdc6f5f9a0 Uncommon trap: reason=unstable_if action=reinterpret pc=0x000001cdb35ca1ec method=java.lang.AbstractStringBuilder.appendChars(Ljava/lang/String;II)V @ 11 c2
Event: 910.231 Thread 0x000001cdc6f611b0 Uncommon trap: reason=unstable_if action=reinterpret pc=0x000001cdb35ca1ec method=java.lang.AbstractStringBuilder.appendChars(Ljava/lang/String;II)V @ 11 c2
Event: 910.231 Thread 0x000001cdc6f611b0 DEOPT PACKING pc=0x000001cdb35ca1ec sp=0x0000000103bfe9e0
Event: 910.231 Thread 0x000001cdc6f611b0 DEOPT UNPACKING pc=0x000001cdabad23a3 sp=0x0000000103bfe990 mode 2
Event: 910.231 Thread 0x000001cdc6f5f9a0 DEOPT PACKING pc=0x000001cdb35ca1ec sp=0x0000000103ffe7a0
Event: 910.231 Thread 0x000001cdc6f5f9a0 DEOPT UNPACKING pc=0x000001cdabad23a3 sp=0x0000000103ffe750 mode 2
Event: 910.244 Thread 0x000001cdc95212e0 DEOPT PACKING pc=0x000001cdad2c1dd6 sp=0x00000001021fe7b0
Event: 910.244 Thread 0x000001cdc95212e0 DEOPT UNPACKING pc=0x000001cdabad2b43 sp=0x00000001021fdc38 mode 0
Event: 911.617 Thread 0x000001cdc6f611b0 Uncommon trap: trap_request=0xffffff45 fr.pc=0x000001cdb36d1efc relative=0x000000000000025c
Event: 911.617 Thread 0x000001cdc6f60340 Uncommon trap: trap_request=0xffffff45 fr.pc=0x000001cdb36d1efc relative=0x000000000000025c
Event: 911.617 Thread 0x000001cdc6f611b0 Uncommon trap: reason=unstable_if action=reinterpret pc=0x000001cdb36d1efc method=java.lang.String.getChars(II[CI)V @ 23 c2
Event: 911.617 Thread 0x000001cdc6f60340 Uncommon trap: reason=unstable_if action=reinterpret pc=0x000001cdb36d1efc method=java.lang.String.getChars(II[CI)V @ 23 c2
Event: 911.617 Thread 0x000001cdc6f611b0 DEOPT PACKING pc=0x000001cdb36d1efc sp=0x0000000103bfea90
Event: 911.617 Thread 0x000001cdc6f611b0 DEOPT UNPACKING pc=0x000001cdabad23a3 sp=0x0000000103bfea50 mode 2
Event: 911.617 Thread 0x000001cdc6f60340 DEOPT PACKING pc=0x000001cdb36d1efc sp=0x0000000103cfe9a0
Event: 911.617 Thread 0x000001cdc6f60340 DEOPT UNPACKING pc=0x000001cdabad23a3 sp=0x0000000103cfe960 mode 2
Event: 912.751 Thread 0x000001cdc29268b0 DEOPT PACKING pc=0x000001cdad2c1dd6 sp=0x00000001020fe4f0
Event: 912.751 Thread 0x000001cdc29268b0 DEOPT UNPACKING pc=0x000001cdabad2b43 sp=0x00000001020fd978 mode 0
Event: 915.287 Thread 0x000001cdc95212e0 DEOPT PACKING pc=0x000001cdad2c1dd6 sp=0x00000001021fe7b0
Event: 915.287 Thread 0x000001cdc95212e0 DEOPT UNPACKING pc=0x000001cdabad2b43 sp=0x00000001021fdc38 mode 0

Classes unloaded (0 events):
No events

Classes redefined (0 events):
No events

Internal exceptions (20 events):
Event: 1300.529 Thread 0x000001cdc29268b0 Exception <a 'java/net/ConnectException'{0x00000000b6a058e8}: Connection refused: no further information> (0x00000000b6a058e8) 
thrown [c:\jenkins\workspace\zulu17-build-win64\zulu-src.git\src\hotspot\share\prims\jni.cpp, line 535]
Event: 1300.529 Thread 0x000001cdc29268b0 Exception <a 'java/net/SocketException'{0x00000000b6a05ec8}: Socket is not connected: shutdown> (0x00000000b6a05ec8) 
thrown [c:\jenkins\workspace\zulu17-build-win64\zulu-src.git\src\hotspot\share\prims\jni.cpp, line 535]
Event: 1305.320 Thread 0x000001cdc95212e0 Exception <a 'java/net/ConnectException'{0x00000000b6be3988}: Connection refused: no further information> (0x00000000b6be3988) 
thrown [c:\jenkins\workspace\zulu17-build-win64\zulu-src.git\src\hotspot\share\prims\jni.cpp, line 535]
Event: 1305.320 Thread 0x000001cdc95212e0 Exception <a 'java/net/SocketException'{0x00000000b6be3f68}: Socket is not connected: shutdown> (0x00000000b6be3f68) 
thrown [c:\jenkins\workspace\zulu17-build-win64\zulu-src.git\src\hotspot\share\prims\jni.cpp, line 535]
Event: 1305.558 Thread 0x000001cdc29268b0 Exception <a 'java/net/ConnectException'{0x00000000b6a3c660}: Connection refused: no further information> (0x00000000b6a3c660) 
thrown [c:\jenkins\workspace\zulu17-build-win64\zulu-src.git\src\hotspot\share\prims\jni.cpp, line 535]
Event: 1305.558 Thread 0x000001cdc29268b0 Exception <a 'java/net/SocketException'{0x00000000b6a3cee8}: Socket is not connected: shutdown> (0x00000000b6a3cee8) 
thrown [c:\jenkins\workspace\zulu17-build-win64\zulu-src.git\src\hotspot\share\prims\jni.cpp, line 535]
Event: 1305.559 Thread 0x000001cdc29268b0 Exception <a 'java/net/ConnectException'{0x00000000b6a3e010}: Connection refused: no further information> (0x00000000b6a3e010) 
thrown [c:\jenkins\workspace\zulu17-build-win64\zulu-src.git\src\hotspot\share\prims\jni.cpp, line 535]
Event: 1305.559 Thread 0x000001cdc29268b0 Exception <a 'java/net/SocketException'{0x00000000b6a3e5f0}: Socket is not connected: shutdown> (0x00000000b6a3e5f0) 
thrown [c:\jenkins\workspace\zulu17-build-win64\zulu-src.git\src\hotspot\share\prims\jni.cpp, line 535]
Event: 1310.336 Thread 0x000001cdc95212e0 Exception <a 'java/net/ConnectException'{0x00000000b6ac83b0}: Connection refused: no further information> (0x00000000b6ac83b0) 
thrown [c:\jenkins\workspace\zulu17-build-win64\zulu-src.git\src\hotspot\share\prims\jni.cpp, line 535]
Event: 1310.336 Thread 0x000001cdc95212e0 Exception <a 'java/net/SocketException'{0x00000000b6ac8990}: Socket is not connected: shutdown> (0x00000000b6ac8990) 
thrown [c:\jenkins\workspace\zulu17-build-win64\zulu-src.git\src\hotspot\share\prims\jni.cpp, line 535]
Event: 1310.588 Thread 0x000001cdc29268b0 Exception <a 'java/net/ConnectException'{0x00000000b6918840}: Connection refused: no further information> (0x00000000b6918840) 
thrown [c:\jenkins\workspace\zulu17-build-win64\zulu-src.git\src\hotspot\share\prims\jni.cpp, line 535]
Event: 1310.588 Thread 0x000001cdc29268b0 Exception <a 'java/net/SocketException'{0x00000000b69190c8}: Socket is not connected: shutdown> (0x00000000b69190c8) 
thrown [c:\jenkins\workspace\zulu17-build-win64\zulu-src.git\src\hotspot\share\prims\jni.cpp, line 535]
Event: 1310.589 Thread 0x000001cdc29268b0 Exception <a 'java/net/ConnectException'{0x00000000b691a1f0}: Connection refused: no further information> (0x00000000b691a1f0) 
thrown [c:\jenkins\workspace\zulu17-build-win64\zulu-src.git\src\hotspot\share\prims\jni.cpp, line 535]
Event: 1310.589 Thread 0x000001cdc29268b0 Exception <a 'java/net/SocketException'{0x00000000b691a7d0}: Socket is not connected: shutdown> (0x00000000b691a7d0) 
thrown [c:\jenkins\workspace\zulu17-build-win64\zulu-src.git\src\hotspot\share\prims\jni.cpp, line 535]
Event: 1315.298 Thread 0x000001cdc6f5dcc0 Exception <a 'java/net/ConnectException'{0x00000000b6c3d9e0}: Connection refused: no further information> (0x00000000b6c3d9e0) 
thrown [c:\jenkins\workspace\zulu17-build-win64\zulu-src.git\src\hotspot\share\prims\jni.cpp, line 535]
Event: 1315.298 Thread 0x000001cdc6f5dcc0 Exception <a 'java/net/SocketException'{0x00000000b6c3e268}: Socket is not connected: shutdown> (0x00000000b6c3e268) 
thrown [c:\jenkins\workspace\zulu17-build-win64\zulu-src.git\src\hotspot\share\prims\jni.cpp, line 535]
Event: 1315.300 Thread 0x000001cdc6f5dcc0 Exception <a 'java/net/ConnectException'{0x00000000b6c3f1a8}: Connection refused: no further information> (0x00000000b6c3f1a8) 
thrown [c:\jenkins\workspace\zulu17-build-win64\zulu-src.git\src\hotspot\share\prims\jni.cpp, line 535]
Event: 1315.301 Thread 0x000001cdc6f5dcc0 Exception <a 'java/net/SocketException'{0x00000000b6c3f788}: Socket is not connected: shutdown> (0x00000000b6c3f788) 
thrown [c:\jenkins\workspace\zulu17-build-win64\zulu-src.git\src\hotspot\share\prims\jni.cpp, line 535]
Event: 1315.355 Thread 0x000001cdc95212e0 Exception <a 'java/net/ConnectException'{0x00000000b6afcbd8}: Connection refused: no further information> (0x00000000b6afcbd8) 
thrown [c:\jenkins\workspace\zulu17-build-win64\zulu-src.git\src\hotspot\share\prims\jni.cpp, line 535]
Event: 1315.355 Thread 0x000001cdc95212e0 Exception <a 'java/net/SocketException'{0x00000000b6afd1b8}: Socket is not connected: shutdown> (0x00000000b6afd1b8) 
thrown [c:\jenkins\workspace\zulu17-build-win64\zulu-src.git\src\hotspot\share\prims\jni.cpp, line 535]

VM Operations (20 events):
Event: 1093.114 Executing VM operation: Cleanup
Event: 1093.115 Executing VM operation: Cleanup done
Event: 1133.361 Executing VM operation: Cleanup
Event: 1133.364 Executing VM operation: Cleanup done
Event: 1163.542 Executing VM operation: Cleanup
Event: 1163.544 Executing VM operation: Cleanup done
Event: 1183.657 Executing VM operation: Cleanup
Event: 1183.661 Executing VM operation: Cleanup done
Event: 1208.821 Executing VM operation: Cleanup
Event: 1208.821 Executing VM operation: Cleanup done
Event: 1210.834 Executing VM operation: Cleanup
Event: 1210.835 Executing VM operation: Cleanup done
Event: 1280.261 Executing VM operation: Cleanup
Event: 1280.265 Executing VM operation: Cleanup done
Event: 1282.268 Executing VM operation: Cleanup
Event: 1282.269 Executing VM operation: Cleanup done
Event: 1285.280 Executing VM operation: Cleanup
Event: 1285.280 Executing VM operation: Cleanup done
Event: 1286.284 Executing VM operation: Cleanup
Event: 1286.285 Executing VM operation: Cleanup done

Events (20 events):
Event: 900.419 Thread 0x000001cdc3555780 Thread added: 0x000001cdc3555780
Event: 900.422 Thread 0x000001cdc3559140 Thread added: 0x000001cdc3559140
Event: 900.424 Thread 0x000001cdc355b7c0 Thread added: 0x000001cdc355b7c0
Event: 900.643 loading class java/net/Socket$SocketOutputStream
Event: 900.889 loading class java/net/Socket$SocketOutputStream done
Event: 900.908 loading class sun/nio/ch/NioSocketImpl$2
Event: 901.061 loading class sun/nio/ch/NioSocketImpl$2 done
Event: 901.821 loading class java/util/regex/Pattern$Caret
Event: 901.932 loading class java/util/regex/Pattern$Caret done
Event: 908.663 loading class java/util/Scanner
Event: 909.727 loading class java/util/Scanner done
Event: 909.897 loading class java/util/Scanner$PatternLRUCache
Event: 909.942 loading class java/util/Scanner$PatternLRUCache done
Event: 910.148 loading class java/util/regex/Matcher$ImmutableMatchResult
Event: 910.159 loading class java/util/regex/Matcher$ImmutableMatchResult done
Event: 962.308 Thread 0x000001cdc3559140 Thread exited: 0x000001cdc3559140
Event: 962.309 Thread 0x000001cdc6f5b640 Thread exited: 0x000001cdc6f5b640
Event: 962.309 Thread 0x000001cdc355b7c0 Thread exited: 0x000001cdc355b7c0
Event: 962.310 Thread 0x000001cdc3556f90 Thread exited: 0x000001cdc3556f90
Event: 962.311 Thread 0x000001cdc3555780 Thread exited: 0x000001cdc3555780


Dynamic libraries:
0x00007ff6ad910000 - 0x00007ff6ad91e000 	C:\Program Files\Zulu\zulu-17\bin\java.exe
0x00007ffa3a030000 - 0x00007ffa3a246000 	C:\Windows\SYSTEM32\ntdll.dll
0x00007ffa38110000 - 0x00007ffa381d4000 	C:\Windows\System32\KERNEL32.DLL
0x00007ffa377c0000 - 0x00007ffa37b66000 	C:\Windows\System32\KERNELBASE.dll
0x00007ffa376a0000 - 0x00007ffa377b1000 	C:\Windows\System32\ucrtbase.dll
0x00007ffa31aa0000 - 0x00007ffa31ab8000 	C:\Program Files\Zulu\zulu-17\bin\jli.dll
0x00007ffa31f60000 - 0x00007ffa31f7b000 	C:\Program Files\Zulu\zulu-17\bin\VCRUNTIME140.dll
0x00007ffa39900000 - 0x00007ffa39aad000 	C:\Windows\System32\USER32.dll
0x00007ffa1fbb0000 - 0x00007ffa1fe43000 	C:\Windows\WinSxS\amd64_microsoft.windows.common-controls_6595b64144ccf1df_6.0.22621.3235_none_270f74e173860f98\COMCTL32.dll
0x00007ffa37b70000 - 0x00007ffa37b96000 	C:\Windows\System32\win32u.dll
0x00007ffa38fa0000 - 0x00007ffa39047000 	C:\Windows\System32\msvcrt.dll
0x00007ffa38f10000 - 0x00007ffa38f39000 	C:\Windows\System32\GDI32.dll
0x00007ffa37490000 - 0x00007ffa375a8000 	C:\Windows\System32\gdi32full.dll
0x00007ffa373f0000 - 0x00007ffa3748a000 	C:\Windows\System32\msvcp_win.dll
0x00007ffa37fc0000 - 0x00007ffa37ff1000 	C:\Windows\System32\IMM32.DLL
0x00007ffa37080000 - 0x00007ffa37220000 	C:\Program Files\Avecto\Privilege Guard Client\PGHook.dll
0x00007ffa39580000 - 0x00007ffa39632000 	C:\Windows\System32\ADVAPI32.dll
0x00007ffa39850000 - 0x00007ffa398f8000 	C:\Windows\System32\sechost.dll
0x00007ffa37670000 - 0x00007ffa37698000 	C:\Windows\System32\bcrypt.dll
0x00007ffa392a0000 - 0x00007ffa393b5000 	C:\Windows\System32\RPCRT4.dll
0x00007ffa31fc0000 - 0x00007ffa31fcc000 	C:\Program Files\Zulu\zulu-17\bin\vcruntime140_1.dll
0x00007ffa1c380000 - 0x00007ffa1c40d000 	C:\Program Files\Zulu\zulu-17\bin\msvcp140.dll
0x00007ff9aa750000 - 0x00007ff9ab3b0000 	C:\Program Files\Zulu\zulu-17\bin\server\jvm.dll
0x00007ffa37f20000 - 0x00007ffa37f28000 	C:\Windows\System32\PSAPI.DLL
0x00007ffa17900000 - 0x00007ffa17909000 	C:\Windows\SYSTEM32\WSOCK32.dll
0x00007ffa39050000 - 0x00007ffa390c1000 	C:\Windows\System32\WS2_32.dll
0x00007ffa2ea50000 - 0x00007ffa2ea84000 	C:\Windows\SYSTEM32\WINMM.dll
0x00007ffa2d0b0000 - 0x00007ffa2d0ba000 	C:\Windows\SYSTEM32\VERSION.dll
0x00007ffa360e0000 - 0x00007ffa360f8000 	C:\Windows\SYSTEM32\kernel.appcore.dll
0x00007ffa31f50000 - 0x00007ffa31f5a000 	C:\Program Files\Zulu\zulu-17\bin\jimage.dll
0x00007ffa346a0000 - 0x00007ffa348d3000 	C:\Windows\SYSTEM32\DBGHELP.DLL
0x00007ffa39c50000 - 0x00007ffa39fd8000 	C:\Windows\System32\combase.dll
0x00007ffa38020000 - 0x00007ffa380f7000 	C:\Windows\System32\OLEAUT32.dll
0x00007ffa17850000 - 0x00007ffa17882000 	C:\Windows\SYSTEM32\dbgcore.DLL
0x00007ffa37370000 - 0x00007ffa373ea000 	C:\Windows\System32\bcryptPrimitives.dll
0x00007ffa25d40000 - 0x00007ffa25d4e000 	C:\Program Files\Zulu\zulu-17\bin\instrument.dll
0x00007ffa1c9b0000 - 0x00007ffa1c9d5000 	C:\Program Files\Zulu\zulu-17\bin\java.dll
0x00007ff9f4440000 - 0x00007ff9f4517000 	C:\Program Files\Zulu\zulu-17\bin\jsvml.dll
0x00007ffa386b0000 - 0x00007ffa38f0d000 	C:\Windows\System32\SHELL32.dll
0x00007ffa34e10000 - 0x00007ffa35708000 	C:\Windows\SYSTEM32\windows.storage.dll
0x00007ffa34cd0000 - 0x00007ffa34e0e000 	C:\Windows\SYSTEM32\wintypes.dll
0x00007ffa39750000 - 0x00007ffa39843000 	C:\Windows\System32\SHCORE.dll
0x00007ffa393c0000 - 0x00007ffa3941e000 	C:\Windows\System32\shlwapi.dll
0x00007ffa372a0000 - 0x00007ffa372c6000 	C:\Windows\SYSTEM32\profapi.dll
0x00007ffa318d0000 - 0x00007ffa318e8000 	C:\Program Files\Zulu\zulu-17\bin\zip.dll
0x00007ffa319c0000 - 0x00007ffa319d9000 	C:\Program Files\Zulu\zulu-17\bin\net.dll
0x00007ffa36100000 - 0x00007ffa36237000 	C:\Windows\SYSTEM32\WINHTTP.dll
0x00007ffa36690000 - 0x00007ffa366f9000 	C:\Windows\system32\mswsock.dll
0x00007ffa31950000 - 0x00007ffa31966000 	C:\Program Files\Zulu\zulu-17\bin\nio.dll
0x00007ffa19f40000 - 0x00007ffa19f5a000 	C:\Program Files\JetBrains\IntelliJ IDEA Community Edition 2023.3\bin\breakgen64.dll
0x00007ffa25c20000 - 0x00007ffa25c29000 	C:\Program Files\Zulu\zulu-17\bin\management.dll
0x00007ffa1c370000 - 0x00007ffa1c37b000 	C:\Program Files\Zulu\zulu-17\bin\management_ext.dll
0x00007ffa35960000 - 0x00007ffa3598d000 	C:\Windows\SYSTEM32\IPHLPAPI.DLL
0x00007ffa39290000 - 0x00007ffa39299000 	C:\Windows\System32\NSI.dll
0x00007ffa2eb50000 - 0x00007ffa2eb69000 	C:\Windows\SYSTEM32\dhcpcsvc6.DLL
0x00007ffa2eae0000 - 0x00007ffa2eaff000 	C:\Windows\SYSTEM32\dhcpcsvc.DLL
0x00007ffa35990000 - 0x00007ffa35a89000 	C:\Windows\SYSTEM32\DNSAPI.dll
0x00007ffa20db0000 - 0x00007ffa20dba000 	C:\Windows\System32\rasadhlp.dll
0x00007ffa2afd0000 - 0x00007ffa2b053000 	C:\Windows\System32\fwpuclnt.dll
0x00007ffa1c1b0000 - 0x00007ffa1c1bd000 	C:\Program Files\Zulu\zulu-17\bin\sunmscapi.dll
0x00007ffa37c10000 - 0x00007ffa37d76000 	C:\Windows\System32\CRYPT32.dll
0x00007ffa36aa0000 - 0x00007ffa36ace000 	C:\Windows\SYSTEM32\ncrypt.dll
0x00007ffa36a60000 - 0x00007ffa36a97000 	C:\Windows\SYSTEM32\NTASN1.dll
0x00007ffa36990000 - 0x00007ffa369ab000 	C:\Windows\SYSTEM32\CRYPTSP.dll
0x00007ffa36040000 - 0x00007ffa36075000 	C:\Windows\system32\rsaenh.dll
0x00007ffa36730000 - 0x00007ffa3675c000 	C:\Windows\SYSTEM32\USERENV.dll
0x00007ffa36970000 - 0x00007ffa3697c000 	C:\Windows\SYSTEM32\CRYPTBASE.dll
0x00007ffa25d70000 - 0x00007ffa25d80000 	C:\Program Files\Zulu\zulu-17\bin\verify.dll
0x00007ffa1c8b0000 - 0x00007ffa1c8b8000 	C:\Windows\system32\wshunix.dll
0x00007ffa1fb90000 - 0x00007ffa1fba7000 	C:\Windows\system32\napinsp.dll
0x00007ffa1fb70000 - 0x00007ffa1fb8b000 	C:\Windows\system32\pnrpnsp.dll
0x00007ffa1fb50000 - 0x00007ffa1fb61000 	C:\Windows\System32\winrnr.dll
0x00007ffa1fb30000 - 0x00007ffa1fb45000 	C:\Windows\system32\wshbth.dll
0x00007ffa1fb00000 - 0x00007ffa1fb21000 	C:\Windows\system32\nlansp_c.dll

dbghelp: loaded successfully - version: 4.0.5 - missing functions: none
symbol engine: initialized successfully - sym options: 0x614 - pdb path: .;C:\Program Files\Zulu\zulu-17\bin;C:\Windows\SYSTEM32;C:\Windows\WinSxS\amd64_microsoft.windows.common-controls_6595b64144ccf1df_6.0.22621.3235_none_270f74e173860f98;C:\Program Files\Avecto\Privilege Guard Client;C:\Program Files\Zulu\zulu-17\bin\server;C:\Program Files\JetBrains\IntelliJ IDEA Community Edition 2023.3\bin

VM Arguments:
jvm_args: -javaagent:C:\Program Files\JetBrains\IntelliJ IDEA Community Edition 2023.3\lib\idea_rt.jar=61902:C:\Program Files\JetBrains\IntelliJ IDEA Community Edition 2023.3\bin -Dfile.encoding=UTF-8 
java_command: com.cognizant.EmiManagementSystemApplication
java_class_path (initial): C:\Users\2317874\Downloads\EmiManagmentSystem\EmiManagmentSystem\target\classes;C:\Users\2317874\.m2\repository\org\springframework\boot\spring-boot-starter\3.2.3\spring-boot-starter-3.2.3.jar;C:\Users\2317874\.m2\repository\org\springframework\boot\spring-boot\3.2.3\spring-boot-3.2.3.jar;C:\Users\2317874\.m2\repository\org\springframework\spring-context\6.1.4\spring-context-6.1.4.jar;C:\Users\2317874\.m2\repository\org\springframework\boot\spring-boot-autoconfigure\3.2.3\spring-boot-autoconfigure-3.2.3.jar;C:\Users\2317874\.m2\repository\org\springframework\boot\spring-boot-starter-logging\3.2.3\spring-boot-starter-logging-3.2.3.jar;C:\Users\2317874\.m2\repository\ch\qos\logback\logback-classic\1.4.14\logback-classic-1.4.14.jar;C:\Users\2317874\.m2\repository\ch\qos\logback\logback-core\1.4.14\logback-core-1.4.14.jar;C:\Users\2317874\.m2\repository\org\apache\logging\log4j\log4j-to-slf4j\2.21.1\log4j-to-slf4j-2.21.1.jar;C:\Users\2317874\.m2\repository\org\apache\logging\log4j\log4j-api\2.21.1\log4j-api-2.21.1.jar;C:\Users\2317874\.m2\repository\org\slf4j\jul-to-slf4j\2.0.12\jul-to-slf4j-2.0.12.jar;C:\Users\2317874\.m2\repository\jakarta\annotation\jakarta.annotation-api\2.1.1\jakarta.annotation-api-2.1.1.jar;C:\Users\2317874\.m2\repository\org\springframework\spring-core\6.1.4\spring-core-6.1.4.jar;C:\Users\2317874\.m2\repository\org\springframework\spring-jcl\6.1.4\spring-jcl-6.1.4.jar;C:\Users\2317874\.m2\repository\org\yaml\snakeyaml\2.2\snakeyaml-2.2.jar;C:\Users\2317874\.m2\repository\org\slf4j\slf4j-api\2.0.12\slf4j-api-2.0.12.jar;C:\Users\2317874\.m2\repository\jakarta\xml\bind\jakarta.xml.bind-api\4.0.1\jakarta.xml.bind-api-4.0.1.jar;C:\Users\2317874\.m2\repository\jakarta\activation\jakarta.activation-api\2.1.2\jakarta.activation-api-2.1.2.jar;C:\Users\2317874\.m2\repository\net\bytebuddy\byte-buddy\1.14.12\byte-buddy-1.14.12.jar;C:\Users\2317874\.m2\repository\org\springframework\boot\spring-boot-starter-data-jpa\3.2.3\spring-
Launcher Type: SUN_STANDARD

[Global flags]
     intx CICompilerCount                          = 4                                         {product} {ergonomic}
     uint ConcGCThreads                            = 2                                         {product} {ergonomic}
     uint G1ConcRefinementThreads                  = 8                                         {product} {ergonomic}
   size_t G1HeapRegionSize                         = 1048576                                   {product} {ergonomic}
    uintx GCDrainStackTargetSize                   = 64                                        {product} {ergonomic}
   size_t InitialHeapSize                          = 100663296                                 {product} {ergonomic}
   size_t MarkStackSize                            = 4194304                                   {product} {ergonomic}
   size_t MaxHeapSize                              = 1593835520                                {product} {ergonomic}
   size_t MaxNewSize                               = 956301312                                 {product} {ergonomic}
   size_t MinHeapDeltaBytes                        = 1048576                                   {product} {ergonomic}
   size_t MinHeapSize                              = 8388608                                   {product} {ergonomic}
    uintx NonNMethodCodeHeapSize                   = 5839372                                {pd product} {ergonomic}
    uintx NonProfiledCodeHeapSize                  = 122909434                              {pd product} {ergonomic}
    uintx ProfiledCodeHeapSize                     = 122909434                              {pd product} {ergonomic}
    uintx ReservedCodeCacheSize                    = 251658240                              {pd product} {ergonomic}
     bool SegmentedCodeCache                       = true                                      {product} {ergonomic}
   size_t SoftMaxHeapSize                          = 1593835520                             {manageable} {ergonomic}
     bool UseCompressedClassPointers               = true                           {product lp64_product} {ergonomic}
     bool UseCompressedOops                        = true                           {product lp64_product} {ergonomic}
     bool UseG1GC                                  = true                                      {product} {ergonomic}
     bool UseLargePagesIndividualAllocation        = false                                  {pd product} {ergonomic}

Logging:
Log output configuration:
 #0: stdout all=warning uptime,level,tags
 #1: stderr all=off uptime,level,tags

Environment Variables:
JAVA_HOME=C:\Program Files\Zulu\zulu-17
PATH=C:\oraclexe\app\oracle\product\11.2.0\server\bin;C:\Program Files (x86)\Common Files\Oracle\Java\javapath;C:\Program Files\Zulu\zulu-17\bin\;C:\Windows\system32;C:\Windows;C:\Windows\System32\Wbem;C:\Windows\System32\WindowsPowerShell\v1.0\;C:\Windows\System32\OpenSSH\;C:\Program Files\Git\cmd;C:\Program Files\nodejs\;C:\Maven\apache-maven-3.9.6\bin;C:\Program Files\MySQL\MySQL Shell 8.0\bin\;C:\Users\2317874\AppData\Local\Microsoft\WindowsApps;;C:\Users\2317874\AppData\Local\Programs\Microsoft VS Code\bin;C:\Users\2317874\AppData\Roaming\npm
USERNAME=2317874
OS=Windows_NT
PROCESSOR_IDENTIFIER=AMD64 Family 23 Model 24 Stepping 1, AuthenticAMD



---------------  S Y S T E M  ---------------

OS:
 Windows 11 , 64 bit Build 22621 (10.0.22621.3235)
OS uptime: 4 days 22:32 hours
Hyper-V role detected

CPU: total 8 (initial active 8) (8 cores per cpu, 2 threads per core) family 23 model 24 stepping 1 microcode 0x0, cx8, cmov, fxsr, ht, mmx, 3dnowpref, sse, sse2, sse3, ssse3, sse4a, sse4.1, sse4.2, popcnt, lzcnt, tsc, tscinvbit, avx, avx2, aes, clmul, bmi1, bmi2, adx, sha, fma, vzeroupper, clflush, clflushopt, hv

Memory: 4k page, system-wide physical 6077M (594M free)
TotalPageFile size 22461M (AvailPageFile size 8M)
current process WorkingSet (physical memory assigned to process): 54M, peak: 469M
current process commit charge ("private bytes"): 671M, peak: 684M

vm_info: OpenJDK 64-Bit Server VM (17.0.2+8-LTS) for windows-amd64 JRE (17.0.2+8-LTS) (Zulu17.32+13-CA), built on Jan  8 2022 13:06:16 by "zulu_re" with MS VC++ 16.10 / 16.11 (VS2019)

END.
