#
# There is insufficient memory for the Java Runtime Environment to continue.
# Native memory allocation (mmap) failed to map 156237824 bytes for G1 virtual space
# Possible reasons:
#   The system is out of physical RAM or swap space
#   The process is running with CompressedOops enabled, and the Java Heap may be blocking the growth of the native heap
# Possible solutions:
#   Reduce memory load on the system
#   Increase physical memory or swap space
#   Check if swap backing store is full
#   Decrease Java heap size (-Xmx/-Xms)
#   Decrease number of Java threads
#   Decrease Java thread stack sizes (-Xss)
#   Set larger code cache with -XX:ReservedCodeCacheSize=
#   JVM is running with Unscaled Compressed Oops mode in which the Java heap is
#     placed in the first 4GB address space. The Java Heap base address is the
#     maximum limit for the native heap growth. Please use -XX:HeapBaseMinAddress
#     to set the Java Heap base and to place the Java Heap above 4GB virtual address.
# This output file may be truncated or incomplete.
#
#  Out of Memory Error (os_windows.cpp:3532), pid=30872, tid=5360
#
# JRE version: OpenJDK Runtime Environment Zulu17.32+13-CA (17.0.2+8) (build 17.0.2+8-LTS)
# Java VM: OpenJDK 64-Bit Server VM Zulu17.32+13-CA (17.0.2+8-LTS, mixed mode, sharing, tiered, compressed oops, compressed class ptrs, g1 gc, windows-amd64)
# No core dump will be written. Minidumps are not enabled by default on client versions of Windows
#

---------------  S U M M A R Y ------------

Command Line: -javaagent:C:\\Users\\2317874\\.m2\\repository\\org\\jacoco\\org.jacoco.agent\\0.8.7\\org.jacoco.agent-0.8.7-runtime.jar=destfile=C:\\Users\\2317874\\Downloads\\EmiManagmentSystem\\EmiManagmentSystem\\target\\jacoco.exec C:\Users\2317874\AppData\Local\Temp\surefire11708582447276985735\surefirebooter-20240422173534190_3.jar C:\Users\2317874\AppData\Local\Temp\surefire11708582447276985735 2024-04-22T17-35-32_697-jvmRun1 surefire-20240422173534190_1tmp surefire_0-20240422173534190_2tmp

Host: AMD Ryzen 5 PRO 3500U w/ Radeon Vega Mobile Gfx, 8 cores, 5G,  Windows 11 , 64 bit Build 22621 (10.0.22621.3235)
Time: Mon Apr 22 17:37:14 2024 India Standard Time elapsed time: 73.916130 seconds (0d 0h 1m 13s)

---------------  T H R E A D  ---------------

Current thread (0x00000186797877e0):  VMThread "VM Thread" [stack: 0x0000002b9ab00000,0x0000002b9ac00000] [id=5360]

Stack: [0x0000002b9ab00000,0x0000002b9ac00000]
Native frames: (J=compiled Java code, j=interpreted, Vv=VM code, C=native code)
V  [jvm.dll+0x6769fa]
V  [jvm.dll+0x831784]
V  [jvm.dll+0x832f2e]
V  [jvm.dll+0x833593]
V  [jvm.dll+0x2455e5]
V  [jvm.dll+0x673919]
V  [jvm.dll+0x668252]
V  [jvm.dll+0x30432b]
V  [jvm.dll+0x30b836]
V  [jvm.dll+0x35b5fe]
V  [jvm.dll+0x35b82f]
V  [jvm.dll+0x2db2d8]
V  [jvm.dll+0x2d95a4]
V  [jvm.dll+0x2d8bac]
V  [jvm.dll+0x31c86b]
V  [jvm.dll+0x837a6b]
V  [jvm.dll+0x8387a4]
V  [jvm.dll+0x838cbd]
V  [jvm.dll+0x839094]
V  [jvm.dll+0x839160]
V  [jvm.dll+0x7e15ca]
V  [jvm.dll+0x675885]
C  [ucrtbase.dll+0x29363]
C  [KERNEL32.DLL+0x1257d]
C  [ntdll.dll+0x5aa58]

VM_Operation (0x0000002b9a4fdef0): G1CollectForAllocation, mode: safepoint, requested by thread 0x000001867caba4d0


---------------  P R O C E S S  ---------------

Threads class SMR info:
_java_thread_list=0x000001867d261c10, length=29, elements={
0x000001865a7b64f0, 0x00000186797892d0, 0x000001867978a050, 0x000001867979e8c0,
0x00000186797a0290, 0x00000186797a3160, 0x00000186797ada40, 0x00000186797b1ff0,
0x00000186797b69b0, 0x00000186797b96b0, 0x000001867a432c60, 0x000001867ad81510,
0x000001867a8e6cf0, 0x000001867bab00f0, 0x000001867cabbce0, 0x000001867caba000,
0x000001867caba4d0, 0x000001867cffd300, 0x000001867cffefe0, 0x000001867cffeb10,
0x000001867cfff4b0, 0x000001867d000320, 0x000001867cffe170, 0x000001867cffd7d0,
0x000001867cfffe50, 0x000001867cffe640, 0x000001867d0007f0, 0x000001867cffbfc0,
0x000001867cfff980
}

Java Threads: ( => current thread )
  0x000001865a7b64f0 JavaThread "main" [_thread_blocked, id=27304, stack(0x0000002b9a500000,0x0000002b9a600000)]
  0x00000186797892d0 JavaThread "Reference Handler" daemon [_thread_blocked, id=21964, stack(0x0000002b9ac00000,0x0000002b9ad00000)]
  0x000001867978a050 JavaThread "Finalizer" daemon [_thread_blocked, id=17104, stack(0x0000002b9ad00000,0x0000002b9ae00000)]
  0x000001867979e8c0 JavaThread "Signal Dispatcher" daemon [_thread_blocked, id=30248, stack(0x0000002b9ae00000,0x0000002b9af00000)]
  0x00000186797a0290 JavaThread "Attach Listener" daemon [_thread_blocked, id=27532, stack(0x0000002b9af00000,0x0000002b9b000000)]
  0x00000186797a3160 JavaThread "Service Thread" daemon [_thread_blocked, id=25096, stack(0x0000002b9b000000,0x0000002b9b100000)]
  0x00000186797ada40 JavaThread "Monitor Deflation Thread" daemon [_thread_blocked, id=32376, stack(0x0000002b9b100000,0x0000002b9b200000)]
  0x00000186797b1ff0 JavaThread "C2 CompilerThread0" daemon [_thread_blocked, id=21348, stack(0x0000002b9b200000,0x0000002b9b300000)]
  0x00000186797b69b0 JavaThread "C1 CompilerThread0" daemon [_thread_blocked, id=21796, stack(0x0000002b9b300000,0x0000002b9b400000)]
  0x00000186797b96b0 JavaThread "Sweeper thread" daemon [_thread_blocked, id=26816, stack(0x0000002b9b400000,0x0000002b9b500000)]
  0x000001867a432c60 JavaThread "Common-Cleaner" daemon [_thread_blocked, id=32724, stack(0x0000002b9b500000,0x0000002b9b600000)]
  0x000001867ad81510 JavaThread "Notification Thread" daemon [_thread_blocked, id=20864, stack(0x0000002b9b600000,0x0000002b9b700000)]
  0x000001867a8e6cf0 JavaThread "surefire-forkedjvm-stream-flusher" daemon [_thread_blocked, id=29220, stack(0x0000002b9bb00000,0x0000002b9bc00000)]
  0x000001867bab00f0 JavaThread "surefire-forkedjvm-command-thread" daemon [_thread_blocked, id=9560, stack(0x0000002b9bc00000,0x0000002b9bd00000)]
  0x000001867cabbce0 JavaThread "HikariPool-1 housekeeper" daemon [_thread_blocked, id=13240, stack(0x0000002b9c200000,0x0000002b9c300000)]
  0x000001867caba000 JavaThread "ClassGraph-worker-84" daemon [_thread_blocked, id=32208, stack(0x0000002b9a300000,0x0000002b9a400000)]
  0x000001867caba4d0 JavaThread "ClassGraph-worker-85" daemon [_thread_blocked, id=9248, stack(0x0000002b9a400000,0x0000002b9a500000)]
  0x000001867cffd300 JavaThread "ClassGraph-worker-86" daemon [_thread_blocked, id=19724, stack(0x0000002b9c400000,0x0000002b9c500000)]
  0x000001867cffefe0 JavaThread "ClassGraph-worker-87" daemon [_thread_blocked, id=17620, stack(0x0000002b9c500000,0x0000002b9c600000)]
  0x000001867cffeb10 JavaThread "ClassGraph-worker-88" daemon [_thread_blocked, id=20420, stack(0x0000002b9c600000,0x0000002b9c700000)]
  0x000001867cfff4b0 JavaThread "ClassGraph-worker-89" daemon [_thread_blocked, id=24708, stack(0x0000002b9c700000,0x0000002b9c800000)]
  0x000001867d000320 JavaThread "ClassGraph-worker-90" daemon [_thread_blocked, id=3528, stack(0x0000002b9c800000,0x0000002b9c900000)]
  0x000001867cffe170 JavaThread "ClassGraph-worker-91" daemon [_thread_blocked, id=24188, stack(0x0000002b9c900000,0x0000002b9ca00000)]
  0x000001867cffd7d0 JavaThread "ClassGraph-worker-92" daemon [_thread_blocked, id=27076, stack(0x0000002b9ca00000,0x0000002b9cb00000)]
  0x000001867cfffe50 JavaThread "ClassGraph-worker-93" daemon [_thread_blocked, id=23032, stack(0x0000002b9cb00000,0x0000002b9cc00000)]
  0x000001867cffe640 JavaThread "ClassGraph-worker-94" daemon [_thread_blocked, id=8200, stack(0x0000002b9cc00000,0x0000002b9cd00000)]
  0x000001867d0007f0 JavaThread "ClassGraph-worker-95" daemon [_thread_blocked, id=13756, stack(0x0000002b9cd00000,0x0000002b9ce00000)]
  0x000001867cffbfc0 JavaThread "ClassGraph-worker-96" daemon [_thread_blocked, id=28276, stack(0x0000002b9ce00000,0x0000002b9cf00000)]
  0x000001867cfff980 JavaThread "ClassGraph-worker-97" daemon [_thread_blocked, id=3236, stack(0x0000002b9cf00000,0x0000002b9d000000)]

Other Threads:
=>0x00000186797877e0 VMThread "VM Thread" [stack: 0x0000002b9ab00000,0x0000002b9ac00000] [id=5360]
  0x000001867aa85580 WatcherThread [stack: 0x0000002b9b700000,0x0000002b9b800000] [id=10048]
  0x000001865a71ecc0 GCTaskThread "GC Thread#0" [stack: 0x0000002b9a600000,0x0000002b9a700000] [id=23120]
  0x000001867b476710 GCTaskThread "GC Thread#1" [stack: 0x0000002b9b800000,0x0000002b9b900000] [id=20184]
  0x000001867b4b6860 GCTaskThread "GC Thread#2" [stack: 0x0000002b9b900000,0x0000002b9ba00000] [id=28772]
  0x000001867b4b6b10 GCTaskThread "GC Thread#3" [stack: 0x0000002b9ba00000,0x0000002b9bb00000] [id=19820]
  0x000001867bfdad20 GCTaskThread "GC Thread#4" [stack: 0x0000002b9bd00000,0x0000002b9be00000] [id=19488]
  0x000001867b4c2200 GCTaskThread "GC Thread#5" [stack: 0x0000002b9be00000,0x0000002b9bf00000] [id=18756]
  0x000001867b8ec0c0 GCTaskThread "GC Thread#6" [stack: 0x0000002b9bf00000,0x0000002b9c000000] [id=20844]
  0x000001867c490aa0 GCTaskThread "GC Thread#7" [stack: 0x0000002b9c000000,0x0000002b9c100000] [id=740]
  0x000001865a7f5080 ConcurrentGCThread "G1 Main Marker" [stack: 0x0000002b9a700000,0x0000002b9a800000] [id=20352]
  0x000001865a7f5e60 ConcurrentGCThread "G1 Conc#0" [stack: 0x0000002b9a800000,0x0000002b9a900000] [id=20540]
  0x000001867c48f520 ConcurrentGCThread "G1 Conc#1" [stack: 0x0000002b9c300000,0x0000002b9c400000] [id=31276]
  0x000001865a85ebb0 ConcurrentGCThread "G1 Refine#0" [stack: 0x0000002b9a900000,0x0000002b9aa00000] [id=17844]
  0x00000186796515f0 ConcurrentGCThread "G1 Service" [stack: 0x0000002b9aa00000,0x0000002b9ab00000] [id=18716]

Threads with active compile tasks:
C2 CompilerThread0    74152 10279       4       nonapi.io.github.classgraph.utils.FastPathResolver::resolve (1550 bytes)

VM state: at safepoint (normal execution)

VM Mutex/Monitor currently owned by a thread:  ([mutex/lock_event])
[0x000001865a7b3130] Threads_lock - owner thread: 0x00000186797877e0
[0x000001865a7b2950] Heap_lock - owner thread: 0x000001867caba4d0

Heap address: 0x00000000a1000000, size: 1520 MB, Compressed Oops mode: 32-bit

CDS archive(s) mapped at: [0x0000000800000000-0x0000000800bc0000-0x0000000800bc0000), size 12320768, SharedBaseAddress: 0x0000000800000000, ArchiveRelocationMode: 0.
Compressed class space mapped at: 0x0000000800c00000-0x0000000840c00000, reserved size: 1073741824
Narrow klass base: 0x0000000800000000, Narrow klass shift: 0, Narrow klass range: 0x100000000

GC Precious Log:
 CPUs: 8 total, 8 available
 Memory: 6077M
 Large Page Support: Disabled
 NUMA Support: Disabled
 Compressed Oops: Enabled (32-bit)
 Heap Region Size: 1M
 Heap Min Capacity: 8M
 Heap Initial Capacity: 96M
 Heap Max Capacity: 1520M
 Pre-touch: Disabled
 Parallel Workers: 8
 Concurrent Workers: 2
 Concurrent Refinement Workers: 8
 Periodic GC: Disabled

Heap:
 garbage-first heap   total 152576K, used 90515K [0x00000000a1000000, 0x0000000100000000)
  region size 1024K, 5 young (5120K), 5 survivors (5120K)
 Metaspace       used 91794K, committed 92224K, reserved 1130496K
  class space    used 11194K, committed 11392K, reserved 1048576K

Heap Regions: E=young(eden), S=young(survivor), O=old, HS=humongous(starts), HC=humongous(continues), CS=collection set, F=free, OA=open archive, CA=closed archive, TAMS=top-at-mark-start (previous, next)
|   0|0x00000000a1000000, 0x00000000a1100000, 0x00000000a1100000|100%|HS|  |TAMS 0x00000000a1100000, 0x00000000a1100000| Complete 
|   1|0x00000000a1100000, 0x00000000a1200000, 0x00000000a1200000|100%|HS|  |TAMS 0x00000000a1200000, 0x00000000a1200000| Complete 
|   2|0x00000000a1200000, 0x00000000a1300000, 0x00000000a1300000|100%| O|  |TAMS 0x00000000a1300000, 0x00000000a1300000| Untracked 
|   3|0x00000000a1300000, 0x00000000a1400000, 0x00000000a1400000|100%| O|  |TAMS 0x00000000a1400000, 0x00000000a1400000| Untracked 
|   4|0x00000000a1400000, 0x00000000a1500000, 0x00000000a1500000|100%| O|  |TAMS 0x00000000a1500000, 0x00000000a1500000| Untracked 
|   5|0x00000000a1500000, 0x00000000a1600000, 0x00000000a1600000|100%| O|  |TAMS 0x00000000a1600000, 0x00000000a1600000| Untracked 
|   6|0x00000000a1600000, 0x00000000a1700000, 0x00000000a1700000|100%| O|  |TAMS 0x00000000a1700000, 0x00000000a1700000| Untracked 
|   7|0x00000000a1700000, 0x00000000a1800000, 0x00000000a1800000|100%| O|  |TAMS 0x00000000a1800000, 0x00000000a1800000| Untracked 
|   8|0x00000000a1800000, 0x00000000a1900000, 0x00000000a1900000|100%| O|  |TAMS 0x00000000a1900000, 0x00000000a1900000| Untracked 
|   9|0x00000000a1900000, 0x00000000a1a00000, 0x00000000a1a00000|100%| O|  |TAMS 0x00000000a1a00000, 0x00000000a1a00000| Untracked 
|  10|0x00000000a1a00000, 0x00000000a1b00000, 0x00000000a1b00000|100%| O|  |TAMS 0x00000000a1b00000, 0x00000000a1b00000| Untracked 
|  11|0x00000000a1b00000, 0x00000000a1c00000, 0x00000000a1c00000|100%| O|  |TAMS 0x00000000a1c00000, 0x00000000a1c00000| Untracked 
|  12|0x00000000a1c00000, 0x00000000a1c64e00, 0x00000000a1d00000| 39%| O|  |TAMS 0x00000000a1c64e00, 0x00000000a1c64e00| Untracked 
|  13|0x00000000a1d00000, 0x00000000a1e00000, 0x00000000a1e00000|100%| O|  |TAMS 0x00000000a1e00000, 0x00000000a1e00000| Untracked 
|  14|0x00000000a1e00000, 0x00000000a1f00000, 0x00000000a1f00000|100%| O|  |TAMS 0x00000000a1f00000, 0x00000000a1f00000| Untracked 
|  15|0x00000000a1f00000, 0x00000000a2000000, 0x00000000a2000000|100%| O|  |TAMS 0x00000000a2000000, 0x00000000a2000000| Untracked 
|  16|0x00000000a2000000, 0x00000000a2100000, 0x00000000a2100000|100%| O|  |TAMS 0x00000000a2100000, 0x00000000a2100000| Untracked 
|  17|0x00000000a2100000, 0x00000000a2200000, 0x00000000a2200000|100%| O|  |TAMS 0x00000000a2200000, 0x00000000a2200000| Untracked 
|  18|0x00000000a2200000, 0x00000000a2300000, 0x00000000a2300000|100%| O|  |TAMS 0x00000000a2300000, 0x00000000a2300000| Untracked 
|  19|0x00000000a2300000, 0x00000000a2400000, 0x00000000a2400000|100%| O|  |TAMS 0x00000000a2400000, 0x00000000a2400000| Untracked 
|  20|0x00000000a2400000, 0x00000000a2500000, 0x00000000a2500000|100%| O|  |TAMS 0x00000000a2500000, 0x00000000a2500000| Untracked 
|  21|0x00000000a2500000, 0x00000000a2600000, 0x00000000a2600000|100%| O|  |TAMS 0x00000000a2600000, 0x00000000a2600000| Untracked 
|  22|0x00000000a2600000, 0x00000000a2700000, 0x00000000a2700000|100%| O|  |TAMS 0x00000000a2700000, 0x00000000a2700000| Untracked 
|  23|0x00000000a2700000, 0x00000000a2800000, 0x00000000a2800000|100%| O|  |TAMS 0x00000000a2800000, 0x00000000a2800000| Untracked 
|  24|0x00000000a2800000, 0x00000000a2900000, 0x00000000a2900000|100%| O|  |TAMS 0x00000000a2900000, 0x00000000a2900000| Untracked 
|  25|0x00000000a2900000, 0x00000000a2a00000, 0x00000000a2a00000|100%| O|  |TAMS 0x00000000a2a00000, 0x00000000a2a00000| Untracked 
|  26|0x00000000a2a00000, 0x00000000a2b00000, 0x00000000a2b00000|100%| O|  |TAMS 0x00000000a2b00000, 0x00000000a2b00000| Untracked 
|  27|0x00000000a2b00000, 0x00000000a2c00000, 0x00000000a2c00000|100%| O|  |TAMS 0x00000000a2c00000, 0x00000000a2c00000| Untracked 
|  28|0x00000000a2c00000, 0x00000000a2d00000, 0x00000000a2d00000|100%| O|  |TAMS 0x00000000a2d00000, 0x00000000a2d00000| Untracked 
|  29|0x00000000a2d00000, 0x00000000a2e00000, 0x00000000a2e00000|100%| O|  |TAMS 0x00000000a2e00000, 0x00000000a2e00000| Untracked 
|  30|0x00000000a2e00000, 0x00000000a2f00000, 0x00000000a2f00000|100%| O|  |TAMS 0x00000000a2f00000, 0x00000000a2f00000| Untracked 
|  31|0x00000000a2f00000, 0x00000000a3000000, 0x00000000a3000000|100%| O|  |TAMS 0x00000000a3000000, 0x00000000a3000000| Untracked 
|  32|0x00000000a3000000, 0x00000000a3100000, 0x00000000a3100000|100%| O|  |TAMS 0x00000000a3100000, 0x00000000a3100000| Untracked 
|  33|0x00000000a3100000, 0x00000000a3200000, 0x00000000a3200000|100%| O|  |TAMS 0x00000000a3200000, 0x00000000a3200000| Untracked 
|  34|0x00000000a3200000, 0x00000000a3300000, 0x00000000a3300000|100%| O|  |TAMS 0x00000000a3300000, 0x00000000a3300000| Untracked 
|  35|0x00000000a3300000, 0x00000000a3400000, 0x00000000a3400000|100%| O|  |TAMS 0x00000000a3400000, 0x00000000a3400000| Untracked 
|  36|0x00000000a3400000, 0x00000000a3500000, 0x00000000a3500000|100%| O|  |TAMS 0x00000000a3500000, 0x00000000a3500000| Untracked 
|  37|0x00000000a3500000, 0x00000000a3600000, 0x00000000a3600000|100%| O|  |TAMS 0x00000000a3600000, 0x00000000a3600000| Untracked 
|  38|0x00000000a3600000, 0x00000000a3700000, 0x00000000a3700000|100%| O|  |TAMS 0x00000000a3700000, 0x00000000a3700000| Untracked 
|  39|0x00000000a3700000, 0x00000000a3800000, 0x00000000a3800000|100%| O|  |TAMS 0x00000000a3800000, 0x00000000a3800000| Untracked 
|  40|0x00000000a3800000, 0x00000000a3900000, 0x00000000a3900000|100%| O|  |TAMS 0x00000000a3800000, 0x00000000a3800000| Untracked 
|  41|0x00000000a3900000, 0x00000000a3a00000, 0x00000000a3a00000|100%| O|  |TAMS 0x00000000a3900000, 0x00000000a3a00000| Untracked 
|  42|0x00000000a3a00000, 0x00000000a3b00000, 0x00000000a3b00000|100%| O|  |TAMS 0x00000000a3b00000, 0x00000000a3b00000| Untracked 
|  43|0x00000000a3b00000, 0x00000000a3c00000, 0x00000000a3c00000|100%| O|  |TAMS 0x00000000a3b00000, 0x00000000a3c00000| Untracked 
|  44|0x00000000a3c00000, 0x00000000a3d00000, 0x00000000a3d00000|100%| O|  |TAMS 0x00000000a3c00000, 0x00000000a3d00000| Untracked 
|  45|0x00000000a3d00000, 0x00000000a3e00000, 0x00000000a3e00000|100%| O|  |TAMS 0x00000000a3e00000, 0x00000000a3e00000| Untracked 
|  46|0x00000000a3e00000, 0x00000000a3f00000, 0x00000000a3f00000|100%| O|  |TAMS 0x00000000a3f00000, 0x00000000a3f00000| Untracked 
|  47|0x00000000a3f00000, 0x00000000a4000000, 0x00000000a4000000|100%| O|  |TAMS 0x00000000a4000000, 0x00000000a4000000| Untracked 
|  48|0x00000000a4000000, 0x00000000a4100000, 0x00000000a4100000|100%| O|  |TAMS 0x00000000a4100000, 0x00000000a4100000| Untracked 
|  49|0x00000000a4100000, 0x00000000a4200000, 0x00000000a4200000|100%| O|  |TAMS 0x00000000a4200000, 0x00000000a4200000| Untracked 
|  50|0x00000000a4200000, 0x00000000a4300000, 0x00000000a4300000|100%| O|  |TAMS 0x00000000a4300000, 0x00000000a4300000| Untracked 
|  51|0x00000000a4300000, 0x00000000a4400000, 0x00000000a4400000|100%| O|  |TAMS 0x00000000a4300000, 0x00000000a4300000| Untracked 
|  52|0x00000000a4400000, 0x00000000a4500000, 0x00000000a4500000|100%| O|  |TAMS 0x00000000a4400000, 0x00000000a4400000| Untracked 
|  53|0x00000000a4500000, 0x00000000a4600000, 0x00000000a4600000|100%| O|  |TAMS 0x00000000a4600000, 0x00000000a4600000| Untracked 
|  54|0x00000000a4600000, 0x00000000a4700000, 0x00000000a4700000|100%| O|  |TAMS 0x00000000a4600000, 0x00000000a4600000| Untracked 
|  55|0x00000000a4700000, 0x00000000a4800000, 0x00000000a4800000|100%| O|  |TAMS 0x00000000a4800000, 0x00000000a4800000| Untracked 
|  56|0x00000000a4800000, 0x00000000a4900000, 0x00000000a4900000|100%| O|  |TAMS 0x00000000a4900000, 0x00000000a4900000| Untracked 
|  57|0x00000000a4900000, 0x00000000a4a00000, 0x00000000a4a00000|100%| O|  |TAMS 0x00000000a4900000, 0x00000000a4900000| Untracked 
|  58|0x00000000a4a00000, 0x00000000a4b00000, 0x00000000a4b00000|100%| O|  |TAMS 0x00000000a4a00000, 0x00000000a4b00000| Untracked 
|  59|0x00000000a4b00000, 0x00000000a4c00000, 0x00000000a4c00000|100%| O|  |TAMS 0x00000000a4b00000, 0x00000000a4c00000| Untracked 
|  60|0x00000000a4c00000, 0x00000000a4c00000, 0x00000000a4d00000|  0%| F|  |TAMS 0x00000000a4c00000, 0x00000000a4c00000| Untracked 
|  61|0x00000000a4d00000, 0x00000000a4d00000, 0x00000000a4e00000|  0%| F|  |TAMS 0x00000000a4d00000, 0x00000000a4d00000| Untracked 
|  62|0x00000000a4e00000, 0x00000000a4f00000, 0x00000000a4f00000|100%| O|  |TAMS 0x00000000a4e00000, 0x00000000a4f00000| Untracked 
|  63|0x00000000a4f00000, 0x00000000a5000000, 0x00000000a5000000|100%| O|  |TAMS 0x00000000a4f00000, 0x00000000a5000000| Untracked 
|  64|0x00000000a5000000, 0x00000000a5100000, 0x00000000a5100000|100%| O|  |TAMS 0x00000000a5100000, 0x00000000a5100000| Untracked 
|  65|0x00000000a5100000, 0x00000000a5200000, 0x00000000a5200000|100%| O|  |TAMS 0x00000000a5200000, 0x00000000a5200000| Untracked 
|  66|0x00000000a5200000, 0x00000000a5300000, 0x00000000a5300000|100%| O|  |TAMS 0x00000000a5300000, 0x00000000a5300000| Untracked 
|  67|0x00000000a5300000, 0x00000000a5400000, 0x00000000a5400000|100%| O|  |TAMS 0x00000000a5300000, 0x00000000a5400000| Untracked 
|  68|0x00000000a5400000, 0x00000000a5500000, 0x00000000a5500000|100%| O|  |TAMS 0x00000000a5500000, 0x00000000a5500000| Untracked 
|  69|0x00000000a5500000, 0x00000000a5600000, 0x00000000a5600000|100%| O|  |TAMS 0x00000000a5500000, 0x00000000a5600000| Untracked 
|  70|0x00000000a5600000, 0x00000000a5700000, 0x00000000a5700000|100%| O|  |TAMS 0x00000000a5600000, 0x00000000a5700000| Untracked 
|  71|0x00000000a5700000, 0x00000000a5800000, 0x00000000a5800000|100%| O|  |TAMS 0x00000000a5700000, 0x00000000a5800000| Untracked 
|  72|0x00000000a5800000, 0x00000000a5900000, 0x00000000a5900000|100%| O|  |TAMS 0x00000000a5800000, 0x00000000a5900000| Untracked 
|  73|0x00000000a5900000, 0x00000000a5a00000, 0x00000000a5a00000|100%| O|  |TAMS 0x00000000a5900000, 0x00000000a5a00000| Untracked 
|  74|0x00000000a5a00000, 0x00000000a5b00000, 0x00000000a5b00000|100%| O|  |TAMS 0x00000000a5a00000, 0x00000000a5b00000| Untracked 
|  75|0x00000000a5b00000, 0x00000000a5c00000, 0x00000000a5c00000|100%| O|  |TAMS 0x00000000a5b00000, 0x00000000a5c00000| Untracked 
|  76|0x00000000a5c00000, 0x00000000a5c00000, 0x00000000a5d00000|  0%| F|  |TAMS 0x00000000a5c00000, 0x00000000a5c00000| Untracked 
|  77|0x00000000a5d00000, 0x00000000a5e00000, 0x00000000a5e00000|100%| O|  |TAMS 0x00000000a5d00000, 0x00000000a5e00000| Untracked 
|  78|0x00000000a5e00000, 0x00000000a5f00000, 0x00000000a5f00000|100%| O|  |TAMS 0x00000000a5e00000, 0x00000000a5f00000| Untracked 
|  79|0x00000000a5f00000, 0x00000000a6000000, 0x00000000a6000000|100%| O|  |TAMS 0x00000000a5f00000, 0x00000000a6000000| Untracked 
|  80|0x00000000a6000000, 0x00000000a6000000, 0x00000000a6100000|  0%| F|  |TAMS 0x00000000a6000000, 0x00000000a6000000| Untracked 
|  81|0x00000000a6100000, 0x00000000a6200000, 0x00000000a6200000|100%| O|  |TAMS 0x00000000a6100000, 0x00000000a6200000| Untracked 
|  82|0x00000000a6200000, 0x00000000a6300000, 0x00000000a6300000|100%| O|  |TAMS 0x00000000a6280000, 0x00000000a6300000| Untracked 
|  83|0x00000000a6300000, 0x00000000a6400000, 0x00000000a6400000|100%| O|  |TAMS 0x00000000a6300000, 0x00000000a6400000| Untracked 
|  84|0x00000000a6400000, 0x00000000a6500000, 0x00000000a6500000|100%| O|  |TAMS 0x00000000a6400000, 0x00000000a6500000| Untracked 
|  85|0x00000000a6500000, 0x00000000a6600000, 0x00000000a6600000|100%| O|  |TAMS 0x00000000a6500000, 0x00000000a6600000| Untracked 
|  86|0x00000000a6600000, 0x00000000a6700000, 0x00000000a6700000|100%| O|  |TAMS 0x00000000a6600000, 0x00000000a6700000| Untracked 
|  87|0x00000000a6700000, 0x00000000a6800000, 0x00000000a6800000|100%| O|  |TAMS 0x00000000a6700000, 0x00000000a6780000| Untracked 
|  88|0x00000000a6800000, 0x00000000a6800000, 0x00000000a6900000|  0%| F|  |TAMS 0x00000000a6800000, 0x00000000a6800000| Untracked 
|  89|0x00000000a6900000, 0x00000000a6900000, 0x00000000a6a00000|  0%| F|  |TAMS 0x00000000a6900000, 0x00000000a6900000| Untracked 
|  90|0x00000000a6a00000, 0x00000000a6a00000, 0x00000000a6b00000|  0%| F|  |TAMS 0x00000000a6a00000, 0x00000000a6a00000| Untracked 
|  91|0x00000000a6b00000, 0x00000000a6b00000, 0x00000000a6c00000|  0%| F|  |TAMS 0x00000000a6b00000, 0x00000000a6b00000| Untracked 
|  92|0x00000000a6c00000, 0x00000000a6c00000, 0x00000000a6d00000|  0%| F|  |TAMS 0x00000000a6c00000, 0x00000000a6c00000| Untracked 
|  93|0x00000000a6d00000, 0x00000000a6d00000, 0x00000000a6e00000|  0%| F|  |TAMS 0x00000000a6d00000, 0x00000000a6d00000| Untracked 
|  94|0x00000000a6e00000, 0x00000000a6e00000, 0x00000000a6f00000|  0%| F|  |TAMS 0x00000000a6e00000, 0x00000000a6e00000| Untracked 
|  95|0x00000000a6f00000, 0x00000000a6f00000, 0x00000000a7000000|  0%| F|  |TAMS 0x00000000a6f00000, 0x00000000a6f00000| Untracked 
|  96|0x00000000a7000000, 0x00000000a7000000, 0x00000000a7100000|  0%| F|  |TAMS 0x00000000a7000000, 0x00000000a7000000| Untracked 
|  97|0x00000000a7100000, 0x00000000a7100000, 0x00000000a7200000|  0%| F|  |TAMS 0x00000000a7100000, 0x00000000a7100000| Untracked 
|  98|0x00000000a7200000, 0x00000000a7200000, 0x00000000a7300000|  0%| F|  |TAMS 0x00000000a7200000, 0x00000000a7200000| Untracked 
|  99|0x00000000a7300000, 0x00000000a7300000, 0x00000000a7400000|  0%| F|  |TAMS 0x00000000a7300000, 0x00000000a7300000| Untracked 
| 100|0x00000000a7400000, 0x00000000a7400000, 0x00000000a7500000|  0%| F|  |TAMS 0x00000000a7400000, 0x00000000a7400000| Untracked 
| 101|0x00000000a7500000, 0x00000000a7500000, 0x00000000a7600000|  0%| F|  |TAMS 0x00000000a7500000, 0x00000000a7500000| Untracked 
| 102|0x00000000a7600000, 0x00000000a7600000, 0x00000000a7700000|  0%| F|  |TAMS 0x00000000a7600000, 0x00000000a7600000| Untracked 
| 103|0x00000000a7700000, 0x00000000a7700000, 0x00000000a7800000|  0%| F|  |TAMS 0x00000000a7700000, 0x00000000a7700000| Untracked 
| 104|0x00000000a7800000, 0x00000000a7800000, 0x00000000a7900000|  0%| F|  |TAMS 0x00000000a7800000, 0x00000000a7800000| Untracked 
| 105|0x00000000a7900000, 0x00000000a7900000, 0x00000000a7a00000|  0%| F|  |TAMS 0x00000000a7900000, 0x00000000a7900000| Untracked 
| 106|0x00000000a7a00000, 0x00000000a7a00000, 0x00000000a7b00000|  0%| F|  |TAMS 0x00000000a7a00000, 0x00000000a7a00000| Untracked 
| 107|0x00000000a7b00000, 0x00000000a7b00000, 0x00000000a7c00000|  0%| F|  |TAMS 0x00000000a7b00000, 0x00000000a7b00000| Untracked 
| 108|0x00000000a7c00000, 0x00000000a7c00000, 0x00000000a7d00000|  0%| F|  |TAMS 0x00000000a7c00000, 0x00000000a7c00000| Untracked 
| 109|0x00000000a7d00000, 0x00000000a7d00000, 0x00000000a7e00000|  0%| F|  |TAMS 0x00000000a7d00000, 0x00000000a7d00000| Untracked 
| 110|0x00000000a7e00000, 0x00000000a7e00000, 0x00000000a7f00000|  0%| F|  |TAMS 0x00000000a7e00000, 0x00000000a7e00000| Untracked 
| 111|0x00000000a7f00000, 0x00000000a8000000, 0x00000000a8000000|100%| S|CS|TAMS 0x00000000a7f00000, 0x00000000a7f00000| Complete 
| 112|0x00000000a8000000, 0x00000000a8100000, 0x00000000a8100000|100%| S|CS|TAMS 0x00000000a8000000, 0x00000000a8000000| Complete 
| 113|0x00000000a8100000, 0x00000000a8200000, 0x00000000a8200000|100%| S|CS|TAMS 0x00000000a8100000, 0x00000000a8100000| Complete 
| 114|0x00000000a8200000, 0x00000000a8300000, 0x00000000a8300000|100%| S|CS|TAMS 0x00000000a8200000, 0x00000000a8200000| Complete 
| 115|0x00000000a8300000, 0x00000000a8400000, 0x00000000a8400000|100%| S|CS|TAMS 0x00000000a8300000, 0x00000000a8300000| Complete 
| 116|0x00000000a8400000, 0x00000000a8400000, 0x00000000a8500000|  0%| F|  |TAMS 0x00000000a8400000, 0x00000000a8400000| Untracked 
| 117|0x00000000a8500000, 0x00000000a8500000, 0x00000000a8600000|  0%| F|  |TAMS 0x00000000a8500000, 0x00000000a8500000| Untracked 
| 118|0x00000000a8600000, 0x00000000a8600000, 0x00000000a8700000|  0%| F|  |TAMS 0x00000000a8600000, 0x00000000a8600000| Untracked 
| 119|0x00000000a8700000, 0x00000000a8700000, 0x00000000a8800000|  0%| F|  |TAMS 0x00000000a8700000, 0x00000000a8700000| Untracked 
| 120|0x00000000a8800000, 0x00000000a8800000, 0x00000000a8900000|  0%| F|  |TAMS 0x00000000a8800000, 0x00000000a8800000| Untracked 
| 121|0x00000000a8900000, 0x00000000a8900000, 0x00000000a8a00000|  0%| F|  |TAMS 0x00000000a8900000, 0x00000000a8900000| Untracked 
| 122|0x00000000a8a00000, 0x00000000a8a00000, 0x00000000a8b00000|  0%| F|  |TAMS 0x00000000a8a00000, 0x00000000a8a00000| Untracked 
| 123|0x00000000a8b00000, 0x00000000a8b00000, 0x00000000a8c00000|  0%| F|  |TAMS 0x00000000a8b00000, 0x00000000a8b00000| Untracked 
| 124|0x00000000a8c00000, 0x00000000a8c00000, 0x00000000a8d00000|  0%| F|  |TAMS 0x00000000a8c00000, 0x00000000a8c00000| Untracked 
| 125|0x00000000a8d00000, 0x00000000a8d00000, 0x00000000a8e00000|  0%| F|  |TAMS 0x00000000a8d00000, 0x00000000a8d00000| Untracked 
| 126|0x00000000a8e00000, 0x00000000a8e00000, 0x00000000a8f00000|  0%| F|  |TAMS 0x00000000a8e00000, 0x00000000a8e00000| Untracked 
| 127|0x00000000a8f00000, 0x00000000a8f00000, 0x00000000a9000000|  0%| F|  |TAMS 0x00000000a8f00000, 0x00000000a8f00000| Untracked 
| 128|0x00000000a9000000, 0x00000000a9000000, 0x00000000a9100000|  0%| F|  |TAMS 0x00000000a9000000, 0x00000000a9000000| Untracked 
| 129|0x00000000a9100000, 0x00000000a9100000, 0x00000000a9200000|  0%| F|  |TAMS 0x00000000a9100000, 0x00000000a9100000| Untracked 
| 130|0x00000000a9200000, 0x00000000a9200000, 0x00000000a9300000|  0%| F|  |TAMS 0x00000000a9200000, 0x00000000a9200000| Untracked 
| 131|0x00000000a9300000, 0x00000000a9300000, 0x00000000a9400000|  0%| F|  |TAMS 0x00000000a9300000, 0x00000000a9300000| Untracked 
| 132|0x00000000a9400000, 0x00000000a9400000, 0x00000000a9500000|  0%| F|  |TAMS 0x00000000a9400000, 0x00000000a9400000| Untracked 
| 133|0x00000000a9500000, 0x00000000a9500000, 0x00000000a9600000|  0%| F|  |TAMS 0x00000000a9500000, 0x00000000a9500000| Untracked 
| 134|0x00000000a9600000, 0x00000000a9600000, 0x00000000a9700000|  0%| F|  |TAMS 0x00000000a9600000, 0x00000000a9600000| Untracked 
| 135|0x00000000a9700000, 0x00000000a9700000, 0x00000000a9800000|  0%| F|  |TAMS 0x00000000a9700000, 0x00000000a9700000| Untracked 
| 136|0x00000000a9800000, 0x00000000a9800000, 0x00000000a9900000|  0%| F|  |TAMS 0x00000000a9800000, 0x00000000a9800000| Untracked 
| 137|0x00000000a9900000, 0x00000000a9900000, 0x00000000a9a00000|  0%| F|  |TAMS 0x00000000a9900000, 0x00000000a9900000| Untracked 
| 138|0x00000000a9a00000, 0x00000000a9a00000, 0x00000000a9b00000|  0%| F|  |TAMS 0x00000000a9a00000, 0x00000000a9a00000| Untracked 
| 139|0x00000000a9b00000, 0x00000000a9b00000, 0x00000000a9c00000|  0%| F|  |TAMS 0x00000000a9b00000, 0x00000000a9b00000| Untracked 
| 140|0x00000000a9c00000, 0x00000000a9c00000, 0x00000000a9d00000|  0%| F|  |TAMS 0x00000000a9c00000, 0x00000000a9c00000| Untracked 
| 141|0x00000000a9d00000, 0x00000000a9d00000, 0x00000000a9e00000|  0%| F|  |TAMS 0x00000000a9d00000, 0x00000000a9d00000| Untracked 
| 142|0x00000000a9e00000, 0x00000000a9e00000, 0x00000000a9f00000|  0%| F|  |TAMS 0x00000000a9e00000, 0x00000000a9e00000| Untracked 
| 143|0x00000000a9f00000, 0x00000000a9f00000, 0x00000000aa000000|  0%| F|  |TAMS 0x00000000a9f00000, 0x00000000a9f00000| Untracked 
| 144|0x00000000aa000000, 0x00000000aa000000, 0x00000000aa100000|  0%| F|  |TAMS 0x00000000aa000000, 0x00000000aa000000| Untracked 
| 145|0x00000000aa100000, 0x00000000aa100000, 0x00000000aa200000|  0%| F|  |TAMS 0x00000000aa100000, 0x00000000aa100000| Untracked 
| 146|0x00000000aa200000, 0x00000000aa200000, 0x00000000aa300000|  0%| F|  |TAMS 0x00000000aa200000, 0x00000000aa200000| Untracked 
| 147|0x00000000aa300000, 0x00000000aa300000, 0x00000000aa400000|  0%| F|  |TAMS 0x00000000aa300000, 0x00000000aa300000| Untracked 
| 148|0x00000000aa400000, 0x00000000aa400000, 0x00000000aa500000|  0%| F|  |TAMS 0x00000000aa400000, 0x00000000aa400000| Untracked 

Card table byte_map: [0x00000186737b0000,0x0000018673ab0000] _byte_map_base: 0x00000186732a8000

Marking Bits (Prev, Next): (CMBitMap*) 0x000001865a7e81b0, (CMBitMap*) 0x000001865a7e81f0
 Prev Bits: [0x0000018673db0000, 0x0000018675570000)
 Next Bits: [0x0000018675570000, 0x0000018676d30000)

Polling page: 0x000001865a870000

Metaspace:

Usage:
  Non-class:     78.71 MB used.
      Class:     10.93 MB used.
       Both:     89.64 MB used.

Virtual space:
  Non-class space:       80.00 MB reserved,      78.94 MB ( 99%) committed,  10 nodes.
      Class space:        1.00 GB reserved,      11.12 MB (  1%) committed,  1 nodes.
             Both:        1.08 GB reserved,      90.06 MB (  8%) committed. 

Chunk freelists:
   Non-Class:  200.00 KB
       Class:  900.00 KB
        Both:  1.07 MB

MaxMetaspaceSize: unlimited
CompressedClassSpaceSize: 1.00 GB
Initial GC threshold: 21.00 MB
Current GC threshold: 150.12 MB
CDS: on
MetaspaceReclaimPolicy: balanced
 - commit_granule_bytes: 65536.
 - commit_granule_words: 8192.
 - virtual_space_node_default_size: 1048576.
 - enlarge_chunks_in_place: 1.
 - new_chunks_are_fully_committed: 0.
 - uncommit_free_chunks: 1.
 - use_allocation_guard: 0.
 - handle_deallocations: 1.


Internal statistics:

num_allocs_failed_limit: 11.
num_arena_births: 700.
num_arena_deaths: 0.
num_vsnodes_births: 11.
num_vsnodes_deaths: 0.
num_space_committed: 1441.
num_space_uncommitted: 0.
num_chunks_returned_to_freelist: 11.
num_chunks_taken_from_freelist: 4085.
num_chunk_merges: 11.
num_chunk_splits: 3091.
num_chunks_enlarged: 2540.
num_purges: 0.
num_inconsistent_stats: 0.

CodeHeap 'non-profiled nmethods': size=120000Kb used=4842Kb max_used=4842Kb free=115158Kb
 bounds [0x000001866b510000, 0x000001866b9d0000, 0x0000018672a40000]
CodeHeap 'profiled nmethods': size=120000Kb used=16820Kb max_used=16820Kb free=103179Kb
 bounds [0x0000018663fe0000, 0x0000018665060000, 0x000001866b510000]
CodeHeap 'non-nmethods': size=5760Kb used=1346Kb max_used=1420Kb free=4413Kb
 bounds [0x0000018663a40000, 0x0000018663cb0000, 0x0000018663fe0000]
 total_blobs=8481 nmethods=7797 adapters=596
 compilation: enabled
              stopped_count=0, restarted_count=0
 full_count=0

Compilation events (20 events):
Event: 73.642 Thread 0x00000186797b69b0 10275       3       nonapi.io.github.classgraph.classloaderhandler.ClassLoaderHandlerRegistry$ClassLoaderHandlerRegistryEntry::$jacocoInit (52 bytes)
Event: 73.643 Thread 0x00000186797b69b0 nmethod 10275 0x000001866504cd10 code [0x000001866504cf20, 0x000001866504d8b8]
Event: 73.643 Thread 0x00000186797b69b0 10276       3       jdk.internal.reflect.AccessorGenerator::getClassName (197 bytes)
Event: 73.646 Thread 0x00000186797b69b0 nmethod 10276 0x000001866504da90 code [0x000001866504dea0, 0x000001866504f3a8]
Event: 73.646 Thread 0x00000186797b69b0 10278       3       jdk.internal.reflect.AccessorGenerator::add (5 bytes)
Event: 73.647 Thread 0x00000186797b69b0 nmethod 10278 0x0000018663fe4090 code [0x0000018663fe4220, 0x0000018663fe4318]
Event: 73.647 Thread 0x00000186797b69b0 10277       3       jdk.internal.reflect.ClassFileAssembler::<init> (8 bytes)
Event: 73.647 Thread 0x00000186797b69b0 nmethod 10277 0x000001866504f910 code [0x000001866504fae0, 0x000001866504fff8]
Event: 73.687 Thread 0x00000186797b1ff0 nmethod 10270 0x000001866b9c8010 code [0x000001866b9c8280, 0x000001866b9c9168]
Event: 73.688 Thread 0x00000186797b1ff0 10271       4       java.lang.reflect.AccessibleObject::canAccess (213 bytes)
Event: 73.695 Thread 0x00000186797b1ff0 nmethod 10271 0x000001866b9c9a10 code [0x000001866b9c9be0, 0x000001866b9c9f58]
Event: 73.716 Thread 0x00000186797b1ff0 10279       4       nonapi.io.github.classgraph.utils.FastPathResolver::resolve (1550 bytes)
Event: 73.728 Thread 0x00000186797b69b0 10281       3       java.net.URI$Parser::scan (53 bytes)
Event: 73.730 Thread 0x00000186797b69b0 nmethod 10281 0x0000018665050190 code [0x0000018665050420, 0x0000018665051098]
Event: 73.797 Thread 0x00000186797b69b0 10282       3       java.lang.Exception::<init> (5 bytes)
Event: 73.798 Thread 0x00000186797b69b0 nmethod 10282 0x0000018665051590 code [0x0000018665051760, 0x0000018665051b28]
Event: 73.802 Thread 0x00000186797b69b0 10283       1       java.lang.Thread::getPriority (5 bytes)
Event: 73.802 Thread 0x00000186797b69b0 nmethod 10283 0x000001866b9ca210 code [0x000001866b9ca3a0, 0x000001866b9ca478]
Event: 73.803 Thread 0x00000186797b69b0 10284       1       java.lang.ThreadGroup::getMaxPriority (5 bytes)
Event: 73.803 Thread 0x00000186797b69b0 nmethod 10284 0x000001866b9ca510 code [0x000001866b9ca6a0, 0x000001866b9ca778]

GC Heap History (20 events):
Event: 63.265 GC heap after
{Heap after GC invocations=42 (full 0):
 garbage-first heap   total 120832K, used 41283K [0x00000000a1000000, 0x0000000100000000)
  region size 1024K, 7 young (7168K), 7 survivors (7168K)
 Metaspace       used 83435K, committed 83968K, reserved 1122304K
  class space    used 10317K, committed 10560K, reserved 1048576K
}
Event: 64.481 GC heap before
{Heap before GC invocations=42 (full 0):
 garbage-first heap   total 120832K, used 99651K [0x00000000a1000000, 0x0000000100000000)
  region size 1024K, 64 young (65536K), 7 survivors (7168K)
 Metaspace       used 85396K, committed 85888K, reserved 1130496K
  class space    used 10537K, committed 10752K, reserved 1048576K
}
Event: 64.507 GC heap after
{Heap after GC invocations=43 (full 0):
 garbage-first heap   total 120832K, used 43124K [0x00000000a1000000, 0x0000000100000000)
  region size 1024K, 6 young (6144K), 6 survivors (6144K)
 Metaspace       used 85396K, committed 85888K, reserved 1130496K
  class space    used 10537K, committed 10752K, reserved 1048576K
}
Event: 66.087 GC heap before
{Heap before GC invocations=43 (full 0):
 garbage-first heap   total 120832K, used 100468K [0x00000000a1000000, 0x0000000100000000)
  region size 1024K, 62 young (63488K), 6 survivors (6144K)
 Metaspace       used 87395K, committed 87872K, reserved 1130496K
  class space    used 10774K, committed 11008K, reserved 1048576K
}
Event: 66.113 GC heap after
{Heap after GC invocations=44 (full 0):
 garbage-first heap   total 120832K, used 44083K [0x00000000a1000000, 0x0000000100000000)
  region size 1024K, 5 young (5120K), 5 survivors (5120K)
 Metaspace       used 87395K, committed 87872K, reserved 1130496K
  class space    used 10774K, committed 11008K, reserved 1048576K
}
Event: 68.203 GC heap before
{Heap before GC invocations=44 (full 0):
 garbage-first heap   total 120832K, used 101427K [0x00000000a1000000, 0x0000000100000000)
  region size 1024K, 61 young (62464K), 5 survivors (5120K)
 Metaspace       used 89469K, committed 89920K, reserved 1130496K
  class space    used 10985K, committed 11200K, reserved 1048576K
}
Event: 68.234 GC heap after
{Heap after GC invocations=45 (full 0):
 garbage-first heap   total 145408K, used 46254K [0x00000000a1000000, 0x0000000100000000)
  region size 1024K, 6 young (6144K), 6 survivors (6144K)
 Metaspace       used 89469K, committed 89920K, reserved 1130496K
  class space    used 10985K, committed 11200K, reserved 1048576K
}
Event: 70.662 GC heap before
{Heap before GC invocations=45 (full 0):
 garbage-first heap   total 145408K, used 121006K [0x00000000a1000000, 0x0000000100000000)
  region size 1024K, 79 young (80896K), 6 survivors (6144K)
 Metaspace       used 91388K, committed 91840K, reserved 1130496K
  class space    used 11178K, committed 11392K, reserved 1048576K
}
Event: 70.686 GC heap after
{Heap after GC invocations=46 (full 0):
 garbage-first heap   total 145408K, used 52820K [0x00000000a1000000, 0x0000000100000000)
  region size 1024K, 10 young (10240K), 10 survivors (10240K)
 Metaspace       used 91388K, committed 91840K, reserved 1130496K
  class space    used 11178K, committed 11392K, reserved 1048576K
}
Event: 72.067 GC heap before
{Heap before GC invocations=46 (full 0):
 garbage-first heap   total 145408K, used 119380K [0x00000000a1000000, 0x0000000100000000)
  region size 1024K, 73 young (74752K), 10 survivors (10240K)
 Metaspace       used 91689K, committed 92160K, reserved 1130496K
  class space    used 11192K, committed 11392K, reserved 1048576K
}
Event: 72.110 GC heap after
{Heap after GC invocations=47 (full 0):
 garbage-first heap   total 145408K, used 66874K [0x00000000a1000000, 0x0000000100000000)
  region size 1024K, 10 young (10240K), 10 survivors (10240K)
 Metaspace       used 91689K, committed 92160K, reserved 1130496K
  class space    used 11192K, committed 11392K, reserved 1048576K
}
Event: 72.559 GC heap before
{Heap before GC invocations=47 (full 0):
 garbage-first heap   total 145408K, used 113978K [0x00000000a1000000, 0x0000000100000000)
  region size 1024K, 54 young (55296K), 10 survivors (10240K)
 Metaspace       used 91731K, committed 92224K, reserved 1130496K
  class space    used 11192K, committed 11392K, reserved 1048576K
}
Event: 72.583 GC heap after
{Heap after GC invocations=48 (full 0):
 garbage-first heap   total 145408K, used 77715K [0x00000000a1000000, 0x0000000100000000)
  region size 1024K, 7 young (7168K), 7 survivors (7168K)
 Metaspace       used 91731K, committed 92224K, reserved 1130496K
  class space    used 11192K, committed 11392K, reserved 1048576K
}
Event: 73.015 GC heap before
{Heap before GC invocations=48 (full 0):
 garbage-first heap   total 145408K, used 104339K [0x00000000a1000000, 0x0000000100000000)
  region size 1024K, 35 young (35840K), 7 survivors (7168K)
 Metaspace       used 91768K, committed 92224K, reserved 1130496K
  class space    used 11192K, committed 11392K, reserved 1048576K
}
Event: 73.038 GC heap after
{Heap after GC invocations=49 (full 0):
 garbage-first heap   total 145408K, used 86931K [0x00000000a1000000, 0x0000000100000000)
  region size 1024K, 6 young (6144K), 6 survivors (6144K)
 Metaspace       used 91768K, committed 92224K, reserved 1130496K
  class space    used 11192K, committed 11392K, reserved 1048576K
}
Event: 73.365 GC heap before
{Heap before GC invocations=50 (full 0):
 garbage-first heap   total 152576K, used 105363K [0x00000000a1000000, 0x0000000100000000)
  region size 1024K, 31 young (31744K), 6 survivors (6144K)
 Metaspace       used 91770K, committed 92224K, reserved 1130496K
  class space    used 11193K, committed 11392K, reserved 1048576K
}
Event: 73.379 GC heap after
{Heap after GC invocations=51 (full 0):
 garbage-first heap   total 152576K, used 85907K [0x00000000a1000000, 0x0000000100000000)
  region size 1024K, 4 young (4096K), 4 survivors (4096K)
 Metaspace       used 91770K, committed 92224K, reserved 1130496K
  class space    used 11193K, committed 11392K, reserved 1048576K
}
Event: 73.407 GC heap before
{Heap before GC invocations=51 (full 0):
 garbage-first heap   total 152576K, used 90003K [0x00000000a1000000, 0x0000000100000000)
  region size 1024K, 7 young (7168K), 4 survivors (4096K)
 Metaspace       used 91770K, committed 92224K, reserved 1130496K
  class space    used 11193K, committed 11392K, reserved 1048576K
}
Event: 73.417 GC heap after
{Heap after GC invocations=52 (full 0):
 garbage-first heap   total 152576K, used 81811K [0x00000000a1000000, 0x0000000100000000)
  region size 1024K, 1 young (1024K), 1 survivors (1024K)
 Metaspace       used 91770K, committed 92224K, reserved 1130496K
  class space    used 11193K, committed 11392K, reserved 1048576K
}
Event: 73.886 GC heap before
{Heap before GC invocations=52 (full 0):
 garbage-first heap   total 152576K, used 113555K [0x00000000a1000000, 0x0000000100000000)
  region size 1024K, 33 young (33792K), 1 survivors (1024K)
 Metaspace       used 91794K, committed 92224K, reserved 1130496K
  class space    used 11194K, committed 11392K, reserved 1048576K
}

Deoptimization events (20 events):
Event: 72.627 Thread 0x000001867cbcf000 DEOPT PACKING pc=0x0000018664f52d9e sp=0x0000002b9cdfeca0
Event: 72.627 Thread 0x000001867cbcf000 DEOPT UNPACKING pc=0x0000018663a92b43 sp=0x0000002b9cdfe298 mode 0
Event: 72.629 Thread 0x000001867cbce660 DEOPT PACKING pc=0x0000018664f52d9e sp=0x0000002b9cffefa0
Event: 72.629 Thread 0x000001867cbce660 DEOPT UNPACKING pc=0x0000018663a92b43 sp=0x0000002b9cffe598 mode 0
Event: 72.660 Thread 0x000001867caba000 Uncommon trap: trap_request=0xffffff45 fr.pc=0x000001866b8d24ec relative=0x000000000000166c
Event: 72.660 Thread 0x000001867caba000 Uncommon trap: reason=unstable_if action=reinterpret pc=0x000001866b8d24ec method=java.util.WeakHashMap.put(Ljava/lang/Object;Ljava/lang/Object;)Ljava/lang/Object; @ 70 c2
Event: 72.660 Thread 0x000001867caba000 DEOPT PACKING pc=0x000001866b8d24ec sp=0x0000002b9c4fee70
Event: 72.660 Thread 0x000001867caba000 DEOPT UNPACKING pc=0x0000018663a923a3 sp=0x0000002b9c4fee40 mode 2
Event: 72.763 Thread 0x000001865a7b64f0 DEOPT PACKING pc=0x0000018664946580 sp=0x0000002b9a5f9ea0
Event: 72.763 Thread 0x000001865a7b64f0 DEOPT UNPACKING pc=0x0000018663a92b43 sp=0x0000002b9a5f93b0 mode 0
Event: 72.798 Thread 0x000001865a7b64f0 DEOPT PACKING pc=0x0000018664946580 sp=0x0000002b9a5f9ea0
Event: 72.798 Thread 0x000001865a7b64f0 DEOPT UNPACKING pc=0x0000018663a92b43 sp=0x0000002b9a5f93b0 mode 0
Event: 72.847 Thread 0x000001865a7b64f0 DEOPT PACKING pc=0x0000018664946580 sp=0x0000002b9a5f9ea0
Event: 72.847 Thread 0x000001865a7b64f0 DEOPT UNPACKING pc=0x0000018663a92b43 sp=0x0000002b9a5f93b0 mode 0
Event: 72.866 Thread 0x000001867caba000 DEOPT PACKING pc=0x0000018664ee572c sp=0x0000002b9c4fe170
Event: 72.866 Thread 0x000001867caba000 DEOPT UNPACKING pc=0x0000018663a92b43 sp=0x0000002b9c4fd970 mode 0
Event: 72.950 Thread 0x000001867caba4d0 DEOPT PACKING pc=0x0000018664ee572c sp=0x0000002b9c5fe0b0
Event: 72.950 Thread 0x000001867caba4d0 DEOPT UNPACKING pc=0x0000018663a92b43 sp=0x0000002b9c5fd8b0 mode 0
Event: 73.068 Thread 0x000001867cbcf4d0 DEOPT PACKING pc=0x0000018664ee572c sp=0x0000002b9cbfdf90
Event: 73.068 Thread 0x000001867cbcf4d0 DEOPT UNPACKING pc=0x0000018663a92b43 sp=0x0000002b9cbfd790 mode 0

Classes unloaded (0 events):
No events

Classes redefined (0 events):
No events

Internal exceptions (20 events):
Event: 73.800 Thread 0x000001867cffd300 Exception <a 'sun/nio/fs/WindowsException'{0x00000000a8862918}> (0x00000000a8862918) 
thrown [c:\jenkins\workspace\zulu17-build-win64\zulu-src.git\src\hotspot\share\prims\jni.cpp, line 516]
Event: 73.800 Thread 0x000001867caba4d0 Exception <a 'sun/nio/fs/WindowsException'{0x00000000a8852f60}> (0x00000000a8852f60) 
thrown [c:\jenkins\workspace\zulu17-build-win64\zulu-src.git\src\hotspot\share\prims\jni.cpp, line 516]
Event: 73.800 Thread 0x000001867cffd300 Exception <a 'sun/nio/fs/WindowsException'{0x00000000a88632c0}> (0x00000000a88632c0) 
thrown [c:\jenkins\workspace\zulu17-build-win64\zulu-src.git\src\hotspot\share\prims\jni.cpp, line 516]
Event: 73.800 Thread 0x000001867caba4d0 Exception <a 'sun/nio/fs/WindowsException'{0x00000000a88538f0}> (0x00000000a88538f0) 
thrown [c:\jenkins\workspace\zulu17-build-win64\zulu-src.git\src\hotspot\share\prims\jni.cpp, line 516]
Event: 73.800 Thread 0x000001867cffd300 Exception <a 'sun/nio/fs/WindowsException'{0x00000000a8863638}> (0x00000000a8863638) 
thrown [c:\jenkins\workspace\zulu17-build-win64\zulu-src.git\src\hotspot\share\prims\jni.cpp, line 516]
Event: 73.800 Thread 0x000001867caba4d0 Exception <a 'sun/nio/fs/WindowsException'{0x00000000a8853c38}> (0x00000000a8853c38) 
thrown [c:\jenkins\workspace\zulu17-build-win64\zulu-src.git\src\hotspot\share\prims\jni.cpp, line 516]
Event: 73.800 Thread 0x000001867cffd300 Exception <a 'sun/nio/fs/WindowsException'{0x00000000a8863fd8}> (0x00000000a8863fd8) 
thrown [c:\jenkins\workspace\zulu17-build-win64\zulu-src.git\src\hotspot\share\prims\jni.cpp, line 516]
Event: 73.800 Thread 0x000001867caba4d0 Exception <a 'sun/nio/fs/WindowsException'{0x00000000a88545d8}> (0x00000000a88545d8) 
thrown [c:\jenkins\workspace\zulu17-build-win64\zulu-src.git\src\hotspot\share\prims\jni.cpp, line 516]
Event: 73.800 Thread 0x000001867cffd300 Exception <a 'sun/nio/fs/WindowsException'{0x00000000a8864348}> (0x00000000a8864348) 
thrown [c:\jenkins\workspace\zulu17-build-win64\zulu-src.git\src\hotspot\share\prims\jni.cpp, line 516]
Event: 73.800 Thread 0x000001867caba4d0 Exception <a 'sun/nio/fs/WindowsException'{0x00000000a8854938}> (0x00000000a8854938) 
thrown [c:\jenkins\workspace\zulu17-build-win64\zulu-src.git\src\hotspot\share\prims\jni.cpp, line 516]
Event: 73.801 Thread 0x000001867caba4d0 Exception <a 'sun/nio/fs/WindowsException'{0x00000000a88552d8}> (0x00000000a88552d8) 
thrown [c:\jenkins\workspace\zulu17-build-win64\zulu-src.git\src\hotspot\share\prims\jni.cpp, line 516]
Event: 73.801 Thread 0x000001867caba4d0 Exception <a 'sun/nio/fs/WindowsException'{0x00000000a8855628}> (0x00000000a8855628) 
thrown [c:\jenkins\workspace\zulu17-build-win64\zulu-src.git\src\hotspot\share\prims\jni.cpp, line 516]
Event: 73.803 Thread 0x000001867caba4d0 Exception <a 'sun/nio/fs/WindowsException'{0x00000000a8855fc8}> (0x00000000a8855fc8) 
thrown [c:\jenkins\workspace\zulu17-build-win64\zulu-src.git\src\hotspot\share\prims\jni.cpp, line 516]
Event: 73.803 Thread 0x000001867caba4d0 Exception <a 'sun/nio/fs/WindowsException'{0x00000000a8856328}> (0x00000000a8856328) 
thrown [c:\jenkins\workspace\zulu17-build-win64\zulu-src.git\src\hotspot\share\prims\jni.cpp, line 516]
Event: 73.805 Thread 0x000001867caba4d0 Exception <a 'sun/nio/fs/WindowsException'{0x00000000a8856cf0}> (0x00000000a8856cf0) 
thrown [c:\jenkins\workspace\zulu17-build-win64\zulu-src.git\src\hotspot\share\prims\jni.cpp, line 516]
Event: 73.805 Thread 0x000001867caba4d0 Exception <a 'sun/nio/fs/WindowsException'{0x00000000a8857070}> (0x00000000a8857070) 
thrown [c:\jenkins\workspace\zulu17-build-win64\zulu-src.git\src\hotspot\share\prims\jni.cpp, line 516]
Event: 73.805 Thread 0x000001867caba4d0 Exception <a 'sun/nio/fs/WindowsException'{0x00000000a8857a48}> (0x00000000a8857a48) 
thrown [c:\jenkins\workspace\zulu17-build-win64\zulu-src.git\src\hotspot\share\prims\jni.cpp, line 516]
Event: 73.805 Thread 0x000001867caba4d0 Exception <a 'sun/nio/fs/WindowsException'{0x00000000a8857dd8}> (0x00000000a8857dd8) 
thrown [c:\jenkins\workspace\zulu17-build-win64\zulu-src.git\src\hotspot\share\prims\jni.cpp, line 516]
Event: 73.806 Thread 0x000001867caba4d0 Exception <a 'sun/nio/fs/WindowsException'{0x00000000a88587a0}> (0x00000000a88587a0) 
thrown [c:\jenkins\workspace\zulu17-build-win64\zulu-src.git\src\hotspot\share\prims\jni.cpp, line 516]
Event: 73.806 Thread 0x000001867caba4d0 Exception <a 'sun/nio/fs/WindowsException'{0x00000000a8858b30}> (0x00000000a8858b30) 
thrown [c:\jenkins\workspace\zulu17-build-win64\zulu-src.git\src\hotspot\share\prims\jni.cpp, line 516]

VM Operations (20 events):
Event: 71.880 Executing VM operation: HandshakeAllThreads done
Event: 71.880 Executing VM operation: Cleanup
Event: 71.906 Executing VM operation: Cleanup done
Event: 72.067 Executing VM operation: G1CollectForAllocation
Event: 72.119 Executing VM operation: G1CollectForAllocation done
Event: 72.559 Executing VM operation: G1CollectForAllocation
Event: 72.591 Executing VM operation: G1CollectForAllocation done
Event: 73.001 Executing VM operation: G1TryInitiateConcMark
Event: 73.050 Executing VM operation: G1TryInitiateConcMark done
Event: 73.157 Executing VM operation: G1Concurrent
Event: 73.177 Executing VM operation: G1Concurrent done
Event: 73.216 Executing VM operation: G1Concurrent
Event: 73.245 Executing VM operation: G1Concurrent done
Event: 73.364 Executing VM operation: G1CollectForAllocation
Event: 73.382 Executing VM operation: G1CollectForAllocation done
Event: 73.403 Executing VM operation: G1CollectForAllocation
Event: 73.422 Executing VM operation: G1CollectForAllocation done
Event: 73.861 Executing VM operation: G1CollectForAllocation
Event: 73.886 Executing VM operation: G1CollectForAllocation done
Event: 73.886 Executing VM operation: G1CollectForAllocation

Events (20 events):
Event: 73.617 Thread 0x000001867d005040 Thread exited: 0x000001867d005040
Event: 73.617 Thread 0x000001867d006380 Thread exited: 0x000001867d006380
Event: 73.617 Thread 0x000001867d00b080 Thread exited: 0x000001867d00b080
Event: 73.618 Thread 0x000001867d005510 Thread exited: 0x000001867d005510
Event: 73.618 Thread 0x000001867caba4d0 Thread exited: 0x000001867caba4d0
Event: 73.618 Thread 0x000001867caba000 Thread exited: 0x000001867caba000
Event: 73.737 Thread 0x000001867caba000 Thread added: 0x000001867caba000
Event: 73.790 Thread 0x000001867caba4d0 Thread added: 0x000001867caba4d0
Event: 73.791 Thread 0x000001867cffd300 Thread added: 0x000001867cffd300
Event: 73.792 Thread 0x000001867cffefe0 Thread added: 0x000001867cffefe0
Event: 73.793 Thread 0x000001867cffeb10 Thread added: 0x000001867cffeb10
Event: 73.793 Thread 0x000001867cfff4b0 Thread added: 0x000001867cfff4b0
Event: 73.794 Thread 0x000001867d000320 Thread added: 0x000001867d000320
Event: 73.795 Thread 0x000001867cffe170 Thread added: 0x000001867cffe170
Event: 73.796 Thread 0x000001867cffd7d0 Thread added: 0x000001867cffd7d0
Event: 73.796 Thread 0x000001867cfffe50 Thread added: 0x000001867cfffe50
Event: 73.797 Thread 0x000001867cffe640 Thread added: 0x000001867cffe640
Event: 73.800 Thread 0x000001867d0007f0 Thread added: 0x000001867d0007f0
Event: 73.802 Thread 0x000001867cffbfc0 Thread added: 0x000001867cffbfc0
Event: 73.807 Thread 0x000001867cfff980 Thread added: 0x000001867cfff980


Dynamic libraries:
0x00007ff755170000 - 0x00007ff75517e000 	C:\Program Files\Zulu\zulu-17\bin\java.exe
0x00007ff8b7ed0000 - 0x00007ff8b80e6000 	C:\Windows\SYSTEM32\ntdll.dll
0x00007ff8b7220000 - 0x00007ff8b72e4000 	C:\Windows\System32\KERNEL32.DLL
0x00007ff8b5210000 - 0x00007ff8b55b6000 	C:\Windows\System32\KERNELBASE.dll
0x00007ff8afeb0000 - 0x00007ff8afecb000 	C:\Program Files\Zulu\zulu-17\bin\VCRUNTIME140.dll
0x00007ff8b5960000 - 0x00007ff8b5a71000 	C:\Windows\System32\ucrtbase.dll
0x00007ff8afe90000 - 0x00007ff8afea8000 	C:\Program Files\Zulu\zulu-17\bin\jli.dll
0x00007ff8b6960000 - 0x00007ff8b6b0d000 	C:\Windows\System32\USER32.dll
0x00007ff89e620000 - 0x00007ff89e8b3000 	C:\Windows\WinSxS\amd64_microsoft.windows.common-controls_6595b64144ccf1df_6.0.22621.3235_none_270f74e173860f98\COMCTL32.dll
0x00007ff8b55c0000 - 0x00007ff8b55e6000 	C:\Windows\System32\win32u.dll
0x00007ff8b7410000 - 0x00007ff8b7439000 	C:\Windows\System32\GDI32.dll
0x00007ff8b5a80000 - 0x00007ff8b5b98000 	C:\Windows\System32\gdi32full.dll
0x00007ff8b5cb0000 - 0x00007ff8b5d57000 	C:\Windows\System32\msvcrt.dll
0x00007ff8b5890000 - 0x00007ff8b592a000 	C:\Windows\System32\msvcp_win.dll
0x00007ff8b5f20000 - 0x00007ff8b5f51000 	C:\Windows\System32\IMM32.DLL
0x00007ff8b4f20000 - 0x00007ff8b50c0000 	C:\Program Files\Avecto\Privilege Guard Client\PGHook.dll
0x00007ff8b7a90000 - 0x00007ff8b7b42000 	C:\Windows\System32\ADVAPI32.dll
0x00007ff8b7de0000 - 0x00007ff8b7e88000 	C:\Windows\System32\sechost.dll
0x00007ff8b5930000 - 0x00007ff8b5958000 	C:\Windows\System32\bcrypt.dll
0x00007ff8b7c60000 - 0x00007ff8b7d75000 	C:\Windows\System32\RPCRT4.dll
0x00007ff8afe40000 - 0x00007ff8afe4c000 	C:\Program Files\Zulu\zulu-17\bin\vcruntime140_1.dll
0x00007ff891340000 - 0x00007ff8913cd000 	C:\Program Files\Zulu\zulu-17\bin\msvcp140.dll
0x00007ff809eb0000 - 0x00007ff80ab10000 	C:\Program Files\Zulu\zulu-17\bin\server\jvm.dll
0x00007ff8b7c50000 - 0x00007ff8b7c58000 	C:\Windows\System32\PSAPI.DLL
0x00007ff895510000 - 0x00007ff895519000 	C:\Windows\SYSTEM32\WSOCK32.dll
0x00007ff8b5ea0000 - 0x00007ff8b5f11000 	C:\Windows\System32\WS2_32.dll
0x00007ff8ab890000 - 0x00007ff8ab8c4000 	C:\Windows\SYSTEM32\WINMM.dll
0x00007ff8aafc0000 - 0x00007ff8aafca000 	C:\Windows\SYSTEM32\VERSION.dll
0x00007ff8b3f80000 - 0x00007ff8b3f98000 	C:\Windows\SYSTEM32\kernel.appcore.dll
0x00007ff8afe30000 - 0x00007ff8afe3a000 	C:\Program Files\Zulu\zulu-17\bin\jimage.dll
0x00007ff8b26a0000 - 0x00007ff8b28d3000 	C:\Windows\SYSTEM32\DBGHELP.DLL
0x00007ff8b7700000 - 0x00007ff8b7a88000 	C:\Windows\System32\combase.dll
0x00007ff8b5dc0000 - 0x00007ff8b5e97000 	C:\Windows\System32\OLEAUT32.dll
0x00007ff8955d0000 - 0x00007ff895602000 	C:\Windows\SYSTEM32\dbgcore.DLL
0x00007ff8b5ba0000 - 0x00007ff8b5c1a000 	C:\Windows\System32\bcryptPrimitives.dll
0x00007ff8af890000 - 0x00007ff8af89e000 	C:\Program Files\Zulu\zulu-17\bin\instrument.dll
0x00007ff8af7e0000 - 0x00007ff8af805000 	C:\Program Files\Zulu\zulu-17\bin\java.dll
0x00007ff884f00000 - 0x00007ff884fd7000 	C:\Program Files\Zulu\zulu-17\bin\jsvml.dll
0x00007ff8b5f60000 - 0x00007ff8b67bd000 	C:\Windows\System32\SHELL32.dll
0x00007ff8b2cb0000 - 0x00007ff8b35a8000 	C:\Windows\SYSTEM32\windows.storage.dll
0x00007ff8b2b70000 - 0x00007ff8b2cae000 	C:\Windows\SYSTEM32\wintypes.dll
0x00007ff8b7b50000 - 0x00007ff8b7c43000 	C:\Windows\System32\SHCORE.dll
0x00007ff8b5d60000 - 0x00007ff8b5dbe000 	C:\Windows\System32\shlwapi.dll
0x00007ff8b5140000 - 0x00007ff8b5166000 	C:\Windows\SYSTEM32\profapi.dll
0x00007ff8ace60000 - 0x00007ff8ace78000 	C:\Program Files\Zulu\zulu-17\bin\zip.dll
0x00007ff8af7c0000 - 0x00007ff8af7d9000 	C:\Program Files\Zulu\zulu-17\bin\net.dll
0x00007ff8b3fa0000 - 0x00007ff8b40d7000 	C:\Windows\SYSTEM32\WINHTTP.dll
0x00007ff8b4530000 - 0x00007ff8b4599000 	C:\Windows\system32\mswsock.dll
0x00007ff8af600000 - 0x00007ff8af616000 	C:\Program Files\Zulu\zulu-17\bin\nio.dll
0x00007ff8af4f0000 - 0x00007ff8af500000 	C:\Program Files\Zulu\zulu-17\bin\verify.dll
0x00007ff89a4e0000 - 0x00007ff89a4f7000 	C:\Windows\system32\napinsp.dll
0x00007ff89a4c0000 - 0x00007ff89a4db000 	C:\Windows\system32\pnrpnsp.dll
0x00007ff8b3830000 - 0x00007ff8b3929000 	C:\Windows\SYSTEM32\DNSAPI.dll
0x00007ff8b3800000 - 0x00007ff8b382d000 	C:\Windows\SYSTEM32\IPHLPAPI.DLL
0x00007ff8b72f0000 - 0x00007ff8b72f9000 	C:\Windows\System32\NSI.dll
0x00007ff89a2f0000 - 0x00007ff89a301000 	C:\Windows\System32\winrnr.dll
0x00007ff89a2d0000 - 0x00007ff89a2e5000 	C:\Windows\system32\wshbth.dll
0x00007ff89a290000 - 0x00007ff89a2b1000 	C:\Windows\system32\nlansp_c.dll
0x00007ff899ad0000 - 0x00007ff899ada000 	C:\Windows\System32\rasadhlp.dll
0x00007ff8a8e30000 - 0x00007ff8a8eb3000 	C:\Windows\System32\fwpuclnt.dll
0x00007ff8afd80000 - 0x00007ff8afd89000 	C:\Program Files\Zulu\zulu-17\bin\management.dll
0x00007ff8af8f0000 - 0x00007ff8af8fb000 	C:\Program Files\Zulu\zulu-17\bin\management_ext.dll
0x00007ff8ab750000 - 0x00007ff8ab769000 	C:\Windows\SYSTEM32\dhcpcsvc6.DLL
0x00007ff8ab730000 - 0x00007ff8ab74f000 	C:\Windows\SYSTEM32\dhcpcsvc.DLL
0x00007ff8af8d0000 - 0x00007ff8af8dd000 	C:\Program Files\Zulu\zulu-17\bin\sunmscapi.dll
0x00007ff8b55f0000 - 0x00007ff8b5756000 	C:\Windows\System32\CRYPT32.dll
0x00007ff8b4940000 - 0x00007ff8b496e000 	C:\Windows\SYSTEM32\ncrypt.dll
0x00007ff8b4900000 - 0x00007ff8b4937000 	C:\Windows\SYSTEM32\NTASN1.dll
0x00007ff8b4830000 - 0x00007ff8b484b000 	C:\Windows\SYSTEM32\CRYPTSP.dll
0x00007ff8b3ee0000 - 0x00007ff8b3f15000 	C:\Windows\system32\rsaenh.dll
0x00007ff8b45d0000 - 0x00007ff8b45fc000 	C:\Windows\SYSTEM32\USERENV.dll
0x00007ff8b4810000 - 0x00007ff8b481c000 	C:\Windows\SYSTEM32\CRYPTBASE.dll

dbghelp: loaded successfully - version: 4.0.5 - missing functions: none
symbol engine: initialized successfully - sym options: 0x614 - pdb path: .;C:\Program Files\Zulu\zulu-17\bin;C:\Windows\SYSTEM32;C:\Windows\WinSxS\amd64_microsoft.windows.common-controls_6595b64144ccf1df_6.0.22621.3235_none_270f74e173860f98;C:\Program Files\Avecto\Privilege Guard Client;C:\Program Files\Zulu\zulu-17\bin\server

VM Arguments:
jvm_args: -javaagent:C:\\Users\\2317874\\.m2\\repository\\org\\jacoco\\org.jacoco.agent\\0.8.7\\org.jacoco.agent-0.8.7-runtime.jar=destfile=C:\\Users\\2317874\\Downloads\\EmiManagmentSystem\\EmiManagmentSystem\\target\\jacoco.exec 
java_command: C:\Users\2317874\AppData\Local\Temp\surefire11708582447276985735\surefirebooter-20240422173534190_3.jar C:\Users\2317874\AppData\Local\Temp\surefire11708582447276985735 2024-04-22T17-35-32_697-jvmRun1 surefire-20240422173534190_1tmp surefire_0-20240422173534190_2tmp
java_class_path (initial): C:\Users\2317874\AppData\Local\Temp\surefire11708582447276985735\surefirebooter-20240422173534190_3.jar
Launcher Type: SUN_STANDARD

[Global flags]
     intx CICompilerCount                          = 4                                         {product} {ergonomic}
     uint ConcGCThreads                            = 2                                         {product} {ergonomic}
     uint G1ConcRefinementThreads                  = 8                                         {product} {ergonomic}
   size_t G1HeapRegionSize                         = 1048576                                   {product} {ergonomic}
    uintx GCDrainStackTargetSize                   = 64                                        {product} {ergonomic}
   size_t InitialHeapSize                          = 100663296                                 {product} {ergonomic}
   size_t MarkStackSize                            = 4194304                                   {product} {ergonomic}
   size_t MaxHeapSize                              = 1593835520                                {product} {ergonomic}
   size_t MaxNewSize                               = 956301312                                 {product} {ergonomic}
   size_t MinHeapDeltaBytes                        = 1048576                                   {product} {ergonomic}
   size_t MinHeapSize                              = 8388608                                   {product} {ergonomic}
    uintx NonNMethodCodeHeapSize                   = 5839372                                {pd product} {ergonomic}
    uintx NonProfiledCodeHeapSize                  = 122909434                              {pd product} {ergonomic}
    uintx ProfiledCodeHeapSize                     = 122909434                              {pd product} {ergonomic}
    uintx ReservedCodeCacheSize                    = 251658240                              {pd product} {ergonomic}
     bool SegmentedCodeCache                       = true                                      {product} {ergonomic}
   size_t SoftMaxHeapSize                          = 1593835520                             {manageable} {ergonomic}
     bool UseCompressedClassPointers               = true                           {product lp64_product} {ergonomic}
     bool UseCompressedOops                        = true                           {product lp64_product} {ergonomic}
     bool UseG1GC                                  = true                                      {product} {ergonomic}
     bool UseLargePagesIndividualAllocation        = false                                  {pd product} {ergonomic}

Logging:
Log output configuration:
 #0: stdout all=warning uptime,level,tags
 #1: stderr all=off uptime,level,tags

Environment Variables:
JAVA_HOME=C:\Program Files\Zulu\zulu-17
PATH=C:\oraclexe\app\oracle\product\11.2.0\server\bin;C:\Program Files (x86)\Common Files\Oracle\Java\javapath;C:\Program Files\Zulu\zulu-17\bin\;C:\Windows\system32;C:\Windows;C:\Windows\System32\Wbem;C:\Windows\System32\WindowsPowerShell\v1.0\;C:\Windows\System32\OpenSSH\;C:\Program Files\Git\cmd;C:\Program Files\nodejs\;C:\Maven\apache-maven-3.9.6\bin;C:\Program Files\MySQL\MySQL Shell 8.0\bin\;C:\Users\2317874\AppData\Local\Microsoft\WindowsApps;;C:\Users\2317874\AppData\Local\Programs\Microsoft VS Code\bin;C:\Users\2317874\AppData\Roaming\npm
USERNAME=2317874
OS=Windows_NT
PROCESSOR_IDENTIFIER=AMD64 Family 23 Model 24 Stepping 1, AuthenticAMD



---------------  S Y S T E M  ---------------

OS:
 Windows 11 , 64 bit Build 22621 (10.0.22621.3235)
OS uptime: 1 days 22:00 hours
Hyper-V role detected

CPU: total 8 (initial active 8) (8 cores per cpu, 2 threads per core) family 23 model 24 stepping 1 microcode 0x0, cx8, cmov, fxsr, ht, mmx, 3dnowpref, sse, sse2, sse3, ssse3, sse4a, sse4.1, sse4.2, popcnt, lzcnt, tsc, tscinvbit, avx, avx2, aes, clmul, bmi1, bmi2, adx, sha, fma, vzeroupper, clflush, clflushopt, hv

Memory: 4k page, system-wide physical 6077M (720M free)
TotalPageFile size 22461M (AvailPageFile size 102M)
current process WorkingSet (physical memory assigned to process): 355M, peak: 355M
current process commit charge ("private bytes"): 432M, peak: 581M

vm_info: OpenJDK 64-Bit Server VM (17.0.2+8-LTS) for windows-amd64 JRE (17.0.2+8-LTS) (Zulu17.32+13-CA), built on Jan  8 2022 13:06:16 by "zulu_re" with MS VC++ 16.10 / 16.11 (VS2019)

END.
