#
# There is insufficient memory for the Java Runtime Environment to continue.
# Native memory allocation (mmap) failed to map 100663296 bytes for G1 virtual space
# Possible reasons:
#   The system is out of physical RAM or swap space
#   The process is running with CompressedOops enabled, and the Java Heap may be blocking the growth of the native heap
# Possible solutions:
#   Reduce memory load on the system
#   Increase physical memory or swap space
#   Check if swap backing store is full
#   Decrease Java heap size (-Xmx/-Xms)
#   Decrease number of Java threads
#   Decrease Java thread stack sizes (-Xss)
#   Set larger code cache with -XX:ReservedCodeCacheSize=
#   JVM is running with Unscaled Compressed Oops mode in which the Java heap is
#     placed in the first 4GB address space. The Java Heap base address is the
#     maximum limit for the native heap growth. Please use -XX:HeapBaseMinAddress
#     to set the Java Heap base and to place the Java Heap above 4GB virtual address.
# This output file may be truncated or incomplete.
#
#  Out of Memory Error (os_windows.cpp:3532), pid=27948, tid=12484
#
# JRE version:  (17.0.2+8) (build )
# Java VM: OpenJDK 64-Bit Server VM (17.0.2+8-LTS, mixed mode, sharing, tiered, compressed oops, compressed class ptrs, g1 gc, windows-amd64)
# No core dump will be written. Minidumps are not enabled by default on client versions of Windows
#

---------------  S U M M A R Y ------------

Command Line: -Dnet.bytebuddy.agent.attacher.dump= net.bytebuddy.agent.Attacher com.sun.tools.attach.VirtualMachine 2448 C:\Users\2317874\.m2\repository\net\bytebuddy\byte-buddy-agent\1.14.12\byte-buddy-agent-1.14.12.jar false 

Host: AMD Ryzen 5 PRO 3500U w/ Radeon Vega Mobile Gfx, 8 cores, 5G,  Windows 11 , 64 bit Build 22621 (10.0.22621.2506)
Time: Tue Mar 19 13:47:35 2024 India Standard Time elapsed time: 0.096692 seconds (0d 0h 0m 0s)

---------------  T H R E A D  ---------------

Current thread (0x000002305933d2d0):  JavaThread "Unknown thread" [_thread_in_vm, id=12484, stack(0x00000054ba500000,0x00000054ba600000)]

Stack: [0x00000054ba500000,0x00000054ba600000]
Native frames: (J=compiled Java code, j=interpreted, Vv=VM code, C=native code)
V  [jvm.dll+0x6769fa]
V  [jvm.dll+0x831784]
V  [jvm.dll+0x832f2e]
V  [jvm.dll+0x833593]
V  [jvm.dll+0x2455e5]
V  [jvm.dll+0x673919]
V  [jvm.dll+0x668252]
V  [jvm.dll+0x30432b]
V  [jvm.dll+0x30b836]
V  [jvm.dll+0x35b5fe]
V  [jvm.dll+0x35b82f]
V  [jvm.dll+0x2db2d8]
V  [jvm.dll+0x2dc244]
V  [jvm.dll+0x803011]
V  [jvm.dll+0x369381]
V  [jvm.dll+0x7e238c]
V  [jvm.dll+0x3ec14f]
V  [jvm.dll+0x3edcd1]
C  [jli.dll+0x527b]
C  [ucrtbase.dll+0x29363]
C  [KERNEL32.DLL+0x1257d]
C  [ntdll.dll+0x5aa58]


---------------  P R O C E S S  ---------------

Threads class SMR info:
_java_thread_list=0x00007ffdf18ceed8, length=0, elements={
}

Java Threads: ( => current thread )

Other Threads:
  0x00000230593749a0 GCTaskThread "GC Thread#0" [stack: 0x00000054ba600000,0x00000054ba700000] [id=24508]
  0x00000230593816e0 ConcurrentGCThread "G1 Main Marker" [stack: 0x00000054ba700000,0x00000054ba800000] [id=5488]
  0x00000230593820f0 ConcurrentGCThread "G1 Conc#0" [stack: 0x00000054ba800000,0x00000054ba900000] [id=19072]

[error occurred during error reporting (printing all threads), id 0xc0000005, EXCEPTION_ACCESS_VIOLATION (0xc0000005) at pc=0x00007ffdf108bd07]

VM state: not at safepoint (not fully initialized)

VM Mutex/Monitor currently owned by a thread:  ([mutex/lock_event])
[0x0000023059339c90] Heap_lock - owner thread: 0x000002305933d2d0

Heap address: 0x00000000a1000000, size: 1520 MB, Compressed Oops mode: 32-bit

CDS archive(s) mapped at: [0x0000000000000000-0x0000000000000000-0x0000000000000000), size 0, SharedBaseAddress: 0x0000000800000000, ArchiveRelocationMode: 0.
Narrow klass base: 0x0000000000000000, Narrow klass shift: 0, Narrow klass range: 0x0

GC Precious Log:
<Empty>

Heap:
 garbage-first heap   total 0K, used 0K [0x00000000a1000000, 0x0000000100000000)
  region size 1024K, 0 young (0K), 0 survivors (0K)

[error occurred during error reporting (printing heap information), id 0xc0000005, EXCEPTION_ACCESS_VIOLATION (0xc0000005) at pc=0x00007ffdf146fd49]

GC Heap History (0 events):
No events

Deoptimization events (0 events):
No events

Classes unloaded (0 events):
No events

Classes redefined (0 events):
No events

Internal exceptions (0 events):
No events

VM Operations (0 events):
No events

Events (1 events):
Event: 0.076 Loaded shared library C:\Program Files\Zulu\zulu-17\bin\java.dll


Dynamic libraries:
0x00007ff7f2550000 - 0x00007ff7f255e000 	C:\Program Files\Zulu\zulu-17\bin\java.exe
0x00007ffe48c50000 - 0x00007ffe48e67000 	C:\Windows\SYSTEM32\ntdll.dll
0x00007ffe47780000 - 0x00007ffe47844000 	C:\Windows\System32\KERNEL32.DLL
0x00007ffe46580000 - 0x00007ffe46926000 	C:\Windows\System32\KERNELBASE.dll
0x00007ffe45f90000 - 0x00007ffe460a1000 	C:\Windows\System32\ucrtbase.dll
0x00007ffe1c280000 - 0x00007ffe1c29b000 	C:\Program Files\Zulu\zulu-17\bin\VCRUNTIME140.dll
0x00007ffe2e740000 - 0x00007ffe2e758000 	C:\Program Files\Zulu\zulu-17\bin\jli.dll
0x00007ffe489b0000 - 0x00007ffe48b5e000 	C:\Windows\System32\USER32.dll
0x00007ffe300b0000 - 0x00007ffe30343000 	C:\Windows\WinSxS\amd64_microsoft.windows.common-controls_6595b64144ccf1df_6.0.22621.2506_none_270c5ae97388e100\COMCTL32.dll
0x00007ffe46550000 - 0x00007ffe46576000 	C:\Windows\System32\win32u.dll
0x00007ffe47580000 - 0x00007ffe475a9000 	C:\Windows\System32\GDI32.dll
0x00007ffe46430000 - 0x00007ffe46548000 	C:\Windows\System32\gdi32full.dll
0x00007ffe46ec0000 - 0x00007ffe46f67000 	C:\Windows\System32\msvcrt.dll
0x00007ffe46310000 - 0x00007ffe463aa000 	C:\Windows\System32\msvcp_win.dll
0x00007ffe47dc0000 - 0x00007ffe47df1000 	C:\Windows\System32\IMM32.DLL
0x00007ffe45ca0000 - 0x00007ffe45e40000 	C:\Program Files\Avecto\Privilege Guard Client\PGHook.dll
0x00007ffe46f70000 - 0x00007ffe47023000 	C:\Windows\System32\ADVAPI32.dll
0x00007ffe47030000 - 0x00007ffe470d8000 	C:\Windows\System32\sechost.dll
0x00007ffe46220000 - 0x00007ffe46248000 	C:\Windows\System32\bcrypt.dll
0x00007ffe48030000 - 0x00007ffe48147000 	C:\Windows\System32\RPCRT4.dll
0x00007ffe40650000 - 0x00007ffe4065c000 	C:\Program Files\Zulu\zulu-17\bin\vcruntime140_1.dll
0x00007ffe036c0000 - 0x00007ffe0374d000 	C:\Program Files\Zulu\zulu-17\bin\msvcp140.dll
0x00007ffdf0da0000 - 0x00007ffdf1a00000 	C:\Program Files\Zulu\zulu-17\bin\server\jvm.dll
0x00007ffe46a80000 - 0x00007ffe46a88000 	C:\Windows\System32\PSAPI.DLL
0x00007ffe27820000 - 0x00007ffe27829000 	C:\Windows\SYSTEM32\WSOCK32.dll
0x00007ffe469a0000 - 0x00007ffe46a11000 	C:\Windows\System32\WS2_32.dll
0x00007ffe3d440000 - 0x00007ffe3d474000 	C:\Windows\SYSTEM32\WINMM.dll
0x00007ffe3bdc0000 - 0x00007ffe3bdca000 	C:\Windows\SYSTEM32\VERSION.dll
0x00007ffe44cf0000 - 0x00007ffe44d08000 	C:\Windows\SYSTEM32\kernel.appcore.dll
0x00007ffe40630000 - 0x00007ffe4063a000 	C:\Program Files\Zulu\zulu-17\bin\jimage.dll
0x00007ffe43410000 - 0x00007ffe43643000 	C:\Windows\SYSTEM32\DBGHELP.DLL
0x00007ffe46b30000 - 0x00007ffe46eb9000 	C:\Windows\System32\combase.dll
0x00007ffe478d0000 - 0x00007ffe479a7000 	C:\Windows\System32\OLEAUT32.dll
0x00007ffe25db0000 - 0x00007ffe25de2000 	C:\Windows\SYSTEM32\dbgcore.DLL
0x00007ffe463b0000 - 0x00007ffe4642a000 	C:\Windows\System32\bcryptPrimitives.dll
0x00007ffe11980000 - 0x00007ffe119a5000 	C:\Program Files\Zulu\zulu-17\bin\java.dll

dbghelp: loaded successfully - version: 4.0.5 - missing functions: none
symbol engine: initialized successfully - sym options: 0x614 - pdb path: .;C:\Program Files\Zulu\zulu-17\bin;C:\Windows\SYSTEM32;C:\Windows\WinSxS\amd64_microsoft.windows.common-controls_6595b64144ccf1df_6.0.22621.2506_none_270c5ae97388e100;C:\Program Files\Avecto\Privilege Guard Client;C:\Program Files\Zulu\zulu-17\bin\server

VM Arguments:
jvm_args: -Dnet.bytebuddy.agent.attacher.dump= 
java_command: net.bytebuddy.agent.Attacher com.sun.tools.attach.VirtualMachine 2448 C:\Users\2317874\.m2\repository\net\bytebuddy\byte-buddy-agent\1.14.12\byte-buddy-agent-1.14.12.jar false 
java_class_path (initial): C:\Users\2317874\.m2\repository\net\bytebuddy\byte-buddy-agent\1.14.12\byte-buddy-agent-1.14.12.jar
Launcher Type: SUN_STANDARD

[Global flags]
     intx CICompilerCount                          = 4                                         {product} {ergonomic}
     uint ConcGCThreads                            = 2                                         {product} {ergonomic}
     uint G1ConcRefinementThreads                  = 8                                         {product} {ergonomic}
   size_t G1HeapRegionSize                         = 1048576                                   {product} {ergonomic}
    uintx GCDrainStackTargetSize                   = 64                                        {product} {ergonomic}
   size_t InitialHeapSize                          = 100663296                                 {product} {ergonomic}
   size_t MarkStackSize                            = 4194304                                   {product} {ergonomic}
   size_t MaxHeapSize                              = 1593835520                                {product} {ergonomic}
   size_t MinHeapDeltaBytes                        = 1048576                                   {product} {ergonomic}
   size_t MinHeapSize                              = 8388608                                   {product} {ergonomic}
    uintx NonNMethodCodeHeapSize                   = 5839372                                {pd product} {ergonomic}
    uintx NonProfiledCodeHeapSize                  = 122909434                              {pd product} {ergonomic}
    uintx ProfiledCodeHeapSize                     = 122909434                              {pd product} {ergonomic}
    uintx ReservedCodeCacheSize                    = 251658240                              {pd product} {ergonomic}
     bool SegmentedCodeCache                       = true                                      {product} {ergonomic}
   size_t SoftMaxHeapSize                          = 1593835520                             {manageable} {ergonomic}
     bool UseCompressedClassPointers               = true                           {product lp64_product} {ergonomic}
     bool UseCompressedOops                        = true                           {product lp64_product} {ergonomic}
     bool UseG1GC                                  = true                                      {product} {ergonomic}
     bool UseLargePagesIndividualAllocation        = false                                  {pd product} {ergonomic}

Logging:
Log output configuration:
 #0: stdout all=warning uptime,level,tags
 #1: stderr all=off uptime,level,tags

Environment Variables:
JAVA_HOME=C:\Program Files\Zulu\zulu-17
PATH=C:\oraclexe\app\oracle\product\11.2.0\server\bin;C:\Program Files (x86)\Common Files\Oracle\Java\javapath;C:\Program Files\Zulu\zulu-17\bin\;C:\Windows\system32;C:\Windows;C:\Windows\System32\Wbem;C:\Windows\System32\WindowsPowerShell\v1.0\;C:\Windows\System32\OpenSSH\;C:\Program Files\Git\cmd;C:\Program Files\nodejs\;C:\Maven\apache-maven-3.9.6\bin;C:\Program Files\MySQL\MySQL Shell 8.0\bin\;C:\Users\2317874\AppData\Local\Microsoft\WindowsApps;;C:\Users\2317874\AppData\Local\Programs\Microsoft VS Code\bin;C:\Users\2317874\AppData\Roaming\npm
USERNAME=2317874
OS=Windows_NT
PROCESSOR_IDENTIFIER=AMD64 Family 23 Model 24 Stepping 1, AuthenticAMD



---------------  S Y S T E M  ---------------

OS:
 Windows 11 , 64 bit Build 22621 (10.0.22621.2506)
OS uptime: 6 days 1:25 hours
Hyper-V role detected

CPU: total 8 (initial active 8) (8 cores per cpu, 2 threads per core) family 23 model 24 stepping 1 microcode 0x0, cx8, cmov, fxsr, ht, mmx, 3dnowpref, sse, sse2, sse3, ssse3, sse4a, sse4.1, sse4.2, popcnt, lzcnt, tsc, tscinvbit, avx, avx2, aes, clmul, bmi1, bmi2, adx, sha, fma, vzeroupper, clflush, clflushopt, hv

Memory: 4k page, system-wide physical 6077M (265M free)
TotalPageFile size 22461M (AvailPageFile size 7M)
current process WorkingSet (physical memory assigned to process): 12M, peak: 12M
current process commit charge ("private bytes"): 60M, peak: 156M

vm_info: OpenJDK 64-Bit Server VM (17.0.2+8-LTS) for windows-amd64 JRE (17.0.2+8-LTS) (Zulu17.32+13-CA), built on Jan  8 2022 13:06:16 by "zulu_re" with MS VC++ 16.10 / 16.11 (VS2019)

END.
